2024-06-06 07:00:07,862 [INFO] Activator:176 - 


2024-06-06 07:00:07,863 [INFO] Activator:177 - !SESSION log4j initialized
2024-06-06 07:00:09,642 [INFO] LogOutputStream:77 - [STDOUT_REDIRECT] 
2024-06-06 07:00:11,615 [INFO] ApplicationProperties:184 - Using Application install path: /opt/st/stm32cubeide_1.15.1/plugins/com.st.stm32cube.common.mx_6.11.1.202404110753
2024-06-06 07:00:11,629 [INFO] DbMcusXml:78 - Set database path to: /opt/st/stm32cubeide_1.15.1/plugins/com.st.stm32cube.common.mx_6.11.1.202404110753//db//mcu/
2024-06-06 07:00:11,630 [INFO] ApiDb:274 - Set plugin database path to: /opt/st/stm32cubeide_1.15.1/plugins/com.st.stm32cube.common.mx_6.11.1.202404110753//db//plugins/boardmanager/
2024-06-06 07:00:11,630 [WARN] ApiDb:259 - Overriding images path with different value:  => /opt/st/stm32cubeide_1.15.1/plugins/com.st.stm32cube.common.mx_6.11.1.202404110753//db//plugins/mcufinder/images/
2024-06-06 07:00:12,287 [WARN] ApiFinderProperties:113 - /home/wgg/.stmcufinder/plugins/mcufinder/mcu/mcuFinder.mfd doesn't exist
2024-06-06 07:00:12,288 [INFO] ApiDb:250 - Set database path to: /home/wgg/.stmcufinder/plugins/mcufinder//mcu/
2024-06-06 07:00:12,289 [INFO] DbMcusAds:125 - Set database path to: /home/wgg/.stmcufinder/plugins/mcufinder//mcu/
2024-06-06 07:00:12,377 [INFO] CrossReferenceDbSqlite:203 - Set database path to: /home/wgg/.stmcufinder/plugins/mcufinder//mcu/cs/
2024-06-06 07:00:12,484 [INFO] RulesReader:64 - Compatibility file has been processed (297 Rules)
2024-06-06 07:00:12,513 [INFO] DbMcusXml:78 - Set database path to: /opt/st/stm32cubeide_1.15.1/plugins/com.st.stm32cube.common.mx_6.11.1.202404110753//db//mcu/
2024-06-06 07:00:12,513 [INFO] ApiDb:274 - Set plugin database path to: /opt/st/stm32cubeide_1.15.1/plugins/com.st.stm32cube.common.mx_6.11.1.202404110753//db//plugins/boardmanager/
2024-06-06 07:00:12,513 [INFO] ApiDb:261 - Set plugin images path to: /opt/st/stm32cubeide_1.15.1/plugins/com.st.stm32cube.common.mx_6.11.1.202404110753//db//plugins/mcufinder/images/
2024-06-06 07:00:12,514 [WARN] DbFile:41 - Overriding database path with different value: /home/wgg/.stmcufinder/plugins/mcufinder/ => /home/wgg/.stmcufinder/plugins/mcufinder
2024-06-06 07:00:12,514 [INFO] ApiDb:250 - Set database path to: /home/wgg/.stmcufinder/plugins/mcufinder//mcu/
2024-06-06 07:00:12,514 [WARN] DbFile:41 - Overriding database path with different value: /home/wgg/.stmcufinder/plugins/mcufinder/ => /home/wgg/.stmcufinder/plugins/mcufinder
2024-06-06 07:00:12,514 [INFO] DbMcusAds:125 - Set database path to: /home/wgg/.stmcufinder/plugins/mcufinder//mcu/
2024-06-06 07:00:12,514 [WARN] DbFile:41 - Overriding database path with different value: /home/wgg/.stmcufinder/plugins/mcufinder/ => /home/wgg/.stmcufinder/plugins/mcufinder
2024-06-06 07:00:12,514 [WARN] DbFile:41 - Overriding database path with different value: /home/wgg/.stmcufinder/plugins/mcufinder/ => /home/wgg/.stmcufinder/plugins/mcufinder
2024-06-06 07:00:12,557 [INFO] CrossReferenceDbSqlite:203 - Set database path to: /home/wgg/.stmcufinder/plugins/mcufinder//mcu/cs/
2024-06-06 07:00:12,593 [INFO] MainPanel:264 - HeapMemory: 268435456
2024-06-06 07:00:12,637 [INFO] DbMcusXml:78 - Set database path to: /opt/st/stm32cubeide_1.15.1/plugins/com.st.stm32cube.common.mx_6.11.1.202404110753//db//mcu/
2024-06-06 07:00:12,637 [INFO] ApiDb:274 - Set plugin database path to: /opt/st/stm32cubeide_1.15.1/plugins/com.st.stm32cube.common.mx_6.11.1.202404110753//db//plugins/boardmanager/
2024-06-06 07:00:12,637 [INFO] ApiDb:261 - Set plugin images path to: /opt/st/stm32cubeide_1.15.1/plugins/com.st.stm32cube.common.mx_6.11.1.202404110753//db//plugins/mcufinder/images/
2024-06-06 07:00:12,637 [WARN] DbFile:41 - Overriding database path with different value: /home/wgg/.stmcufinder/plugins/mcufinder/ => /home/wgg/.stmcufinder/plugins/mcufinder
2024-06-06 07:00:12,637 [INFO] ApiDb:250 - Set database path to: /home/wgg/.stmcufinder/plugins/mcufinder//mcu/
2024-06-06 07:00:12,638 [WARN] DbFile:41 - Overriding database path with different value: /home/wgg/.stmcufinder/plugins/mcufinder/ => /home/wgg/.stmcufinder/plugins/mcufinder
2024-06-06 07:00:12,638 [INFO] DbMcusAds:125 - Set database path to: /home/wgg/.stmcufinder/plugins/mcufinder//mcu/
2024-06-06 07:00:12,638 [WARN] DbFile:41 - Overriding database path with different value: /home/wgg/.stmcufinder/plugins/mcufinder/ => /home/wgg/.stmcufinder/plugins/mcufinder
2024-06-06 07:00:12,638 [WARN] DbFile:41 - Overriding database path with different value: /home/wgg/.stmcufinder/plugins/mcufinder/ => /home/wgg/.stmcufinder/plugins/mcufinder
2024-06-06 07:00:12,660 [INFO] CrossReferenceDbSqlite:203 - Set database path to: /home/wgg/.stmcufinder/plugins/mcufinder//mcu/cs/
2024-06-06 07:00:12,685 [INFO] ApplicationProperties:184 - Using Application install path: /opt/st/stm32cubeide_1.15.1/plugins/com.st.stm32cube.common.mx_6.11.1.202404110753
2024-06-06 07:00:12,687 [INFO] PluginManage:196 - Search for loadable plugins [exclusion list=, ]
2024-06-06 07:00:12,688 [INFO] PluginManage:310 - Check plugin analytics
2024-06-06 07:00:12,808 [INFO] AnalyticsPlugin:253 - Accepted Software Licenses: 
2024-06-06 07:00:12,808 [INFO] AnalyticsPlugin:255 - Accepted CMSIS Pack Licenses: 
2024-06-06 07:00:12,808 [INFO] AnalyticsPlugin:257 - Accepted Firmware Licenses: 
2024-06-06 07:00:12,810 [INFO] PluginManage:359 - Loaded plugin analytics (category:tool,tabindex:-1)
2024-06-06 07:00:12,810 [INFO] PluginManage:310 - Check plugin cadmodel
2024-06-06 07:00:12,852 [INFO] CADModel:105 - Init CAD model plugin
2024-06-06 07:00:12,852 [INFO] PluginManage:359 - Loaded plugin cadmodel (category:power,tabindex:5)
2024-06-06 07:00:12,852 [INFO] PluginManage:310 - Check plugin clock
2024-06-06 07:00:12,857 [INFO] PluginManage:359 - Loaded plugin clock (category:base,tabindex:2)
2024-06-06 07:00:12,857 [INFO] PluginManage:310 - Check plugin ddr
2024-06-06 07:00:12,858 [INFO] PluginManage:359 - Loaded plugin ddr (category:tool,tabindex:6)
2024-06-06 07:00:12,858 [INFO] PluginManage:310 - Check plugin filemanager
2024-06-06 07:00:12,944 [INFO] PluginManage:359 - Loaded plugin filemanager (category:base,tabindex:10)
2024-06-06 07:00:12,944 [INFO] PluginManage:310 - Check plugin ipmanager
2024-06-06 07:00:12,947 [INFO] PluginManage:359 - Loaded plugin ipmanager (category:base,tabindex:5)
2024-06-06 07:00:12,947 [INFO] PluginManage:310 - Check plugin lpbam
2024-06-06 07:00:12,952 [INFO] PluginManage:359 - Loaded plugin lpbam (category:base,tabindex:0)
2024-06-06 07:00:12,952 [INFO] PluginManage:310 - Check plugin memorymap
2024-06-06 07:00:12,958 [INFO] PluginManage:359 - Loaded plugin memorymap (category:base,tabindex:4)
2024-06-06 07:00:12,959 [INFO] PluginManage:310 - Check plugin pinoutandconfiguration
2024-06-06 07:00:12,962 [INFO] PluginManage:359 - Loaded plugin pinoutandconfiguration (category:base,tabindex:1)
2024-06-06 07:00:12,962 [INFO] PluginManage:310 - Check plugin pinoutconfig
2024-06-06 07:00:13,014 [WARN] SupportedApi:132 - Cannot load RTOS API schema: s4s-elt-must-match.1: The content of 'definitions' must match (annotation?, (simpleType | complexType)?, (unique | key | keyref)*)). A problem was found starting at: attribute.
2024-06-06 07:00:13,103 [INFO] PluginManage:359 - Loaded plugin pinoutconfig (category:base,tabindex:0)
2024-06-06 07:00:13,104 [INFO] PluginManage:310 - Check plugin power
2024-06-06 07:00:13,110 [INFO] PluginManage:359 - Loaded plugin power (category:power,tabindex:4)
2024-06-06 07:00:13,110 [INFO] PluginManage:310 - Check plugin projectmanager
2024-06-06 07:00:13,123 [INFO] PluginManage:359 - Loaded plugin projectmanager (category:projectmanager,tabindex:3)
2024-06-06 07:00:13,123 [INFO] PluginManage:310 - Check plugin thirdparty
2024-06-06 07:00:13,201 [INFO] PluginManage:359 - Loaded plugin thirdparty (category:base,tabindex:-1)
2024-06-06 07:00:13,201 [WARN] IntegrityCheckThread:84 - waiting for thirdparty lock release [integrity check]
2024-06-06 07:00:13,201 [INFO] PluginManage:310 - Check plugin tools
2024-06-06 07:00:13,201 [INFO] IntegrityCheckThread:86 - entering critical section [integrity check]
2024-06-06 07:00:13,201 [INFO] ThirdPartyUpdaterWithRetryManager:70 - Updater plugin not ready yet. [1/15]
2024-06-06 07:00:13,202 [INFO] PluginManage:359 - Loaded plugin tools (category:base,tabindex:7)
2024-06-06 07:00:13,202 [INFO] PluginManage:310 - Check plugin tutovideos
2024-06-06 07:00:13,303 [INFO] PluginManage:359 - Loaded plugin tutovideos (category:base,tabindex:-1)
2024-06-06 07:00:13,303 [INFO] PluginManage:310 - Check plugin updater
2024-06-06 07:00:13,308 [INFO] PluginManage:359 - Loaded plugin updater (category:base,tabindex:12)
2024-06-06 07:00:13,308 [INFO] PluginManage:310 - Check plugin userauth
2024-06-06 07:00:13,311 [INFO] UserAuth:114 - Init User Auth plugin
2024-06-06 07:00:13,311 [INFO] PluginManage:359 - Loaded plugin userauth (category:base,tabindex:14)
2024-06-06 07:00:13,311 [INFO] PluginManage:283 - PluginManage : Loaded plugins [17]
2024-06-06 07:00:13,449 [INFO] PinOutPanel:1561 - setPackage(No Configuration,No Configuration)
2024-06-06 07:00:13,481 [INFO] CADModel:165 - CPN selected for project level
2024-06-06 07:00:13,482 [INFO] CADModel:114 - Register for checkConnection events
2024-06-06 07:00:13,488 [INFO] IPUIPlugin:80 - create IPUIPlugin
2024-06-06 07:00:13,488 [INFO] PluginManager:220 - loadIPPluginJar : add dma
2024-06-06 07:00:13,491 [INFO] IPUIPlugin:80 - create IPUIPlugin
2024-06-06 07:00:13,491 [INFO] PluginManager:220 - loadIPPluginJar : add linkedlist
2024-06-06 07:00:13,493 [INFO] IPUIPlugin:80 - create IPUIPlugin
2024-06-06 07:00:13,493 [INFO] PluginManager:220 - loadIPPluginJar : add tracer_emb
2024-06-06 07:00:13,495 [INFO] IPUIPlugin:80 - create IPUIPlugin
2024-06-06 07:00:13,495 [INFO] PluginManager:220 - loadIPPluginJar : add ipddr
2024-06-06 07:00:13,496 [INFO] IPUIPlugin:80 - create IPUIPlugin
2024-06-06 07:00:13,496 [INFO] PluginManager:220 - loadIPPluginJar : add i2c
2024-06-06 07:00:13,499 [INFO] IPUIPlugin:80 - create IPUIPlugin
2024-06-06 07:00:13,499 [INFO] PluginManager:220 - loadIPPluginJar : add mdma
2024-06-06 07:00:13,500 [INFO] IPUIPlugin:80 - create IPUIPlugin
2024-06-06 07:00:13,500 [INFO] PluginManager:220 - loadIPPluginJar : add usart
2024-06-06 07:00:13,501 [INFO] IPUIPlugin:80 - create IPUIPlugin
2024-06-06 07:00:13,501 [INFO] PluginManager:220 - loadIPPluginJar : add gfxmmu
2024-06-06 07:00:13,502 [INFO] IPUIPlugin:80 - create IPUIPlugin
2024-06-06 07:00:13,502 [INFO] PluginManager:220 - loadIPPluginJar : add usbx
2024-06-06 07:00:13,503 [INFO] IPUIPlugin:80 - create IPUIPlugin
2024-06-06 07:00:13,503 [INFO] PluginManager:220 - loadIPPluginJar : add tsc
2024-06-06 07:00:13,504 [INFO] IPUIPlugin:80 - create IPUIPlugin
2024-06-06 07:00:13,504 [INFO] PluginManager:220 - loadIPPluginJar : add dma3
2024-06-06 07:00:13,507 [INFO] IPUIPlugin:80 - create IPUIPlugin
2024-06-06 07:00:13,507 [INFO] PluginManager:220 - loadIPPluginJar : add fmc
2024-06-06 07:00:13,508 [INFO] IPUIPlugin:80 - create IPUIPlugin
2024-06-06 07:00:13,508 [INFO] PluginManager:220 - loadIPPluginJar : add extmemmanager
2024-06-06 07:00:13,509 [INFO] IPUIPlugin:80 - create IPUIPlugin
2024-06-06 07:00:13,509 [INFO] PluginManager:220 - loadIPPluginJar : add comp
2024-06-06 07:00:13,510 [INFO] IPUIPlugin:80 - create IPUIPlugin
2024-06-06 07:00:13,510 [INFO] PluginManager:220 - loadIPPluginJar : add i3c
2024-06-06 07:00:13,511 [INFO] IPUIPlugin:80 - create IPUIPlugin
2024-06-06 07:00:13,511 [INFO] PluginManager:220 - loadIPPluginJar : add gtzc
2024-06-06 07:00:13,512 [INFO] IPUIPlugin:80 - create IPUIPlugin
2024-06-06 07:00:13,512 [INFO] PluginManager:220 - loadIPPluginJar : add touchsensing
2024-06-06 07:00:13,513 [INFO] IPUIPlugin:80 - create IPUIPlugin
2024-06-06 07:00:13,513 [INFO] PluginManager:220 - loadIPPluginJar : add ucpd
2024-06-06 07:00:13,514 [INFO] IPUIPlugin:80 - create IPUIPlugin
2024-06-06 07:00:13,514 [INFO] PluginManager:220 - loadIPPluginJar : add fatfs
2024-06-06 07:00:13,516 [INFO] IPUIPlugin:80 - create IPUIPlugin
2024-06-06 07:00:13,516 [INFO] PluginManager:220 - loadIPPluginJar : add stm32_wpan
2024-06-06 07:00:13,518 [INFO] IPUIPlugin:80 - create IPUIPlugin
2024-06-06 07:00:13,518 [INFO] PluginManager:220 - loadIPPluginJar : add gpio
2024-06-06 07:00:13,519 [INFO] IPUIPlugin:80 - create IPUIPlugin
2024-06-06 07:00:13,519 [INFO] PluginManager:220 - loadIPPluginJar : add i2s
2024-06-06 07:00:13,520 [INFO] IPUIPlugin:80 - create IPUIPlugin
2024-06-06 07:00:13,520 [INFO] PluginManager:220 - loadIPPluginJar : add tim
2024-06-06 07:00:13,522 [INFO] IPUIPlugin:80 - create IPUIPlugin
2024-06-06 07:00:13,522 [INFO] PluginManager:220 - loadIPPluginJar : add adc
2024-06-06 07:00:13,524 [INFO] IPUIPlugin:80 - create IPUIPlugin
2024-06-06 07:00:13,524 [INFO] PluginManager:220 - loadIPPluginJar : add pdm2pcm
2024-06-06 07:00:13,526 [INFO] IPUIPlugin:80 - create IPUIPlugin
2024-06-06 07:00:13,526 [INFO] PluginManager:220 - loadIPPluginJar : add gic
2024-06-06 07:00:13,527 [INFO] IPUIPlugin:80 - create IPUIPlugin
2024-06-06 07:00:13,527 [INFO] PluginManager:220 - loadIPPluginJar : add sai
2024-06-06 07:00:13,528 [INFO] IPUIPlugin:80 - create IPUIPlugin
2024-06-06 07:00:13,528 [INFO] PluginManager:220 - loadIPPluginJar : add spi
2024-06-06 07:00:13,529 [INFO] IPUIPlugin:80 - create IPUIPlugin
2024-06-06 07:00:13,529 [INFO] PluginManager:220 - loadIPPluginJar : add can
2024-06-06 07:00:13,531 [INFO] IPUIPlugin:80 - create IPUIPlugin
2024-06-06 07:00:13,531 [INFO] PluginManager:220 - loadIPPluginJar : add resmgrutility
2024-06-06 07:00:13,531 [INFO] IPUIPlugin:80 - create IPUIPlugin
2024-06-06 07:00:13,531 [INFO] PluginManager:220 - loadIPPluginJar : add quadspi
2024-06-06 07:00:13,534 [INFO] IPUIPlugin:80 - create IPUIPlugin
2024-06-06 07:00:13,534 [INFO] PluginManager:220 - loadIPPluginJar : add freertos
2024-06-06 07:00:13,535 [INFO] IPUIPlugin:80 - create IPUIPlugin
2024-06-06 07:00:13,535 [INFO] PluginManager:220 - loadIPPluginJar : add ts
2024-06-06 07:00:13,536 [INFO] IPUIPlugin:80 - create IPUIPlugin
2024-06-06 07:00:13,536 [INFO] PluginManager:220 - loadIPPluginJar : add aes
2024-06-06 07:00:13,537 [INFO] IPUIPlugin:80 - create IPUIPlugin
2024-06-06 07:00:13,537 [INFO] PluginManager:220 - loadIPPluginJar : add nvic
2024-06-06 07:00:13,538 [INFO] IPUIPlugin:80 - create IPUIPlugin
2024-06-06 07:00:13,539 [INFO] PluginManager:220 - loadIPPluginJar : add openamp
2024-06-06 07:00:13,539 [INFO] IPUIPlugin:80 - create IPUIPlugin
2024-06-06 07:00:13,539 [INFO] PluginManager:220 - loadIPPluginJar : add dfsdm
2024-06-06 07:00:13,541 [INFO] IPUIPlugin:80 - create IPUIPlugin
2024-06-06 07:00:13,541 [INFO] PluginManager:220 - loadIPPluginJar : add lorawan
2024-06-06 07:00:13,541 [INFO] IPUIPlugin:80 - create IPUIPlugin
2024-06-06 07:00:13,541 [INFO] PluginManager:220 - loadIPPluginJar : add genericplugin
2024-06-06 07:00:13,542 [INFO] IPUIPlugin:80 - create IPUIPlugin
2024-06-06 07:00:13,542 [INFO] PluginManager:220 - loadIPPluginJar : add hash
2024-06-06 07:00:13,543 [INFO] IPUIPlugin:80 - create IPUIPlugin
2024-06-06 07:00:13,543 [INFO] PluginManager:220 - loadIPPluginJar : add ltdc
2024-06-06 07:00:13,546 [INFO] IPUIPlugin:80 - create IPUIPlugin
2024-06-06 07:00:13,547 [INFO] PluginManager:220 - loadIPPluginJar : add plateformsettings
2024-06-06 07:00:13,548 [INFO] IPUIPlugin:80 - create IPUIPlugin
2024-06-06 07:00:13,548 [INFO] PluginManager:220 - loadIPPluginJar : add cryp
2024-06-06 07:00:13,549 [INFO] IPUIPlugin:80 - create IPUIPlugin
2024-06-06 07:00:13,549 [INFO] PluginManager:220 - loadIPPluginJar : add opamp
2024-06-06 07:00:13,639 [INFO] CADModel:165 - CPN selected for project level
2024-06-06 07:00:13,639 [INFO] CADModel:114 - Register for checkConnection events
2024-06-06 07:00:13,639 [FATAL] Updater:308 - Updater called before beeing initialized
2024-06-06 07:00:13,639 [ERROR] CADModel:125 - Updater not yet initialized, retry later 
2024-06-06 07:00:13,709 [INFO] CADModel:165 - CPN selected for project level
2024-06-06 07:00:13,710 [INFO] CADModel:114 - Register for checkConnection events
2024-06-06 07:00:13,710 [FATAL] Updater:308 - Updater called before beeing initialized
2024-06-06 07:00:13,710 [ERROR] CADModel:125 - Updater not yet initialized, retry later 
2024-06-06 07:00:13,712 [FATAL] Updater:308 - Updater called before beeing initialized
2024-06-06 07:00:13,753 [FATAL] Updater:308 - Updater called before beeing initialized
2024-06-06 07:00:13,756 [INFO] DbMcusAds:53 - JSON generation date=Thu Sep 30 13:55:09 WIB 2021 (1632984909247)
2024-06-06 07:00:13,756 [FATAL] Updater:308 - Updater called before beeing initialized
2024-06-06 07:00:13,779 [WARN] DetailPanel:346 - Failed to get advertising image, set to default
2024-06-06 07:00:13,884 [FATAL] Updater:308 - Updater called before beeing initialized
2024-06-06 07:00:13,885 [FATAL] Updater:308 - Updater called before beeing initialized
2024-06-06 07:00:13,885 [FATAL] Updater:308 - Updater called before beeing initialized
2024-06-06 07:00:13,885 [WARN] DetailPanel:346 - Failed to get advertising image, set to default
2024-06-06 07:00:13,886 [FATAL] Updater:308 - Updater called before beeing initialized
2024-06-06 07:00:13,906 [ERROR] Updater:1120 - MainUpdater not yet initialized. External WinMGr cannot be set.
2024-06-06 07:00:13,907 [INFO] Updater:1056 - Updater Version found : 6.11.1
2024-06-06 07:00:13,917 [INFO] ApplicationProperties:184 - Using Application install path: /opt/st/stm32cubeide_1.15.1/plugins/com.st.stm32cube.common.mx_6.11.1.202404110753
2024-06-06 07:00:13,933 [INFO] MainUpdater:526 - Copy updater definitions from MX database
2024-06-06 07:00:13,950 [INFO] MainUpdater:559 - Copy flag file definitions from MX database
2024-06-06 07:00:13,951 [INFO] MainUpdater:575 - Copy thirdparty index definitions from MX database
2024-06-06 07:00:13,951 [INFO] MainUpdater:594 - Copy default thirdparty db definitions from MX database
2024-06-06 07:00:15,434 [INFO] MainUpdater:2873 - connection check result : 10
2024-06-06 07:00:15,434 [INFO] MainUpdater:3567 - Updater definition file requires update
2024-06-06 07:00:15,436 [INFO] MainUpdater:290 - Updater Check For Update Now.
2024-06-06 07:00:15,436 [INFO] MicroXplorer:498 - Change Database Version : DB.6.0.111
2024-06-06 07:00:15,446 [INFO] McuFinderGlobals:63 - Set McuFinder mode to 2 (CubeIDE integrated)
2024-06-06 07:00:15,446 [INFO] UserAuth:179 - activating auth plugin
2024-06-06 07:00:15,450 [INFO] UserAuth:415 - Internet connection configuration mode: 1
2024-06-06 07:00:15,460 [INFO] JxBrowserEngine:152 - Initiate JxBrowser Engine with user profile folder
2024-06-06 07:00:16,202 [WARN] MainUpdater:1194 - Updater busy. Cannot search thirdparties
2024-06-06 07:00:16,202 [INFO] ThirdPartyUpdaterWithRetryManager:96 - Updater plugin is busy. [1/15]
2024-06-06 07:00:17,689 [INFO] WebApp:161 - Instantiating new browser for Auth
2024-06-06 07:00:18,077 [INFO] WebApp:779 - Register for checkConnection events
2024-06-06 07:00:18,078 [INFO] WebApp:414 - Apply proxy settings
2024-06-06 07:00:18,078 [INFO] WebApp:499 - Chromium requires no authentication
2024-06-06 07:00:18,083 [INFO] WebApp:442 - Direct internet connection detected
2024-06-06 07:00:18,213 [INFO] WebApp:192 - Starting web application
2024-06-06 07:00:18,213 [INFO] WebApp:544 - Web application path used /opt/st/stm32cubeide_1.15.1/plugins/com.st.stm32cube.common.mx_6.11.1.202404110753/db/plugins/mcufinder/reactClient1/index.html
2024-06-06 07:00:19,203 [WARN] MainUpdater:1194 - Updater busy. Cannot search thirdparties
2024-06-06 07:00:19,203 [INFO] ThirdPartyUpdaterWithRetryManager:96 - Updater plugin is busy. [2/15]
2024-06-06 07:00:19,583 [INFO] ServerAccessManage:473 - Download File updaters.zip
2024-06-06 07:00:20,004 [INFO] FileExtend:240 - Unzip File : updaters.zip
2024-06-06 07:00:20,004 [INFO] FileExtend:255 - Standard Zip Deflate
2024-06-06 07:00:21,304 [INFO] ServerAccessManage:473 - Download File PacksControlFlags.xml
2024-06-06 07:00:22,204 [WARN] MainUpdater:1194 - Updater busy. Cannot search thirdparties
2024-06-06 07:00:22,204 [INFO] ThirdPartyUpdaterWithRetryManager:96 - Updater plugin is busy. [3/15]
2024-06-06 07:00:22,689 [INFO] ServerAccessManage:473 - Download File cubemx.pidx
2024-06-06 07:00:23,996 [INFO] ServerAccessManage:473 - Download File STMicroelectronics.FP-ATR-ASTRA1.pdsc
2024-06-06 07:00:25,205 [WARN] MainUpdater:1194 - Updater busy. Cannot search thirdparties
2024-06-06 07:00:25,205 [INFO] ThirdPartyUpdaterWithRetryManager:96 - Updater plugin is busy. [4/15]
2024-06-06 07:00:27,727 [INFO] ServerAccessManage:473 - Download File STMicroelectronics.FP-ATR-SIGFOX1.pdsc
2024-06-06 07:00:28,206 [WARN] MainUpdater:1194 - Updater busy. Cannot search thirdparties
2024-06-06 07:00:28,206 [INFO] ThirdPartyUpdaterWithRetryManager:96 - Updater plugin is busy. [5/15]
2024-06-06 07:00:29,937 [INFO] ServerAccessManage:473 - Download File STMicroelectronics.FP-SNS-FLIGHT1.pdsc
2024-06-06 07:00:31,206 [WARN] MainUpdater:1194 - Updater busy. Cannot search thirdparties
2024-06-06 07:00:31,206 [INFO] ThirdPartyUpdaterWithRetryManager:96 - Updater plugin is busy. [6/15]
2024-06-06 07:00:32,401 [INFO] McuFinderGlobals:63 - Set McuFinder mode to 2 (CubeIDE integrated)
2024-06-06 07:00:32,402 [INFO] UserAuth:179 - activating auth plugin
2024-06-06 07:00:32,410 [INFO] UserAuth:415 - Internet connection configuration mode: 1
2024-06-06 07:00:34,207 [WARN] MainUpdater:1194 - Updater busy. Cannot search thirdparties
2024-06-06 07:00:34,207 [INFO] ThirdPartyUpdaterWithRetryManager:96 - Updater plugin is busy. [7/15]
2024-06-06 07:00:37,208 [WARN] MainUpdater:1194 - Updater busy. Cannot search thirdparties
2024-06-06 07:00:37,209 [INFO] ThirdPartyUpdaterWithRetryManager:96 - Updater plugin is busy. [8/15]
2024-06-06 07:00:40,209 [WARN] MainUpdater:1194 - Updater busy. Cannot search thirdparties
2024-06-06 07:00:40,210 [INFO] ThirdPartyUpdaterWithRetryManager:96 - Updater plugin is busy. [9/15]
2024-06-06 07:00:40,586 [INFO] ServerAccessManage:473 - Download File STMicroelectronics.FP-SNS-MOTENV1.pdsc
2024-06-06 07:00:43,211 [WARN] MainUpdater:1194 - Updater busy. Cannot search thirdparties
2024-06-06 07:00:43,211 [INFO] ThirdPartyUpdaterWithRetryManager:96 - Updater plugin is busy. [10/15]
2024-06-06 07:00:46,212 [WARN] MainUpdater:1194 - Updater busy. Cannot search thirdparties
2024-06-06 07:00:46,212 [INFO] ThirdPartyUpdaterWithRetryManager:96 - Updater plugin is busy. [11/15]
2024-06-06 07:00:46,477 [INFO] ServerAccessManage:473 - Download File STMicroelectronics.FP-SNS-MOTENVWB1.pdsc
2024-06-06 07:00:49,213 [WARN] MainUpdater:1194 - Updater busy. Cannot search thirdparties
2024-06-06 07:00:49,213 [INFO] ThirdPartyUpdaterWithRetryManager:96 - Updater plugin is busy. [12/15]
2024-06-06 07:00:50,568 [INFO] ServerAccessManage:473 - Download File STMicroelectronics.FP-SNS-SMARTAG2.pdsc
2024-06-06 07:00:52,214 [WARN] MainUpdater:1194 - Updater busy. Cannot search thirdparties
2024-06-06 07:00:52,214 [INFO] ThirdPartyUpdaterWithRetryManager:96 - Updater plugin is busy. [13/15]
2024-06-06 07:00:52,904 [INFO] ServerAccessManage:473 - Download File STMicroelectronics.X-CUBE-AI.pdsc
2024-06-06 07:00:55,215 [WARN] MainUpdater:1194 - Updater busy. Cannot search thirdparties
2024-06-06 07:00:55,215 [INFO] ThirdPartyUpdaterWithRetryManager:96 - Updater plugin is busy. [14/15]
2024-06-06 07:00:58,215 [WARN] MainUpdater:1194 - Updater busy. Cannot search thirdparties
2024-06-06 07:00:58,216 [INFO] ThirdPartyUpdaterWithRetryManager:96 - Updater plugin is busy. [15/15]
2024-06-06 07:00:58,216 [ERROR] IntegrityCheckThread:130 - Cannot retrieve database content from updater: error -1
2024-06-06 07:00:58,216 [INFO] ThirdParty:978 - Integrity check success = false
2024-06-06 07:00:58,216 [INFO] IntegrityCheckThread:100 - exiting critical section [integrity check]
2024-06-06 07:00:58,216 [INFO] IntegrityCheckThread:103 - End integrity checks thread
2024-06-06 07:01:01,756 [INFO] WebApp:609 - userauth.ini created with success
2024-06-06 07:01:06,408 [INFO] McuFinderGlobals:63 - Set McuFinder mode to 2 (CubeIDE integrated)
2024-06-06 07:01:11,749 [INFO] ServerAccessManage:473 - Download File STMicroelectronics.X-CUBE-ALS.pdsc
2024-06-06 07:01:15,011 [INFO] ServerAccessManage:473 - Download File STMicroelectronics.X-CUBE-BLE1.pdsc
2024-06-06 07:01:26,423 [INFO] MainUpdater:2873 - connection check result : 10
2024-06-06 07:01:30,259 [ERROR] ServerAccessManage:1089 - Problem, file not found on Server
2024-06-06 07:01:31,537 [INFO] ServerAccessManage:473 - Download File STMicroelectronics.X-CUBE-BLE2.pdsc
2024-06-06 07:01:53,062 [INFO] Activator:176 - 


2024-06-06 07:01:53,063 [INFO] Activator:177 - !SESSION log4j initialized
2024-06-06 07:01:54,468 [INFO] LogOutputStream:77 - [STDOUT_REDIRECT] 
2024-06-06 07:01:55,840 [INFO] ApplicationProperties:184 - Using Application install path: /opt/st/stm32cubeide_1.15.1/plugins/com.st.stm32cube.common.mx_6.11.1.202404110753
2024-06-06 07:01:55,850 [INFO] DbMcusXml:78 - Set database path to: /opt/st/stm32cubeide_1.15.1/plugins/com.st.stm32cube.common.mx_6.11.1.202404110753//db//mcu/
2024-06-06 07:01:55,850 [INFO] ApiDb:274 - Set plugin database path to: /opt/st/stm32cubeide_1.15.1/plugins/com.st.stm32cube.common.mx_6.11.1.202404110753//db//plugins/boardmanager/
2024-06-06 07:01:55,850 [WARN] ApiDb:259 - Overriding images path with different value:  => /opt/st/stm32cubeide_1.15.1/plugins/com.st.stm32cube.common.mx_6.11.1.202404110753//db//plugins/mcufinder/images/
2024-06-06 07:01:55,853 [INFO] ApiDb:250 - Set database path to: /home/wgg/.stmcufinder/plugins/mcufinder//mcu/
2024-06-06 07:01:55,854 [INFO] DbMcusAds:125 - Set database path to: /home/wgg/.stmcufinder/plugins/mcufinder//mcu/
2024-06-06 07:01:55,887 [INFO] CrossReferenceDbSqlite:203 - Set database path to: /home/wgg/.stmcufinder/plugins/mcufinder//mcu/cs/
2024-06-06 07:01:55,980 [INFO] RulesReader:64 - Compatibility file has been processed (297 Rules)
2024-06-06 07:01:56,022 [INFO] DbMcusXml:78 - Set database path to: /opt/st/stm32cubeide_1.15.1/plugins/com.st.stm32cube.common.mx_6.11.1.202404110753//db//mcu/
2024-06-06 07:01:56,023 [INFO] ApiDb:274 - Set plugin database path to: /opt/st/stm32cubeide_1.15.1/plugins/com.st.stm32cube.common.mx_6.11.1.202404110753//db//plugins/boardmanager/
2024-06-06 07:01:56,023 [INFO] ApiDb:261 - Set plugin images path to: /opt/st/stm32cubeide_1.15.1/plugins/com.st.stm32cube.common.mx_6.11.1.202404110753//db//plugins/mcufinder/images/
2024-06-06 07:01:56,023 [WARN] DbFile:41 - Overriding database path with different value: /home/wgg/.stmcufinder/plugins/mcufinder/ => /home/wgg/.stmcufinder/plugins/mcufinder
2024-06-06 07:01:56,023 [INFO] ApiDb:250 - Set database path to: /home/wgg/.stmcufinder/plugins/mcufinder//mcu/
2024-06-06 07:01:56,023 [WARN] DbFile:41 - Overriding database path with different value: /home/wgg/.stmcufinder/plugins/mcufinder/ => /home/wgg/.stmcufinder/plugins/mcufinder
2024-06-06 07:01:56,023 [INFO] DbMcusAds:125 - Set database path to: /home/wgg/.stmcufinder/plugins/mcufinder//mcu/
2024-06-06 07:01:56,023 [WARN] DbFile:41 - Overriding database path with different value: /home/wgg/.stmcufinder/plugins/mcufinder/ => /home/wgg/.stmcufinder/plugins/mcufinder
2024-06-06 07:01:56,024 [WARN] DbFile:41 - Overriding database path with different value: /home/wgg/.stmcufinder/plugins/mcufinder/ => /home/wgg/.stmcufinder/plugins/mcufinder
2024-06-06 07:01:56,062 [INFO] CrossReferenceDbSqlite:203 - Set database path to: /home/wgg/.stmcufinder/plugins/mcufinder//mcu/cs/
2024-06-06 07:01:56,103 [INFO] MainPanel:264 - HeapMemory: 268435456
2024-06-06 07:01:56,151 [INFO] DbMcusXml:78 - Set database path to: /opt/st/stm32cubeide_1.15.1/plugins/com.st.stm32cube.common.mx_6.11.1.202404110753//db//mcu/
2024-06-06 07:01:56,151 [INFO] ApiDb:274 - Set plugin database path to: /opt/st/stm32cubeide_1.15.1/plugins/com.st.stm32cube.common.mx_6.11.1.202404110753//db//plugins/boardmanager/
2024-06-06 07:01:56,151 [INFO] ApiDb:261 - Set plugin images path to: /opt/st/stm32cubeide_1.15.1/plugins/com.st.stm32cube.common.mx_6.11.1.202404110753//db//plugins/mcufinder/images/
2024-06-06 07:01:56,151 [WARN] DbFile:41 - Overriding database path with different value: /home/wgg/.stmcufinder/plugins/mcufinder/ => /home/wgg/.stmcufinder/plugins/mcufinder
2024-06-06 07:01:56,151 [INFO] ApiDb:250 - Set database path to: /home/wgg/.stmcufinder/plugins/mcufinder//mcu/
2024-06-06 07:01:56,151 [WARN] DbFile:41 - Overriding database path with different value: /home/wgg/.stmcufinder/plugins/mcufinder/ => /home/wgg/.stmcufinder/plugins/mcufinder
2024-06-06 07:01:56,151 [INFO] DbMcusAds:125 - Set database path to: /home/wgg/.stmcufinder/plugins/mcufinder//mcu/
2024-06-06 07:01:56,152 [WARN] DbFile:41 - Overriding database path with different value: /home/wgg/.stmcufinder/plugins/mcufinder/ => /home/wgg/.stmcufinder/plugins/mcufinder
2024-06-06 07:01:56,152 [WARN] DbFile:41 - Overriding database path with different value: /home/wgg/.stmcufinder/plugins/mcufinder/ => /home/wgg/.stmcufinder/plugins/mcufinder
2024-06-06 07:01:56,199 [INFO] CrossReferenceDbSqlite:203 - Set database path to: /home/wgg/.stmcufinder/plugins/mcufinder//mcu/cs/
2024-06-06 07:01:56,209 [INFO] ApplicationProperties:184 - Using Application install path: /opt/st/stm32cubeide_1.15.1/plugins/com.st.stm32cube.common.mx_6.11.1.202404110753
2024-06-06 07:01:56,210 [INFO] PluginManage:196 - Search for loadable plugins [exclusion list=, ]
2024-06-06 07:01:56,211 [INFO] PluginManage:310 - Check plugin analytics
2024-06-06 07:01:56,349 [INFO] AnalyticsPlugin:253 - Accepted Software Licenses: 
2024-06-06 07:01:56,349 [INFO] AnalyticsPlugin:255 - Accepted CMSIS Pack Licenses: 
2024-06-06 07:01:56,349 [INFO] AnalyticsPlugin:257 - Accepted Firmware Licenses: 
2024-06-06 07:01:56,351 [INFO] PluginManage:359 - Loaded plugin analytics (category:tool,tabindex:-1)
2024-06-06 07:01:56,352 [INFO] PluginManage:310 - Check plugin cadmodel
2024-06-06 07:01:56,367 [INFO] CADModel:105 - Init CAD model plugin
2024-06-06 07:01:56,367 [INFO] PluginManage:359 - Loaded plugin cadmodel (category:power,tabindex:5)
2024-06-06 07:01:56,367 [INFO] PluginManage:310 - Check plugin clock
2024-06-06 07:01:56,374 [INFO] PluginManage:359 - Loaded plugin clock (category:base,tabindex:2)
2024-06-06 07:01:56,374 [INFO] PluginManage:310 - Check plugin ddr
2024-06-06 07:01:56,376 [INFO] PluginManage:359 - Loaded plugin ddr (category:tool,tabindex:6)
2024-06-06 07:01:56,376 [INFO] PluginManage:310 - Check plugin filemanager
2024-06-06 07:01:56,479 [INFO] PluginManage:359 - Loaded plugin filemanager (category:base,tabindex:10)
2024-06-06 07:01:56,479 [INFO] PluginManage:310 - Check plugin ipmanager
2024-06-06 07:01:56,482 [INFO] PluginManage:359 - Loaded plugin ipmanager (category:base,tabindex:5)
2024-06-06 07:01:56,482 [INFO] PluginManage:310 - Check plugin lpbam
2024-06-06 07:01:56,487 [INFO] PluginManage:359 - Loaded plugin lpbam (category:base,tabindex:0)
2024-06-06 07:01:56,487 [INFO] PluginManage:310 - Check plugin memorymap
2024-06-06 07:01:56,494 [INFO] PluginManage:359 - Loaded plugin memorymap (category:base,tabindex:4)
2024-06-06 07:01:56,494 [INFO] PluginManage:310 - Check plugin pinoutandconfiguration
2024-06-06 07:01:56,498 [INFO] PluginManage:359 - Loaded plugin pinoutandconfiguration (category:base,tabindex:1)
2024-06-06 07:01:56,498 [INFO] PluginManage:310 - Check plugin pinoutconfig
2024-06-06 07:01:56,564 [WARN] SupportedApi:132 - Cannot load RTOS API schema: s4s-elt-must-match.1: The content of 'definitions' must match (annotation?, (simpleType | complexType)?, (unique | key | keyref)*)). A problem was found starting at: attribute.
2024-06-06 07:01:56,658 [INFO] PluginManage:359 - Loaded plugin pinoutconfig (category:base,tabindex:0)
2024-06-06 07:01:56,658 [INFO] PluginManage:310 - Check plugin power
2024-06-06 07:01:56,663 [INFO] PluginManage:359 - Loaded plugin power (category:power,tabindex:4)
2024-06-06 07:01:56,663 [INFO] PluginManage:310 - Check plugin projectmanager
2024-06-06 07:01:56,673 [INFO] PluginManage:359 - Loaded plugin projectmanager (category:projectmanager,tabindex:3)
2024-06-06 07:01:56,673 [INFO] PluginManage:310 - Check plugin thirdparty
2024-06-06 07:01:56,732 [INFO] PluginManage:359 - Loaded plugin thirdparty (category:base,tabindex:-1)
2024-06-06 07:01:56,732 [WARN] IntegrityCheckThread:84 - waiting for thirdparty lock release [integrity check]
2024-06-06 07:01:56,732 [INFO] PluginManage:310 - Check plugin tools
2024-06-06 07:01:56,732 [INFO] IntegrityCheckThread:86 - entering critical section [integrity check]
2024-06-06 07:01:56,733 [INFO] ThirdPartyUpdaterWithRetryManager:70 - Updater plugin not ready yet. [1/15]
2024-06-06 07:01:56,734 [INFO] PluginManage:359 - Loaded plugin tools (category:base,tabindex:7)
2024-06-06 07:01:56,734 [INFO] PluginManage:310 - Check plugin tutovideos
2024-06-06 07:01:56,836 [INFO] PluginManage:359 - Loaded plugin tutovideos (category:base,tabindex:-1)
2024-06-06 07:01:56,836 [INFO] PluginManage:310 - Check plugin updater
2024-06-06 07:01:56,843 [INFO] PluginManage:359 - Loaded plugin updater (category:base,tabindex:12)
2024-06-06 07:01:56,843 [INFO] PluginManage:310 - Check plugin userauth
2024-06-06 07:01:56,846 [INFO] UserAuth:114 - Init User Auth plugin
2024-06-06 07:01:56,846 [INFO] PluginManage:359 - Loaded plugin userauth (category:base,tabindex:14)
2024-06-06 07:01:56,846 [INFO] PluginManage:283 - PluginManage : Loaded plugins [17]
2024-06-06 07:01:56,966 [INFO] PinOutPanel:1561 - setPackage(No Configuration,No Configuration)
2024-06-06 07:01:57,001 [INFO] CADModel:165 - CPN selected for project level
2024-06-06 07:01:57,001 [INFO] CADModel:114 - Register for checkConnection events
2024-06-06 07:01:57,008 [INFO] IPUIPlugin:80 - create IPUIPlugin
2024-06-06 07:01:57,009 [INFO] PluginManager:220 - loadIPPluginJar : add dma
2024-06-06 07:01:57,013 [INFO] IPUIPlugin:80 - create IPUIPlugin
2024-06-06 07:01:57,013 [INFO] PluginManager:220 - loadIPPluginJar : add linkedlist
2024-06-06 07:01:57,015 [INFO] IPUIPlugin:80 - create IPUIPlugin
2024-06-06 07:01:57,015 [INFO] PluginManager:220 - loadIPPluginJar : add tracer_emb
2024-06-06 07:01:57,018 [INFO] IPUIPlugin:80 - create IPUIPlugin
2024-06-06 07:01:57,018 [INFO] PluginManager:220 - loadIPPluginJar : add ipddr
2024-06-06 07:01:57,020 [INFO] IPUIPlugin:80 - create IPUIPlugin
2024-06-06 07:01:57,020 [INFO] PluginManager:220 - loadIPPluginJar : add i2c
2024-06-06 07:01:57,023 [INFO] IPUIPlugin:80 - create IPUIPlugin
2024-06-06 07:01:57,023 [INFO] PluginManager:220 - loadIPPluginJar : add mdma
2024-06-06 07:01:57,025 [INFO] IPUIPlugin:80 - create IPUIPlugin
2024-06-06 07:01:57,025 [INFO] PluginManager:220 - loadIPPluginJar : add usart
2024-06-06 07:01:57,026 [INFO] IPUIPlugin:80 - create IPUIPlugin
2024-06-06 07:01:57,026 [INFO] PluginManager:220 - loadIPPluginJar : add gfxmmu
2024-06-06 07:01:57,027 [INFO] IPUIPlugin:80 - create IPUIPlugin
2024-06-06 07:01:57,027 [INFO] PluginManager:220 - loadIPPluginJar : add usbx
2024-06-06 07:01:57,028 [INFO] IPUIPlugin:80 - create IPUIPlugin
2024-06-06 07:01:57,028 [INFO] PluginManager:220 - loadIPPluginJar : add tsc
2024-06-06 07:01:57,029 [INFO] IPUIPlugin:80 - create IPUIPlugin
2024-06-06 07:01:57,029 [INFO] PluginManager:220 - loadIPPluginJar : add dma3
2024-06-06 07:01:57,032 [INFO] IPUIPlugin:80 - create IPUIPlugin
2024-06-06 07:01:57,032 [INFO] PluginManager:220 - loadIPPluginJar : add fmc
2024-06-06 07:01:57,033 [INFO] IPUIPlugin:80 - create IPUIPlugin
2024-06-06 07:01:57,034 [INFO] PluginManager:220 - loadIPPluginJar : add extmemmanager
2024-06-06 07:01:57,034 [INFO] IPUIPlugin:80 - create IPUIPlugin
2024-06-06 07:01:57,034 [INFO] PluginManager:220 - loadIPPluginJar : add comp
2024-06-06 07:01:57,036 [INFO] IPUIPlugin:80 - create IPUIPlugin
2024-06-06 07:01:57,036 [INFO] PluginManager:220 - loadIPPluginJar : add i3c
2024-06-06 07:01:57,037 [INFO] IPUIPlugin:80 - create IPUIPlugin
2024-06-06 07:01:57,037 [INFO] PluginManager:220 - loadIPPluginJar : add gtzc
2024-06-06 07:01:57,039 [INFO] IPUIPlugin:80 - create IPUIPlugin
2024-06-06 07:01:57,039 [INFO] PluginManager:220 - loadIPPluginJar : add touchsensing
2024-06-06 07:01:57,039 [INFO] IPUIPlugin:80 - create IPUIPlugin
2024-06-06 07:01:57,040 [INFO] PluginManager:220 - loadIPPluginJar : add ucpd
2024-06-06 07:01:57,040 [INFO] IPUIPlugin:80 - create IPUIPlugin
2024-06-06 07:01:57,040 [INFO] PluginManager:220 - loadIPPluginJar : add fatfs
2024-06-06 07:01:57,042 [INFO] IPUIPlugin:80 - create IPUIPlugin
2024-06-06 07:01:57,043 [INFO] PluginManager:220 - loadIPPluginJar : add stm32_wpan
2024-06-06 07:01:57,044 [INFO] IPUIPlugin:80 - create IPUIPlugin
2024-06-06 07:01:57,044 [INFO] PluginManager:220 - loadIPPluginJar : add gpio
2024-06-06 07:01:57,045 [INFO] IPUIPlugin:80 - create IPUIPlugin
2024-06-06 07:01:57,045 [INFO] PluginManager:220 - loadIPPluginJar : add i2s
2024-06-06 07:01:57,046 [INFO] IPUIPlugin:80 - create IPUIPlugin
2024-06-06 07:01:57,046 [INFO] PluginManager:220 - loadIPPluginJar : add tim
2024-06-06 07:01:57,049 [INFO] IPUIPlugin:80 - create IPUIPlugin
2024-06-06 07:01:57,049 [INFO] PluginManager:220 - loadIPPluginJar : add adc
2024-06-06 07:01:57,050 [INFO] IPUIPlugin:80 - create IPUIPlugin
2024-06-06 07:01:57,050 [INFO] PluginManager:220 - loadIPPluginJar : add pdm2pcm
2024-06-06 07:01:57,053 [INFO] IPUIPlugin:80 - create IPUIPlugin
2024-06-06 07:01:57,053 [INFO] PluginManager:220 - loadIPPluginJar : add gic
2024-06-06 07:01:57,054 [INFO] IPUIPlugin:80 - create IPUIPlugin
2024-06-06 07:01:57,054 [INFO] PluginManager:220 - loadIPPluginJar : add sai
2024-06-06 07:01:57,055 [INFO] IPUIPlugin:80 - create IPUIPlugin
2024-06-06 07:01:57,055 [INFO] PluginManager:220 - loadIPPluginJar : add spi
2024-06-06 07:01:57,056 [INFO] IPUIPlugin:80 - create IPUIPlugin
2024-06-06 07:01:57,056 [INFO] PluginManager:220 - loadIPPluginJar : add can
2024-06-06 07:01:57,057 [INFO] IPUIPlugin:80 - create IPUIPlugin
2024-06-06 07:01:57,057 [INFO] PluginManager:220 - loadIPPluginJar : add resmgrutility
2024-06-06 07:01:57,058 [INFO] IPUIPlugin:80 - create IPUIPlugin
2024-06-06 07:01:57,058 [INFO] PluginManager:220 - loadIPPluginJar : add quadspi
2024-06-06 07:01:57,060 [INFO] IPUIPlugin:80 - create IPUIPlugin
2024-06-06 07:01:57,061 [INFO] PluginManager:220 - loadIPPluginJar : add freertos
2024-06-06 07:01:57,061 [INFO] IPUIPlugin:80 - create IPUIPlugin
2024-06-06 07:01:57,061 [INFO] PluginManager:220 - loadIPPluginJar : add ts
2024-06-06 07:01:57,062 [INFO] IPUIPlugin:80 - create IPUIPlugin
2024-06-06 07:01:57,062 [INFO] PluginManager:220 - loadIPPluginJar : add aes
2024-06-06 07:01:57,064 [INFO] IPUIPlugin:80 - create IPUIPlugin
2024-06-06 07:01:57,064 [INFO] PluginManager:220 - loadIPPluginJar : add nvic
2024-06-06 07:01:57,065 [INFO] IPUIPlugin:80 - create IPUIPlugin
2024-06-06 07:01:57,065 [INFO] PluginManager:220 - loadIPPluginJar : add openamp
2024-06-06 07:01:57,066 [INFO] IPUIPlugin:80 - create IPUIPlugin
2024-06-06 07:01:57,066 [INFO] PluginManager:220 - loadIPPluginJar : add dfsdm
2024-06-06 07:01:57,067 [INFO] IPUIPlugin:80 - create IPUIPlugin
2024-06-06 07:01:57,067 [INFO] PluginManager:220 - loadIPPluginJar : add lorawan
2024-06-06 07:01:57,068 [INFO] IPUIPlugin:80 - create IPUIPlugin
2024-06-06 07:01:57,068 [INFO] PluginManager:220 - loadIPPluginJar : add genericplugin
2024-06-06 07:01:57,069 [INFO] IPUIPlugin:80 - create IPUIPlugin
2024-06-06 07:01:57,069 [INFO] PluginManager:220 - loadIPPluginJar : add hash
2024-06-06 07:01:57,069 [INFO] IPUIPlugin:80 - create IPUIPlugin
2024-06-06 07:01:57,069 [INFO] PluginManager:220 - loadIPPluginJar : add ltdc
2024-06-06 07:01:57,072 [INFO] IPUIPlugin:80 - create IPUIPlugin
2024-06-06 07:01:57,073 [INFO] PluginManager:220 - loadIPPluginJar : add plateformsettings
2024-06-06 07:01:57,074 [INFO] IPUIPlugin:80 - create IPUIPlugin
2024-06-06 07:01:57,074 [INFO] PluginManager:220 - loadIPPluginJar : add cryp
2024-06-06 07:01:57,076 [INFO] IPUIPlugin:80 - create IPUIPlugin
2024-06-06 07:01:57,076 [INFO] PluginManager:220 - loadIPPluginJar : add opamp
2024-06-06 07:01:57,166 [INFO] CADModel:165 - CPN selected for project level
2024-06-06 07:01:57,166 [INFO] CADModel:114 - Register for checkConnection events
2024-06-06 07:01:57,166 [FATAL] Updater:308 - Updater called before beeing initialized
2024-06-06 07:01:57,166 [ERROR] CADModel:125 - Updater not yet initialized, retry later 
2024-06-06 07:01:57,260 [INFO] CADModel:165 - CPN selected for project level
2024-06-06 07:01:57,260 [INFO] CADModel:114 - Register for checkConnection events
2024-06-06 07:01:57,260 [FATAL] Updater:308 - Updater called before beeing initialized
2024-06-06 07:01:57,260 [ERROR] CADModel:125 - Updater not yet initialized, retry later 
2024-06-06 07:01:57,262 [FATAL] Updater:308 - Updater called before beeing initialized
2024-06-06 07:01:57,307 [FATAL] Updater:308 - Updater called before beeing initialized
2024-06-06 07:01:57,310 [INFO] DbMcusAds:53 - JSON generation date=Thu Sep 30 13:55:09 WIB 2021 (1632984909247)
2024-06-06 07:01:57,310 [FATAL] Updater:308 - Updater called before beeing initialized
2024-06-06 07:01:57,335 [WARN] DetailPanel:346 - Failed to get advertising image, set to default
2024-06-06 07:01:57,403 [FATAL] Updater:308 - Updater called before beeing initialized
2024-06-06 07:01:57,404 [FATAL] Updater:308 - Updater called before beeing initialized
2024-06-06 07:01:57,404 [FATAL] Updater:308 - Updater called before beeing initialized
2024-06-06 07:01:57,404 [WARN] DetailPanel:346 - Failed to get advertising image, set to default
2024-06-06 07:01:57,405 [FATAL] Updater:308 - Updater called before beeing initialized
2024-06-06 07:01:57,425 [ERROR] Updater:1120 - MainUpdater not yet initialized. External WinMGr cannot be set.
2024-06-06 07:01:57,426 [INFO] Updater:1056 - Updater Version found : 6.11.1
2024-06-06 07:01:57,439 [INFO] ApplicationProperties:184 - Using Application install path: /opt/st/stm32cubeide_1.15.1/plugins/com.st.stm32cube.common.mx_6.11.1.202404110753
2024-06-06 07:01:57,447 [ERROR] LogOutputStream:75 - [STDERR_REDIRECT] Jun 06, 2024 7:01:57 AM java.util.prefs.FileSystemPreferences$2 run
2024-06-06 07:01:57,448 [ERROR] LogOutputStream:75 - [STDERR_REDIRECT] WARNING: Could not create system preferences directory. System preferences are unusable.
2024-06-06 07:01:57,448 [ERROR] LogOutputStream:75 - [STDERR_REDIRECT] 
2024-06-06 07:01:57,697 [INFO] MainUpdater:2873 - connection check result : 10
2024-06-06 07:01:57,697 [INFO] MainUpdater:3567 - Updater definition file requires update
2024-06-06 07:01:57,698 [INFO] MainUpdater:290 - Updater Check For Update Now.
2024-06-06 07:01:57,698 [INFO] MicroXplorer:498 - Change Database Version : DB.6.0.111
2024-06-06 07:01:57,704 [INFO] McuFinderGlobals:63 - Set McuFinder mode to 2 (CubeIDE integrated)
2024-06-06 07:01:57,710 [INFO] UserAuth:415 - Internet connection configuration mode: 1
2024-06-06 07:01:57,720 [INFO] JxBrowserEngine:152 - Initiate JxBrowser Engine with user profile folder
2024-06-06 07:01:57,752 [INFO] ServerAccessManage:473 - Download File updaters.zip
2024-06-06 07:01:58,065 [INFO] FileExtend:240 - Unzip File : updaters.zip
2024-06-06 07:01:58,066 [INFO] FileExtend:255 - Standard Zip Deflate
2024-06-06 07:01:58,167 [INFO] WebApp:161 - Instantiating new browser for Auth
2024-06-06 07:01:58,304 [INFO] ServerAccessManage:473 - Download File PacksControlFlags.xml
2024-06-06 07:01:58,407 [INFO] ServerAccessManage:473 - Download File cubemx.pidx
2024-06-06 07:01:58,484 [INFO] LoadServerUpdatesThread:375 - End of LoadServerUpdate Thread
2024-06-06 07:01:58,521 [WARN] CheckServerUpdateThread:151 - Open CheckUpdateFile Fail
2024-06-06 07:01:58,593 [INFO] WebApp:779 - Register for checkConnection events
2024-06-06 07:01:58,593 [INFO] WebApp:414 - Apply proxy settings
2024-06-06 07:01:58,593 [INFO] WebApp:499 - Chromium requires no authentication
2024-06-06 07:01:58,598 [INFO] WebApp:442 - Direct internet connection detected
2024-06-06 07:01:58,648 [INFO] CheckServerUpdateThread:120 - End of CheckServer Thread
2024-06-06 07:01:58,688 [INFO] WebApp:192 - Starting web application
2024-06-06 07:01:58,688 [INFO] WebApp:544 - Web application path used /opt/st/stm32cubeide_1.15.1/plugins/com.st.stm32cube.common.mx_6.11.1.202404110753/db/plugins/mcufinder/reactClient1/index.html
2024-06-06 07:01:59,856 [WARN] PackLoader:240 - Cannot read IP mode file for STMicroelectronics.FP-SNS-FLIGHT1.5.0.2
2024-06-06 07:01:59,866 [WARN] PackLoader:240 - Cannot read IP mode file for STMicroelectronics.X-CUBE-BLE1.7.0.0
2024-06-06 07:01:59,871 [WARN] PackLoader:240 - Cannot read IP mode file for STMicroelectronics.FP-SNS-SMARTAG2.1.2.0
2024-06-06 07:01:59,878 [WARN] PackLoader:240 - Cannot read IP mode file for STMicroelectronics.X-CUBE-BLE2.3.3.0
2024-06-06 07:01:59,883 [WARN] PackLoader:240 - Cannot read IP mode file for STMicroelectronics.FP-ATR-SIGFOX1.3.2.0
2024-06-06 07:01:59,888 [WARN] PackLoader:240 - Cannot read IP mode file for STMicroelectronics.FP-ATR-ASTRA1.2.0.0
2024-06-06 07:01:59,888 [INFO] ThirdParty:978 - Integrity check success = true
2024-06-06 07:01:59,888 [INFO] IntegrityCheckThread:100 - exiting critical section [integrity check]
2024-06-06 07:01:59,889 [INFO] IntegrityCheckThread:103 - End integrity checks thread
2024-06-06 07:02:07,059 [INFO] McuFinderGlobals:63 - Set McuFinder mode to 2 (CubeIDE integrated)
2024-06-06 07:02:07,061 [INFO] MainUpdater:2873 - connection check result : 10
2024-06-06 07:02:07,062 [INFO] McuFinderGlobals:76 - Set McuFinderConnectedMode to true
2024-06-06 07:02:07,756 [INFO] ServerAccessManage:473 - Download File mcusAds.json._tmp_
2024-06-06 07:02:07,859 [INFO] LoadUrlFilesThread:156 - End of LoadUrlFiles Thread
2024-06-06 07:02:10,784 [INFO] ServerAccessManage:473 - Download File cube-finder-db.zip
2024-06-06 07:02:24,420 [ERROR] LogOutputStream:75 - [STDERR_REDIRECT] Jun 06, 2024 7:02:24 AM java.util.prefs.FileSystemPreferences checkLockFile0ErrorCode
2024-06-06 07:02:24,422 [ERROR] LogOutputStream:75 - [STDERR_REDIRECT] WARNING: Could not lock System prefs. Unix error code 32546.
2024-06-06 07:02:24,422 [ERROR] LogOutputStream:75 - [STDERR_REDIRECT] 
2024-06-06 07:02:24,424 [ERROR] LogOutputStream:75 - [STDERR_REDIRECT] Jun 06, 2024 7:02:24 AM java.util.prefs.FileSystemPreferences syncWorld
2024-06-06 07:02:24,425 [ERROR] LogOutputStream:75 - [STDERR_REDIRECT] WARNING: Couldn't flush system prefs: java.util.prefs.BackingStoreException: Couldn't get file lock.
2024-06-06 07:02:24,425 [ERROR] LogOutputStream:75 - [STDERR_REDIRECT] 
2024-06-06 07:02:31,295 [INFO] FileExtend:240 - Unzip File : cube-finder-db.zip
2024-06-06 07:02:31,296 [INFO] FileExtend:255 - Standard Zip Deflate
2024-06-06 07:02:31,874 [INFO] LoadUrlFilesThread:156 - End of LoadUrlFiles Thread
2024-06-06 07:02:32,226 [ERROR] ServerAccessManage:1172 - Problem during Server Connection :  IO error PKIX path validation failed: java.security.cert.CertPathValidatorException: validity check failed
2024-06-06 07:02:32,227 [ERROR] ServerAccessManage:651 - Problem during Server Connection :  : crdb_full.zip.
2024-06-06 07:02:36,868 [INFO] LoadUrlFilesThread:156 - End of LoadUrlFiles Thread
2024-06-06 07:02:38,364 [INFO] DbMcusAds:53 - JSON generation date=Thu May 16 16:22:00 WIB 2024 (1715851320852)
2024-06-06 07:02:38,369 [ERROR] TargetSelectorAdapter:267 - Unable to refresh data
2024-06-06 07:02:38,532 [INFO] ApiDb:581 - Connected to CubeFinder SQLite database (/home/wgg/.stmcufinder/plugins/mcufinder/mcu/cube-finder-db.db)
2024-06-06 07:02:38,581 [INFO] ApiDb:668 - CubeFinder database Data Model version=2.1
2024-06-06 07:02:38,581 [INFO] ApiDb:669 - CubeFinder database Configuration version=3.0.39
2024-06-06 07:02:38,581 [INFO] ApiDb:670 - CubeFinder database generation date=2024-05-16 (1715872938)
2024-06-06 07:02:38,581 [INFO] ApiDb:671 - CubeFinder database FW Pack versions=[FP-ATR-ASTRA1_V2.0.0, FP-SNS-FLIGHT1_V5.0.1, FP-SNS-FLIGHT1_V5.0.2, FP-SNS-MOTENV1_V4.3.1, FP-SNS-MOTENV1_V4.3.2, FP-SNS-MOTENV1_V5.0.0, FP-SNS-MOTENVWB1_V1.4.0, FP-SNS-SMARTAG2_V1.2.0, STM32Cube_FW_C0_V1.1.0, STM32Cube_FW_F4_V1.28.0, STM32Cube_FW_F7_V1.17.0, STM32Cube_FW_G0_V1.6.2, STM32Cube_FW_G4_V1.5.2, STM32Cube_FW_H5_V0.5.1, STM32Cube_FW_H5_V1.1.1, STM32Cube_FW_H5_V1.2.0, STM32Cube_FW_H5_V1.2.0RC4, STM32Cube_FW_H7RS_V1.0.0, STM32Cube_FW_H7RS_V1.0.0RC4, STM32Cube_FW_H7_V1.11.0, STM32Cube_FW_L0_V1.12.2, STM32Cube_FW_L5_V1.5.1, STM32Cube_FW_U0_V1.0.0, STM32Cube_FW_U0_V1.0.0RC1, STM32Cube_FW_U5_V1.3.0RC4, STM32Cube_FW_U5_V1.5.0, STM32Cube_FW_U5_V1.5.0RC1, STM32Cube_FW_WBA_V1.0.0RC1, STM32Cube_FW_WBA_V1.2.0, STM32Cube_FW_WBA_V1.2.0RC2, STM32Cube_FW_WBA_V1.3.0, STM32Cube_FW_WBA_V1.3.0RC1, STM32Cube_FW_WB_V1.15.0RC1, STM32Cube_FW_WB_V1.16.0, STM32Cube_FW_WB_V1.16.0RC2, STM32Cube_FW_WB_V1.18.0, STM32Cube_FW_WB_V1.19.0, STM32Cube_FW_WL_V1.3.0, X-CUBE-ALGOBUILD_V1.4.0, X-CUBE-ALS_V1.0.1, X-CUBE-AZRTOS-F4_V1.1.0, X-CUBE-AZRTOS-F7_V1.1.0, X-CUBE-AZRTOS-G0_V1.1.0, X-CUBE-AZRTOS-G4_V2.0.0, X-CUBE-AZRTOS-H7_V3.2.0, X-CUBE-AZRTOS-L4_V1.0.0, X-CUBE-AZRTOS-L4_V2.0.0, X-CUBE-AZRTOS-L5_V1.1.0, X-CUBE-AZRTOS-WB_V2.0.0, X-CUBE-AZRTOS-WL_V2.0.0, X-CUBE-BLE1_V7.0.0, X-CUBE-BLE2_V3.3.0, X-CUBE-BLEMGR_V3.1.0, X-CUBE-EEPRMA1_V4.1.0, X-CUBE-EEPRMA1_V5.1.0, X-CUBE-FREERTOS_V1.1.0, X-CUBE-GNSS1_V6.0.0, X-CUBE-MEMS1_V10.0.0, X-CUBE-MEMS1_V9.1.0, X-CUBE-MEMS1_V9.4.0, X-CUBE-MEMS1_V9.6.0, X-CUBE-NFC4_V3.0.0, X-CUBE-NFC7_V1.0.1, X-CUBE-SFXS2LP1_V4.0.0, X-CUBE-SUBG2_V5.0.0, X-CUBE-TOF1_V3.4.0]
2024-06-06 07:02:38,631 [INFO] DbBoardsSqlite:226 - include board P-NUCLEO-WB55-NUCLEO as a kit item of type 'Nucleo-64'
2024-06-06 07:02:38,631 [INFO] DbBoardsSqlite:226 - include board P-NUCLEO-WB55-USBDONGLE as a kit item of type 'Nucleo USB Dongle'
2024-06-06 07:02:38,631 [INFO] DbBoardsSqlite:226 - include board STEVAL-IDP005V1 as a kit item of type 'Evaluation Board'
2024-06-06 07:02:38,631 [INFO] DbBoardsSqlite:226 - include board STEVAL-IDP005V2 as a kit item of type 'Evaluation Board'
2024-06-06 07:02:38,666 [INFO] ApiDb:240 - Found 483 in-development CPN: [B-G473E-ZEST1S, B-WB1M-WPAN1, B-WL5M-SUBG1, NUCLEO-C031C6, NUCLEO-H503RB, NUCLEO-H533RE, NUCLEO-H563ZI, NUCLEO-H7S3L8, NUCLEO-U031R8, NUCLEO-U083RC, NUCLEO-U545RE-Q, NUCLEO-U5A5ZJ-Q, NUCLEO-WBA52CG, NUCLEO-WBA55CG, STEVAL-PROTEUS1, STEVAL-SMARTAG2, STEVAL-STWINBX1, STM320518-EVAL, STM32C0116-DK, STM32C011D6Y3TR, STM32C011D6Y6TR, STM32C011F4P3, STM32C011F4P6, STM32C011F4U3, STM32C011F4U6TR, STM32C011F6P3, STM32C011F6P6, STM32C011F6U3, STM32C011F6U6TR, STM32C011J4M3, STM32C011J4M6, STM32C011J6M3, STM32C011J6M6, STM32C0316-DK, STM32C031C4T3, STM32C031C4T6, STM32C031C4U3, STM32C031C4U6, STM32C031C6T3, STM32C031C6T6, STM32C031C6U3, STM32C031C6U6, STM32C031F4P3, STM32C031F4P6, STM32C031F6P3, STM32C031F6P6, STM32C031G4U3, STM32C031G4U6, STM32C031G6U3, STM32C031G6U6, STM32C031K4T3, STM32C031K4T6, STM32C031K4U3, STM32C031K4U6, STM32C031K6T3, STM32C031K6T6, STM32C031K6U3, STM32C031K6U6, STM32G071K8TXN, STM32G071K8UXN, STM32G081GBU6N, STM32G081KBT6N, STM32G081KBUXN, STM32G0B1CCT6N, STM32G0B1KCT6, STM32G0B1NEY6TR, STM32G0B1RCT6N, STM32G0C1CCT6, STM32G0C1CCT6N, STM32G0C1CCU6N, STM32G0C1CET6N, STM32G0C1CEU6N, STM32G0C1KCT6, STM32G0C1NEY6TR, STM32G0C1RCI6N, STM32G0C1RCT6N, STM32G0C1REI6N, STM32G0C1RET6N, STM32G0C1VCI6, STM32G0C1VEI6, STM32G471CCT6, STM32G471CCU6, STM32G471CET3, STM32G471CET6, STM32G471CEU3, STM32G471CEU6, STM32G471MCT6, STM32G471MET3, STM32G471MET6, STM32G471MEY6TR, STM32G471QCT6, STM32G471QET3, STM32G471RCT6, STM32G471RET3, STM32G471RET6, STM32G471VCH6, STM32G471VCI6, STM32G471VCT6, STM32G471VEH3, STM32G471VEH6, STM32G471VEI3, STM32G471VEI6, STM32G471VET3, STM32G471VET6, STM32G474CCT6, STM32H503CBT6, STM32H503CBU6, STM32H503EBY6TR, STM32H503KBU6, STM32H503RBT6, STM32H523CCT6, STM32H523CCU6, STM32H523CET6, STM32H523CEU6, STM32H523HEY6TR, STM32H523RCT6, STM32H523RET6, STM32H523VCI6, STM32H523VCT6, STM32H523VEI6, STM32H523VET6, STM32H523ZCJ6, STM32H523ZCT6, STM32H523ZEJ6, STM32H523ZET6, STM32H533CET6, STM32H533CEU6, STM32H533HEY6TR, STM32H533RET6, STM32H533VEI6, STM32H533VET6, STM32H533ZEJ6, STM32H533ZET6, STM32H562AGI6, STM32H562AII6, STM32H562IGK6, STM32H562IGT6, STM32H562IIK6, STM32H562IIT6, STM32H562RGT6, STM32H562RGV6, STM32H562RIT6, STM32H562RIV6, STM32H562VGT6, STM32H562VIT6, STM32H562ZGT6, STM32H562ZIT6, STM32H563AGI6, STM32H563AII3Q, STM32H563AII6, STM32H563IGK6, STM32H563IGT6, STM32H563IIK3Q, STM32H563IIK6, STM32H563IIT3Q, STM32H563IIT6, STM32H563MIY3QTR, STM32H563RGT6, STM32H563RGV6, STM32H563RIT6, STM32H563RIV6, STM32H563VGT6, STM32H563VIT3Q, STM32H563VIT6, STM32H563ZGT6, STM32H563ZIT3Q, STM32H563ZIT6, STM32H573AII3Q, STM32H573AII6, STM32H573I-DK, STM32H573IIK3Q, STM32H573IIK6, STM32H573IIT3Q, STM32H573IIT6, STM32H573MIY3QTR, STM32H573RIT6, STM32H573RIV6, STM32H573VIT3Q, STM32H573VIT6, STM32H573ZIT3Q, STM32H573ZIT6, STM32H7R3A8I6, STM32H7R3I8K6, STM32H7R3I8T6, STM32H7R3L8H6, STM32H7R3L8H6H, STM32H7R3R8V6, STM32H7R3V8H6, STM32H7R3V8T6, STM32H7R3V8Y6, STM32H7R3Z8J6, STM32H7R3Z8T6, STM32H7R7A8I6, STM32H7R7I8K6, STM32H7R7I8T6, STM32H7R7L8H6, STM32H7R7L8H6H, STM32H7R7Z8J6, STM32H7S3A8I6, STM32H7S3I8K6, STM32H7S3I8T6, STM32H7S3L8H6, STM32H7S3L8H6H, STM32H7S3R8V6, STM32H7S3V8H6, STM32H7S3V8T6, STM32H7S3V8Y6, STM32H7S3Z8J6, STM32H7S3Z8T6, STM32H7S78-DK, STM32H7S7A8I6, STM32H7S7I8K6, STM32H7S7I8T6, STM32H7S7L8H6, STM32H7S7L8H6H, STM32H7S7Z8J6, STM32L4R5QGI6STR, STM32MP131AAE3, STM32MP131AAF3, STM32MP131AAG3, STM32MP131CAE3, STM32MP131CAF3, STM32MP131CAG3, STM32MP131DAE7, STM32MP131DAF7, STM32MP131DAG7, STM32MP131FAE7, STM32MP131FAF7, STM32MP131FAG7, STM32MP133AAE3, STM32MP133AAF3, STM32MP133AAG3, STM32MP133CAE3, STM32MP133CAF3, STM32MP133CAG3, STM32MP133DAE7, STM32MP133DAF7, STM32MP133DAG7, STM32MP133FAE7, STM32MP133FAF7, STM32MP133FAG7, STM32MP135AAE3, STM32MP135AAF3, STM32MP135AAG3, STM32MP135CAE3, STM32MP135CAF3, STM32MP135CAG3, STM32MP135DAE7, STM32MP135DAF7, STM32MP135DAG7, STM32MP135F-DK, STM32MP135FAE7, STM32MP135FAF7, STM32MP135FAF7T, STM32MP135FAF7U, STM32MP135FAG7, STM32U031C6T6, STM32U031C6U6, STM32U031C8T6, STM32U031C8U6, STM32U031F4P6, STM32U031F6P6, STM32U031F8P6, STM32U031G6Y6TR, STM32U031G8Y6TR, STM32U031K4U6, STM32U031K6U6, STM32U031K8U6, STM32U031R6I6, STM32U031R6T6, STM32U031R8I6, STM32U031R8T6, STM32U073C8T6, STM32U073C8U6, STM32U073CBT6, STM32U073CBU6, STM32U073CCT6, STM32U073CCU6, STM32U073H8Y6TR, STM32U073HBY6TR, STM32U073HCY6TR, STM32U073K8U6, STM32U073KBU6, STM32U073KCU6, STM32U073M8I6, STM32U073M8T6, STM32U073MBI6, STM32U073MBT6, STM32U073MCI6, STM32U073MCT6, STM32U073R8I6, STM32U073R8T6, STM32U073RBI6, STM32U073RBT6, STM32U073RCI6, STM32U073RCT6, STM32U083C-DK, STM32U083CCT6, STM32U083CCU6, STM32U083HCY6TR, STM32U083KCU6, STM32U083MCI6, STM32U083MCT6, STM32U083RCI6, STM32U083RCT6, STM32U535CBT6, STM32U535CBT6Q, STM32U535CBU6, STM32U535CBU6Q, STM32U535CCT6, STM32U535CCT6Q, STM32U535CCU6, STM32U535CCU6Q, STM32U535CET6, STM32U535CET6Q, STM32U535CEU6, STM32U535CEU6Q, STM32U535JEY6QTR, STM32U535NCY6QTR, STM32U535NEY6QTR, STM32U535RBI6, STM32U535RBI6Q, STM32U535RBT6, STM32U535RBT6Q, STM32U535RCI6, STM32U535RCI6Q, STM32U535RCT6, STM32U535RCT6Q, STM32U535REI6, STM32U535REI6Q, STM32U535RET6, STM32U535RET6Q, STM32U535VCI6, STM32U535VCI6Q, STM32U535VCT6, STM32U535VCT6Q, STM32U535VEI6, STM32U535VEI6Q, STM32U535VET6, STM32U535VET6Q, STM32U545CET6, STM32U545CET6Q, STM32U545CEU6, STM32U545CEU6Q, STM32U545JEY6QTR, STM32U545NEY6QTR, STM32U545REI6, STM32U545REI6Q, STM32U545RET6, STM32U545RET6Q, STM32U545VEI6, STM32U545VEI6Q, STM32U545VET6, STM32U545VET6Q, STM32U595AIH6, STM32U595AIH6Q, STM32U595AJH6, STM32U595AJH6Q, STM32U595QII6, STM32U595QII6Q, STM32U595QJI6, STM32U595QJI6Q, STM32U595RIT6, STM32U595RIT6Q, STM32U595RJT6, STM32U595RJT6Q, STM32U595VIT6, STM32U595VIT6Q, STM32U595VJT6, STM32U595VJT6Q, STM32U595ZIT6, STM32U595ZIT6Q, STM32U595ZIY6QTR, STM32U595ZJT6, STM32U595ZJT6Q, STM32U595ZJY6QTR, STM32U599BJY6QTR, STM32U599NIH6Q, STM32U599NJH6Q, STM32U599VIT6Q, STM32U599VJT6, STM32U599VJT6Q, STM32U599ZIT6Q, STM32U599ZIY6QTR, STM32U599ZJT6Q, STM32U599ZJY6QTR, STM32U5A5AJH6, STM32U5A5AJH6Q, STM32U5A5QII3Q , STM32U5A5QJI6, STM32U5A5QJI6Q, STM32U5A5RJT6, STM32U5A5RJT6Q, STM32U5A5VJT6, STM32U5A5VJT6Q, STM32U5A5ZJT6, STM32U5A5ZJT6Q, STM32U5A5ZJY6QTR, STM32U5A9BJY6QTR, STM32U5A9J-DK, STM32U5A9NJH6Q, STM32U5A9VJT6Q, STM32U5A9ZJT6Q, STM32U5A9ZJY6QTR, STM32U5F7VIT6, STM32U5F7VIT6Q, STM32U5F7VJT6, STM32U5F7VJT6Q, STM32U5F9BJY6QTR, STM32U5F9NJH6Q, STM32U5F9VIT6Q, STM32U5F9VJT6Q, STM32U5F9ZIJ6QTR, STM32U5F9ZIT6Q, STM32U5F9ZJJ6QTR, STM32U5F9ZJT6Q, STM32U5G7VJT6, STM32U5G7VJT6Q, STM32U5G9BJY6QTR, STM32U5G9J-DK1, STM32U5G9J-DK2, STM32U5G9NJH6Q, STM32U5G9VJT6Q, STM32U5G9ZJJ6QTR, STM32U5G9ZJT6Q, STM32WB1MMCH6, STM32WBA50KEU6, STM32WBA50KEU6TR, STM32WBA50KGU6, STM32WBA50KGU6TR, STM32WBA52CEU6, STM32WBA52CEU6TR, STM32WBA52CEU7, STM32WBA52CEU7TR, STM32WBA52CGU6, STM32WBA52CGU6TR, STM32WBA52CGU6U, STM32WBA52CGU7, STM32WBA52CGU7TR, STM32WBA52KEU6, STM32WBA52KEU6TR, STM32WBA52KGU6, STM32WBA52KGU6TR, STM32WBA54CEU6, STM32WBA54CEU6TR, STM32WBA54CEU7, STM32WBA54CEU7TR, STM32WBA54CGU6, STM32WBA54CGU6TR, STM32WBA54CGU7, STM32WBA54CGU7TR, STM32WBA54KEU6, STM32WBA54KEU6TR, STM32WBA54KEU7, STM32WBA54KEU7TR, STM32WBA54KGU6, STM32WBA54KGU6TR, STM32WBA54KGU7, STM32WBA54KGU7TR, STM32WBA55CEU6, STM32WBA55CEU6TR, STM32WBA55CEU7, STM32WBA55CEU7TR, STM32WBA55CGU6, STM32WBA55CGU6TR, STM32WBA55CGU6U, STM32WBA55CGU7, STM32WBA55CGU7TR, STM32WBA55G-DK1, STM32WBA55HEF6, STM32WBA55HEF7, STM32WBA55HGF6, STM32WBA55HGF7, STM32WBA55UEI6, STM32WBA55UEI6TR, STM32WBA55UEI7, STM32WBA55UEI7TR, STM32WBA55UGI6, STM32WBA55UGI6TR, STM32WBA55UGI7, STM32WBA55UGI7TR, STM32WL5MOCH6, STM32WL5MOCH6TR]
2024-06-06 07:02:38,761 [INFO] BoardInfo:889 - No configuration file found for board P-NUCLEO-WB55
2024-06-06 07:02:38,761 [INFO] DbBoards:161 - Kit is not supported: P-NUCLEO-WB55
2024-06-06 07:02:38,764 [INFO] BoardInfo:889 - No configuration file found for board STEVAL-BFA001V1B
2024-06-06 07:02:38,764 [INFO] DbBoards:161 - Kit is not supported: STEVAL-BFA001V1B
2024-06-06 07:02:38,765 [INFO] BoardInfo:889 - No configuration file found for board STEVAL-BFA001V2B
2024-06-06 07:02:38,765 [INFO] DbBoards:161 - Kit is not supported: STEVAL-BFA001V2B
2024-06-06 07:02:38,854 [INFO] DbBoards:168 - Found 199 boards, 196 are supported
2024-06-06 07:02:38,854 [INFO] DbBoards:169 - Found 199 boards, 8 of them is supported for  Bsp
2024-06-06 07:02:38,857 [INFO] ApiDb:668 - CubeFinder database Data Model version=2.1
2024-06-06 07:02:38,857 [INFO] ApiDb:669 - CubeFinder database Configuration version=3.0.39
2024-06-06 07:02:38,858 [INFO] ApiDb:670 - CubeFinder database generation date=2024-05-16 (1715872938)
2024-06-06 07:02:38,858 [INFO] ApiDb:671 - CubeFinder database FW Pack versions=[FP-ATR-ASTRA1_V2.0.0, FP-SNS-FLIGHT1_V5.0.1, FP-SNS-FLIGHT1_V5.0.2, FP-SNS-MOTENV1_V4.3.1, FP-SNS-MOTENV1_V4.3.2, FP-SNS-MOTENV1_V5.0.0, FP-SNS-MOTENVWB1_V1.4.0, FP-SNS-SMARTAG2_V1.2.0, STM32Cube_FW_C0_V1.1.0, STM32Cube_FW_F4_V1.28.0, STM32Cube_FW_F7_V1.17.0, STM32Cube_FW_G0_V1.6.2, STM32Cube_FW_G4_V1.5.2, STM32Cube_FW_H5_V0.5.1, STM32Cube_FW_H5_V1.1.1, STM32Cube_FW_H5_V1.2.0, STM32Cube_FW_H5_V1.2.0RC4, STM32Cube_FW_H7RS_V1.0.0, STM32Cube_FW_H7RS_V1.0.0RC4, STM32Cube_FW_H7_V1.11.0, STM32Cube_FW_L0_V1.12.2, STM32Cube_FW_L5_V1.5.1, STM32Cube_FW_U0_V1.0.0, STM32Cube_FW_U0_V1.0.0RC1, STM32Cube_FW_U5_V1.3.0RC4, STM32Cube_FW_U5_V1.5.0, STM32Cube_FW_U5_V1.5.0RC1, STM32Cube_FW_WBA_V1.0.0RC1, STM32Cube_FW_WBA_V1.2.0, STM32Cube_FW_WBA_V1.2.0RC2, STM32Cube_FW_WBA_V1.3.0, STM32Cube_FW_WBA_V1.3.0RC1, STM32Cube_FW_WB_V1.15.0RC1, STM32Cube_FW_WB_V1.16.0, STM32Cube_FW_WB_V1.16.0RC2, STM32Cube_FW_WB_V1.18.0, STM32Cube_FW_WB_V1.19.0, STM32Cube_FW_WL_V1.3.0, X-CUBE-ALGOBUILD_V1.4.0, X-CUBE-ALS_V1.0.1, X-CUBE-AZRTOS-F4_V1.1.0, X-CUBE-AZRTOS-F7_V1.1.0, X-CUBE-AZRTOS-G0_V1.1.0, X-CUBE-AZRTOS-G4_V2.0.0, X-CUBE-AZRTOS-H7_V3.2.0, X-CUBE-AZRTOS-L4_V1.0.0, X-CUBE-AZRTOS-L4_V2.0.0, X-CUBE-AZRTOS-L5_V1.1.0, X-CUBE-AZRTOS-WB_V2.0.0, X-CUBE-AZRTOS-WL_V2.0.0, X-CUBE-BLE1_V7.0.0, X-CUBE-BLE2_V3.3.0, X-CUBE-BLEMGR_V3.1.0, X-CUBE-EEPRMA1_V4.1.0, X-CUBE-EEPRMA1_V5.1.0, X-CUBE-FREERTOS_V1.1.0, X-CUBE-GNSS1_V6.0.0, X-CUBE-MEMS1_V10.0.0, X-CUBE-MEMS1_V9.1.0, X-CUBE-MEMS1_V9.4.0, X-CUBE-MEMS1_V9.6.0, X-CUBE-NFC4_V3.0.0, X-CUBE-NFC7_V1.0.1, X-CUBE-SFXS2LP1_V4.0.0, X-CUBE-SUBG2_V5.0.0, X-CUBE-TOF1_V3.4.0]
2024-06-06 07:02:40,783 [INFO] ApiDb:240 - Found 483 in-development CPN: [B-G473E-ZEST1S, B-WB1M-WPAN1, B-WL5M-SUBG1, NUCLEO-C031C6, NUCLEO-H503RB, NUCLEO-H533RE, NUCLEO-H563ZI, NUCLEO-H7S3L8, NUCLEO-U031R8, NUCLEO-U083RC, NUCLEO-U545RE-Q, NUCLEO-U5A5ZJ-Q, NUCLEO-WBA52CG, NUCLEO-WBA55CG, STEVAL-PROTEUS1, STEVAL-SMARTAG2, STEVAL-STWINBX1, STM320518-EVAL, STM32C0116-DK, STM32C011D6Y3TR, STM32C011D6Y6TR, STM32C011F4P3, STM32C011F4P6, STM32C011F4U3, STM32C011F4U6TR, STM32C011F6P3, STM32C011F6P6, STM32C011F6U3, STM32C011F6U6TR, STM32C011J4M3, STM32C011J4M6, STM32C011J6M3, STM32C011J6M6, STM32C0316-DK, STM32C031C4T3, STM32C031C4T6, STM32C031C4U3, STM32C031C4U6, STM32C031C6T3, STM32C031C6T6, STM32C031C6U3, STM32C031C6U6, STM32C031F4P3, STM32C031F4P6, STM32C031F6P3, STM32C031F6P6, STM32C031G4U3, STM32C031G4U6, STM32C031G6U3, STM32C031G6U6, STM32C031K4T3, STM32C031K4T6, STM32C031K4U3, STM32C031K4U6, STM32C031K6T3, STM32C031K6T6, STM32C031K6U3, STM32C031K6U6, STM32G071K8TXN, STM32G071K8UXN, STM32G081GBU6N, STM32G081KBT6N, STM32G081KBUXN, STM32G0B1CCT6N, STM32G0B1KCT6, STM32G0B1NEY6TR, STM32G0B1RCT6N, STM32G0C1CCT6, STM32G0C1CCT6N, STM32G0C1CCU6N, STM32G0C1CET6N, STM32G0C1CEU6N, STM32G0C1KCT6, STM32G0C1NEY6TR, STM32G0C1RCI6N, STM32G0C1RCT6N, STM32G0C1REI6N, STM32G0C1RET6N, STM32G0C1VCI6, STM32G0C1VEI6, STM32G471CCT6, STM32G471CCU6, STM32G471CET3, STM32G471CET6, STM32G471CEU3, STM32G471CEU6, STM32G471MCT6, STM32G471MET3, STM32G471MET6, STM32G471MEY6TR, STM32G471QCT6, STM32G471QET3, STM32G471RCT6, STM32G471RET3, STM32G471RET6, STM32G471VCH6, STM32G471VCI6, STM32G471VCT6, STM32G471VEH3, STM32G471VEH6, STM32G471VEI3, STM32G471VEI6, STM32G471VET3, STM32G471VET6, STM32G474CCT6, STM32H503CBT6, STM32H503CBU6, STM32H503EBY6TR, STM32H503KBU6, STM32H503RBT6, STM32H523CCT6, STM32H523CCU6, STM32H523CET6, STM32H523CEU6, STM32H523HEY6TR, STM32H523RCT6, STM32H523RET6, STM32H523VCI6, STM32H523VCT6, STM32H523VEI6, STM32H523VET6, STM32H523ZCJ6, STM32H523ZCT6, STM32H523ZEJ6, STM32H523ZET6, STM32H533CET6, STM32H533CEU6, STM32H533HEY6TR, STM32H533RET6, STM32H533VEI6, STM32H533VET6, STM32H533ZEJ6, STM32H533ZET6, STM32H562AGI6, STM32H562AII6, STM32H562IGK6, STM32H562IGT6, STM32H562IIK6, STM32H562IIT6, STM32H562RGT6, STM32H562RGV6, STM32H562RIT6, STM32H562RIV6, STM32H562VGT6, STM32H562VIT6, STM32H562ZGT6, STM32H562ZIT6, STM32H563AGI6, STM32H563AII3Q, STM32H563AII6, STM32H563IGK6, STM32H563IGT6, STM32H563IIK3Q, STM32H563IIK6, STM32H563IIT3Q, STM32H563IIT6, STM32H563MIY3QTR, STM32H563RGT6, STM32H563RGV6, STM32H563RIT6, STM32H563RIV6, STM32H563VGT6, STM32H563VIT3Q, STM32H563VIT6, STM32H563ZGT6, STM32H563ZIT3Q, STM32H563ZIT6, STM32H573AII3Q, STM32H573AII6, STM32H573I-DK, STM32H573IIK3Q, STM32H573IIK6, STM32H573IIT3Q, STM32H573IIT6, STM32H573MIY3QTR, STM32H573RIT6, STM32H573RIV6, STM32H573VIT3Q, STM32H573VIT6, STM32H573ZIT3Q, STM32H573ZIT6, STM32H7R3A8I6, STM32H7R3I8K6, STM32H7R3I8T6, STM32H7R3L8H6, STM32H7R3L8H6H, STM32H7R3R8V6, STM32H7R3V8H6, STM32H7R3V8T6, STM32H7R3V8Y6, STM32H7R3Z8J6, STM32H7R3Z8T6, STM32H7R7A8I6, STM32H7R7I8K6, STM32H7R7I8T6, STM32H7R7L8H6, STM32H7R7L8H6H, STM32H7R7Z8J6, STM32H7S3A8I6, STM32H7S3I8K6, STM32H7S3I8T6, STM32H7S3L8H6, STM32H7S3L8H6H, STM32H7S3R8V6, STM32H7S3V8H6, STM32H7S3V8T6, STM32H7S3V8Y6, STM32H7S3Z8J6, STM32H7S3Z8T6, STM32H7S78-DK, STM32H7S7A8I6, STM32H7S7I8K6, STM32H7S7I8T6, STM32H7S7L8H6, STM32H7S7L8H6H, STM32H7S7Z8J6, STM32L4R5QGI6STR, STM32MP131AAE3, STM32MP131AAF3, STM32MP131AAG3, STM32MP131CAE3, STM32MP131CAF3, STM32MP131CAG3, STM32MP131DAE7, STM32MP131DAF7, STM32MP131DAG7, STM32MP131FAE7, STM32MP131FAF7, STM32MP131FAG7, STM32MP133AAE3, STM32MP133AAF3, STM32MP133AAG3, STM32MP133CAE3, STM32MP133CAF3, STM32MP133CAG3, STM32MP133DAE7, STM32MP133DAF7, STM32MP133DAG7, STM32MP133FAE7, STM32MP133FAF7, STM32MP133FAG7, STM32MP135AAE3, STM32MP135AAF3, STM32MP135AAG3, STM32MP135CAE3, STM32MP135CAF3, STM32MP135CAG3, STM32MP135DAE7, STM32MP135DAF7, STM32MP135DAG7, STM32MP135F-DK, STM32MP135FAE7, STM32MP135FAF7, STM32MP135FAF7T, STM32MP135FAF7U, STM32MP135FAG7, STM32U031C6T6, STM32U031C6U6, STM32U031C8T6, STM32U031C8U6, STM32U031F4P6, STM32U031F6P6, STM32U031F8P6, STM32U031G6Y6TR, STM32U031G8Y6TR, STM32U031K4U6, STM32U031K6U6, STM32U031K8U6, STM32U031R6I6, STM32U031R6T6, STM32U031R8I6, STM32U031R8T6, STM32U073C8T6, STM32U073C8U6, STM32U073CBT6, STM32U073CBU6, STM32U073CCT6, STM32U073CCU6, STM32U073H8Y6TR, STM32U073HBY6TR, STM32U073HCY6TR, STM32U073K8U6, STM32U073KBU6, STM32U073KCU6, STM32U073M8I6, STM32U073M8T6, STM32U073MBI6, STM32U073MBT6, STM32U073MCI6, STM32U073MCT6, STM32U073R8I6, STM32U073R8T6, STM32U073RBI6, STM32U073RBT6, STM32U073RCI6, STM32U073RCT6, STM32U083C-DK, STM32U083CCT6, STM32U083CCU6, STM32U083HCY6TR, STM32U083KCU6, STM32U083MCI6, STM32U083MCT6, STM32U083RCI6, STM32U083RCT6, STM32U535CBT6, STM32U535CBT6Q, STM32U535CBU6, STM32U535CBU6Q, STM32U535CCT6, STM32U535CCT6Q, STM32U535CCU6, STM32U535CCU6Q, STM32U535CET6, STM32U535CET6Q, STM32U535CEU6, STM32U535CEU6Q, STM32U535JEY6QTR, STM32U535NCY6QTR, STM32U535NEY6QTR, STM32U535RBI6, STM32U535RBI6Q, STM32U535RBT6, STM32U535RBT6Q, STM32U535RCI6, STM32U535RCI6Q, STM32U535RCT6, STM32U535RCT6Q, STM32U535REI6, STM32U535REI6Q, STM32U535RET6, STM32U535RET6Q, STM32U535VCI6, STM32U535VCI6Q, STM32U535VCT6, STM32U535VCT6Q, STM32U535VEI6, STM32U535VEI6Q, STM32U535VET6, STM32U535VET6Q, STM32U545CET6, STM32U545CET6Q, STM32U545CEU6, STM32U545CEU6Q, STM32U545JEY6QTR, STM32U545NEY6QTR, STM32U545REI6, STM32U545REI6Q, STM32U545RET6, STM32U545RET6Q, STM32U545VEI6, STM32U545VEI6Q, STM32U545VET6, STM32U545VET6Q, STM32U595AIH6, STM32U595AIH6Q, STM32U595AJH6, STM32U595AJH6Q, STM32U595QII6, STM32U595QII6Q, STM32U595QJI6, STM32U595QJI6Q, STM32U595RIT6, STM32U595RIT6Q, STM32U595RJT6, STM32U595RJT6Q, STM32U595VIT6, STM32U595VIT6Q, STM32U595VJT6, STM32U595VJT6Q, STM32U595ZIT6, STM32U595ZIT6Q, STM32U595ZIY6QTR, STM32U595ZJT6, STM32U595ZJT6Q, STM32U595ZJY6QTR, STM32U599BJY6QTR, STM32U599NIH6Q, STM32U599NJH6Q, STM32U599VIT6Q, STM32U599VJT6, STM32U599VJT6Q, STM32U599ZIT6Q, STM32U599ZIY6QTR, STM32U599ZJT6Q, STM32U599ZJY6QTR, STM32U5A5AJH6, STM32U5A5AJH6Q, STM32U5A5QII3Q , STM32U5A5QJI6, STM32U5A5QJI6Q, STM32U5A5RJT6, STM32U5A5RJT6Q, STM32U5A5VJT6, STM32U5A5VJT6Q, STM32U5A5ZJT6, STM32U5A5ZJT6Q, STM32U5A5ZJY6QTR, STM32U5A9BJY6QTR, STM32U5A9J-DK, STM32U5A9NJH6Q, STM32U5A9VJT6Q, STM32U5A9ZJT6Q, STM32U5A9ZJY6QTR, STM32U5F7VIT6, STM32U5F7VIT6Q, STM32U5F7VJT6, STM32U5F7VJT6Q, STM32U5F9BJY6QTR, STM32U5F9NJH6Q, STM32U5F9VIT6Q, STM32U5F9VJT6Q, STM32U5F9ZIJ6QTR, STM32U5F9ZIT6Q, STM32U5F9ZJJ6QTR, STM32U5F9ZJT6Q, STM32U5G7VJT6, STM32U5G7VJT6Q, STM32U5G9BJY6QTR, STM32U5G9J-DK1, STM32U5G9J-DK2, STM32U5G9NJH6Q, STM32U5G9VJT6Q, STM32U5G9ZJJ6QTR, STM32U5G9ZJT6Q, STM32WB1MMCH6, STM32WBA50KEU6, STM32WBA50KEU6TR, STM32WBA50KGU6, STM32WBA50KGU6TR, STM32WBA52CEU6, STM32WBA52CEU6TR, STM32WBA52CEU7, STM32WBA52CEU7TR, STM32WBA52CGU6, STM32WBA52CGU6TR, STM32WBA52CGU6U, STM32WBA52CGU7, STM32WBA52CGU7TR, STM32WBA52KEU6, STM32WBA52KEU6TR, STM32WBA52KGU6, STM32WBA52KGU6TR, STM32WBA54CEU6, STM32WBA54CEU6TR, STM32WBA54CEU7, STM32WBA54CEU7TR, STM32WBA54CGU6, STM32WBA54CGU6TR, STM32WBA54CGU7, STM32WBA54CGU7TR, STM32WBA54KEU6, STM32WBA54KEU6TR, STM32WBA54KEU7, STM32WBA54KEU7TR, STM32WBA54KGU6, STM32WBA54KGU6TR, STM32WBA54KGU7, STM32WBA54KGU7TR, STM32WBA55CEU6, STM32WBA55CEU6TR, STM32WBA55CEU7, STM32WBA55CEU7TR, STM32WBA55CGU6, STM32WBA55CGU6TR, STM32WBA55CGU6U, STM32WBA55CGU7, STM32WBA55CGU7TR, STM32WBA55G-DK1, STM32WBA55HEF6, STM32WBA55HEF7, STM32WBA55HGF6, STM32WBA55HGF7, STM32WBA55UEI6, STM32WBA55UEI6TR, STM32WBA55UEI7, STM32WBA55UEI7TR, STM32WBA55UGI6, STM32WBA55UGI6TR, STM32WBA55UGI7, STM32WBA55UGI7TR, STM32WL5MOCH6, STM32WL5MOCH6TR]
2024-06-06 07:02:40,787 [INFO] DbMcus:218 - Found 4096 MCUs, 4096 are supported
2024-06-06 07:02:40,787 [INFO] ApiDb:414 - User favorites file not found: /home/wgg/.stm32cubeide/favorites.mcus.txt
2024-06-06 07:02:40,787 [INFO] DbMcus:224 - Set 0 / 0 favorites MCUs
2024-06-06 07:02:41,064 [INFO] ApiDb:414 - User favorites file not found: /home/wgg/.stm32cubeide/favorites.boards.txt
2024-06-06 07:02:41,064 [INFO] DbBoards:198 - Set 0 / 0 favorites Boards
2024-06-06 07:02:41,064 [INFO] McuFinderGlobals:76 - Set McuFinderConnectedMode to true
2024-06-06 07:02:41,068 [INFO] MultiScanPanel:200 - Auto-refresh data requested => check proxy status ongoing
2024-06-06 07:02:41,069 [INFO] FinderPluginLoader:95 - Searching for filters in installed packs
2024-06-06 07:02:42,753 [INFO] ServerAccessManage:473 - Download File 
2024-06-06 07:02:42,805 [INFO] LoadUrlFilesThread:185 - End of LoadServerUrlFiles without Thread
2024-06-06 07:02:42,838 [INFO] DetailPanel:341 - Set advertising image to /home/wgg/STM32Cube/Repository//en.prom-stm32h7rs-mcu-finder.jpg
2024-06-06 07:02:54,397 [ERROR] LogOutputStream:75 - [STDERR_REDIRECT] Jun 06, 2024 7:02:54 AM java.util.prefs.FileSystemPreferences checkLockFile0ErrorCode
2024-06-06 07:02:54,397 [ERROR] LogOutputStream:75 - [STDERR_REDIRECT] WARNING: Could not lock System prefs. Unix error code 32546.
2024-06-06 07:02:54,397 [ERROR] LogOutputStream:75 - [STDERR_REDIRECT] 
2024-06-06 07:02:54,397 [ERROR] LogOutputStream:75 - [STDERR_REDIRECT] Jun 06, 2024 7:02:54 AM java.util.prefs.FileSystemPreferences syncWorld
2024-06-06 07:02:54,397 [ERROR] LogOutputStream:75 - [STDERR_REDIRECT] WARNING: Couldn't flush system prefs: java.util.prefs.BackingStoreException: Couldn't get file lock.
2024-06-06 07:02:54,397 [ERROR] LogOutputStream:75 - [STDERR_REDIRECT] 
2024-06-06 07:03:17,488 [INFO] MainUpdater:2873 - connection check result : 10
2024-06-06 07:03:17,489 [INFO] MainUpdater:2873 - connection check result : 10
2024-06-06 07:03:17,502 [INFO] MicroXplorer:468 - Change Database Path : 
2024-06-06 07:03:17,503 [INFO] MicroXplorer:498 - Change Database Version : DB.6.0.111
2024-06-06 07:03:17,506 [WARN] ThirdParty:871 - waiting for thirdparty lock release [close project]
2024-06-06 07:03:17,506 [INFO] ThirdParty:873 - entering critical section [close project]
2024-06-06 07:03:17,506 [INFO] ThirdParty:883 - exiting critical section [close project]
2024-06-06 07:03:17,507 [INFO] PinOutPanel:1561 - setPackage(No Configuration,No Configuration)
2024-06-06 07:03:17,510 [INFO] UtilMem:75 - Begin LoadConfig() Used Memory: 464056632 Bytes (629145600)
2024-06-06 07:03:17,510 [INFO] MicroXplorer:468 - Change Database Path : 
2024-06-06 07:03:17,510 [INFO] MicroXplorer:498 - Change Database Version : DB.6.0.111
2024-06-06 07:03:17,511 [INFO] OpenFileManager:312 - Change cursor
2024-06-06 07:03:17,525 [INFO] Mcu:2021 - Initializing MCU STM32F030C6Tx STM32F030C6Tx STM32F030C6T6
2024-06-06 07:03:18,081 [INFO] Context:663 - Trying to add GPIOservice into a context  which must be forbidden
2024-06-06 07:03:18,239 [INFO] ImportTextPane:194 - (OptionalMessage_ERROR) Unable to find key (Mcu.ThirdPartyNb) in loaded IOC file
2024-06-06 07:03:18,239 [INFO] ImportTextPane:194 - (OptionalMessage_ERROR) Unable to find key (Mcu.PinsNb) in loaded IOC file
2024-06-06 07:03:18,239 [INFO] ImportTextPane:194 - (OptionalMessage_ERROR) Unable to find key (Mcu.IPNb) in loaded IOC file
2024-06-06 07:03:18,266 [WARN] ModelIntegratedComponent:63 - No mode defined for component null
2024-06-06 07:03:18,266 [WARN] ModelIntegratedComponent:63 - No mode defined for component null
2024-06-06 07:03:18,266 [WARN] ModelIntegratedComponent:63 - No mode defined for component null
2024-06-06 07:03:18,266 [WARN] ModelIntegratedComponent:63 - No mode defined for component null
2024-06-06 07:03:18,266 [WARN] ModelIntegratedComponent:63 - No mode defined for component null
2024-06-06 07:03:18,266 [WARN] ModelIntegratedComponent:63 - No mode defined for component null
2024-06-06 07:03:18,266 [WARN] ModelIntegratedComponent:63 - No mode defined for component null
2024-06-06 07:03:18,266 [WARN] ModelIntegratedComponent:63 - No mode defined for component null
2024-06-06 07:03:18,266 [WARN] ModelIntegratedComponent:63 - No mode defined for component null
2024-06-06 07:03:18,266 [WARN] ModelIntegratedComponent:63 - No mode defined for component null
2024-06-06 07:03:18,266 [WARN] ModelIntegratedComponent:63 - No mode defined for component null
2024-06-06 07:03:18,266 [WARN] ModelIntegratedComponent:63 - No mode defined for component null
2024-06-06 07:03:18,266 [WARN] ModelIntegratedComponent:63 - No mode defined for component null
2024-06-06 07:03:18,266 [WARN] ModelIntegratedComponent:63 - No mode defined for component null
2024-06-06 07:03:18,266 [WARN] ModelIntegratedComponent:63 - No mode defined for component null
2024-06-06 07:03:18,266 [WARN] ModelIntegratedComponent:63 - No mode defined for component null
2024-06-06 07:03:18,267 [WARN] ModelIntegratedComponent:63 - No mode defined for component null
2024-06-06 07:03:18,267 [WARN] ModelIntegratedComponent:63 - No mode defined for component null
2024-06-06 07:03:18,267 [WARN] ModelIntegratedComponent:63 - No mode defined for component null
2024-06-06 07:03:18,267 [WARN] ModelIntegratedComponent:63 - No mode defined for component null
2024-06-06 07:03:18,267 [WARN] ModelIntegratedComponent:63 - No mode defined for component null
2024-06-06 07:03:18,267 [WARN] ModelIntegratedComponent:63 - No mode defined for component null
2024-06-06 07:03:18,267 [WARN] ModelIntegratedComponent:63 - No mode defined for component null
2024-06-06 07:03:18,267 [WARN] ModelIntegratedComponent:63 - No mode defined for component null
2024-06-06 07:03:18,267 [WARN] ModelIntegratedComponent:63 - No mode defined for component null
2024-06-06 07:03:18,267 [WARN] ModelIntegratedComponent:63 - No mode defined for component null
2024-06-06 07:03:18,267 [WARN] ModelIntegratedComponent:63 - No mode defined for component null
2024-06-06 07:03:18,267 [WARN] ModelIntegratedComponent:63 - No mode defined for component null
2024-06-06 07:03:18,267 [WARN] ModelIntegratedComponent:63 - No mode defined for component null
2024-06-06 07:03:18,267 [WARN] ModelIntegratedComponent:63 - No mode defined for component null
2024-06-06 07:03:18,267 [WARN] ModelIntegratedComponent:63 - No mode defined for component null
2024-06-06 07:03:18,267 [WARN] ModelIntegratedComponent:63 - No mode defined for component null
2024-06-06 07:03:18,267 [WARN] ModelIntegratedComponent:63 - No mode defined for component null
2024-06-06 07:03:18,267 [WARN] ModelIntegratedComponent:63 - No mode defined for component null
2024-06-06 07:03:18,269 [INFO] RtosManager:555 - Registered RTOS mode: class=CMSIS, group=RTOS, mode=CMSIS_V1, owner=FREERTOS
2024-06-06 07:03:18,269 [INFO] RtosManager:555 - Registered RTOS mode: class=CMSIS, group=RTOS2, mode=CMSIS_V2, owner=FREERTOS
2024-06-06 07:03:18,269 [INFO] RtosManager:555 - Registered RTOS mode: class=RTOS, group=Core, mode=CMSIS_V1, owner=FREERTOS
2024-06-06 07:03:18,269 [INFO] RtosManager:555 - Registered RTOS mode: class=RTOS, group=Core, mode=CMSIS_V2, owner=FREERTOS
2024-06-06 07:03:18,269 [WARN] ModelIntegratedComponent:184 - Missing modes for component STMicroelectronics:FreeRTOS:0.0.1:STMicroelectronics:RTOS:FreeRTOS:Core:::10.2.0:
2024-06-06 07:03:18,273 [INFO] ThirdPartyModel:298 - Start build external matchings
2024-06-06 07:03:18,275 [INFO] ThirdPartyModel:316 - End build external matchings
2024-06-06 07:03:18,358 [INFO] UtilMem:75 - End LoadConfig() Used Memory: 447827384 Bytes (673185792)
2024-06-06 07:03:18,364 [WARN] ThirdParty:833 - waiting for thirdparty lock release [change project]
2024-06-06 07:03:18,364 [INFO] ThirdParty:835 - entering critical section [change project]
2024-06-06 07:03:18,364 [INFO] ThirdParty:1030 - CMSIS Pack Vendor :STMicroelectronics USBPD 4.1
2024-06-06 07:03:18,364 [INFO] ThirdParty:1030 - CMSIS Pack Vendor :STMicroelectronics USB_HOST 2.0.0
2024-06-06 07:03:18,364 [INFO] ThirdParty:1030 - CMSIS Pack Vendor :STMicroelectronics LIBJPEG 8.0.0
2024-06-06 07:03:18,364 [INFO] ThirdParty:1030 - CMSIS Pack Vendor :STMicroelectronics X-CUBE-BLE1 7.0.0
2024-06-06 07:03:18,364 [INFO] ThirdParty:1030 - CMSIS Pack Vendor :STMicroelectronics FP-ATR-SIGFOX1 3.2.0
2024-06-06 07:03:18,364 [INFO] ThirdParty:1030 - CMSIS Pack Vendor :STMicroelectronics USB_DEVICE 3.0.0
2024-06-06 07:03:18,365 [INFO] ThirdParty:1030 - CMSIS Pack Vendor :STMicroelectronics HAL Drivers 0.0.0
2024-06-06 07:03:18,365 [INFO] ThirdParty:1030 - CMSIS Pack Vendor :STMicroelectronics MBEDTLS 2.16.2
2024-06-06 07:03:18,365 [INFO] ThirdParty:1030 - CMSIS Pack Vendor :STMicroelectronics MBEDTLS 2.14.1
2024-06-06 07:03:18,365 [INFO] ThirdParty:1030 - CMSIS Pack Vendor :STMicroelectronics USB_DEVICE 2.0.0
2024-06-06 07:03:18,365 [INFO] ThirdParty:1030 - CMSIS Pack Vendor :STMicroelectronics ThreadX 1.0.0
2024-06-06 07:03:18,365 [INFO] ThirdParty:1030 - CMSIS Pack Vendor :STMicroelectronics FP-SNS-SMARTAG2 1.2.0
2024-06-06 07:03:18,365 [INFO] ThirdParty:1030 - CMSIS Pack Vendor :STMicroelectronics FreeRTOS 0.0.1
2024-06-06 07:03:18,365 [INFO] ThirdParty:1030 - CMSIS Pack Vendor :STMicroelectronics USB_DEVICE 1.0.0
2024-06-06 07:03:18,365 [INFO] ThirdParty:1030 - CMSIS Pack Vendor :STMicroelectronics STM32_WPAN 1.0.0
2024-06-06 07:03:18,365 [INFO] ThirdParty:1030 - CMSIS Pack Vendor :STMicroelectronics ThreadX 0.0.2
2024-06-06 07:03:18,365 [INFO] ThirdParty:1030 - CMSIS Pack Vendor :STMicroelectronics FP-ATR-ASTRA1 2.0.0
2024-06-06 07:03:18,365 [INFO] ThirdParty:1030 - CMSIS Pack Vendor :STMicroelectronics lwIP 2.1.2
2024-06-06 07:03:18,365 [INFO] ThirdParty:1030 - CMSIS Pack Vendor :STMicroelectronics lwIP 2.0.3
2024-06-06 07:03:18,365 [INFO] ThirdParty:1030 - CMSIS Pack Vendor :STMicroelectronics FP-SNS-FLIGHT1 5.0.2
2024-06-06 07:03:18,365 [INFO] ThirdParty:1030 - CMSIS Pack Vendor :STMicroelectronics X-CUBE-BLE2 3.3.0
2024-06-06 07:03:18,365 [INFO] ThirdParty:1030 - CMSIS Pack Vendor :STMicroelectronics USB_HOST 1.0.0
2024-06-06 07:03:18,365 [INFO] ThirdParty:1030 - CMSIS Pack Vendor :STMicroelectronics PDM2PCM 3.1.0
2024-06-06 07:03:18,365 [INFO] ThirdParty:1030 - CMSIS Pack Vendor :STMicroelectronics PDM2PCM 3.2.0
2024-06-06 07:03:18,365 [INFO] ThirdParty:1030 - CMSIS Pack Vendor :STMicroelectronics PDM2PCM 3.3.0
2024-06-06 07:03:18,365 [INFO] ThirdParty:841 - exiting critical section [change project]
2024-06-06 07:03:18,527 [INFO] PinOutPanel:1561 - setPackage(No Configuration,No Configuration)
2024-06-06 07:03:18,528 [INFO] PinOutPanel:1561 - setPackage(STM32F030C6Tx,LQFP48)
2024-06-06 07:03:19,213 [INFO] UtilMem:75 - Before build in PCC Used Memory: 392708016 Bytes (673185792)
2024-06-06 07:03:19,540 [INFO] UtilMem:75 - After build in PCC Used Memory: 487612352 Bytes (673185792)
2024-06-06 07:03:19,555 [INFO] IPUIPlugin:80 - create IPUIPlugin
2024-06-06 07:03:19,556 [INFO] IPUIPlugin:80 - create IPUIPlugin
2024-06-06 07:03:19,556 [INFO] IPUIPlugin:80 - create IPUIPlugin
2024-06-06 07:03:19,556 [INFO] IPUIPlugin:80 - create IPUIPlugin
2024-06-06 07:03:19,556 [INFO] IPUIPlugin:80 - create IPUIPlugin
2024-06-06 07:03:19,556 [INFO] IPUIPlugin:80 - create IPUIPlugin
2024-06-06 07:03:19,556 [INFO] IPUIPlugin:80 - create IPUIPlugin
2024-06-06 07:03:19,557 [INFO] IPUIPlugin:80 - create IPUIPlugin
2024-06-06 07:03:19,557 [INFO] IPUIPlugin:80 - create IPUIPlugin
2024-06-06 07:03:19,557 [INFO] IPUIPlugin:80 - create IPUIPlugin
2024-06-06 07:03:19,557 [INFO] IPUIPlugin:80 - create IPUIPlugin
2024-06-06 07:03:19,557 [INFO] IPUIPlugin:80 - create IPUIPlugin
2024-06-06 07:03:19,557 [INFO] IPUIPlugin:80 - create IPUIPlugin
2024-06-06 07:03:19,557 [INFO] IPUIPlugin:80 - create IPUIPlugin
2024-06-06 07:03:19,558 [INFO] IPUIPlugin:80 - create IPUIPlugin
2024-06-06 07:03:19,558 [INFO] IPUIPlugin:80 - create IPUIPlugin
2024-06-06 07:03:19,558 [INFO] IPUIPlugin:80 - create IPUIPlugin
2024-06-06 07:03:19,558 [INFO] IPUIPlugin:80 - create IPUIPlugin
2024-06-06 07:03:19,558 [INFO] IPUIPlugin:80 - create IPUIPlugin
2024-06-06 07:03:19,558 [INFO] IPUIPlugin:80 - create IPUIPlugin
2024-06-06 07:03:19,559 [INFO] IPUIPlugin:80 - create IPUIPlugin
2024-06-06 07:03:19,645 [INFO] CADModel:165 - CPN selected for project levelSTM32F030C6T6
2024-06-06 07:03:19,645 [INFO] CADModel:114 - Register for checkConnection events
2024-06-06 07:03:19,688 [INFO] OpenFileManager:343 - Restore cursor
2024-06-06 07:03:20,022 [INFO] UtilMem:75 - End SaveConfig() Used Memory: 558300592 Bytes (673185792)
2024-06-06 07:03:22,381 [INFO] ServerAccessManage:473 - Download File stm32cube_fw_f0_v1110.zip
2024-06-06 07:03:24,400 [ERROR] LogOutputStream:75 - [STDERR_REDIRECT] Jun 06, 2024 7:03:24 AM java.util.prefs.FileSystemPreferences checkLockFile0ErrorCode
2024-06-06 07:03:24,402 [ERROR] LogOutputStream:75 - [STDERR_REDIRECT] WARNING: Could not lock System prefs. Unix error code 32546.
2024-06-06 07:03:24,402 [ERROR] LogOutputStream:75 - [STDERR_REDIRECT] 
2024-06-06 07:03:24,404 [ERROR] LogOutputStream:75 - [STDERR_REDIRECT] Jun 06, 2024 7:03:24 AM java.util.prefs.FileSystemPreferences syncWorld
2024-06-06 07:03:24,405 [ERROR] LogOutputStream:75 - [STDERR_REDIRECT] WARNING: Couldn't flush system prefs: java.util.prefs.BackingStoreException: Couldn't get file lock.
2024-06-06 07:03:24,405 [ERROR] LogOutputStream:75 - [STDERR_REDIRECT] 
2024-06-06 07:03:54,403 [ERROR] LogOutputStream:75 - [STDERR_REDIRECT] Jun 06, 2024 7:03:54 AM java.util.prefs.FileSystemPreferences checkLockFile0ErrorCode
2024-06-06 07:03:54,404 [ERROR] LogOutputStream:75 - [STDERR_REDIRECT] WARNING: Could not lock System prefs. Unix error code 32546.
2024-06-06 07:03:54,404 [ERROR] LogOutputStream:75 - [STDERR_REDIRECT] 
2024-06-06 07:03:54,405 [ERROR] LogOutputStream:75 - [STDERR_REDIRECT] Jun 06, 2024 7:03:54 AM java.util.prefs.FileSystemPreferences syncWorld
2024-06-06 07:03:54,406 [ERROR] LogOutputStream:75 - [STDERR_REDIRECT] WARNING: Couldn't flush system prefs: java.util.prefs.BackingStoreException: Couldn't get file lock.
2024-06-06 07:03:54,406 [ERROR] LogOutputStream:75 - [STDERR_REDIRECT] 
2024-06-06 07:04:24,397 [ERROR] LogOutputStream:75 - [STDERR_REDIRECT] Jun 06, 2024 7:04:24 AM java.util.prefs.FileSystemPreferences checkLockFile0ErrorCode
2024-06-06 07:04:24,397 [ERROR] LogOutputStream:75 - [STDERR_REDIRECT] WARNING: Could not lock System prefs. Unix error code 32546.
2024-06-06 07:04:24,398 [ERROR] LogOutputStream:75 - [STDERR_REDIRECT] 
2024-06-06 07:04:24,399 [ERROR] LogOutputStream:75 - [STDERR_REDIRECT] Jun 06, 2024 7:04:24 AM java.util.prefs.FileSystemPreferences syncWorld
2024-06-06 07:04:24,399 [ERROR] LogOutputStream:75 - [STDERR_REDIRECT] WARNING: Couldn't flush system prefs: java.util.prefs.BackingStoreException: Couldn't get file lock.
2024-06-06 07:04:24,400 [ERROR] LogOutputStream:75 - [STDERR_REDIRECT] 
2024-06-06 07:04:54,397 [ERROR] LogOutputStream:75 - [STDERR_REDIRECT] Jun 06, 2024 7:04:54 AM java.util.prefs.FileSystemPreferences checkLockFile0ErrorCode
2024-06-06 07:04:54,398 [ERROR] LogOutputStream:75 - [STDERR_REDIRECT] WARNING: Could not lock System prefs. Unix error code 32546.
2024-06-06 07:04:54,398 [ERROR] LogOutputStream:75 - [STDERR_REDIRECT] 
2024-06-06 07:04:54,398 [ERROR] LogOutputStream:75 - [STDERR_REDIRECT] Jun 06, 2024 7:04:54 AM java.util.prefs.FileSystemPreferences syncWorld
2024-06-06 07:04:54,398 [ERROR] LogOutputStream:75 - [STDERR_REDIRECT] WARNING: Couldn't flush system prefs: java.util.prefs.BackingStoreException: Couldn't get file lock.
2024-06-06 07:04:54,398 [ERROR] LogOutputStream:75 - [STDERR_REDIRECT] 
2024-06-06 07:05:24,398 [ERROR] LogOutputStream:75 - [STDERR_REDIRECT] Jun 06, 2024 7:05:24 AM java.util.prefs.FileSystemPreferences checkLockFile0ErrorCode
2024-06-06 07:05:24,399 [ERROR] LogOutputStream:75 - [STDERR_REDIRECT] WARNING: Could not lock System prefs. Unix error code 32546.
2024-06-06 07:05:24,399 [ERROR] LogOutputStream:75 - [STDERR_REDIRECT] 
2024-06-06 07:05:24,400 [ERROR] LogOutputStream:75 - [STDERR_REDIRECT] Jun 06, 2024 7:05:24 AM java.util.prefs.FileSystemPreferences syncWorld
2024-06-06 07:05:24,400 [ERROR] LogOutputStream:75 - [STDERR_REDIRECT] WARNING: Couldn't flush system prefs: java.util.prefs.BackingStoreException: Couldn't get file lock.
2024-06-06 07:05:24,400 [ERROR] LogOutputStream:75 - [STDERR_REDIRECT] 
2024-06-06 07:05:54,399 [ERROR] LogOutputStream:75 - [STDERR_REDIRECT] Jun 06, 2024 7:05:54 AM java.util.prefs.FileSystemPreferences checkLockFile0ErrorCode
2024-06-06 07:05:54,399 [ERROR] LogOutputStream:75 - [STDERR_REDIRECT] WARNING: Could not lock System prefs. Unix error code 32546.
2024-06-06 07:05:54,400 [ERROR] LogOutputStream:75 - [STDERR_REDIRECT] 
2024-06-06 07:05:54,401 [ERROR] LogOutputStream:75 - [STDERR_REDIRECT] Jun 06, 2024 7:05:54 AM java.util.prefs.FileSystemPreferences syncWorld
2024-06-06 07:05:54,401 [ERROR] LogOutputStream:75 - [STDERR_REDIRECT] WARNING: Couldn't flush system prefs: java.util.prefs.BackingStoreException: Couldn't get file lock.
2024-06-06 07:05:54,401 [ERROR] LogOutputStream:75 - [STDERR_REDIRECT] 
2024-06-06 07:06:00,137 [ERROR] FileExtend:455 - File entry not found
2024-06-06 07:06:00,138 [INFO] FileExtend:240 - Unzip File : stm32cube_fw_f0_v1110.zip
2024-06-06 07:06:00,138 [INFO] FileExtend:255 - Standard Zip Deflate
2024-06-06 07:06:04,449 [INFO] ServerAccessManage:473 - Download File stm32cube_fw_f0_v1115.zip
2024-06-06 07:06:24,398 [ERROR] LogOutputStream:75 - [STDERR_REDIRECT] Jun 06, 2024 7:06:24 AM java.util.prefs.FileSystemPreferences checkLockFile0ErrorCode
2024-06-06 07:06:24,399 [ERROR] LogOutputStream:75 - [STDERR_REDIRECT] WARNING: Could not lock System prefs. Unix error code 32546.
2024-06-06 07:06:24,399 [ERROR] LogOutputStream:75 - [STDERR_REDIRECT] 
2024-06-06 07:06:24,401 [ERROR] LogOutputStream:75 - [STDERR_REDIRECT] Jun 06, 2024 7:06:24 AM java.util.prefs.FileSystemPreferences syncWorld
2024-06-06 07:06:24,401 [ERROR] LogOutputStream:75 - [STDERR_REDIRECT] WARNING: Couldn't flush system prefs: java.util.prefs.BackingStoreException: Couldn't get file lock.
2024-06-06 07:06:24,401 [ERROR] LogOutputStream:75 - [STDERR_REDIRECT] 
2024-06-06 07:06:54,397 [ERROR] LogOutputStream:75 - [STDERR_REDIRECT] Jun 06, 2024 7:06:54 AM java.util.prefs.FileSystemPreferences checkLockFile0ErrorCode
2024-06-06 07:06:54,398 [ERROR] LogOutputStream:75 - [STDERR_REDIRECT] WARNING: Could not lock System prefs. Unix error code 32546.
2024-06-06 07:06:54,398 [ERROR] LogOutputStream:75 - [STDERR_REDIRECT] 
2024-06-06 07:06:54,399 [ERROR] LogOutputStream:75 - [STDERR_REDIRECT] Jun 06, 2024 7:06:54 AM java.util.prefs.FileSystemPreferences syncWorld
2024-06-06 07:06:54,399 [ERROR] LogOutputStream:75 - [STDERR_REDIRECT] WARNING: Couldn't flush system prefs: java.util.prefs.BackingStoreException: Couldn't get file lock.
2024-06-06 07:06:54,400 [ERROR] LogOutputStream:75 - [STDERR_REDIRECT] 
2024-06-06 07:07:07,784 [INFO] FileExtend:240 - Unzip File : stm32cube_fw_f0_v1115.zip
2024-06-06 07:07:07,785 [INFO] FileExtend:255 - Standard Zip Deflate
2024-06-06 07:07:10,041 [INFO] LoadServerPackagesThread:196 - End of LoadServerPackages Thread
2024-06-06 07:07:10,189 [INFO] ThirdPartyModel:298 - Start build external matchings
2024-06-06 07:07:10,191 [INFO] ThirdPartyModel:316 - End build external matchings
2024-06-06 07:07:10,191 [INFO] UtilMem:75 - End SaveConfig() Used Memory: 756752680 Bytes (1073741824)
2024-06-06 07:07:10,192 [INFO] CheckServerUpdateThread:120 - End of CheckServer Thread
2024-06-06 07:07:10,506 [INFO] BlockDiagram:2759 - set Specific Code input for plugin: NVIC
2024-06-06 07:07:10,507 [INFO] BlockDiagram:2759 - set Specific Code input for plugin: RCC
2024-06-06 07:07:10,507 [INFO] CodeGenerator:807 - code generatio: config db path: /opt/st/stm32cubeide_1.15.1/plugins/com.st.stm32cube.common.mx_6.11.1.202404110753//db/
2024-06-06 07:07:10,630 [INFO] CodeEngine:255 - oldGeneratedFile, /home/wgg/STM32CubeIDE/workspace_1.15.1/test/MXTmpFiles/license.tmp_save
2024-06-06 07:07:10,858 [INFO] CodeEngine:279 - Generated code: /home/wgg/STM32CubeIDE/workspace_1.15.1/test/MXTmpFiles/license.tmp
2024-06-06 07:07:10,862 [INFO] CodeEngine:255 - oldGeneratedFile, /home/wgg/STM32CubeIDE/workspace_1.15.1/test/Core/Src/stm32f0xx_it.c_save
2024-06-06 07:07:10,966 [INFO] CodeEngine:279 - Generated code: /home/wgg/STM32CubeIDE/workspace_1.15.1/test/Core/Src/stm32f0xx_it.c
2024-06-06 07:07:10,967 [INFO] CodeEngine:255 - oldGeneratedFile, /home/wgg/STM32CubeIDE/workspace_1.15.1/test/Core/Inc/stm32f0xx_it.h_save
2024-06-06 07:07:11,044 [INFO] CodeEngine:279 - Generated code: /home/wgg/STM32CubeIDE/workspace_1.15.1/test/Core/Inc/stm32f0xx_it.h
2024-06-06 07:07:11,088 [INFO] CodeEngine:255 - oldGeneratedFile, /home/wgg/STM32CubeIDE/workspace_1.15.1/test/Core/Src/stm32f0xx_hal_msp.c_save
2024-06-06 07:07:11,190 [INFO] CodeEngine:279 - Generated code: /home/wgg/STM32CubeIDE/workspace_1.15.1/test/Core/Src/stm32f0xx_hal_msp.c
2024-06-06 07:07:11,190 [INFO] CodeEngine:255 - oldGeneratedFile, /home/wgg/STM32CubeIDE/workspace_1.15.1/test/MXTmpFiles/system.tmp_save
2024-06-06 07:07:11,256 [INFO] CodeEngine:279 - Generated code: /home/wgg/STM32CubeIDE/workspace_1.15.1/test/MXTmpFiles/system.tmp
2024-06-06 07:07:11,258 [INFO] CodeEngine:311 - oldGeneratedFile, /home/wgg/STM32CubeIDE/workspace_1.15.1/test/Core/Inc/stm32f0xx_hal_conf.h_save
2024-06-06 07:07:11,321 [INFO] CodeEngine:335 - Generated code: /home/wgg/STM32CubeIDE/workspace_1.15.1/test/Core/Inc/stm32f0xx_hal_conf.h
2024-06-06 07:07:11,342 [INFO] CodeEngine:255 - oldGeneratedFile, /home/wgg/STM32CubeIDE/workspace_1.15.1/test/Core/Inc/main.h_save
2024-06-06 07:07:11,418 [INFO] CodeEngine:279 - Generated code: /home/wgg/STM32CubeIDE/workspace_1.15.1/test/Core/Inc/main.h
2024-06-06 07:07:11,419 [INFO] CodeEngine:255 - oldGeneratedFile, /home/wgg/STM32CubeIDE/workspace_1.15.1/test/Core/Src/main.c_save
2024-06-06 07:07:11,520 [INFO] CodeEngine:279 - Generated code: /home/wgg/STM32CubeIDE/workspace_1.15.1/test/Core/Src/main.c
2024-06-06 07:07:11,709 [INFO] ProjectBuilder:3163 - Time for Copy HAL[1] : 11mS.
2024-06-06 07:07:11,711 [INFO] ProjectBuilder:4736 - Project Generator version: 4.3.0-B58
2024-06-06 07:07:11,788 [INFO] ConfigFileManager:1503 - The Die is : DIE444
2024-06-06 07:07:11,795 [INFO] ApiDbMcu:508 - Load IP Config File for FATFS
2024-06-06 07:07:11,824 [INFO] ApiDbMcu:508 - Load IP Config File for FREERTOS
2024-06-06 07:07:12,101 [INFO] LogOutputStream:77 - [STDOUT_REDIRECT] 
2024-06-06 07:07:15,349 [INFO] ProjectBuilder:5002 - Time for Generating toolchain IDE Files: 3638mS.
2024-06-06 07:07:15,349 [INFO] ProjectBuilder:3034 - Time for Copy CMSIS : 0mS.
2024-06-06 07:07:15,350 [INFO] ProjectBuilder:3034 - Time for Copy CMSIS : 0mS.
2024-06-06 07:07:16,049 [INFO] McuFinderGlobals:76 - Set McuFinderConnectedMode to true
2024-06-06 07:07:16,052 [INFO] ApiDb:448 - Save user favorites file /home/wgg/.stm32cubeide/favorites.mcus.txt: 0 item(s)
2024-06-06 07:07:16,052 [INFO] ApiDb:452 - User favorites MCUs=[]
2024-06-06 07:07:24,399 [ERROR] LogOutputStream:75 - [STDERR_REDIRECT] Jun 06, 2024 7:07:24 AM java.util.prefs.FileSystemPreferences checkLockFile0ErrorCode
2024-06-06 07:07:24,399 [ERROR] LogOutputStream:75 - [STDERR_REDIRECT] WARNING: Could not lock System prefs. Unix error code 32546.
2024-06-06 07:07:24,399 [ERROR] LogOutputStream:75 - [STDERR_REDIRECT] 
2024-06-06 07:07:24,399 [ERROR] LogOutputStream:75 - [STDERR_REDIRECT] Jun 06, 2024 7:07:24 AM java.util.prefs.FileSystemPreferences syncWorld
2024-06-06 07:07:24,399 [ERROR] LogOutputStream:75 - [STDERR_REDIRECT] WARNING: Couldn't flush system prefs: java.util.prefs.BackingStoreException: Couldn't get file lock.
2024-06-06 07:07:24,400 [ERROR] LogOutputStream:75 - [STDERR_REDIRECT] 
2024-06-06 07:07:54,398 [ERROR] LogOutputStream:75 - [STDERR_REDIRECT] Jun 06, 2024 7:07:54 AM java.util.prefs.FileSystemPreferences checkLockFile0ErrorCode
2024-06-06 07:07:54,398 [ERROR] LogOutputStream:75 - [STDERR_REDIRECT] WARNING: Could not lock System prefs. Unix error code 32546.
2024-06-06 07:07:54,399 [ERROR] LogOutputStream:75 - [STDERR_REDIRECT] 
2024-06-06 07:07:54,400 [ERROR] LogOutputStream:75 - [STDERR_REDIRECT] Jun 06, 2024 7:07:54 AM java.util.prefs.FileSystemPreferences syncWorld
2024-06-06 07:07:54,400 [ERROR] LogOutputStream:75 - [STDERR_REDIRECT] WARNING: Couldn't flush system prefs: java.util.prefs.BackingStoreException: Couldn't get file lock.
2024-06-06 07:07:54,400 [ERROR] LogOutputStream:75 - [STDERR_REDIRECT] 
2024-06-06 07:08:24,398 [ERROR] LogOutputStream:75 - [STDERR_REDIRECT] Jun 06, 2024 7:08:24 AM java.util.prefs.FileSystemPreferences checkLockFile0ErrorCode
2024-06-06 07:08:24,398 [ERROR] LogOutputStream:75 - [STDERR_REDIRECT] WARNING: Could not lock System prefs. Unix error code 32546.
2024-06-06 07:08:24,399 [ERROR] LogOutputStream:75 - [STDERR_REDIRECT] 
2024-06-06 07:08:24,400 [ERROR] LogOutputStream:75 - [STDERR_REDIRECT] Jun 06, 2024 7:08:24 AM java.util.prefs.FileSystemPreferences syncWorld
2024-06-06 07:08:24,400 [ERROR] LogOutputStream:75 - [STDERR_REDIRECT] WARNING: Couldn't flush system prefs: java.util.prefs.BackingStoreException: Couldn't get file lock.
2024-06-06 07:08:24,400 [ERROR] LogOutputStream:75 - [STDERR_REDIRECT] 
2024-06-06 07:08:54,396 [ERROR] LogOutputStream:75 - [STDERR_REDIRECT] Jun 06, 2024 7:08:54 AM java.util.prefs.FileSystemPreferences checkLockFile0ErrorCode
2024-06-06 07:08:54,396 [ERROR] LogOutputStream:75 - [STDERR_REDIRECT] WARNING: Could not lock System prefs. Unix error code 32546.
2024-06-06 07:08:54,397 [ERROR] LogOutputStream:75 - [STDERR_REDIRECT] 
2024-06-06 07:08:54,397 [ERROR] LogOutputStream:75 - [STDERR_REDIRECT] Jun 06, 2024 7:08:54 AM java.util.prefs.FileSystemPreferences syncWorld
2024-06-06 07:08:54,397 [ERROR] LogOutputStream:75 - [STDERR_REDIRECT] WARNING: Couldn't flush system prefs: java.util.prefs.BackingStoreException: Couldn't get file lock.
2024-06-06 07:08:54,397 [ERROR] LogOutputStream:75 - [STDERR_REDIRECT] 
2024-06-06 07:09:01,845 [ERROR] ConfigurationRetriever:142 - IOException on connection: Connect timed out
2024-06-06 07:09:24,401 [ERROR] LogOutputStream:75 - [STDERR_REDIRECT] Jun 06, 2024 7:09:24 AM java.util.prefs.FileSystemPreferences checkLockFile0ErrorCode
2024-06-06 07:09:24,402 [ERROR] LogOutputStream:75 - [STDERR_REDIRECT] WARNING: Could not lock System prefs. Unix error code 32546.
2024-06-06 07:09:24,403 [ERROR] LogOutputStream:75 - [STDERR_REDIRECT] 
2024-06-06 07:09:24,404 [ERROR] LogOutputStream:75 - [STDERR_REDIRECT] Jun 06, 2024 7:09:24 AM java.util.prefs.FileSystemPreferences syncWorld
2024-06-06 07:09:24,405 [ERROR] LogOutputStream:75 - [STDERR_REDIRECT] WARNING: Couldn't flush system prefs: java.util.prefs.BackingStoreException: Couldn't get file lock.
2024-06-06 07:09:24,405 [ERROR] LogOutputStream:75 - [STDERR_REDIRECT] 
2024-06-06 07:09:53,427 [INFO] UtilMem:75 - End SaveConfig() Used Memory: 816722696 Bytes (1073741824)
2024-06-06 07:09:54,398 [ERROR] LogOutputStream:75 - [STDERR_REDIRECT] Jun 06, 2024 7:09:54 AM java.util.prefs.FileSystemPreferences checkLockFile0ErrorCode
2024-06-06 07:09:54,399 [ERROR] LogOutputStream:75 - [STDERR_REDIRECT] WARNING: Could not lock System prefs. Unix error code 32546.
2024-06-06 07:09:54,399 [ERROR] LogOutputStream:75 - [STDERR_REDIRECT] 
2024-06-06 07:09:54,400 [ERROR] LogOutputStream:75 - [STDERR_REDIRECT] Jun 06, 2024 7:09:54 AM java.util.prefs.FileSystemPreferences syncWorld
2024-06-06 07:09:54,400 [ERROR] LogOutputStream:75 - [STDERR_REDIRECT] WARNING: Couldn't flush system prefs: java.util.prefs.BackingStoreException: Couldn't get file lock.
2024-06-06 07:09:54,401 [ERROR] LogOutputStream:75 - [STDERR_REDIRECT] 
2024-06-06 07:09:57,020 [INFO] UtilMem:75 - End SaveConfig() Used Memory: 870686712 Bytes (1073741824)
2024-06-06 07:09:57,104 [INFO] BlockDiagram:2759 - set Specific Code input for plugin: NVIC
2024-06-06 07:09:57,104 [INFO] BlockDiagram:2759 - set Specific Code input for plugin: GPIO
2024-06-06 07:09:57,104 [INFO] BlockDiagram:2759 - set Specific Code input for plugin: RCC
2024-06-06 07:09:57,104 [INFO] CodeGenerator:807 - code generatio: config db path: /opt/st/stm32cubeide_1.15.1/plugins/com.st.stm32cube.common.mx_6.11.1.202404110753//db/
2024-06-06 07:09:57,249 [INFO] CodeEngine:255 - oldGeneratedFile, /home/wgg/STM32CubeIDE/workspace_1.15.1/test/MXTmpFiles/license.tmp_save
2024-06-06 07:09:57,354 [INFO] CodeEngine:279 - Generated code: /home/wgg/STM32CubeIDE/workspace_1.15.1/test/MXTmpFiles/license.tmp
2024-06-06 07:09:57,393 [INFO] CodeEngine:255 - oldGeneratedFile, /home/wgg/STM32CubeIDE/workspace_1.15.1/test/MXTmpFiles/gpio.tmp_save
2024-06-06 07:09:57,516 [INFO] CodeEngine:279 - Generated code: /home/wgg/STM32CubeIDE/workspace_1.15.1/test/MXTmpFiles/gpio.tmp
2024-06-06 07:09:57,519 [INFO] CodeEngine:255 - oldGeneratedFile, /home/wgg/STM32CubeIDE/workspace_1.15.1/test/Core/Src/stm32f0xx_it.c_save
2024-06-06 07:09:57,593 [INFO] CodeEngine:279 - Generated code: /home/wgg/STM32CubeIDE/workspace_1.15.1/test/Core/Src/stm32f0xx_it.c
2024-06-06 07:09:57,594 [INFO] CodeEngine:255 - oldGeneratedFile, /home/wgg/STM32CubeIDE/workspace_1.15.1/test/Core/Inc/stm32f0xx_it.h_save
2024-06-06 07:09:57,643 [INFO] CodeEngine:279 - Generated code: /home/wgg/STM32CubeIDE/workspace_1.15.1/test/Core/Inc/stm32f0xx_it.h
2024-06-06 07:09:57,649 [INFO] CodeEngine:255 - oldGeneratedFile, /home/wgg/STM32CubeIDE/workspace_1.15.1/test/Core/Src/stm32f0xx_hal_msp.c_save
2024-06-06 07:09:57,718 [INFO] CodeEngine:279 - Generated code: /home/wgg/STM32CubeIDE/workspace_1.15.1/test/Core/Src/stm32f0xx_hal_msp.c
2024-06-06 07:09:57,719 [INFO] CodeEngine:255 - oldGeneratedFile, /home/wgg/STM32CubeIDE/workspace_1.15.1/test/MXTmpFiles/system.tmp_save
2024-06-06 07:09:57,768 [INFO] CodeEngine:279 - Generated code: /home/wgg/STM32CubeIDE/workspace_1.15.1/test/MXTmpFiles/system.tmp
2024-06-06 07:09:57,770 [INFO] CodeEngine:311 - oldGeneratedFile, /home/wgg/STM32CubeIDE/workspace_1.15.1/test/Core/Inc/stm32f0xx_hal_conf.h_save
2024-06-06 07:09:57,822 [INFO] CodeEngine:335 - Generated code: /home/wgg/STM32CubeIDE/workspace_1.15.1/test/Core/Inc/stm32f0xx_hal_conf.h
2024-06-06 07:09:57,829 [INFO] CodeEngine:255 - oldGeneratedFile, /home/wgg/STM32CubeIDE/workspace_1.15.1/test/Core/Inc/main.h_save
2024-06-06 07:09:57,881 [INFO] CodeEngine:279 - Generated code: /home/wgg/STM32CubeIDE/workspace_1.15.1/test/Core/Inc/main.h
2024-06-06 07:09:57,882 [INFO] CodeEngine:255 - oldGeneratedFile, /home/wgg/STM32CubeIDE/workspace_1.15.1/test/Core/Src/main.c_save
2024-06-06 07:09:57,953 [INFO] CodeEngine:279 - Generated code: /home/wgg/STM32CubeIDE/workspace_1.15.1/test/Core/Src/main.c
2024-06-06 07:09:58,107 [INFO] ProjectBuilder:3163 - Time for Copy HAL[1] : 13mS.
2024-06-06 07:09:58,108 [INFO] ProjectBuilder:4736 - Project Generator version: 4.3.0-B58
2024-06-06 07:09:58,171 [INFO] ConfigFileManager:1503 - The Die is : DIE444
2024-06-06 07:09:58,660 [INFO] ProjectBuilder:5002 - Time for Generating toolchain IDE Files: 552mS.
2024-06-06 07:09:58,660 [INFO] ProjectBuilder:3034 - Time for Copy CMSIS : 0mS.
2024-06-06 07:09:58,661 [INFO] ProjectBuilder:3034 - Time for Copy CMSIS : 0mS.
2024-06-06 07:10:19,524 [ERROR] LogOutputStream:75 - [STDERR_REDIRECT] 
2024-06-06 07:10:19,525 [ERROR] LogOutputStream:75 - [STDERR_REDIRECT] 
