2024-07-07 20:01:50,825 [INFO] Activator:176 - 


2024-07-07 20:01:50,829 [INFO] Activator:177 - !SESSION log4j initialized
2024-07-07 20:02:00,723 [INFO] LogOutputStream:77 - [STDOUT_REDIRECT] 
2024-07-07 20:02:01,149 [ERROR] ConfigurationRetriever:142 - IOException on connection: sw-center.st.com
2024-07-07 20:02:01,149 [ERROR] ConfigurationRetriever:142 - IOException on connection: sw-center.st.com
2024-07-07 20:02:01,150 [ERROR] ConfigurationRetriever:142 - IOException on connection: sw-center.st.com
2024-07-07 20:02:01,155 [ERROR] ConfigurationRetriever:142 - IOException on connection: sw-center.st.com
2024-07-07 20:02:01,156 [ERROR] ConfigurationRetriever:142 - IOException on connection: sw-center.st.com
2024-07-07 20:02:01,156 [ERROR] ConfigurationRetriever:142 - IOException on connection: sw-center.st.com
2024-07-07 20:02:02,892 [INFO] ApplicationProperties:184 - Using Application install path: /opt/st/stm32cubeide_1.15.1/plugins/com.st.stm32cube.common.mx_6.11.1.202404110753
2024-07-07 20:02:02,966 [INFO] DbMcusXml:78 - Set database path to: /opt/st/stm32cubeide_1.15.1/plugins/com.st.stm32cube.common.mx_6.11.1.202404110753//db//mcu/
2024-07-07 20:02:02,966 [INFO] ApiDb:274 - Set plugin database path to: /opt/st/stm32cubeide_1.15.1/plugins/com.st.stm32cube.common.mx_6.11.1.202404110753//db//plugins/boardmanager/
2024-07-07 20:02:02,967 [WARN] ApiDb:259 - Overriding images path with different value:  => /opt/st/stm32cubeide_1.15.1/plugins/com.st.stm32cube.common.mx_6.11.1.202404110753//db//plugins/mcufinder/images/
2024-07-07 20:02:03,070 [INFO] ApiDb:250 - Set database path to: /home/wgg/.stmcufinder/plugins/mcufinder//mcu/
2024-07-07 20:02:03,073 [INFO] DbMcusAds:125 - Set database path to: /home/wgg/.stmcufinder/plugins/mcufinder//mcu/
2024-07-07 20:02:03,087 [INFO] CrossReferenceDbSqlite:203 - Set database path to: /home/wgg/.stmcufinder/plugins/mcufinder//mcu/cs/
2024-07-07 20:02:03,384 [INFO] RulesReader:64 - Compatibility file has been processed (297 Rules)
2024-07-07 20:02:03,665 [INFO] DbMcusXml:78 - Set database path to: /opt/st/stm32cubeide_1.15.1/plugins/com.st.stm32cube.common.mx_6.11.1.202404110753//db//mcu/
2024-07-07 20:02:03,665 [INFO] ApiDb:274 - Set plugin database path to: /opt/st/stm32cubeide_1.15.1/plugins/com.st.stm32cube.common.mx_6.11.1.202404110753//db//plugins/boardmanager/
2024-07-07 20:02:03,665 [INFO] ApiDb:261 - Set plugin images path to: /opt/st/stm32cubeide_1.15.1/plugins/com.st.stm32cube.common.mx_6.11.1.202404110753//db//plugins/mcufinder/images/
2024-07-07 20:02:03,666 [WARN] DbFile:41 - Overriding database path with different value: /home/wgg/.stmcufinder/plugins/mcufinder/ => /home/wgg/.stmcufinder/plugins/mcufinder
2024-07-07 20:02:03,666 [INFO] ApiDb:250 - Set database path to: /home/wgg/.stmcufinder/plugins/mcufinder//mcu/
2024-07-07 20:02:03,666 [WARN] DbFile:41 - Overriding database path with different value: /home/wgg/.stmcufinder/plugins/mcufinder/ => /home/wgg/.stmcufinder/plugins/mcufinder
2024-07-07 20:02:03,666 [INFO] DbMcusAds:125 - Set database path to: /home/wgg/.stmcufinder/plugins/mcufinder//mcu/
2024-07-07 20:02:03,666 [WARN] DbFile:41 - Overriding database path with different value: /home/wgg/.stmcufinder/plugins/mcufinder/ => /home/wgg/.stmcufinder/plugins/mcufinder
2024-07-07 20:02:03,666 [WARN] DbFile:41 - Overriding database path with different value: /home/wgg/.stmcufinder/plugins/mcufinder/ => /home/wgg/.stmcufinder/plugins/mcufinder
2024-07-07 20:02:03,667 [INFO] CrossReferenceDbSqlite:203 - Set database path to: /home/wgg/.stmcufinder/plugins/mcufinder//mcu/cs/
2024-07-07 20:02:04,100 [INFO] MainPanel:264 - HeapMemory: 268435456
2024-07-07 20:02:04,823 [INFO] DbMcusXml:78 - Set database path to: /opt/st/stm32cubeide_1.15.1/plugins/com.st.stm32cube.common.mx_6.11.1.202404110753//db//mcu/
2024-07-07 20:02:04,823 [INFO] ApiDb:274 - Set plugin database path to: /opt/st/stm32cubeide_1.15.1/plugins/com.st.stm32cube.common.mx_6.11.1.202404110753//db//plugins/boardmanager/
2024-07-07 20:02:04,824 [INFO] ApiDb:261 - Set plugin images path to: /opt/st/stm32cubeide_1.15.1/plugins/com.st.stm32cube.common.mx_6.11.1.202404110753//db//plugins/mcufinder/images/
2024-07-07 20:02:04,824 [WARN] DbFile:41 - Overriding database path with different value: /home/wgg/.stmcufinder/plugins/mcufinder/ => /home/wgg/.stmcufinder/plugins/mcufinder
2024-07-07 20:02:04,824 [INFO] ApiDb:250 - Set database path to: /home/wgg/.stmcufinder/plugins/mcufinder//mcu/
2024-07-07 20:02:04,824 [WARN] DbFile:41 - Overriding database path with different value: /home/wgg/.stmcufinder/plugins/mcufinder/ => /home/wgg/.stmcufinder/plugins/mcufinder
2024-07-07 20:02:04,824 [INFO] DbMcusAds:125 - Set database path to: /home/wgg/.stmcufinder/plugins/mcufinder//mcu/
2024-07-07 20:02:04,825 [WARN] DbFile:41 - Overriding database path with different value: /home/wgg/.stmcufinder/plugins/mcufinder/ => /home/wgg/.stmcufinder/plugins/mcufinder
2024-07-07 20:02:04,825 [WARN] DbFile:41 - Overriding database path with different value: /home/wgg/.stmcufinder/plugins/mcufinder/ => /home/wgg/.stmcufinder/plugins/mcufinder
2024-07-07 20:02:04,825 [INFO] CrossReferenceDbSqlite:203 - Set database path to: /home/wgg/.stmcufinder/plugins/mcufinder//mcu/cs/
2024-07-07 20:02:04,918 [INFO] ApplicationProperties:184 - Using Application install path: /opt/st/stm32cubeide_1.15.1/plugins/com.st.stm32cube.common.mx_6.11.1.202404110753
2024-07-07 20:02:04,922 [INFO] PluginManage:196 - Search for loadable plugins [exclusion list=, ]
2024-07-07 20:02:04,929 [INFO] PluginManage:310 - Check plugin analytics
2024-07-07 20:02:05,341 [INFO] AnalyticsPlugin:253 - Accepted Software Licenses: 
2024-07-07 20:02:05,341 [INFO] AnalyticsPlugin:255 - Accepted CMSIS Pack Licenses: 
2024-07-07 20:02:05,342 [INFO] AnalyticsPlugin:257 - Accepted Firmware Licenses: 
2024-07-07 20:02:05,344 [INFO] PluginManage:359 - Loaded plugin analytics (category:tool,tabindex:-1)
2024-07-07 20:02:05,344 [ERROR] ConfigurationRetriever:142 - IOException on connection: sw-center.st.com
2024-07-07 20:02:05,344 [INFO] PluginManage:310 - Check plugin cadmodel
2024-07-07 20:02:05,345 [ERROR] ConfigurationRetriever:142 - IOException on connection: sw-center.st.com
2024-07-07 20:02:05,345 [ERROR] ConfigurationRetriever:142 - IOException on connection: sw-center.st.com
2024-07-07 20:02:05,660 [INFO] CADModel:105 - Init CAD model plugin
2024-07-07 20:02:05,660 [INFO] PluginManage:359 - Loaded plugin cadmodel (category:power,tabindex:5)
2024-07-07 20:02:05,660 [INFO] PluginManage:310 - Check plugin clock
2024-07-07 20:02:05,738 [INFO] PluginManage:359 - Loaded plugin clock (category:base,tabindex:2)
2024-07-07 20:02:05,738 [INFO] PluginManage:310 - Check plugin ddr
2024-07-07 20:02:05,757 [INFO] PluginManage:359 - Loaded plugin ddr (category:tool,tabindex:6)
2024-07-07 20:02:05,757 [INFO] PluginManage:310 - Check plugin filemanager
2024-07-07 20:02:06,206 [INFO] PluginManage:359 - Loaded plugin filemanager (category:base,tabindex:10)
2024-07-07 20:02:06,206 [INFO] PluginManage:310 - Check plugin ipmanager
2024-07-07 20:02:06,233 [INFO] PluginManage:359 - Loaded plugin ipmanager (category:base,tabindex:5)
2024-07-07 20:02:06,234 [INFO] PluginManage:310 - Check plugin lpbam
2024-07-07 20:02:06,285 [INFO] PluginManage:359 - Loaded plugin lpbam (category:base,tabindex:0)
2024-07-07 20:02:06,285 [INFO] PluginManage:310 - Check plugin memorymap
2024-07-07 20:02:06,334 [INFO] PluginManage:359 - Loaded plugin memorymap (category:base,tabindex:4)
2024-07-07 20:02:06,334 [INFO] PluginManage:310 - Check plugin pinoutandconfiguration
2024-07-07 20:02:06,397 [INFO] PluginManage:359 - Loaded plugin pinoutandconfiguration (category:base,tabindex:1)
2024-07-07 20:02:06,397 [INFO] PluginManage:310 - Check plugin pinoutconfig
2024-07-07 20:02:06,551 [WARN] SupportedApi:132 - Cannot load RTOS API schema: s4s-elt-must-match.1: The content of 'definitions' must match (annotation?, (simpleType | complexType)?, (unique | key | keyref)*)). A problem was found starting at: attribute.
2024-07-07 20:02:07,004 [INFO] PluginManage:359 - Loaded plugin pinoutconfig (category:base,tabindex:0)
2024-07-07 20:02:07,004 [INFO] PluginManage:310 - Check plugin power
2024-07-07 20:02:07,092 [INFO] PluginManage:359 - Loaded plugin power (category:power,tabindex:4)
2024-07-07 20:02:07,092 [INFO] PluginManage:310 - Check plugin projectmanager
2024-07-07 20:02:07,109 [INFO] PluginManage:359 - Loaded plugin projectmanager (category:projectmanager,tabindex:3)
2024-07-07 20:02:07,109 [INFO] PluginManage:310 - Check plugin thirdparty
2024-07-07 20:02:07,534 [WARN] IntegrityCheckThread:84 - waiting for thirdparty lock release [integrity check]
2024-07-07 20:02:07,534 [INFO] PluginManage:359 - Loaded plugin thirdparty (category:base,tabindex:-1)
2024-07-07 20:02:07,534 [INFO] IntegrityCheckThread:86 - entering critical section [integrity check]
2024-07-07 20:02:07,534 [INFO] PluginManage:310 - Check plugin tools
2024-07-07 20:02:07,534 [INFO] ThirdPartyUpdaterWithRetryManager:70 - Updater plugin not ready yet. [1/15]
2024-07-07 20:02:07,543 [INFO] PluginManage:359 - Loaded plugin tools (category:base,tabindex:7)
2024-07-07 20:02:07,543 [INFO] PluginManage:310 - Check plugin tutovideos
2024-07-07 20:02:08,096 [INFO] PluginManage:359 - Loaded plugin tutovideos (category:base,tabindex:-1)
2024-07-07 20:02:08,096 [INFO] PluginManage:310 - Check plugin updater
2024-07-07 20:02:08,169 [INFO] PluginManage:359 - Loaded plugin updater (category:base,tabindex:12)
2024-07-07 20:02:08,170 [INFO] PluginManage:310 - Check plugin userauth
2024-07-07 20:02:08,200 [INFO] UserAuth:114 - Init User Auth plugin
2024-07-07 20:02:08,201 [INFO] PluginManage:359 - Loaded plugin userauth (category:base,tabindex:14)
2024-07-07 20:02:08,201 [INFO] PluginManage:283 - PluginManage : Loaded plugins [17]
2024-07-07 20:02:08,863 [INFO] PinOutPanel:1561 - setPackage(No Configuration,No Configuration)
2024-07-07 20:02:09,061 [INFO] CADModel:165 - CPN selected for project level
2024-07-07 20:02:09,061 [INFO] CADModel:114 - Register for checkConnection events
2024-07-07 20:02:09,118 [INFO] IPUIPlugin:80 - create IPUIPlugin
2024-07-07 20:02:09,118 [INFO] PluginManager:220 - loadIPPluginJar : add dma
2024-07-07 20:02:09,142 [INFO] IPUIPlugin:80 - create IPUIPlugin
2024-07-07 20:02:09,142 [INFO] PluginManager:220 - loadIPPluginJar : add linkedlist
2024-07-07 20:02:09,159 [INFO] IPUIPlugin:80 - create IPUIPlugin
2024-07-07 20:02:09,159 [INFO] PluginManager:220 - loadIPPluginJar : add tracer_emb
2024-07-07 20:02:09,181 [INFO] IPUIPlugin:80 - create IPUIPlugin
2024-07-07 20:02:09,181 [INFO] PluginManager:220 - loadIPPluginJar : add ipddr
2024-07-07 20:02:09,189 [INFO] IPUIPlugin:80 - create IPUIPlugin
2024-07-07 20:02:09,189 [INFO] PluginManager:220 - loadIPPluginJar : add i2c
2024-07-07 20:02:09,238 [INFO] IPUIPlugin:80 - create IPUIPlugin
2024-07-07 20:02:09,239 [INFO] PluginManager:220 - loadIPPluginJar : add mdma
2024-07-07 20:02:09,254 [INFO] IPUIPlugin:80 - create IPUIPlugin
2024-07-07 20:02:09,254 [INFO] PluginManager:220 - loadIPPluginJar : add usart
2024-07-07 20:02:09,283 [INFO] IPUIPlugin:80 - create IPUIPlugin
2024-07-07 20:02:09,283 [INFO] PluginManager:220 - loadIPPluginJar : add gfxmmu
2024-07-07 20:02:09,294 [INFO] IPUIPlugin:80 - create IPUIPlugin
2024-07-07 20:02:09,294 [INFO] PluginManager:220 - loadIPPluginJar : add usbx
2024-07-07 20:02:09,303 [INFO] IPUIPlugin:80 - create IPUIPlugin
2024-07-07 20:02:09,303 [INFO] PluginManager:220 - loadIPPluginJar : add tsc
2024-07-07 20:02:09,319 [INFO] IPUIPlugin:80 - create IPUIPlugin
2024-07-07 20:02:09,320 [INFO] PluginManager:220 - loadIPPluginJar : add dma3
2024-07-07 20:02:09,340 [INFO] IPUIPlugin:80 - create IPUIPlugin
2024-07-07 20:02:09,340 [INFO] PluginManager:220 - loadIPPluginJar : add fmc
2024-07-07 20:02:09,350 [INFO] IPUIPlugin:80 - create IPUIPlugin
2024-07-07 20:02:09,350 [INFO] PluginManager:220 - loadIPPluginJar : add extmemmanager
2024-07-07 20:02:09,354 [INFO] IPUIPlugin:80 - create IPUIPlugin
2024-07-07 20:02:09,354 [INFO] PluginManager:220 - loadIPPluginJar : add comp
2024-07-07 20:02:09,364 [INFO] IPUIPlugin:80 - create IPUIPlugin
2024-07-07 20:02:09,364 [INFO] PluginManager:220 - loadIPPluginJar : add i3c
2024-07-07 20:02:09,384 [INFO] IPUIPlugin:80 - create IPUIPlugin
2024-07-07 20:02:09,384 [INFO] PluginManager:220 - loadIPPluginJar : add gtzc
2024-07-07 20:02:09,395 [INFO] IPUIPlugin:80 - create IPUIPlugin
2024-07-07 20:02:09,395 [INFO] PluginManager:220 - loadIPPluginJar : add touchsensing
2024-07-07 20:02:09,404 [INFO] IPUIPlugin:80 - create IPUIPlugin
2024-07-07 20:02:09,404 [INFO] PluginManager:220 - loadIPPluginJar : add ucpd
2024-07-07 20:02:09,408 [INFO] IPUIPlugin:80 - create IPUIPlugin
2024-07-07 20:02:09,408 [INFO] PluginManager:220 - loadIPPluginJar : add fatfs
2024-07-07 20:02:09,424 [INFO] IPUIPlugin:80 - create IPUIPlugin
2024-07-07 20:02:09,424 [INFO] PluginManager:220 - loadIPPluginJar : add stm32_wpan
2024-07-07 20:02:09,466 [INFO] IPUIPlugin:80 - create IPUIPlugin
2024-07-07 20:02:09,466 [INFO] PluginManager:220 - loadIPPluginJar : add gpio
2024-07-07 20:02:09,477 [INFO] IPUIPlugin:80 - create IPUIPlugin
2024-07-07 20:02:09,477 [INFO] PluginManager:220 - loadIPPluginJar : add i2s
2024-07-07 20:02:09,486 [INFO] IPUIPlugin:80 - create IPUIPlugin
2024-07-07 20:02:09,486 [INFO] PluginManager:220 - loadIPPluginJar : add tim
2024-07-07 20:02:09,518 [INFO] IPUIPlugin:80 - create IPUIPlugin
2024-07-07 20:02:09,518 [INFO] PluginManager:220 - loadIPPluginJar : add adc
2024-07-07 20:02:09,523 [INFO] IPUIPlugin:80 - create IPUIPlugin
2024-07-07 20:02:09,523 [INFO] PluginManager:220 - loadIPPluginJar : add pdm2pcm
2024-07-07 20:02:09,562 [INFO] IPUIPlugin:80 - create IPUIPlugin
2024-07-07 20:02:09,562 [INFO] PluginManager:220 - loadIPPluginJar : add gic
2024-07-07 20:02:09,577 [INFO] IPUIPlugin:80 - create IPUIPlugin
2024-07-07 20:02:09,577 [INFO] PluginManager:220 - loadIPPluginJar : add sai
2024-07-07 20:02:09,587 [INFO] IPUIPlugin:80 - create IPUIPlugin
2024-07-07 20:02:09,587 [INFO] PluginManager:220 - loadIPPluginJar : add spi
2024-07-07 20:02:09,597 [INFO] IPUIPlugin:80 - create IPUIPlugin
2024-07-07 20:02:09,598 [INFO] PluginManager:220 - loadIPPluginJar : add can
2024-07-07 20:02:09,627 [INFO] IPUIPlugin:80 - create IPUIPlugin
2024-07-07 20:02:09,627 [INFO] PluginManager:220 - loadIPPluginJar : add resmgrutility
2024-07-07 20:02:09,631 [INFO] IPUIPlugin:80 - create IPUIPlugin
2024-07-07 20:02:09,632 [INFO] PluginManager:220 - loadIPPluginJar : add quadspi
2024-07-07 20:02:09,672 [INFO] IPUIPlugin:80 - create IPUIPlugin
2024-07-07 20:02:09,672 [INFO] PluginManager:220 - loadIPPluginJar : add freertos
2024-07-07 20:02:09,682 [INFO] IPUIPlugin:80 - create IPUIPlugin
2024-07-07 20:02:09,682 [INFO] PluginManager:220 - loadIPPluginJar : add ts
2024-07-07 20:02:09,692 [INFO] IPUIPlugin:80 - create IPUIPlugin
2024-07-07 20:02:09,692 [INFO] PluginManager:220 - loadIPPluginJar : add aes
2024-07-07 20:02:09,726 [INFO] IPUIPlugin:80 - create IPUIPlugin
2024-07-07 20:02:09,726 [INFO] PluginManager:220 - loadIPPluginJar : add nvic
2024-07-07 20:02:09,737 [INFO] IPUIPlugin:80 - create IPUIPlugin
2024-07-07 20:02:09,738 [INFO] PluginManager:220 - loadIPPluginJar : add openamp
2024-07-07 20:02:09,747 [INFO] IPUIPlugin:80 - create IPUIPlugin
2024-07-07 20:02:09,747 [INFO] PluginManager:220 - loadIPPluginJar : add dfsdm
2024-07-07 20:02:09,757 [INFO] IPUIPlugin:80 - create IPUIPlugin
2024-07-07 20:02:09,757 [INFO] PluginManager:220 - loadIPPluginJar : add lorawan
2024-07-07 20:02:09,761 [INFO] IPUIPlugin:80 - create IPUIPlugin
2024-07-07 20:02:09,761 [INFO] PluginManager:220 - loadIPPluginJar : add genericplugin
2024-07-07 20:02:09,772 [INFO] IPUIPlugin:80 - create IPUIPlugin
2024-07-07 20:02:09,772 [INFO] PluginManager:220 - loadIPPluginJar : add hash
2024-07-07 20:02:09,781 [INFO] IPUIPlugin:80 - create IPUIPlugin
2024-07-07 20:02:09,781 [INFO] PluginManager:220 - loadIPPluginJar : add ltdc
2024-07-07 20:02:09,822 [INFO] IPUIPlugin:80 - create IPUIPlugin
2024-07-07 20:02:09,824 [INFO] PluginManager:220 - loadIPPluginJar : add plateformsettings
2024-07-07 20:02:09,832 [INFO] IPUIPlugin:80 - create IPUIPlugin
2024-07-07 20:02:09,833 [INFO] PluginManager:220 - loadIPPluginJar : add cryp
2024-07-07 20:02:09,847 [INFO] IPUIPlugin:80 - create IPUIPlugin
2024-07-07 20:02:09,847 [INFO] PluginManager:220 - loadIPPluginJar : add opamp
2024-07-07 20:02:09,987 [INFO] CADModel:165 - CPN selected for project level
2024-07-07 20:02:09,987 [INFO] CADModel:114 - Register for checkConnection events
2024-07-07 20:02:09,987 [FATAL] Updater:308 - Updater called before beeing initialized
2024-07-07 20:02:09,987 [ERROR] CADModel:125 - Updater not yet initialized, retry later 
2024-07-07 20:02:10,436 [INFO] CADModel:165 - CPN selected for project level
2024-07-07 20:02:10,436 [INFO] CADModel:114 - Register for checkConnection events
2024-07-07 20:02:10,436 [FATAL] Updater:308 - Updater called before beeing initialized
2024-07-07 20:02:10,436 [ERROR] CADModel:125 - Updater not yet initialized, retry later 
2024-07-07 20:02:10,439 [FATAL] Updater:308 - Updater called before beeing initialized
2024-07-07 20:02:10,535 [INFO] ThirdPartyUpdaterWithRetryManager:70 - Updater plugin not ready yet. [2/15]
2024-07-07 20:02:10,611 [FATAL] Updater:308 - Updater called before beeing initialized
2024-07-07 20:02:10,624 [INFO] DbMcusAds:53 - JSON generation date=Thu May 16 16:22:00 WIB 2024 (1715851320852)
2024-07-07 20:02:10,624 [FATAL] Updater:308 - Updater called before beeing initialized
2024-07-07 20:02:10,759 [WARN] DetailPanel:346 - Failed to get advertising image, set to default
2024-07-07 20:02:10,888 [FATAL] Updater:308 - Updater called before beeing initialized
2024-07-07 20:02:10,890 [FATAL] Updater:308 - Updater called before beeing initialized
2024-07-07 20:02:10,890 [FATAL] Updater:308 - Updater called before beeing initialized
2024-07-07 20:02:10,890 [WARN] DetailPanel:346 - Failed to get advertising image, set to default
2024-07-07 20:02:10,891 [FATAL] Updater:308 - Updater called before beeing initialized
2024-07-07 20:02:10,950 [ERROR] Updater:1120 - MainUpdater not yet initialized. External WinMGr cannot be set.
2024-07-07 20:02:10,961 [INFO] Updater:1056 - Updater Version found : 6.11.1
2024-07-07 20:02:11,041 [INFO] ApplicationProperties:184 - Using Application install path: /opt/st/stm32cubeide_1.15.1/plugins/com.st.stm32cube.common.mx_6.11.1.202404110753
2024-07-07 20:02:11,076 [ERROR] LogOutputStream:75 - [STDERR_REDIRECT] Jul 07, 2024 8:02:11 PM java.util.prefs.FileSystemPreferences$2 run
2024-07-07 20:02:11,076 [ERROR] LogOutputStream:75 - [STDERR_REDIRECT] WARNING: Could not create system preferences directory. System preferences are unusable.
2024-07-07 20:02:11,076 [ERROR] LogOutputStream:75 - [STDERR_REDIRECT] 
2024-07-07 20:02:12,128 [INFO] MainUpdater:2873 - connection check result : 10
2024-07-07 20:02:12,128 [INFO] MainUpdater:3567 - Updater definition file requires update
2024-07-07 20:02:12,129 [INFO] MainUpdater:290 - Updater Check For Update Now.
2024-07-07 20:02:12,129 [INFO] MicroXplorer:498 - Change Database Version : DB.6.0.111
2024-07-07 20:02:12,140 [INFO] McuFinderGlobals:63 - Set McuFinder mode to 2 (CubeIDE integrated)
2024-07-07 20:02:12,160 [INFO] UserAuth:415 - Internet connection configuration mode: 1
2024-07-07 20:02:12,305 [INFO] JxBrowserEngine:152 - Initiate JxBrowser Engine with user profile folder
2024-07-07 20:02:12,491 [INFO] ServerAccessManage:473 - Download File updaters.zip
2024-07-07 20:02:12,676 [INFO] FileExtend:240 - Unzip File : updaters.zip
2024-07-07 20:02:12,676 [INFO] FileExtend:255 - Standard Zip Deflate
2024-07-07 20:02:13,022 [INFO] ServerAccessManage:473 - Download File PacksControlFlags.xml
2024-07-07 20:02:13,190 [INFO] ServerAccessManage:473 - Download File cubemx.pidx
2024-07-07 20:02:13,535 [WARN] MainUpdater:1194 - Updater busy. Cannot search thirdparties
2024-07-07 20:02:13,536 [INFO] ThirdPartyUpdaterWithRetryManager:96 - Updater plugin is busy. [1/15]
2024-07-07 20:02:14,784 [INFO] ServerAccessManage:473 - Download File STMicroelectronics.X-CUBE-BLEMGR.pdsc
2024-07-07 20:02:16,536 [WARN] MainUpdater:1194 - Updater busy. Cannot search thirdparties
2024-07-07 20:02:16,536 [INFO] ThirdPartyUpdaterWithRetryManager:96 - Updater plugin is busy. [2/15]
2024-07-07 20:02:19,537 [WARN] MainUpdater:1194 - Updater busy. Cannot search thirdparties
2024-07-07 20:02:19,537 [INFO] ThirdPartyUpdaterWithRetryManager:96 - Updater plugin is busy. [3/15]
2024-07-07 20:02:20,957 [INFO] WebApp:161 - Instantiating new browser for Auth
2024-07-07 20:02:22,537 [WARN] MainUpdater:1194 - Updater busy. Cannot search thirdparties
2024-07-07 20:02:22,537 [INFO] ThirdPartyUpdaterWithRetryManager:96 - Updater plugin is busy. [4/15]
2024-07-07 20:02:22,868 [INFO] ServerAccessManage:473 - Download File STMicroelectronics.X-CUBE-DISPLAY.pdsc
2024-07-07 20:02:23,167 [INFO] McuFinderGlobals:63 - Set McuFinder mode to 2 (CubeIDE integrated)
2024-07-07 20:02:24,975 [INFO] WebApp:779 - Register for checkConnection events
2024-07-07 20:02:24,975 [INFO] WebApp:414 - Apply proxy settings
2024-07-07 20:02:24,975 [INFO] WebApp:499 - Chromium requires no authentication
2024-07-07 20:02:24,981 [INFO] WebApp:442 - Direct internet connection detected
2024-07-07 20:02:25,325 [INFO] WebApp:192 - Starting web application
2024-07-07 20:02:25,325 [INFO] WebApp:544 - Web application path used /opt/st/stm32cubeide_1.15.1/plugins/com.st.stm32cube.common.mx_6.11.1.202404110753/db/plugins/mcufinder/reactClient1/index.html
2024-07-07 20:02:25,537 [WARN] MainUpdater:1194 - Updater busy. Cannot search thirdparties
2024-07-07 20:02:25,538 [INFO] ThirdPartyUpdaterWithRetryManager:96 - Updater plugin is busy. [5/15]
2024-07-07 20:02:28,219 [ERROR] LogOutputStream:75 - [STDERR_REDIRECT] Jul 07, 2024 8:02:28 PM java.util.prefs.FileSystemPreferences checkLockFile0ErrorCode
2024-07-07 20:02:28,220 [ERROR] LogOutputStream:75 - [STDERR_REDIRECT] WARNING: Could not lock System prefs. Unix error code 32544.
2024-07-07 20:02:28,220 [ERROR] LogOutputStream:75 - [STDERR_REDIRECT] 
2024-07-07 20:02:28,220 [ERROR] LogOutputStream:75 - [STDERR_REDIRECT] Jul 07, 2024 8:02:28 PM java.util.prefs.FileSystemPreferences syncWorld
2024-07-07 20:02:28,221 [ERROR] LogOutputStream:75 - [STDERR_REDIRECT] WARNING: Couldn't flush system prefs: java.util.prefs.BackingStoreException: Couldn't get file lock.
2024-07-07 20:02:28,221 [ERROR] LogOutputStream:75 - [STDERR_REDIRECT] 
2024-07-07 20:02:28,538 [WARN] MainUpdater:1194 - Updater busy. Cannot search thirdparties
2024-07-07 20:02:28,605 [INFO] ThirdPartyUpdaterWithRetryManager:96 - Updater plugin is busy. [6/15]
2024-07-07 20:02:29,106 [INFO] ServerAccessManage:473 - Download File STMicroelectronics.X-CUBE-DPOWER.pdsc
2024-07-07 20:02:30,220 [ERROR] ServerAccessManage:1089 - Problem, file not found on Server
2024-07-07 20:02:30,545 [ERROR] ServerAccessManage:1089 - Problem, file not found on Server
2024-07-07 20:02:31,570 [ERROR] ServerAccessManage:1089 - Problem, file not found on Server
2024-07-07 20:02:31,606 [WARN] MainUpdater:1194 - Updater busy. Cannot search thirdparties
2024-07-07 20:02:31,606 [INFO] ThirdPartyUpdaterWithRetryManager:96 - Updater plugin is busy. [7/15]
2024-07-07 20:02:32,595 [ERROR] ServerAccessManage:1089 - Problem, file not found on Server
2024-07-07 20:02:33,515 [ERROR] ServerAccessManage:1089 - Problem, file not found on Server
2024-07-07 20:02:34,437 [ERROR] ServerAccessManage:1089 - Problem, file not found on Server
2024-07-07 20:02:34,607 [WARN] MainUpdater:1194 - Updater busy. Cannot search thirdparties
2024-07-07 20:02:34,607 [INFO] ThirdPartyUpdaterWithRetryManager:96 - Updater plugin is busy. [8/15]
2024-07-07 20:02:35,462 [ERROR] ServerAccessManage:1089 - Problem, file not found on Server
2024-07-07 20:02:36,485 [ERROR] ServerAccessManage:1089 - Problem, file not found on Server
2024-07-07 20:02:37,407 [ERROR] ServerAccessManage:1089 - Problem, file not found on Server
2024-07-07 20:02:37,608 [WARN] MainUpdater:1194 - Updater busy. Cannot search thirdparties
2024-07-07 20:02:37,608 [INFO] ThirdPartyUpdaterWithRetryManager:96 - Updater plugin is busy. [9/15]
2024-07-07 20:02:38,431 [ERROR] ServerAccessManage:1089 - Problem, file not found on Server
2024-07-07 20:02:39,456 [ERROR] ServerAccessManage:1089 - Problem, file not found on Server
2024-07-07 20:02:40,587 [INFO] ServerAccessManage:473 - Download File STMicroelectronics.X-CUBE-EEPRMA1.pdsc
2024-07-07 20:02:40,609 [WARN] MainUpdater:1194 - Updater busy. Cannot search thirdparties
2024-07-07 20:02:40,609 [INFO] ThirdPartyUpdaterWithRetryManager:96 - Updater plugin is busy. [10/15]
2024-07-07 20:02:41,914 [ERROR] ServerAccessManage:1089 - Problem, file not found on Server
2024-07-07 20:02:43,202 [INFO] MainUpdater:2873 - connection check result : 10
2024-07-07 20:02:43,609 [WARN] MainUpdater:1194 - Updater busy. Cannot search thirdparties
2024-07-07 20:02:43,610 [INFO] ThirdPartyUpdaterWithRetryManager:96 - Updater plugin is busy. [11/15]
2024-07-07 20:02:44,882 [ERROR] ServerAccessManage:1089 - Problem, file not found on Server
2024-07-07 20:02:46,610 [WARN] MainUpdater:1194 - Updater busy. Cannot search thirdparties
2024-07-07 20:02:46,610 [INFO] ThirdPartyUpdaterWithRetryManager:96 - Updater plugin is busy. [12/15]
2024-07-07 20:02:48,668 [INFO] ServerAccessManage:473 - Download File STMicroelectronics.X-CUBE-FREERTOS.pdsc
2024-07-07 20:02:49,611 [WARN] MainUpdater:1194 - Updater busy. Cannot search thirdparties
2024-07-07 20:02:49,612 [INFO] ThirdPartyUpdaterWithRetryManager:96 - Updater plugin is busy. [13/15]
2024-07-07 20:02:52,612 [WARN] MainUpdater:1194 - Updater busy. Cannot search thirdparties
2024-07-07 20:02:52,613 [INFO] ThirdPartyUpdaterWithRetryManager:96 - Updater plugin is busy. [14/15]
2024-07-07 20:02:53,507 [INFO] ServerAccessManage:473 - Download File STMicroelectronics.X-CUBE-GNSS1.pdsc
2024-07-07 20:02:55,613 [WARN] MainUpdater:1194 - Updater busy. Cannot search thirdparties
2024-07-07 20:02:55,613 [INFO] ThirdPartyUpdaterWithRetryManager:96 - Updater plugin is busy. [15/15]
2024-07-07 20:02:55,614 [ERROR] IntegrityCheckThread:130 - Cannot retrieve database content from updater: error -1
2024-07-07 20:02:55,614 [INFO] ThirdParty:978 - Integrity check success = false
2024-07-07 20:02:55,614 [INFO] IntegrityCheckThread:100 - exiting critical section [integrity check]
2024-07-07 20:02:55,614 [INFO] IntegrityCheckThread:103 - End integrity checks thread
2024-07-07 20:02:58,201 [ERROR] LogOutputStream:75 - [STDERR_REDIRECT] Jul 07, 2024 8:02:58 PM java.util.prefs.FileSystemPreferences checkLockFile0ErrorCode
2024-07-07 20:02:58,202 [ERROR] LogOutputStream:75 - [STDERR_REDIRECT] WARNING: Could not lock System prefs. Unix error code 32544.
2024-07-07 20:02:58,202 [ERROR] LogOutputStream:75 - [STDERR_REDIRECT] 
2024-07-07 20:02:58,203 [ERROR] LogOutputStream:75 - [STDERR_REDIRECT] Jul 07, 2024 8:02:58 PM java.util.prefs.FileSystemPreferences syncWorld
2024-07-07 20:02:58,204 [ERROR] LogOutputStream:75 - [STDERR_REDIRECT] WARNING: Couldn't flush system prefs: java.util.prefs.BackingStoreException: Couldn't get file lock.
2024-07-07 20:02:58,204 [ERROR] LogOutputStream:75 - [STDERR_REDIRECT] 
2024-07-07 20:03:01,917 [ERROR] ServerAccessManage:1089 - Problem, file not found on Server
2024-07-07 20:03:02,796 [ERROR] ServerAccessManage:1089 - Problem, file not found on Server
2024-07-07 20:03:03,786 [ERROR] ServerAccessManage:1089 - Problem, file not found on Server
2024-07-07 20:03:04,811 [ERROR] ServerAccessManage:1089 - Problem, file not found on Server
2024-07-07 20:03:05,733 [ERROR] ServerAccessManage:1089 - Problem, file not found on Server
2024-07-07 20:03:06,051 [INFO] ApiDb:581 - Connected to CubeFinder SQLite database (/home/wgg/.stmcufinder/plugins/mcufinder/mcu/cube-finder-db.db)
2024-07-07 20:03:06,141 [INFO] ApiDb:668 - CubeFinder database Data Model version=2.1
2024-07-07 20:03:06,141 [INFO] ApiDb:669 - CubeFinder database Configuration version=3.0.39
2024-07-07 20:03:06,141 [INFO] ApiDb:670 - CubeFinder database generation date=2024-05-16 (1715872938)
2024-07-07 20:03:06,142 [INFO] ApiDb:671 - CubeFinder database FW Pack versions=[FP-ATR-ASTRA1_V2.0.0, FP-SNS-FLIGHT1_V5.0.1, FP-SNS-FLIGHT1_V5.0.2, FP-SNS-MOTENV1_V4.3.1, FP-SNS-MOTENV1_V4.3.2, FP-SNS-MOTENV1_V5.0.0, FP-SNS-MOTENVWB1_V1.4.0, FP-SNS-SMARTAG2_V1.2.0, STM32Cube_FW_C0_V1.1.0, STM32Cube_FW_F4_V1.28.0, STM32Cube_FW_F7_V1.17.0, STM32Cube_FW_G0_V1.6.2, STM32Cube_FW_G4_V1.5.2, STM32Cube_FW_H5_V0.5.1, STM32Cube_FW_H5_V1.1.1, STM32Cube_FW_H5_V1.2.0, STM32Cube_FW_H5_V1.2.0RC4, STM32Cube_FW_H7RS_V1.0.0, STM32Cube_FW_H7RS_V1.0.0RC4, STM32Cube_FW_H7_V1.11.0, STM32Cube_FW_L0_V1.12.2, STM32Cube_FW_L5_V1.5.1, STM32Cube_FW_U0_V1.0.0, STM32Cube_FW_U0_V1.0.0RC1, STM32Cube_FW_U5_V1.3.0RC4, STM32Cube_FW_U5_V1.5.0, STM32Cube_FW_U5_V1.5.0RC1, STM32Cube_FW_WBA_V1.0.0RC1, STM32Cube_FW_WBA_V1.2.0, STM32Cube_FW_WBA_V1.2.0RC2, STM32Cube_FW_WBA_V1.3.0, STM32Cube_FW_WBA_V1.3.0RC1, STM32Cube_FW_WB_V1.15.0RC1, STM32Cube_FW_WB_V1.16.0, STM32Cube_FW_WB_V1.16.0RC2, STM32Cube_FW_WB_V1.18.0, STM32Cube_FW_WB_V1.19.0, STM32Cube_FW_WL_V1.3.0, X-CUBE-ALGOBUILD_V1.4.0, X-CUBE-ALS_V1.0.1, X-CUBE-AZRTOS-F4_V1.1.0, X-CUBE-AZRTOS-F7_V1.1.0, X-CUBE-AZRTOS-G0_V1.1.0, X-CUBE-AZRTOS-G4_V2.0.0, X-CUBE-AZRTOS-H7_V3.2.0, X-CUBE-AZRTOS-L4_V1.0.0, X-CUBE-AZRTOS-L4_V2.0.0, X-CUBE-AZRTOS-L5_V1.1.0, X-CUBE-AZRTOS-WB_V2.0.0, X-CUBE-AZRTOS-WL_V2.0.0, X-CUBE-BLE1_V7.0.0, X-CUBE-BLE2_V3.3.0, X-CUBE-BLEMGR_V3.1.0, X-CUBE-EEPRMA1_V4.1.0, X-CUBE-EEPRMA1_V5.1.0, X-CUBE-FREERTOS_V1.1.0, X-CUBE-GNSS1_V6.0.0, X-CUBE-MEMS1_V10.0.0, X-CUBE-MEMS1_V9.1.0, X-CUBE-MEMS1_V9.4.0, X-CUBE-MEMS1_V9.6.0, X-CUBE-NFC4_V3.0.0, X-CUBE-NFC7_V1.0.1, X-CUBE-SFXS2LP1_V4.0.0, X-CUBE-SUBG2_V5.0.0, X-CUBE-TOF1_V3.4.0]
2024-07-07 20:03:06,270 [INFO] DbBoardsSqlite:226 - include board P-NUCLEO-WB55-NUCLEO as a kit item of type 'Nucleo-64'
2024-07-07 20:03:06,271 [INFO] DbBoardsSqlite:226 - include board P-NUCLEO-WB55-USBDONGLE as a kit item of type 'Nucleo USB Dongle'
2024-07-07 20:03:06,272 [INFO] DbBoardsSqlite:226 - include board STEVAL-IDP005V1 as a kit item of type 'Evaluation Board'
2024-07-07 20:03:06,273 [INFO] DbBoardsSqlite:226 - include board STEVAL-IDP005V2 as a kit item of type 'Evaluation Board'
2024-07-07 20:03:06,416 [INFO] ApiDb:240 - Found 483 in-development CPN: [B-G473E-ZEST1S, B-WB1M-WPAN1, B-WL5M-SUBG1, NUCLEO-C031C6, NUCLEO-H503RB, NUCLEO-H533RE, NUCLEO-H563ZI, NUCLEO-H7S3L8, NUCLEO-U031R8, NUCLEO-U083RC, NUCLEO-U545RE-Q, NUCLEO-U5A5ZJ-Q, NUCLEO-WBA52CG, NUCLEO-WBA55CG, STEVAL-PROTEUS1, STEVAL-SMARTAG2, STEVAL-STWINBX1, STM320518-EVAL, STM32C0116-DK, STM32C011D6Y3TR, STM32C011D6Y6TR, STM32C011F4P3, STM32C011F4P6, STM32C011F4U3, STM32C011F4U6TR, STM32C011F6P3, STM32C011F6P6, STM32C011F6U3, STM32C011F6U6TR, STM32C011J4M3, STM32C011J4M6, STM32C011J6M3, STM32C011J6M6, STM32C0316-DK, STM32C031C4T3, STM32C031C4T6, STM32C031C4U3, STM32C031C4U6, STM32C031C6T3, STM32C031C6T6, STM32C031C6U3, STM32C031C6U6, STM32C031F4P3, STM32C031F4P6, STM32C031F6P3, STM32C031F6P6, STM32C031G4U3, STM32C031G4U6, STM32C031G6U3, STM32C031G6U6, STM32C031K4T3, STM32C031K4T6, STM32C031K4U3, STM32C031K4U6, STM32C031K6T3, STM32C031K6T6, STM32C031K6U3, STM32C031K6U6, STM32G071K8TXN, STM32G071K8UXN, STM32G081GBU6N, STM32G081KBT6N, STM32G081KBUXN, STM32G0B1CCT6N, STM32G0B1KCT6, STM32G0B1NEY6TR, STM32G0B1RCT6N, STM32G0C1CCT6, STM32G0C1CCT6N, STM32G0C1CCU6N, STM32G0C1CET6N, STM32G0C1CEU6N, STM32G0C1KCT6, STM32G0C1NEY6TR, STM32G0C1RCI6N, STM32G0C1RCT6N, STM32G0C1REI6N, STM32G0C1RET6N, STM32G0C1VCI6, STM32G0C1VEI6, STM32G471CCT6, STM32G471CCU6, STM32G471CET3, STM32G471CET6, STM32G471CEU3, STM32G471CEU6, STM32G471MCT6, STM32G471MET3, STM32G471MET6, STM32G471MEY6TR, STM32G471QCT6, STM32G471QET3, STM32G471RCT6, STM32G471RET3, STM32G471RET6, STM32G471VCH6, STM32G471VCI6, STM32G471VCT6, STM32G471VEH3, STM32G471VEH6, STM32G471VEI3, STM32G471VEI6, STM32G471VET3, STM32G471VET6, STM32G474CCT6, STM32H503CBT6, STM32H503CBU6, STM32H503EBY6TR, STM32H503KBU6, STM32H503RBT6, STM32H523CCT6, STM32H523CCU6, STM32H523CET6, STM32H523CEU6, STM32H523HEY6TR, STM32H523RCT6, STM32H523RET6, STM32H523VCI6, STM32H523VCT6, STM32H523VEI6, STM32H523VET6, STM32H523ZCJ6, STM32H523ZCT6, STM32H523ZEJ6, STM32H523ZET6, STM32H533CET6, STM32H533CEU6, STM32H533HEY6TR, STM32H533RET6, STM32H533VEI6, STM32H533VET6, STM32H533ZEJ6, STM32H533ZET6, STM32H562AGI6, STM32H562AII6, STM32H562IGK6, STM32H562IGT6, STM32H562IIK6, STM32H562IIT6, STM32H562RGT6, STM32H562RGV6, STM32H562RIT6, STM32H562RIV6, STM32H562VGT6, STM32H562VIT6, STM32H562ZGT6, STM32H562ZIT6, STM32H563AGI6, STM32H563AII3Q, STM32H563AII6, STM32H563IGK6, STM32H563IGT6, STM32H563IIK3Q, STM32H563IIK6, STM32H563IIT3Q, STM32H563IIT6, STM32H563MIY3QTR, STM32H563RGT6, STM32H563RGV6, STM32H563RIT6, STM32H563RIV6, STM32H563VGT6, STM32H563VIT3Q, STM32H563VIT6, STM32H563ZGT6, STM32H563ZIT3Q, STM32H563ZIT6, STM32H573AII3Q, STM32H573AII6, STM32H573I-DK, STM32H573IIK3Q, STM32H573IIK6, STM32H573IIT3Q, STM32H573IIT6, STM32H573MIY3QTR, STM32H573RIT6, STM32H573RIV6, STM32H573VIT3Q, STM32H573VIT6, STM32H573ZIT3Q, STM32H573ZIT6, STM32H7R3A8I6, STM32H7R3I8K6, STM32H7R3I8T6, STM32H7R3L8H6, STM32H7R3L8H6H, STM32H7R3R8V6, STM32H7R3V8H6, STM32H7R3V8T6, STM32H7R3V8Y6, STM32H7R3Z8J6, STM32H7R3Z8T6, STM32H7R7A8I6, STM32H7R7I8K6, STM32H7R7I8T6, STM32H7R7L8H6, STM32H7R7L8H6H, STM32H7R7Z8J6, STM32H7S3A8I6, STM32H7S3I8K6, STM32H7S3I8T6, STM32H7S3L8H6, STM32H7S3L8H6H, STM32H7S3R8V6, STM32H7S3V8H6, STM32H7S3V8T6, STM32H7S3V8Y6, STM32H7S3Z8J6, STM32H7S3Z8T6, STM32H7S78-DK, STM32H7S7A8I6, STM32H7S7I8K6, STM32H7S7I8T6, STM32H7S7L8H6, STM32H7S7L8H6H, STM32H7S7Z8J6, STM32L4R5QGI6STR, STM32MP131AAE3, STM32MP131AAF3, STM32MP131AAG3, STM32MP131CAE3, STM32MP131CAF3, STM32MP131CAG3, STM32MP131DAE7, STM32MP131DAF7, STM32MP131DAG7, STM32MP131FAE7, STM32MP131FAF7, STM32MP131FAG7, STM32MP133AAE3, STM32MP133AAF3, STM32MP133AAG3, STM32MP133CAE3, STM32MP133CAF3, STM32MP133CAG3, STM32MP133DAE7, STM32MP133DAF7, STM32MP133DAG7, STM32MP133FAE7, STM32MP133FAF7, STM32MP133FAG7, STM32MP135AAE3, STM32MP135AAF3, STM32MP135AAG3, STM32MP135CAE3, STM32MP135CAF3, STM32MP135CAG3, STM32MP135DAE7, STM32MP135DAF7, STM32MP135DAG7, STM32MP135F-DK, STM32MP135FAE7, STM32MP135FAF7, STM32MP135FAF7T, STM32MP135FAF7U, STM32MP135FAG7, STM32U031C6T6, STM32U031C6U6, STM32U031C8T6, STM32U031C8U6, STM32U031F4P6, STM32U031F6P6, STM32U031F8P6, STM32U031G6Y6TR, STM32U031G8Y6TR, STM32U031K4U6, STM32U031K6U6, STM32U031K8U6, STM32U031R6I6, STM32U031R6T6, STM32U031R8I6, STM32U031R8T6, STM32U073C8T6, STM32U073C8U6, STM32U073CBT6, STM32U073CBU6, STM32U073CCT6, STM32U073CCU6, STM32U073H8Y6TR, STM32U073HBY6TR, STM32U073HCY6TR, STM32U073K8U6, STM32U073KBU6, STM32U073KCU6, STM32U073M8I6, STM32U073M8T6, STM32U073MBI6, STM32U073MBT6, STM32U073MCI6, STM32U073MCT6, STM32U073R8I6, STM32U073R8T6, STM32U073RBI6, STM32U073RBT6, STM32U073RCI6, STM32U073RCT6, STM32U083C-DK, STM32U083CCT6, STM32U083CCU6, STM32U083HCY6TR, STM32U083KCU6, STM32U083MCI6, STM32U083MCT6, STM32U083RCI6, STM32U083RCT6, STM32U535CBT6, STM32U535CBT6Q, STM32U535CBU6, STM32U535CBU6Q, STM32U535CCT6, STM32U535CCT6Q, STM32U535CCU6, STM32U535CCU6Q, STM32U535CET6, STM32U535CET6Q, STM32U535CEU6, STM32U535CEU6Q, STM32U535JEY6QTR, STM32U535NCY6QTR, STM32U535NEY6QTR, STM32U535RBI6, STM32U535RBI6Q, STM32U535RBT6, STM32U535RBT6Q, STM32U535RCI6, STM32U535RCI6Q, STM32U535RCT6, STM32U535RCT6Q, STM32U535REI6, STM32U535REI6Q, STM32U535RET6, STM32U535RET6Q, STM32U535VCI6, STM32U535VCI6Q, STM32U535VCT6, STM32U535VCT6Q, STM32U535VEI6, STM32U535VEI6Q, STM32U535VET6, STM32U535VET6Q, STM32U545CET6, STM32U545CET6Q, STM32U545CEU6, STM32U545CEU6Q, STM32U545JEY6QTR, STM32U545NEY6QTR, STM32U545REI6, STM32U545REI6Q, STM32U545RET6, STM32U545RET6Q, STM32U545VEI6, STM32U545VEI6Q, STM32U545VET6, STM32U545VET6Q, STM32U595AIH6, STM32U595AIH6Q, STM32U595AJH6, STM32U595AJH6Q, STM32U595QII6, STM32U595QII6Q, STM32U595QJI6, STM32U595QJI6Q, STM32U595RIT6, STM32U595RIT6Q, STM32U595RJT6, STM32U595RJT6Q, STM32U595VIT6, STM32U595VIT6Q, STM32U595VJT6, STM32U595VJT6Q, STM32U595ZIT6, STM32U595ZIT6Q, STM32U595ZIY6QTR, STM32U595ZJT6, STM32U595ZJT6Q, STM32U595ZJY6QTR, STM32U599BJY6QTR, STM32U599NIH6Q, STM32U599NJH6Q, STM32U599VIT6Q, STM32U599VJT6, STM32U599VJT6Q, STM32U599ZIT6Q, STM32U599ZIY6QTR, STM32U599ZJT6Q, STM32U599ZJY6QTR, STM32U5A5AJH6, STM32U5A5AJH6Q, STM32U5A5QII3Q , STM32U5A5QJI6, STM32U5A5QJI6Q, STM32U5A5RJT6, STM32U5A5RJT6Q, STM32U5A5VJT6, STM32U5A5VJT6Q, STM32U5A5ZJT6, STM32U5A5ZJT6Q, STM32U5A5ZJY6QTR, STM32U5A9BJY6QTR, STM32U5A9J-DK, STM32U5A9NJH6Q, STM32U5A9VJT6Q, STM32U5A9ZJT6Q, STM32U5A9ZJY6QTR, STM32U5F7VIT6, STM32U5F7VIT6Q, STM32U5F7VJT6, STM32U5F7VJT6Q, STM32U5F9BJY6QTR, STM32U5F9NJH6Q, STM32U5F9VIT6Q, STM32U5F9VJT6Q, STM32U5F9ZIJ6QTR, STM32U5F9ZIT6Q, STM32U5F9ZJJ6QTR, STM32U5F9ZJT6Q, STM32U5G7VJT6, STM32U5G7VJT6Q, STM32U5G9BJY6QTR, STM32U5G9J-DK1, STM32U5G9J-DK2, STM32U5G9NJH6Q, STM32U5G9VJT6Q, STM32U5G9ZJJ6QTR, STM32U5G9ZJT6Q, STM32WB1MMCH6, STM32WBA50KEU6, STM32WBA50KEU6TR, STM32WBA50KGU6, STM32WBA50KGU6TR, STM32WBA52CEU6, STM32WBA52CEU6TR, STM32WBA52CEU7, STM32WBA52CEU7TR, STM32WBA52CGU6, STM32WBA52CGU6TR, STM32WBA52CGU6U, STM32WBA52CGU7, STM32WBA52CGU7TR, STM32WBA52KEU6, STM32WBA52KEU6TR, STM32WBA52KGU6, STM32WBA52KGU6TR, STM32WBA54CEU6, STM32WBA54CEU6TR, STM32WBA54CEU7, STM32WBA54CEU7TR, STM32WBA54CGU6, STM32WBA54CGU6TR, STM32WBA54CGU7, STM32WBA54CGU7TR, STM32WBA54KEU6, STM32WBA54KEU6TR, STM32WBA54KEU7, STM32WBA54KEU7TR, STM32WBA54KGU6, STM32WBA54KGU6TR, STM32WBA54KGU7, STM32WBA54KGU7TR, STM32WBA55CEU6, STM32WBA55CEU6TR, STM32WBA55CEU7, STM32WBA55CEU7TR, STM32WBA55CGU6, STM32WBA55CGU6TR, STM32WBA55CGU6U, STM32WBA55CGU7, STM32WBA55CGU7TR, STM32WBA55G-DK1, STM32WBA55HEF6, STM32WBA55HEF7, STM32WBA55HGF6, STM32WBA55HGF7, STM32WBA55UEI6, STM32WBA55UEI6TR, STM32WBA55UEI7, STM32WBA55UEI7TR, STM32WBA55UGI6, STM32WBA55UGI6TR, STM32WBA55UGI7, STM32WBA55UGI7TR, STM32WL5MOCH6, STM32WL5MOCH6TR]
2024-07-07 20:03:06,579 [INFO] BoardInfo:889 - No configuration file found for board P-NUCLEO-WB55
2024-07-07 20:03:06,580 [INFO] DbBoards:161 - Kit is not supported: P-NUCLEO-WB55
2024-07-07 20:03:06,586 [INFO] BoardInfo:889 - No configuration file found for board STEVAL-BFA001V1B
2024-07-07 20:03:06,586 [INFO] DbBoards:161 - Kit is not supported: STEVAL-BFA001V1B
2024-07-07 20:03:06,588 [INFO] BoardInfo:889 - No configuration file found for board STEVAL-BFA001V2B
2024-07-07 20:03:06,588 [INFO] DbBoards:161 - Kit is not supported: STEVAL-BFA001V2B
2024-07-07 20:03:06,657 [ERROR] ServerAccessManage:1089 - Problem, file not found on Server
2024-07-07 20:03:06,785 [INFO] DbBoards:168 - Found 199 boards, 196 are supported
2024-07-07 20:03:06,786 [INFO] DbBoards:169 - Found 199 boards, 8 of them is supported for  Bsp
2024-07-07 20:03:06,791 [INFO] ApiDb:668 - CubeFinder database Data Model version=2.1
2024-07-07 20:03:06,792 [INFO] ApiDb:669 - CubeFinder database Configuration version=3.0.39
2024-07-07 20:03:06,792 [INFO] ApiDb:670 - CubeFinder database generation date=2024-05-16 (1715872938)
2024-07-07 20:03:06,792 [INFO] ApiDb:671 - CubeFinder database FW Pack versions=[FP-ATR-ASTRA1_V2.0.0, FP-SNS-FLIGHT1_V5.0.1, FP-SNS-FLIGHT1_V5.0.2, FP-SNS-MOTENV1_V4.3.1, FP-SNS-MOTENV1_V4.3.2, FP-SNS-MOTENV1_V5.0.0, FP-SNS-MOTENVWB1_V1.4.0, FP-SNS-SMARTAG2_V1.2.0, STM32Cube_FW_C0_V1.1.0, STM32Cube_FW_F4_V1.28.0, STM32Cube_FW_F7_V1.17.0, STM32Cube_FW_G0_V1.6.2, STM32Cube_FW_G4_V1.5.2, STM32Cube_FW_H5_V0.5.1, STM32Cube_FW_H5_V1.1.1, STM32Cube_FW_H5_V1.2.0, STM32Cube_FW_H5_V1.2.0RC4, STM32Cube_FW_H7RS_V1.0.0, STM32Cube_FW_H7RS_V1.0.0RC4, STM32Cube_FW_H7_V1.11.0, STM32Cube_FW_L0_V1.12.2, STM32Cube_FW_L5_V1.5.1, STM32Cube_FW_U0_V1.0.0, STM32Cube_FW_U0_V1.0.0RC1, STM32Cube_FW_U5_V1.3.0RC4, STM32Cube_FW_U5_V1.5.0, STM32Cube_FW_U5_V1.5.0RC1, STM32Cube_FW_WBA_V1.0.0RC1, STM32Cube_FW_WBA_V1.2.0, STM32Cube_FW_WBA_V1.2.0RC2, STM32Cube_FW_WBA_V1.3.0, STM32Cube_FW_WBA_V1.3.0RC1, STM32Cube_FW_WB_V1.15.0RC1, STM32Cube_FW_WB_V1.16.0, STM32Cube_FW_WB_V1.16.0RC2, STM32Cube_FW_WB_V1.18.0, STM32Cube_FW_WB_V1.19.0, STM32Cube_FW_WL_V1.3.0, X-CUBE-ALGOBUILD_V1.4.0, X-CUBE-ALS_V1.0.1, X-CUBE-AZRTOS-F4_V1.1.0, X-CUBE-AZRTOS-F7_V1.1.0, X-CUBE-AZRTOS-G0_V1.1.0, X-CUBE-AZRTOS-G4_V2.0.0, X-CUBE-AZRTOS-H7_V3.2.0, X-CUBE-AZRTOS-L4_V1.0.0, X-CUBE-AZRTOS-L4_V2.0.0, X-CUBE-AZRTOS-L5_V1.1.0, X-CUBE-AZRTOS-WB_V2.0.0, X-CUBE-AZRTOS-WL_V2.0.0, X-CUBE-BLE1_V7.0.0, X-CUBE-BLE2_V3.3.0, X-CUBE-BLEMGR_V3.1.0, X-CUBE-EEPRMA1_V4.1.0, X-CUBE-EEPRMA1_V5.1.0, X-CUBE-FREERTOS_V1.1.0, X-CUBE-GNSS1_V6.0.0, X-CUBE-MEMS1_V10.0.0, X-CUBE-MEMS1_V9.1.0, X-CUBE-MEMS1_V9.4.0, X-CUBE-MEMS1_V9.6.0, X-CUBE-NFC4_V3.0.0, X-CUBE-NFC7_V1.0.1, X-CUBE-SFXS2LP1_V4.0.0, X-CUBE-SUBG2_V5.0.0, X-CUBE-TOF1_V3.4.0]
2024-07-07 20:03:07,586 [INFO] ServerAccessManage:473 - Download File STMicroelectronics.X-CUBE-ISPU.pdsc
2024-07-07 20:03:09,552 [INFO] ApiDb:240 - Found 483 in-development CPN: [B-G473E-ZEST1S, B-WB1M-WPAN1, B-WL5M-SUBG1, NUCLEO-C031C6, NUCLEO-H503RB, NUCLEO-H533RE, NUCLEO-H563ZI, NUCLEO-H7S3L8, NUCLEO-U031R8, NUCLEO-U083RC, NUCLEO-U545RE-Q, NUCLEO-U5A5ZJ-Q, NUCLEO-WBA52CG, NUCLEO-WBA55CG, STEVAL-PROTEUS1, STEVAL-SMARTAG2, STEVAL-STWINBX1, STM320518-EVAL, STM32C0116-DK, STM32C011D6Y3TR, STM32C011D6Y6TR, STM32C011F4P3, STM32C011F4P6, STM32C011F4U3, STM32C011F4U6TR, STM32C011F6P3, STM32C011F6P6, STM32C011F6U3, STM32C011F6U6TR, STM32C011J4M3, STM32C011J4M6, STM32C011J6M3, STM32C011J6M6, STM32C0316-DK, STM32C031C4T3, STM32C031C4T6, STM32C031C4U3, STM32C031C4U6, STM32C031C6T3, STM32C031C6T6, STM32C031C6U3, STM32C031C6U6, STM32C031F4P3, STM32C031F4P6, STM32C031F6P3, STM32C031F6P6, STM32C031G4U3, STM32C031G4U6, STM32C031G6U3, STM32C031G6U6, STM32C031K4T3, STM32C031K4T6, STM32C031K4U3, STM32C031K4U6, STM32C031K6T3, STM32C031K6T6, STM32C031K6U3, STM32C031K6U6, STM32G071K8TXN, STM32G071K8UXN, STM32G081GBU6N, STM32G081KBT6N, STM32G081KBUXN, STM32G0B1CCT6N, STM32G0B1KCT6, STM32G0B1NEY6TR, STM32G0B1RCT6N, STM32G0C1CCT6, STM32G0C1CCT6N, STM32G0C1CCU6N, STM32G0C1CET6N, STM32G0C1CEU6N, STM32G0C1KCT6, STM32G0C1NEY6TR, STM32G0C1RCI6N, STM32G0C1RCT6N, STM32G0C1REI6N, STM32G0C1RET6N, STM32G0C1VCI6, STM32G0C1VEI6, STM32G471CCT6, STM32G471CCU6, STM32G471CET3, STM32G471CET6, STM32G471CEU3, STM32G471CEU6, STM32G471MCT6, STM32G471MET3, STM32G471MET6, STM32G471MEY6TR, STM32G471QCT6, STM32G471QET3, STM32G471RCT6, STM32G471RET3, STM32G471RET6, STM32G471VCH6, STM32G471VCI6, STM32G471VCT6, STM32G471VEH3, STM32G471VEH6, STM32G471VEI3, STM32G471VEI6, STM32G471VET3, STM32G471VET6, STM32G474CCT6, STM32H503CBT6, STM32H503CBU6, STM32H503EBY6TR, STM32H503KBU6, STM32H503RBT6, STM32H523CCT6, STM32H523CCU6, STM32H523CET6, STM32H523CEU6, STM32H523HEY6TR, STM32H523RCT6, STM32H523RET6, STM32H523VCI6, STM32H523VCT6, STM32H523VEI6, STM32H523VET6, STM32H523ZCJ6, STM32H523ZCT6, STM32H523ZEJ6, STM32H523ZET6, STM32H533CET6, STM32H533CEU6, STM32H533HEY6TR, STM32H533RET6, STM32H533VEI6, STM32H533VET6, STM32H533ZEJ6, STM32H533ZET6, STM32H562AGI6, STM32H562AII6, STM32H562IGK6, STM32H562IGT6, STM32H562IIK6, STM32H562IIT6, STM32H562RGT6, STM32H562RGV6, STM32H562RIT6, STM32H562RIV6, STM32H562VGT6, STM32H562VIT6, STM32H562ZGT6, STM32H562ZIT6, STM32H563AGI6, STM32H563AII3Q, STM32H563AII6, STM32H563IGK6, STM32H563IGT6, STM32H563IIK3Q, STM32H563IIK6, STM32H563IIT3Q, STM32H563IIT6, STM32H563MIY3QTR, STM32H563RGT6, STM32H563RGV6, STM32H563RIT6, STM32H563RIV6, STM32H563VGT6, STM32H563VIT3Q, STM32H563VIT6, STM32H563ZGT6, STM32H563ZIT3Q, STM32H563ZIT6, STM32H573AII3Q, STM32H573AII6, STM32H573I-DK, STM32H573IIK3Q, STM32H573IIK6, STM32H573IIT3Q, STM32H573IIT6, STM32H573MIY3QTR, STM32H573RIT6, STM32H573RIV6, STM32H573VIT3Q, STM32H573VIT6, STM32H573ZIT3Q, STM32H573ZIT6, STM32H7R3A8I6, STM32H7R3I8K6, STM32H7R3I8T6, STM32H7R3L8H6, STM32H7R3L8H6H, STM32H7R3R8V6, STM32H7R3V8H6, STM32H7R3V8T6, STM32H7R3V8Y6, STM32H7R3Z8J6, STM32H7R3Z8T6, STM32H7R7A8I6, STM32H7R7I8K6, STM32H7R7I8T6, STM32H7R7L8H6, STM32H7R7L8H6H, STM32H7R7Z8J6, STM32H7S3A8I6, STM32H7S3I8K6, STM32H7S3I8T6, STM32H7S3L8H6, STM32H7S3L8H6H, STM32H7S3R8V6, STM32H7S3V8H6, STM32H7S3V8T6, STM32H7S3V8Y6, STM32H7S3Z8J6, STM32H7S3Z8T6, STM32H7S78-DK, STM32H7S7A8I6, STM32H7S7I8K6, STM32H7S7I8T6, STM32H7S7L8H6, STM32H7S7L8H6H, STM32H7S7Z8J6, STM32L4R5QGI6STR, STM32MP131AAE3, STM32MP131AAF3, STM32MP131AAG3, STM32MP131CAE3, STM32MP131CAF3, STM32MP131CAG3, STM32MP131DAE7, STM32MP131DAF7, STM32MP131DAG7, STM32MP131FAE7, STM32MP131FAF7, STM32MP131FAG7, STM32MP133AAE3, STM32MP133AAF3, STM32MP133AAG3, STM32MP133CAE3, STM32MP133CAF3, STM32MP133CAG3, STM32MP133DAE7, STM32MP133DAF7, STM32MP133DAG7, STM32MP133FAE7, STM32MP133FAF7, STM32MP133FAG7, STM32MP135AAE3, STM32MP135AAF3, STM32MP135AAG3, STM32MP135CAE3, STM32MP135CAF3, STM32MP135CAG3, STM32MP135DAE7, STM32MP135DAF7, STM32MP135DAG7, STM32MP135F-DK, STM32MP135FAE7, STM32MP135FAF7, STM32MP135FAF7T, STM32MP135FAF7U, STM32MP135FAG7, STM32U031C6T6, STM32U031C6U6, STM32U031C8T6, STM32U031C8U6, STM32U031F4P6, STM32U031F6P6, STM32U031F8P6, STM32U031G6Y6TR, STM32U031G8Y6TR, STM32U031K4U6, STM32U031K6U6, STM32U031K8U6, STM32U031R6I6, STM32U031R6T6, STM32U031R8I6, STM32U031R8T6, STM32U073C8T6, STM32U073C8U6, STM32U073CBT6, STM32U073CBU6, STM32U073CCT6, STM32U073CCU6, STM32U073H8Y6TR, STM32U073HBY6TR, STM32U073HCY6TR, STM32U073K8U6, STM32U073KBU6, STM32U073KCU6, STM32U073M8I6, STM32U073M8T6, STM32U073MBI6, STM32U073MBT6, STM32U073MCI6, STM32U073MCT6, STM32U073R8I6, STM32U073R8T6, STM32U073RBI6, STM32U073RBT6, STM32U073RCI6, STM32U073RCT6, STM32U083C-DK, STM32U083CCT6, STM32U083CCU6, STM32U083HCY6TR, STM32U083KCU6, STM32U083MCI6, STM32U083MCT6, STM32U083RCI6, STM32U083RCT6, STM32U535CBT6, STM32U535CBT6Q, STM32U535CBU6, STM32U535CBU6Q, STM32U535CCT6, STM32U535CCT6Q, STM32U535CCU6, STM32U535CCU6Q, STM32U535CET6, STM32U535CET6Q, STM32U535CEU6, STM32U535CEU6Q, STM32U535JEY6QTR, STM32U535NCY6QTR, STM32U535NEY6QTR, STM32U535RBI6, STM32U535RBI6Q, STM32U535RBT6, STM32U535RBT6Q, STM32U535RCI6, STM32U535RCI6Q, STM32U535RCT6, STM32U535RCT6Q, STM32U535REI6, STM32U535REI6Q, STM32U535RET6, STM32U535RET6Q, STM32U535VCI6, STM32U535VCI6Q, STM32U535VCT6, STM32U535VCT6Q, STM32U535VEI6, STM32U535VEI6Q, STM32U535VET6, STM32U535VET6Q, STM32U545CET6, STM32U545CET6Q, STM32U545CEU6, STM32U545CEU6Q, STM32U545JEY6QTR, STM32U545NEY6QTR, STM32U545REI6, STM32U545REI6Q, STM32U545RET6, STM32U545RET6Q, STM32U545VEI6, STM32U545VEI6Q, STM32U545VET6, STM32U545VET6Q, STM32U595AIH6, STM32U595AIH6Q, STM32U595AJH6, STM32U595AJH6Q, STM32U595QII6, STM32U595QII6Q, STM32U595QJI6, STM32U595QJI6Q, STM32U595RIT6, STM32U595RIT6Q, STM32U595RJT6, STM32U595RJT6Q, STM32U595VIT6, STM32U595VIT6Q, STM32U595VJT6, STM32U595VJT6Q, STM32U595ZIT6, STM32U595ZIT6Q, STM32U595ZIY6QTR, STM32U595ZJT6, STM32U595ZJT6Q, STM32U595ZJY6QTR, STM32U599BJY6QTR, STM32U599NIH6Q, STM32U599NJH6Q, STM32U599VIT6Q, STM32U599VJT6, STM32U599VJT6Q, STM32U599ZIT6Q, STM32U599ZIY6QTR, STM32U599ZJT6Q, STM32U599ZJY6QTR, STM32U5A5AJH6, STM32U5A5AJH6Q, STM32U5A5QII3Q , STM32U5A5QJI6, STM32U5A5QJI6Q, STM32U5A5RJT6, STM32U5A5RJT6Q, STM32U5A5VJT6, STM32U5A5VJT6Q, STM32U5A5ZJT6, STM32U5A5ZJT6Q, STM32U5A5ZJY6QTR, STM32U5A9BJY6QTR, STM32U5A9J-DK, STM32U5A9NJH6Q, STM32U5A9VJT6Q, STM32U5A9ZJT6Q, STM32U5A9ZJY6QTR, STM32U5F7VIT6, STM32U5F7VIT6Q, STM32U5F7VJT6, STM32U5F7VJT6Q, STM32U5F9BJY6QTR, STM32U5F9NJH6Q, STM32U5F9VIT6Q, STM32U5F9VJT6Q, STM32U5F9ZIJ6QTR, STM32U5F9ZIT6Q, STM32U5F9ZJJ6QTR, STM32U5F9ZJT6Q, STM32U5G7VJT6, STM32U5G7VJT6Q, STM32U5G9BJY6QTR, STM32U5G9J-DK1, STM32U5G9J-DK2, STM32U5G9NJH6Q, STM32U5G9VJT6Q, STM32U5G9ZJJ6QTR, STM32U5G9ZJT6Q, STM32WB1MMCH6, STM32WBA50KEU6, STM32WBA50KEU6TR, STM32WBA50KGU6, STM32WBA50KGU6TR, STM32WBA52CEU6, STM32WBA52CEU6TR, STM32WBA52CEU7, STM32WBA52CEU7TR, STM32WBA52CGU6, STM32WBA52CGU6TR, STM32WBA52CGU6U, STM32WBA52CGU7, STM32WBA52CGU7TR, STM32WBA52KEU6, STM32WBA52KEU6TR, STM32WBA52KGU6, STM32WBA52KGU6TR, STM32WBA54CEU6, STM32WBA54CEU6TR, STM32WBA54CEU7, STM32WBA54CEU7TR, STM32WBA54CGU6, STM32WBA54CGU6TR, STM32WBA54CGU7, STM32WBA54CGU7TR, STM32WBA54KEU6, STM32WBA54KEU6TR, STM32WBA54KEU7, STM32WBA54KEU7TR, STM32WBA54KGU6, STM32WBA54KGU6TR, STM32WBA54KGU7, STM32WBA54KGU7TR, STM32WBA55CEU6, STM32WBA55CEU6TR, STM32WBA55CEU7, STM32WBA55CEU7TR, STM32WBA55CGU6, STM32WBA55CGU6TR, STM32WBA55CGU6U, STM32WBA55CGU7, STM32WBA55CGU7TR, STM32WBA55G-DK1, STM32WBA55HEF6, STM32WBA55HEF7, STM32WBA55HGF6, STM32WBA55HGF7, STM32WBA55UEI6, STM32WBA55UEI6TR, STM32WBA55UEI7, STM32WBA55UEI7TR, STM32WBA55UGI6, STM32WBA55UGI6TR, STM32WBA55UGI7, STM32WBA55UGI7TR, STM32WL5MOCH6, STM32WL5MOCH6TR]
2024-07-07 20:03:09,558 [INFO] DbMcus:218 - Found 4096 MCUs, 4096 are supported
2024-07-07 20:03:09,558 [INFO] ApiDb:423 - Load user favorites file /home/wgg/.stm32cubeide/favorites.mcus.txt: 0 item(s)
2024-07-07 20:03:09,559 [INFO] ApiDb:427 - User favorites MCUs=[]
2024-07-07 20:03:09,559 [INFO] DbMcus:224 - Set 0 / 0 favorites MCUs
2024-07-07 20:03:09,908 [INFO] ApiDb:414 - User favorites file not found: /home/wgg/.stm32cubeide/favorites.boards.txt
2024-07-07 20:03:09,908 [INFO] DbBoards:198 - Set 0 / 0 favorites Boards
2024-07-07 20:03:09,908 [INFO] McuFinderGlobals:76 - Set McuFinderConnectedMode to true
2024-07-07 20:03:09,918 [INFO] MultiScanPanel:200 - Auto-refresh data requested => check proxy status ongoing
2024-07-07 20:03:09,920 [INFO] FinderPluginLoader:95 - Searching for filters in installed packs
2024-07-07 20:03:11,384 [INFO] ServerAccessManage:473 - Download File STMicroelectronics.X-CUBE-MEMS1.pdsc
2024-07-07 20:03:11,542 [ERROR] WebUtils:396 - Updater is busy
2024-07-07 20:03:11,542 [WARN] DetailPanel:346 - Failed to get advertising image, set to default
2024-07-07 20:03:28,200 [ERROR] LogOutputStream:75 - [STDERR_REDIRECT] Jul 07, 2024 8:03:28 PM java.util.prefs.FileSystemPreferences checkLockFile0ErrorCode
2024-07-07 20:03:28,201 [ERROR] LogOutputStream:75 - [STDERR_REDIRECT] WARNING: Could not lock System prefs. Unix error code 32544.
2024-07-07 20:03:28,201 [ERROR] LogOutputStream:75 - [STDERR_REDIRECT] 
2024-07-07 20:03:28,201 [ERROR] LogOutputStream:75 - [STDERR_REDIRECT] Jul 07, 2024 8:03:28 PM java.util.prefs.FileSystemPreferences syncWorld
2024-07-07 20:03:28,202 [ERROR] LogOutputStream:75 - [STDERR_REDIRECT] WARNING: Couldn't flush system prefs: java.util.prefs.BackingStoreException: Couldn't get file lock.
2024-07-07 20:03:28,202 [ERROR] LogOutputStream:75 - [STDERR_REDIRECT] 
2024-07-07 20:03:35,413 [INFO] ServerAccessManage:473 - Download File STMicroelectronics.X-CUBE-NFC4.pdsc
2024-07-07 20:03:48,177 [INFO] ServerAccessManage:473 - Download File STMicroelectronics.X-CUBE-NFC6.pdsc
2024-07-07 20:03:50,619 [INFO] ServerAccessManage:473 - Download File STMicroelectronics.X-CUBE-NFC7.pdsc
2024-07-07 20:03:53,405 [INFO] ServerAccessManage:473 - Download File STMicroelectronics.X-CUBE-SFXS2LP1.pdsc
2024-07-07 20:03:58,201 [ERROR] LogOutputStream:75 - [STDERR_REDIRECT] Jul 07, 2024 8:03:58 PM java.util.prefs.FileSystemPreferences checkLockFile0ErrorCode
2024-07-07 20:03:58,201 [ERROR] LogOutputStream:75 - [STDERR_REDIRECT] WARNING: Could not lock System prefs. Unix error code 32544.
2024-07-07 20:03:58,202 [ERROR] LogOutputStream:75 - [STDERR_REDIRECT] 
2024-07-07 20:03:58,203 [ERROR] LogOutputStream:75 - [STDERR_REDIRECT] Jul 07, 2024 8:03:58 PM java.util.prefs.FileSystemPreferences syncWorld
2024-07-07 20:03:58,203 [ERROR] LogOutputStream:75 - [STDERR_REDIRECT] WARNING: Couldn't flush system prefs: java.util.prefs.BackingStoreException: Couldn't get file lock.
2024-07-07 20:03:58,203 [ERROR] LogOutputStream:75 - [STDERR_REDIRECT] 
2024-07-07 20:03:58,521 [INFO] ServerAccessManage:473 - Download File STMicroelectronics.X-CUBE-SAFEA1.pdsc
2024-07-07 20:04:00,490 [INFO] ServerAccessManage:473 - Download File STMicroelectronics.X-CUBE-SUBG2.pdsc
2024-07-07 20:04:10,398 [INFO] ServerAccessManage:473 - Download File STMicroelectronics.X-CUBE-SMBUS.pdsc
2024-07-07 20:04:12,342 [ERROR] ServerAccessManage:1089 - Problem, file not found on Server
2024-07-07 20:04:13,264 [INFO] ServerAccessManage:473 - Download File STMicroelectronics.X-CUBE-TCPP.pdsc
2024-07-07 20:04:15,316 [INFO] ServerAccessManage:473 - Download File STMicroelectronics.X-CUBE-TOF1.pdsc
2024-07-07 20:04:25,142 [ERROR] ServerAccessManage:1089 - Problem, file not found on Server
2024-07-07 20:04:26,175 [INFO] ServerAccessManage:473 - Download File STMicroelectronics.X-CUBE-TOUCHGFX.pdsc
2024-07-07 20:04:28,202 [ERROR] LogOutputStream:75 - [STDERR_REDIRECT] Jul 07, 2024 8:04:28 PM java.util.prefs.FileSystemPreferences checkLockFile0ErrorCode
2024-07-07 20:04:28,202 [ERROR] LogOutputStream:75 - [STDERR_REDIRECT] WARNING: Could not lock System prefs. Unix error code 32544.
2024-07-07 20:04:28,202 [ERROR] LogOutputStream:75 - [STDERR_REDIRECT] 
2024-07-07 20:04:28,204 [ERROR] LogOutputStream:75 - [STDERR_REDIRECT] Jul 07, 2024 8:04:28 PM java.util.prefs.FileSystemPreferences syncWorld
2024-07-07 20:04:28,204 [ERROR] LogOutputStream:75 - [STDERR_REDIRECT] WARNING: Couldn't flush system prefs: java.util.prefs.BackingStoreException: Couldn't get file lock.
2024-07-07 20:04:28,204 [ERROR] LogOutputStream:75 - [STDERR_REDIRECT] 
2024-07-07 20:04:29,448 [INFO] ServerAccessManage:473 - Download File STMicroelectronics.X-CUBE-ALGOBUILD.pdsc
2024-07-07 20:04:36,819 [INFO] ServerAccessManage:473 - Download File STMicroelectronics.X-CUBE-AZRTOS-H7.pdsc
2024-07-07 20:04:38,445 [INFO] McuFinderGlobals:76 - Set McuFinderConnectedMode to true
2024-07-07 20:04:38,449 [INFO] ApiDb:448 - Save user favorites file /home/wgg/.stm32cubeide/favorites.mcus.txt: 0 item(s)
2024-07-07 20:04:38,450 [INFO] ApiDb:452 - User favorites MCUs=[]
2024-07-07 20:04:45,936 [INFO] ServerAccessManage:473 - Download File STMicroelectronics.X-CUBE-AZRTOS-H7RS.pdsc
2024-07-07 20:04:48,291 [INFO] ServerAccessManage:473 - Download File STMicroelectronics.X-CUBE-AZRTOS-F4.pdsc
2024-07-07 20:04:51,875 [INFO] ServerAccessManage:473 - Download File STMicroelectronics.X-CUBE-AZRTOS-F7.pdsc
2024-07-07 20:04:55,568 [INFO] ServerAccessManage:473 - Download File STMicroelectronics.X-CUBE-AZRTOS-L4.pdsc
2024-07-07 20:04:58,211 [ERROR] LogOutputStream:75 - [STDERR_REDIRECT] Jul 07, 2024 8:04:58 PM java.util.prefs.FileSystemPreferences checkLockFile0ErrorCode
2024-07-07 20:04:58,212 [ERROR] LogOutputStream:75 - [STDERR_REDIRECT] WARNING: Could not lock System prefs. Unix error code 32544.
2024-07-07 20:04:58,212 [ERROR] LogOutputStream:75 - [STDERR_REDIRECT] 
2024-07-07 20:04:58,214 [ERROR] LogOutputStream:75 - [STDERR_REDIRECT] Jul 07, 2024 8:04:58 PM java.util.prefs.FileSystemPreferences syncWorld
2024-07-07 20:04:58,214 [ERROR] LogOutputStream:75 - [STDERR_REDIRECT] WARNING: Couldn't flush system prefs: java.util.prefs.BackingStoreException: Couldn't get file lock.
2024-07-07 20:04:58,215 [ERROR] LogOutputStream:75 - [STDERR_REDIRECT] 
2024-07-07 20:04:59,458 [INFO] ServerAccessManage:473 - Download File STMicroelectronics.X-CUBE-AZRTOS-L5.pdsc
2024-07-07 20:05:03,961 [INFO] ServerAccessManage:473 - Download File STMicroelectronics.X-CUBE-AZRTOS-G0.pdsc
2024-07-07 20:05:07,446 [INFO] ServerAccessManage:473 - Download File STMicroelectronics.X-CUBE-AZRTOS-G4.pdsc
2024-07-07 20:05:10,314 [INFO] ServerAccessManage:473 - Download File STMicroelectronics.X-CUBE-AZRTOS-WB.pdsc
2024-07-07 20:05:13,284 [INFO] ServerAccessManage:473 - Download File STMicroelectronics.X-CUBE-AZRTOS-WL.pdsc
2024-07-07 20:05:17,283 [INFO] ServerAccessManage:473 - Download File wolfSSL.I-CUBE-wolfSSL.pdsc
2024-07-07 20:05:26,706 [ERROR] ServerAccessManage:1089 - Problem, file not found on Server
2024-07-07 20:05:27,383 [ERROR] ServerAccessManage:1089 - Problem, file not found on Server
2024-07-07 20:05:28,033 [ERROR] ServerAccessManage:1089 - Problem, file not found on Server
2024-07-07 20:05:28,201 [ERROR] LogOutputStream:75 - [STDERR_REDIRECT] Jul 07, 2024 8:05:28 PM java.util.prefs.FileSystemPreferences checkLockFile0ErrorCode
2024-07-07 20:05:28,202 [ERROR] LogOutputStream:75 - [STDERR_REDIRECT] WARNING: Could not lock System prefs. Unix error code 32544.
2024-07-07 20:05:28,202 [ERROR] LogOutputStream:75 - [STDERR_REDIRECT] 
2024-07-07 20:05:28,203 [ERROR] LogOutputStream:75 - [STDERR_REDIRECT] Jul 07, 2024 8:05:28 PM java.util.prefs.FileSystemPreferences syncWorld
2024-07-07 20:05:28,204 [ERROR] LogOutputStream:75 - [STDERR_REDIRECT] WARNING: Couldn't flush system prefs: java.util.prefs.BackingStoreException: Couldn't get file lock.
2024-07-07 20:05:28,204 [ERROR] LogOutputStream:75 - [STDERR_REDIRECT] 
2024-07-07 20:05:28,444 [INFO] ServerAccessManage:473 - Download File wolfSSL.I-CUBE-wolfMQTT.pdsc
2024-07-07 20:05:30,699 [ERROR] ServerAccessManage:1089 - Problem, file not found on Server
2024-07-07 20:05:31,108 [INFO] ServerAccessManage:473 - Download File wolfSSL.I-CUBE-wolfTPM.pdsc
2024-07-07 20:05:33,507 [INFO] ServerAccessManage:473 - Download File RealThread.X-CUBE-RT-Thread_Nano.pdsc
2024-07-07 20:05:36,842 [INFO] ServerAccessManage:473 - Download File SEGGER.I-CUBE-embOS.pdsc
2024-07-07 20:05:42,068 [INFO] ServerAccessManage:473 - Download File portGmbH.I-Cube-SoM-uGOAL.pdsc
2024-07-07 20:05:42,957 [ERROR] LogOutputStream:75 - [STDERR_REDIRECT] 
2024-07-07 20:06:03,221 [INFO] Activator:176 - 


2024-07-07 20:06:03,223 [INFO] Activator:177 - !SESSION log4j initialized
2024-07-07 20:06:06,623 [INFO] LogOutputStream:77 - [STDOUT_REDIRECT] 
2024-07-07 20:06:07,067 [INFO] ApplicationProperties:184 - Using Application install path: /opt/st/stm32cubeide_1.15.1/plugins/com.st.stm32cube.common.mx_6.11.1.202404110753
2024-07-07 20:06:07,079 [INFO] DbMcusXml:78 - Set database path to: /opt/st/stm32cubeide_1.15.1/plugins/com.st.stm32cube.common.mx_6.11.1.202404110753//db//mcu/
2024-07-07 20:06:07,079 [INFO] ApiDb:274 - Set plugin database path to: /opt/st/stm32cubeide_1.15.1/plugins/com.st.stm32cube.common.mx_6.11.1.202404110753//db//plugins/boardmanager/
2024-07-07 20:06:07,080 [WARN] ApiDb:259 - Overriding images path with different value:  => /opt/st/stm32cubeide_1.15.1/plugins/com.st.stm32cube.common.mx_6.11.1.202404110753//db//plugins/mcufinder/images/
2024-07-07 20:06:07,083 [INFO] ApiDb:250 - Set database path to: /home/wgg/.stmcufinder/plugins/mcufinder//mcu/
2024-07-07 20:06:07,084 [INFO] DbMcusAds:125 - Set database path to: /home/wgg/.stmcufinder/plugins/mcufinder//mcu/
2024-07-07 20:06:07,085 [INFO] CrossReferenceDbSqlite:203 - Set database path to: /home/wgg/.stmcufinder/plugins/mcufinder//mcu/cs/
2024-07-07 20:06:07,187 [INFO] RulesReader:64 - Compatibility file has been processed (297 Rules)
2024-07-07 20:06:07,235 [INFO] DbMcusXml:78 - Set database path to: /opt/st/stm32cubeide_1.15.1/plugins/com.st.stm32cube.common.mx_6.11.1.202404110753//db//mcu/
2024-07-07 20:06:07,235 [INFO] ApiDb:274 - Set plugin database path to: /opt/st/stm32cubeide_1.15.1/plugins/com.st.stm32cube.common.mx_6.11.1.202404110753//db//plugins/boardmanager/
2024-07-07 20:06:07,235 [INFO] ApiDb:261 - Set plugin images path to: /opt/st/stm32cubeide_1.15.1/plugins/com.st.stm32cube.common.mx_6.11.1.202404110753//db//plugins/mcufinder/images/
2024-07-07 20:06:07,236 [WARN] DbFile:41 - Overriding database path with different value: /home/wgg/.stmcufinder/plugins/mcufinder/ => /home/wgg/.stmcufinder/plugins/mcufinder
2024-07-07 20:06:07,236 [INFO] ApiDb:250 - Set database path to: /home/wgg/.stmcufinder/plugins/mcufinder//mcu/
2024-07-07 20:06:07,236 [WARN] DbFile:41 - Overriding database path with different value: /home/wgg/.stmcufinder/plugins/mcufinder/ => /home/wgg/.stmcufinder/plugins/mcufinder
2024-07-07 20:06:07,236 [INFO] DbMcusAds:125 - Set database path to: /home/wgg/.stmcufinder/plugins/mcufinder//mcu/
2024-07-07 20:06:07,236 [WARN] DbFile:41 - Overriding database path with different value: /home/wgg/.stmcufinder/plugins/mcufinder/ => /home/wgg/.stmcufinder/plugins/mcufinder
2024-07-07 20:06:07,236 [WARN] DbFile:41 - Overriding database path with different value: /home/wgg/.stmcufinder/plugins/mcufinder/ => /home/wgg/.stmcufinder/plugins/mcufinder
2024-07-07 20:06:07,236 [INFO] CrossReferenceDbSqlite:203 - Set database path to: /home/wgg/.stmcufinder/plugins/mcufinder//mcu/cs/
2024-07-07 20:06:07,287 [INFO] MainPanel:264 - HeapMemory: 268435456
2024-07-07 20:06:07,342 [INFO] DbMcusXml:78 - Set database path to: /opt/st/stm32cubeide_1.15.1/plugins/com.st.stm32cube.common.mx_6.11.1.202404110753//db//mcu/
2024-07-07 20:06:07,343 [INFO] ApiDb:274 - Set plugin database path to: /opt/st/stm32cubeide_1.15.1/plugins/com.st.stm32cube.common.mx_6.11.1.202404110753//db//plugins/boardmanager/
2024-07-07 20:06:07,343 [INFO] ApiDb:261 - Set plugin images path to: /opt/st/stm32cubeide_1.15.1/plugins/com.st.stm32cube.common.mx_6.11.1.202404110753//db//plugins/mcufinder/images/
2024-07-07 20:06:07,343 [WARN] DbFile:41 - Overriding database path with different value: /home/wgg/.stmcufinder/plugins/mcufinder/ => /home/wgg/.stmcufinder/plugins/mcufinder
2024-07-07 20:06:07,343 [INFO] ApiDb:250 - Set database path to: /home/wgg/.stmcufinder/plugins/mcufinder//mcu/
2024-07-07 20:06:07,343 [WARN] DbFile:41 - Overriding database path with different value: /home/wgg/.stmcufinder/plugins/mcufinder/ => /home/wgg/.stmcufinder/plugins/mcufinder
2024-07-07 20:06:07,343 [INFO] DbMcusAds:125 - Set database path to: /home/wgg/.stmcufinder/plugins/mcufinder//mcu/
2024-07-07 20:06:07,343 [WARN] DbFile:41 - Overriding database path with different value: /home/wgg/.stmcufinder/plugins/mcufinder/ => /home/wgg/.stmcufinder/plugins/mcufinder
2024-07-07 20:06:07,343 [WARN] DbFile:41 - Overriding database path with different value: /home/wgg/.stmcufinder/plugins/mcufinder/ => /home/wgg/.stmcufinder/plugins/mcufinder
2024-07-07 20:06:07,344 [INFO] CrossReferenceDbSqlite:203 - Set database path to: /home/wgg/.stmcufinder/plugins/mcufinder//mcu/cs/
2024-07-07 20:06:07,355 [INFO] ApplicationProperties:184 - Using Application install path: /opt/st/stm32cubeide_1.15.1/plugins/com.st.stm32cube.common.mx_6.11.1.202404110753
2024-07-07 20:06:07,357 [INFO] PluginManage:196 - Search for loadable plugins [exclusion list=, ]
2024-07-07 20:06:07,357 [INFO] PluginManage:310 - Check plugin analytics
2024-07-07 20:06:07,479 [INFO] AnalyticsPlugin:253 - Accepted Software Licenses: 
2024-07-07 20:06:07,479 [INFO] AnalyticsPlugin:255 - Accepted CMSIS Pack Licenses: 
2024-07-07 20:06:07,479 [INFO] AnalyticsPlugin:257 - Accepted Firmware Licenses: 
2024-07-07 20:06:07,482 [INFO] PluginManage:359 - Loaded plugin analytics (category:tool,tabindex:-1)
2024-07-07 20:06:07,482 [INFO] PluginManage:310 - Check plugin cadmodel
2024-07-07 20:06:07,498 [INFO] CADModel:105 - Init CAD model plugin
2024-07-07 20:06:07,498 [INFO] PluginManage:359 - Loaded plugin cadmodel (category:power,tabindex:5)
2024-07-07 20:06:07,498 [INFO] PluginManage:310 - Check plugin clock
2024-07-07 20:06:07,504 [INFO] PluginManage:359 - Loaded plugin clock (category:base,tabindex:2)
2024-07-07 20:06:07,504 [INFO] PluginManage:310 - Check plugin ddr
2024-07-07 20:06:07,506 [INFO] PluginManage:359 - Loaded plugin ddr (category:tool,tabindex:6)
2024-07-07 20:06:07,506 [INFO] PluginManage:310 - Check plugin filemanager
2024-07-07 20:06:07,635 [INFO] PluginManage:359 - Loaded plugin filemanager (category:base,tabindex:10)
2024-07-07 20:06:07,635 [INFO] PluginManage:310 - Check plugin ipmanager
2024-07-07 20:06:07,640 [INFO] PluginManage:359 - Loaded plugin ipmanager (category:base,tabindex:5)
2024-07-07 20:06:07,640 [INFO] PluginManage:310 - Check plugin lpbam
2024-07-07 20:06:07,647 [INFO] PluginManage:359 - Loaded plugin lpbam (category:base,tabindex:0)
2024-07-07 20:06:07,647 [INFO] PluginManage:310 - Check plugin memorymap
2024-07-07 20:06:07,657 [INFO] PluginManage:359 - Loaded plugin memorymap (category:base,tabindex:4)
2024-07-07 20:06:07,657 [INFO] PluginManage:310 - Check plugin pinoutandconfiguration
2024-07-07 20:06:07,664 [INFO] PluginManage:359 - Loaded plugin pinoutandconfiguration (category:base,tabindex:1)
2024-07-07 20:06:07,664 [INFO] PluginManage:310 - Check plugin pinoutconfig
2024-07-07 20:06:07,731 [WARN] SupportedApi:132 - Cannot load RTOS API schema: s4s-elt-must-match.1: The content of 'definitions' must match (annotation?, (simpleType | complexType)?, (unique | key | keyref)*)). A problem was found starting at: attribute.
2024-07-07 20:06:07,834 [INFO] PluginManage:359 - Loaded plugin pinoutconfig (category:base,tabindex:0)
2024-07-07 20:06:07,834 [INFO] PluginManage:310 - Check plugin power
2024-07-07 20:06:07,840 [INFO] PluginManage:359 - Loaded plugin power (category:power,tabindex:4)
2024-07-07 20:06:07,840 [INFO] PluginManage:310 - Check plugin projectmanager
2024-07-07 20:06:07,855 [INFO] PluginManage:359 - Loaded plugin projectmanager (category:projectmanager,tabindex:3)
2024-07-07 20:06:07,855 [INFO] PluginManage:310 - Check plugin thirdparty
2024-07-07 20:06:07,949 [INFO] PluginManage:359 - Loaded plugin thirdparty (category:base,tabindex:-1)
2024-07-07 20:06:07,949 [WARN] IntegrityCheckThread:84 - waiting for thirdparty lock release [integrity check]
2024-07-07 20:06:07,949 [INFO] PluginManage:310 - Check plugin tools
2024-07-07 20:06:07,949 [INFO] IntegrityCheckThread:86 - entering critical section [integrity check]
2024-07-07 20:06:07,950 [INFO] ThirdPartyUpdaterWithRetryManager:70 - Updater plugin not ready yet. [1/15]
2024-07-07 20:06:07,951 [INFO] PluginManage:359 - Loaded plugin tools (category:base,tabindex:7)
2024-07-07 20:06:07,951 [INFO] PluginManage:310 - Check plugin tutovideos
2024-07-07 20:06:08,080 [INFO] PluginManage:359 - Loaded plugin tutovideos (category:base,tabindex:-1)
2024-07-07 20:06:08,080 [INFO] PluginManage:310 - Check plugin updater
2024-07-07 20:06:08,088 [INFO] PluginManage:359 - Loaded plugin updater (category:base,tabindex:12)
2024-07-07 20:06:08,088 [INFO] PluginManage:310 - Check plugin userauth
2024-07-07 20:06:08,092 [INFO] UserAuth:114 - Init User Auth plugin
2024-07-07 20:06:08,093 [INFO] PluginManage:359 - Loaded plugin userauth (category:base,tabindex:14)
2024-07-07 20:06:08,093 [INFO] PluginManage:283 - PluginManage : Loaded plugins [17]
2024-07-07 20:06:08,244 [INFO] PinOutPanel:1561 - setPackage(No Configuration,No Configuration)
2024-07-07 20:06:08,290 [INFO] CADModel:165 - CPN selected for project level
2024-07-07 20:06:08,290 [INFO] CADModel:114 - Register for checkConnection events
2024-07-07 20:06:08,297 [INFO] IPUIPlugin:80 - create IPUIPlugin
2024-07-07 20:06:08,298 [INFO] PluginManager:220 - loadIPPluginJar : add dma
2024-07-07 20:06:08,302 [INFO] IPUIPlugin:80 - create IPUIPlugin
2024-07-07 20:06:08,302 [INFO] PluginManager:220 - loadIPPluginJar : add linkedlist
2024-07-07 20:06:08,304 [INFO] IPUIPlugin:80 - create IPUIPlugin
2024-07-07 20:06:08,304 [INFO] PluginManager:220 - loadIPPluginJar : add tracer_emb
2024-07-07 20:06:08,307 [INFO] IPUIPlugin:80 - create IPUIPlugin
2024-07-07 20:06:08,307 [INFO] PluginManager:220 - loadIPPluginJar : add ipddr
2024-07-07 20:06:08,309 [INFO] IPUIPlugin:80 - create IPUIPlugin
2024-07-07 20:06:08,309 [INFO] PluginManager:220 - loadIPPluginJar : add i2c
2024-07-07 20:06:08,312 [INFO] IPUIPlugin:80 - create IPUIPlugin
2024-07-07 20:06:08,313 [INFO] PluginManager:220 - loadIPPluginJar : add mdma
2024-07-07 20:06:08,314 [INFO] IPUIPlugin:80 - create IPUIPlugin
2024-07-07 20:06:08,314 [INFO] PluginManager:220 - loadIPPluginJar : add usart
2024-07-07 20:06:08,315 [INFO] IPUIPlugin:80 - create IPUIPlugin
2024-07-07 20:06:08,315 [INFO] PluginManager:220 - loadIPPluginJar : add gfxmmu
2024-07-07 20:06:08,317 [INFO] IPUIPlugin:80 - create IPUIPlugin
2024-07-07 20:06:08,317 [INFO] PluginManager:220 - loadIPPluginJar : add usbx
2024-07-07 20:06:08,318 [INFO] IPUIPlugin:80 - create IPUIPlugin
2024-07-07 20:06:08,318 [INFO] PluginManager:220 - loadIPPluginJar : add tsc
2024-07-07 20:06:08,320 [INFO] IPUIPlugin:80 - create IPUIPlugin
2024-07-07 20:06:08,320 [INFO] PluginManager:220 - loadIPPluginJar : add dma3
2024-07-07 20:06:08,323 [INFO] IPUIPlugin:80 - create IPUIPlugin
2024-07-07 20:06:08,324 [INFO] PluginManager:220 - loadIPPluginJar : add fmc
2024-07-07 20:06:08,325 [INFO] IPUIPlugin:80 - create IPUIPlugin
2024-07-07 20:06:08,325 [INFO] PluginManager:220 - loadIPPluginJar : add extmemmanager
2024-07-07 20:06:08,326 [INFO] IPUIPlugin:80 - create IPUIPlugin
2024-07-07 20:06:08,326 [INFO] PluginManager:220 - loadIPPluginJar : add comp
2024-07-07 20:06:08,328 [INFO] IPUIPlugin:80 - create IPUIPlugin
2024-07-07 20:06:08,328 [INFO] PluginManager:220 - loadIPPluginJar : add i3c
2024-07-07 20:06:08,329 [INFO] IPUIPlugin:80 - create IPUIPlugin
2024-07-07 20:06:08,329 [INFO] PluginManager:220 - loadIPPluginJar : add gtzc
2024-07-07 20:06:08,331 [INFO] IPUIPlugin:80 - create IPUIPlugin
2024-07-07 20:06:08,331 [INFO] PluginManager:220 - loadIPPluginJar : add touchsensing
2024-07-07 20:06:08,332 [INFO] IPUIPlugin:80 - create IPUIPlugin
2024-07-07 20:06:08,332 [INFO] PluginManager:220 - loadIPPluginJar : add ucpd
2024-07-07 20:06:08,333 [INFO] IPUIPlugin:80 - create IPUIPlugin
2024-07-07 20:06:08,333 [INFO] PluginManager:220 - loadIPPluginJar : add fatfs
2024-07-07 20:06:08,336 [INFO] IPUIPlugin:80 - create IPUIPlugin
2024-07-07 20:06:08,336 [INFO] PluginManager:220 - loadIPPluginJar : add stm32_wpan
2024-07-07 20:06:08,338 [INFO] IPUIPlugin:80 - create IPUIPlugin
2024-07-07 20:06:08,338 [INFO] PluginManager:220 - loadIPPluginJar : add gpio
2024-07-07 20:06:08,339 [INFO] IPUIPlugin:80 - create IPUIPlugin
2024-07-07 20:06:08,339 [INFO] PluginManager:220 - loadIPPluginJar : add i2s
2024-07-07 20:06:08,340 [INFO] IPUIPlugin:80 - create IPUIPlugin
2024-07-07 20:06:08,340 [INFO] PluginManager:220 - loadIPPluginJar : add tim
2024-07-07 20:06:08,344 [INFO] IPUIPlugin:80 - create IPUIPlugin
2024-07-07 20:06:08,344 [INFO] PluginManager:220 - loadIPPluginJar : add adc
2024-07-07 20:06:08,345 [INFO] IPUIPlugin:80 - create IPUIPlugin
2024-07-07 20:06:08,346 [INFO] PluginManager:220 - loadIPPluginJar : add pdm2pcm
2024-07-07 20:06:08,349 [INFO] IPUIPlugin:80 - create IPUIPlugin
2024-07-07 20:06:08,349 [INFO] PluginManager:220 - loadIPPluginJar : add gic
2024-07-07 20:06:08,351 [INFO] IPUIPlugin:80 - create IPUIPlugin
2024-07-07 20:06:08,351 [INFO] PluginManager:220 - loadIPPluginJar : add sai
2024-07-07 20:06:08,352 [INFO] IPUIPlugin:80 - create IPUIPlugin
2024-07-07 20:06:08,352 [INFO] PluginManager:220 - loadIPPluginJar : add spi
2024-07-07 20:06:08,353 [INFO] IPUIPlugin:80 - create IPUIPlugin
2024-07-07 20:06:08,353 [INFO] PluginManager:220 - loadIPPluginJar : add can
2024-07-07 20:06:08,355 [INFO] IPUIPlugin:80 - create IPUIPlugin
2024-07-07 20:06:08,355 [INFO] PluginManager:220 - loadIPPluginJar : add resmgrutility
2024-07-07 20:06:08,356 [INFO] IPUIPlugin:80 - create IPUIPlugin
2024-07-07 20:06:08,356 [INFO] PluginManager:220 - loadIPPluginJar : add quadspi
2024-07-07 20:06:08,360 [INFO] IPUIPlugin:80 - create IPUIPlugin
2024-07-07 20:06:08,360 [INFO] PluginManager:220 - loadIPPluginJar : add freertos
2024-07-07 20:06:08,361 [INFO] IPUIPlugin:80 - create IPUIPlugin
2024-07-07 20:06:08,361 [INFO] PluginManager:220 - loadIPPluginJar : add ts
2024-07-07 20:06:08,363 [INFO] IPUIPlugin:80 - create IPUIPlugin
2024-07-07 20:06:08,363 [INFO] PluginManager:220 - loadIPPluginJar : add aes
2024-07-07 20:06:08,365 [INFO] IPUIPlugin:80 - create IPUIPlugin
2024-07-07 20:06:08,365 [INFO] PluginManager:220 - loadIPPluginJar : add nvic
2024-07-07 20:06:08,366 [INFO] IPUIPlugin:80 - create IPUIPlugin
2024-07-07 20:06:08,367 [INFO] PluginManager:220 - loadIPPluginJar : add openamp
2024-07-07 20:06:08,368 [INFO] IPUIPlugin:80 - create IPUIPlugin
2024-07-07 20:06:08,368 [INFO] PluginManager:220 - loadIPPluginJar : add dfsdm
2024-07-07 20:06:08,369 [INFO] IPUIPlugin:80 - create IPUIPlugin
2024-07-07 20:06:08,370 [INFO] PluginManager:220 - loadIPPluginJar : add lorawan
2024-07-07 20:06:08,370 [INFO] IPUIPlugin:80 - create IPUIPlugin
2024-07-07 20:06:08,370 [INFO] PluginManager:220 - loadIPPluginJar : add genericplugin
2024-07-07 20:06:08,372 [INFO] IPUIPlugin:80 - create IPUIPlugin
2024-07-07 20:06:08,372 [INFO] PluginManager:220 - loadIPPluginJar : add hash
2024-07-07 20:06:08,372 [INFO] IPUIPlugin:80 - create IPUIPlugin
2024-07-07 20:06:08,373 [INFO] PluginManager:220 - loadIPPluginJar : add ltdc
2024-07-07 20:06:08,377 [INFO] IPUIPlugin:80 - create IPUIPlugin
2024-07-07 20:06:08,378 [INFO] PluginManager:220 - loadIPPluginJar : add plateformsettings
2024-07-07 20:06:08,380 [INFO] IPUIPlugin:80 - create IPUIPlugin
2024-07-07 20:06:08,380 [INFO] PluginManager:220 - loadIPPluginJar : add cryp
2024-07-07 20:06:08,381 [INFO] IPUIPlugin:80 - create IPUIPlugin
2024-07-07 20:06:08,382 [INFO] PluginManager:220 - loadIPPluginJar : add opamp
2024-07-07 20:06:08,484 [INFO] CADModel:165 - CPN selected for project level
2024-07-07 20:06:08,484 [INFO] CADModel:114 - Register for checkConnection events
2024-07-07 20:06:08,484 [FATAL] Updater:308 - Updater called before beeing initialized
2024-07-07 20:06:08,484 [ERROR] CADModel:125 - Updater not yet initialized, retry later 
2024-07-07 20:06:08,589 [INFO] CADModel:165 - CPN selected for project level
2024-07-07 20:06:08,589 [INFO] CADModel:114 - Register for checkConnection events
2024-07-07 20:06:08,589 [FATAL] Updater:308 - Updater called before beeing initialized
2024-07-07 20:06:08,589 [ERROR] CADModel:125 - Updater not yet initialized, retry later 
2024-07-07 20:06:08,592 [FATAL] Updater:308 - Updater called before beeing initialized
2024-07-07 20:06:08,659 [FATAL] Updater:308 - Updater called before beeing initialized
2024-07-07 20:06:08,662 [INFO] DbMcusAds:53 - JSON generation date=Thu May 16 16:22:00 WIB 2024 (1715851320852)
2024-07-07 20:06:08,663 [FATAL] Updater:308 - Updater called before beeing initialized
2024-07-07 20:06:08,695 [WARN] DetailPanel:346 - Failed to get advertising image, set to default
2024-07-07 20:06:08,777 [FATAL] Updater:308 - Updater called before beeing initialized
2024-07-07 20:06:08,779 [FATAL] Updater:308 - Updater called before beeing initialized
2024-07-07 20:06:08,779 [FATAL] Updater:308 - Updater called before beeing initialized
2024-07-07 20:06:08,779 [WARN] DetailPanel:346 - Failed to get advertising image, set to default
2024-07-07 20:06:08,779 [FATAL] Updater:308 - Updater called before beeing initialized
2024-07-07 20:06:08,808 [ERROR] Updater:1120 - MainUpdater not yet initialized. External WinMGr cannot be set.
2024-07-07 20:06:08,810 [INFO] Updater:1056 - Updater Version found : 6.11.1
2024-07-07 20:06:08,824 [INFO] ApplicationProperties:184 - Using Application install path: /opt/st/stm32cubeide_1.15.1/plugins/com.st.stm32cube.common.mx_6.11.1.202404110753
2024-07-07 20:06:08,835 [ERROR] LogOutputStream:75 - [STDERR_REDIRECT] Jul 07, 2024 8:06:08 PM java.util.prefs.FileSystemPreferences$2 run
2024-07-07 20:06:08,836 [ERROR] LogOutputStream:75 - [STDERR_REDIRECT] WARNING: Could not create system preferences directory. System preferences are unusable.
2024-07-07 20:06:08,836 [ERROR] LogOutputStream:75 - [STDERR_REDIRECT] 
2024-07-07 20:06:09,212 [INFO] MainUpdater:2873 - connection check result : 10
2024-07-07 20:06:09,212 [INFO] MainUpdater:3567 - Updater definition file requires update
2024-07-07 20:06:09,212 [INFO] MainUpdater:290 - Updater Check For Update Now.
2024-07-07 20:06:09,212 [INFO] MicroXplorer:498 - Change Database Version : DB.6.0.111
2024-07-07 20:06:09,216 [INFO] McuFinderGlobals:63 - Set McuFinder mode to 2 (CubeIDE integrated)
2024-07-07 20:06:09,220 [INFO] UserAuth:415 - Internet connection configuration mode: 1
2024-07-07 20:06:09,227 [INFO] JxBrowserEngine:152 - Initiate JxBrowser Engine with user profile folder
2024-07-07 20:06:09,271 [INFO] ServerAccessManage:473 - Download File updaters.zip
2024-07-07 20:06:09,410 [INFO] FileExtend:240 - Unzip File : updaters.zip
2024-07-07 20:06:09,411 [INFO] FileExtend:255 - Standard Zip Deflate
2024-07-07 20:06:09,563 [INFO] ServerAccessManage:473 - Download File PacksControlFlags.xml
2024-07-07 20:06:09,718 [INFO] ServerAccessManage:473 - Download File cubemx.pidx
2024-07-07 20:06:09,830 [INFO] WebApp:161 - Instantiating new browser for Auth
2024-07-07 20:06:09,833 [INFO] LoadServerUpdatesThread:375 - End of LoadServerUpdate Thread
2024-07-07 20:06:10,014 [INFO] CheckServerUpdateThread:120 - End of CheckServer Thread
2024-07-07 20:06:10,403 [INFO] WebApp:779 - Register for checkConnection events
2024-07-07 20:06:10,403 [INFO] WebApp:414 - Apply proxy settings
2024-07-07 20:06:10,403 [INFO] WebApp:499 - Chromium requires no authentication
2024-07-07 20:06:10,409 [INFO] WebApp:442 - Direct internet connection detected
2024-07-07 20:06:10,535 [INFO] WebApp:192 - Starting web application
2024-07-07 20:06:10,536 [INFO] WebApp:544 - Web application path used /opt/st/stm32cubeide_1.15.1/plugins/com.st.stm32cube.common.mx_6.11.1.202404110753/db/plugins/mcufinder/reactClient1/index.html
2024-07-07 20:06:11,132 [WARN] PackLoader:240 - Cannot read IP mode file for STMicroelectronics.X-CUBE-SMBUS.2.1.0
2024-07-07 20:06:11,180 [WARN] PackLoader:240 - Cannot read IP mode file for STMicroelectronics.X-CUBE-AZRTOS-F7.1.1.0
2024-07-07 20:06:11,199 [WARN] PackLoader:240 - Cannot read IP mode file for STMicroelectronics.FP-SNS-FLIGHT1.5.0.2
2024-07-07 20:06:11,212 [WARN] PackLoader:240 - Cannot read IP mode file for STMicroelectronics.X-CUBE-DISPLAY.3.0.0
2024-07-07 20:06:11,227 [WARN] PackLoader:240 - Cannot read IP mode file for STMicroelectronics.X-CUBE-BLE1.7.0.0
2024-07-07 20:06:11,238 [WARN] PackLoader:240 - Cannot read IP mode file for STMicroelectronics.X-CUBE-BLEMGR.3.1.0
2024-07-07 20:06:11,244 [WARN] PackLoader:240 - Cannot read IP mode file for STMicroelectronics.FP-SNS-SMARTAG2.1.2.0
2024-07-07 20:06:11,255 [INFO] LogOutputStream:77 - [STDOUT_REDIRECT] 1 : Invalid condition id : UX_CORESTACK_Condition cause : null
2024-07-07 20:06:11,256 [INFO] LogOutputStream:77 - [STDOUT_REDIRECT] 1 : Invalid condition id : UX_CORESTACK_Condition cause : null
2024-07-07 20:06:11,256 [INFO] LogOutputStream:77 - [STDOUT_REDIRECT] 1 : Invalid condition id : UX_CORESTACK_Condition cause : null
2024-07-07 20:06:11,256 [INFO] LogOutputStream:77 - [STDOUT_REDIRECT] 1 : Invalid condition id : UX_CORESTACK_Condition cause : null
2024-07-07 20:06:11,256 [INFO] LogOutputStream:77 - [STDOUT_REDIRECT] 1 : Invalid condition id : UX_CORESTACK_Condition cause : null
2024-07-07 20:06:11,260 [WARN] PackLoader:240 - Cannot read IP mode file for STMicroelectronics.X-CUBE-AZRTOS-WL.2.0.0
2024-07-07 20:06:11,266 [WARN] PackLoader:240 - Cannot read IP mode file for STMicroelectronics.X-CUBE-BLE2.3.3.0
2024-07-07 20:06:11,287 [WARN] PackLoader:240 - Cannot read IP mode file for STMicroelectronics.X-CUBE-AZRTOS-G0.1.1.0
2024-07-07 20:06:11,295 [WARN] PackLoader:240 - Cannot read IP mode file for STMicroelectronics.X-CUBE-NFC4.3.0.0
2024-07-07 20:06:11,299 [WARN] PackLoader:240 - Cannot read IP mode file for STMicroelectronics.FP-ATR-SIGFOX1.3.2.0
2024-07-07 20:06:11,306 [WARN] PackLoader:240 - Cannot read IP mode file for STMicroelectronics.X-CUBE-EEPRMA1.5.1.0
2024-07-07 20:06:11,346 [WARN] PackLoader:240 - Cannot read IP mode file for SEGGER.I-CUBE-embOS.1.3.1
2024-07-07 20:06:11,390 [WARN] PackLoader:240 - Cannot read IP mode file for STMicroelectronics.X-CUBE-GNSS1.6.0.0
2024-07-07 20:06:11,410 [WARN] PackLoader:240 - Cannot read IP mode file for STMicroelectronics.X-CUBE-AZRTOS-F4.1.1.0
2024-07-07 20:06:11,435 [WARN] PackLoader:240 - Cannot read IP mode file for STMicroelectronics.X-CUBE-AZRTOS-L5.2.0.0
2024-07-07 20:06:11,442 [WARN] PackLoader:240 - Cannot read IP mode file for STMicroelectronics.X-CUBE-NFC7.1.0.1
2024-07-07 20:06:11,459 [WARN] ConditionMgr:438 - getConditionDescription Invalid condition id : LAN8742 Phy interface Condition cause : null
2024-07-07 20:06:11,459 [WARN] PackLoader:240 - Cannot read IP mode file for STMicroelectronics.X-CUBE-AZRTOS-L4.2.0.0
2024-07-07 20:06:11,461 [WARN] ConditionMgr:1039 - genDependencies : Invalid condition id : LAN8742 Phy interface Condition cause : null
2024-07-07 20:06:11,461 [WARN] ConditionMgr:1039 - genDependencies : Invalid condition id : LAN8742 Phy interface Condition cause : null
2024-07-07 20:06:11,462 [WARN] ConditionMgr:1039 - genDependencies : Invalid condition id : LAN8742 Phy interface Condition cause : null
2024-07-07 20:06:11,470 [WARN] PackLoader:240 - Cannot read IP mode file for STMicroelectronics.X-CUBE-SFXS2LP1.4.0.0
2024-07-07 20:06:11,481 [WARN] ConditionMgr:438 - getConditionDescription Invalid condition id : UX DEVICE CLASS RTOS Condition cause : null
2024-07-07 20:06:11,482 [WARN] ConditionMgr:438 - getConditionDescription Invalid condition id : UX DEVICE CLASS RTOS Condition cause : null
2024-07-07 20:06:11,484 [WARN] PackLoader:240 - Cannot read IP mode file for STMicroelectronics.X-CUBE-AZRTOS-WB.2.0.0
2024-07-07 20:06:11,485 [WARN] ConditionMgr:1039 - genDependencies : Invalid condition id : UX DEVICE CLASS RTOS Condition cause : null
2024-07-07 20:06:11,485 [WARN] ConditionMgr:1039 - genDependencies : Invalid condition id : UX DEVICE CLASS RTOS Condition cause : null
2024-07-07 20:06:11,486 [WARN] ConditionMgr:1039 - genDependencies : Invalid condition id : UX DEVICE CLASS RTOS Condition cause : null
2024-07-07 20:06:11,486 [WARN] ConditionMgr:1039 - genDependencies : Invalid condition id : UX DEVICE CLASS RTOS Condition cause : null
2024-07-07 20:06:11,486 [WARN] ConditionMgr:1039 - genDependencies : Invalid condition id : UX DEVICE CLASS RTOS Condition cause : null
2024-07-07 20:06:11,498 [WARN] PackLoader:240 - Cannot read IP mode file for STMicroelectronics.X-CUBE-SUBG2.5.0.0
2024-07-07 20:06:11,516 [WARN] PackLoader:240 - Cannot read IP mode file for STMicroelectronics.X-CUBE-AZRTOS-G4.2.0.0
2024-07-07 20:06:11,520 [WARN] PackLoader:240 - Cannot read IP mode file for STMicroelectronics.X-CUBE-ISPU.2.0.0
2024-07-07 20:06:11,557 [WARN] PackLoader:240 - Cannot read IP mode file for STMicroelectronics.X-CUBE-MEMS1.10.0.0
2024-07-07 20:06:11,756 [WARN] PackLoader:240 - Cannot read IP mode file for portGmbH.I-Cube-SoM-uGOAL.1.1.0
2024-07-07 20:06:11,795 [WARN] PackLoader:240 - Cannot read IP mode file for STMicroelectronics.FP-ATR-ASTRA1.2.0.0
2024-07-07 20:06:11,808 [WARN] PackLoader:240 - Cannot read IP mode file for STMicroelectronics.X-CUBE-TOF1.3.4.1
2024-07-07 20:06:11,846 [WARN] PackLoader:240 - Cannot read IP mode file for STMicroelectronics.X-CUBE-AZRTOS-H7.3.2.0
2024-07-07 20:06:11,849 [INFO] ThirdParty:978 - Integrity check success = true
2024-07-07 20:06:11,849 [INFO] IntegrityCheckThread:100 - exiting critical section [integrity check]
2024-07-07 20:06:11,849 [INFO] IntegrityCheckThread:103 - End integrity checks thread
2024-07-07 20:06:36,550 [ERROR] LogOutputStream:75 - [STDERR_REDIRECT] Jul 07, 2024 8:06:36 PM java.util.prefs.FileSystemPreferences checkLockFile0ErrorCode
2024-07-07 20:06:36,550 [ERROR] LogOutputStream:75 - [STDERR_REDIRECT] WARNING: Could not lock System prefs. Unix error code 32748.
2024-07-07 20:06:36,550 [ERROR] LogOutputStream:75 - [STDERR_REDIRECT] 
2024-07-07 20:06:36,550 [ERROR] LogOutputStream:75 - [STDERR_REDIRECT] Jul 07, 2024 8:06:36 PM java.util.prefs.FileSystemPreferences syncWorld
2024-07-07 20:06:36,550 [ERROR] LogOutputStream:75 - [STDERR_REDIRECT] WARNING: Couldn't flush system prefs: java.util.prefs.BackingStoreException: Couldn't get file lock.
2024-07-07 20:06:36,550 [ERROR] LogOutputStream:75 - [STDERR_REDIRECT] 
2024-07-07 20:06:54,449 [ERROR] LogOutputStream:75 - [STDERR_REDIRECT] 
