2024-09-23 19:06:09,281 [INFO] Activator:176 - 


2024-09-23 19:06:09,295 [INFO] Activator:177 - !SESSION log4j initialized
2024-09-23 19:06:19,965 [INFO] LogOutputStream:77 - [STDOUT_REDIRECT] 
2024-09-23 19:06:20,494 [ERROR] ConfigurationRetriever:142 - IOException on connection: sw-center.st.com
2024-09-23 19:06:20,495 [ERROR] ConfigurationRetriever:142 - IOException on connection: sw-center.st.com
2024-09-23 19:06:20,495 [ERROR] ConfigurationRetriever:142 - IOException on connection: sw-center.st.com
2024-09-23 19:06:20,500 [ERROR] ConfigurationRetriever:142 - IOException on connection: sw-center.st.com
2024-09-23 19:06:20,501 [ERROR] ConfigurationRetriever:142 - IOException on connection: sw-center.st.com
2024-09-23 19:06:20,501 [ERROR] ConfigurationRetriever:142 - IOException on connection: sw-center.st.com
2024-09-23 19:06:23,602 [INFO] ApplicationProperties:184 - Using Application install path: /opt/st/stm32cubeide_1.15.1/plugins/com.st.stm32cube.common.mx_6.11.1.202404110753
2024-09-23 19:06:23,680 [INFO] DbMcusXml:78 - Set database path to: /opt/st/stm32cubeide_1.15.1/plugins/com.st.stm32cube.common.mx_6.11.1.202404110753//db//mcu/
2024-09-23 19:06:23,680 [INFO] ApiDb:274 - Set plugin database path to: /opt/st/stm32cubeide_1.15.1/plugins/com.st.stm32cube.common.mx_6.11.1.202404110753//db//plugins/boardmanager/
2024-09-23 19:06:23,681 [WARN] ApiDb:259 - Overriding images path with different value:  => /opt/st/stm32cubeide_1.15.1/plugins/com.st.stm32cube.common.mx_6.11.1.202404110753//db//plugins/mcufinder/images/
2024-09-23 19:06:23,793 [INFO] ApiDb:250 - Set database path to: /home/wgg/.stmcufinder/plugins/mcufinder//mcu/
2024-09-23 19:06:23,795 [INFO] DbMcusAds:125 - Set database path to: /home/wgg/.stmcufinder/plugins/mcufinder//mcu/
2024-09-23 19:06:23,819 [INFO] CrossReferenceDbSqlite:203 - Set database path to: /home/wgg/.stmcufinder/plugins/mcufinder//mcu/cs/
2024-09-23 19:06:24,127 [INFO] RulesReader:64 - Compatibility file has been processed (297 Rules)
2024-09-23 19:06:24,392 [INFO] DbMcusXml:78 - Set database path to: /opt/st/stm32cubeide_1.15.1/plugins/com.st.stm32cube.common.mx_6.11.1.202404110753//db//mcu/
2024-09-23 19:06:24,392 [INFO] ApiDb:274 - Set plugin database path to: /opt/st/stm32cubeide_1.15.1/plugins/com.st.stm32cube.common.mx_6.11.1.202404110753//db//plugins/boardmanager/
2024-09-23 19:06:24,392 [INFO] ApiDb:261 - Set plugin images path to: /opt/st/stm32cubeide_1.15.1/plugins/com.st.stm32cube.common.mx_6.11.1.202404110753//db//plugins/mcufinder/images/
2024-09-23 19:06:24,392 [WARN] DbFile:41 - Overriding database path with different value: /home/wgg/.stmcufinder/plugins/mcufinder/ => /home/wgg/.stmcufinder/plugins/mcufinder
2024-09-23 19:06:24,392 [INFO] ApiDb:250 - Set database path to: /home/wgg/.stmcufinder/plugins/mcufinder//mcu/
2024-09-23 19:06:24,393 [WARN] DbFile:41 - Overriding database path with different value: /home/wgg/.stmcufinder/plugins/mcufinder/ => /home/wgg/.stmcufinder/plugins/mcufinder
2024-09-23 19:06:24,393 [INFO] DbMcusAds:125 - Set database path to: /home/wgg/.stmcufinder/plugins/mcufinder//mcu/
2024-09-23 19:06:24,393 [WARN] DbFile:41 - Overriding database path with different value: /home/wgg/.stmcufinder/plugins/mcufinder/ => /home/wgg/.stmcufinder/plugins/mcufinder
2024-09-23 19:06:24,393 [WARN] DbFile:41 - Overriding database path with different value: /home/wgg/.stmcufinder/plugins/mcufinder/ => /home/wgg/.stmcufinder/plugins/mcufinder
2024-09-23 19:06:24,393 [INFO] CrossReferenceDbSqlite:203 - Set database path to: /home/wgg/.stmcufinder/plugins/mcufinder//mcu/cs/
2024-09-23 19:06:24,803 [INFO] MainPanel:264 - HeapMemory: 268435456
2024-09-23 19:06:25,517 [INFO] DbMcusXml:78 - Set database path to: /opt/st/stm32cubeide_1.15.1/plugins/com.st.stm32cube.common.mx_6.11.1.202404110753//db//mcu/
2024-09-23 19:06:25,517 [INFO] ApiDb:274 - Set plugin database path to: /opt/st/stm32cubeide_1.15.1/plugins/com.st.stm32cube.common.mx_6.11.1.202404110753//db//plugins/boardmanager/
2024-09-23 19:06:25,517 [INFO] ApiDb:261 - Set plugin images path to: /opt/st/stm32cubeide_1.15.1/plugins/com.st.stm32cube.common.mx_6.11.1.202404110753//db//plugins/mcufinder/images/
2024-09-23 19:06:25,518 [WARN] DbFile:41 - Overriding database path with different value: /home/wgg/.stmcufinder/plugins/mcufinder/ => /home/wgg/.stmcufinder/plugins/mcufinder
2024-09-23 19:06:25,518 [INFO] ApiDb:250 - Set database path to: /home/wgg/.stmcufinder/plugins/mcufinder//mcu/
2024-09-23 19:06:25,518 [WARN] DbFile:41 - Overriding database path with different value: /home/wgg/.stmcufinder/plugins/mcufinder/ => /home/wgg/.stmcufinder/plugins/mcufinder
2024-09-23 19:06:25,518 [INFO] DbMcusAds:125 - Set database path to: /home/wgg/.stmcufinder/plugins/mcufinder//mcu/
2024-09-23 19:06:25,518 [WARN] DbFile:41 - Overriding database path with different value: /home/wgg/.stmcufinder/plugins/mcufinder/ => /home/wgg/.stmcufinder/plugins/mcufinder
2024-09-23 19:06:25,518 [WARN] DbFile:41 - Overriding database path with different value: /home/wgg/.stmcufinder/plugins/mcufinder/ => /home/wgg/.stmcufinder/plugins/mcufinder
2024-09-23 19:06:25,519 [INFO] CrossReferenceDbSqlite:203 - Set database path to: /home/wgg/.stmcufinder/plugins/mcufinder//mcu/cs/
2024-09-23 19:06:25,597 [INFO] ApplicationProperties:184 - Using Application install path: /opt/st/stm32cubeide_1.15.1/plugins/com.st.stm32cube.common.mx_6.11.1.202404110753
2024-09-23 19:06:25,599 [INFO] PluginManage:196 - Search for loadable plugins [exclusion list=, ]
2024-09-23 19:06:25,602 [INFO] PluginManage:310 - Check plugin analytics
2024-09-23 19:06:26,005 [INFO] AnalyticsPlugin:253 - Accepted Software Licenses: 
2024-09-23 19:06:26,006 [INFO] AnalyticsPlugin:255 - Accepted CMSIS Pack Licenses: 
2024-09-23 19:06:26,006 [INFO] AnalyticsPlugin:257 - Accepted Firmware Licenses: FW.F4.1.28.0
2024-09-23 19:06:26,009 [ERROR] ConfigurationRetriever:142 - IOException on connection: sw-center.st.com
2024-09-23 19:06:26,009 [INFO] PluginManage:359 - Loaded plugin analytics (category:tool,tabindex:-1)
2024-09-23 19:06:26,009 [INFO] PluginManage:310 - Check plugin cadmodel
2024-09-23 19:06:26,010 [ERROR] ConfigurationRetriever:142 - IOException on connection: sw-center.st.com
2024-09-23 19:06:26,010 [ERROR] ConfigurationRetriever:142 - IOException on connection: sw-center.st.com
2024-09-23 19:06:26,267 [INFO] CADModel:105 - Init CAD model plugin
2024-09-23 19:06:26,268 [INFO] PluginManage:359 - Loaded plugin cadmodel (category:power,tabindex:5)
2024-09-23 19:06:26,268 [INFO] PluginManage:310 - Check plugin clock
2024-09-23 19:06:26,356 [INFO] PluginManage:359 - Loaded plugin clock (category:base,tabindex:2)
2024-09-23 19:06:26,356 [INFO] PluginManage:310 - Check plugin ddr
2024-09-23 19:06:26,369 [INFO] PluginManage:359 - Loaded plugin ddr (category:tool,tabindex:6)
2024-09-23 19:06:26,369 [INFO] PluginManage:310 - Check plugin filemanager
2024-09-23 19:06:26,767 [INFO] PluginManage:359 - Loaded plugin filemanager (category:base,tabindex:10)
2024-09-23 19:06:26,767 [INFO] PluginManage:310 - Check plugin ipmanager
2024-09-23 19:06:26,794 [INFO] PluginManage:359 - Loaded plugin ipmanager (category:base,tabindex:5)
2024-09-23 19:06:26,794 [INFO] PluginManage:310 - Check plugin lpbam
2024-09-23 19:06:26,845 [INFO] PluginManage:359 - Loaded plugin lpbam (category:base,tabindex:0)
2024-09-23 19:06:26,845 [INFO] PluginManage:310 - Check plugin memorymap
2024-09-23 19:06:26,896 [INFO] PluginManage:359 - Loaded plugin memorymap (category:base,tabindex:4)
2024-09-23 19:06:26,896 [INFO] PluginManage:310 - Check plugin pinoutandconfiguration
2024-09-23 19:06:26,958 [INFO] PluginManage:359 - Loaded plugin pinoutandconfiguration (category:base,tabindex:1)
2024-09-23 19:06:26,958 [INFO] PluginManage:310 - Check plugin pinoutconfig
2024-09-23 19:06:27,130 [WARN] SupportedApi:132 - Cannot load RTOS API schema: s4s-elt-must-match.1: The content of 'definitions' must match (annotation?, (simpleType | complexType)?, (unique | key | keyref)*)). A problem was found starting at: attribute.
2024-09-23 19:06:27,585 [INFO] PluginManage:359 - Loaded plugin pinoutconfig (category:base,tabindex:0)
2024-09-23 19:06:27,585 [INFO] PluginManage:310 - Check plugin power
2024-09-23 19:06:27,674 [INFO] PluginManage:359 - Loaded plugin power (category:power,tabindex:4)
2024-09-23 19:06:27,674 [INFO] PluginManage:310 - Check plugin projectmanager
2024-09-23 19:06:27,699 [INFO] PluginManage:359 - Loaded plugin projectmanager (category:projectmanager,tabindex:3)
2024-09-23 19:06:27,699 [INFO] PluginManage:310 - Check plugin thirdparty
2024-09-23 19:06:28,124 [INFO] PluginManage:359 - Loaded plugin thirdparty (category:base,tabindex:-1)
2024-09-23 19:06:28,124 [WARN] IntegrityCheckThread:84 - waiting for thirdparty lock release [integrity check]
2024-09-23 19:06:28,125 [INFO] PluginManage:310 - Check plugin tools
2024-09-23 19:06:28,125 [INFO] IntegrityCheckThread:86 - entering critical section [integrity check]
2024-09-23 19:06:28,125 [INFO] ThirdPartyUpdaterWithRetryManager:70 - Updater plugin not ready yet. [1/15]
2024-09-23 19:06:28,135 [INFO] PluginManage:359 - Loaded plugin tools (category:base,tabindex:7)
2024-09-23 19:06:28,135 [INFO] PluginManage:310 - Check plugin tutovideos
2024-09-23 19:06:28,768 [INFO] PluginManage:359 - Loaded plugin tutovideos (category:base,tabindex:-1)
2024-09-23 19:06:28,769 [INFO] PluginManage:310 - Check plugin updater
2024-09-23 19:06:28,839 [INFO] PluginManage:359 - Loaded plugin updater (category:base,tabindex:12)
2024-09-23 19:06:28,839 [INFO] PluginManage:310 - Check plugin userauth
2024-09-23 19:06:28,870 [INFO] UserAuth:114 - Init User Auth plugin
2024-09-23 19:06:28,870 [INFO] PluginManage:359 - Loaded plugin userauth (category:base,tabindex:14)
2024-09-23 19:06:28,871 [INFO] PluginManage:283 - PluginManage : Loaded plugins [17]
2024-09-23 19:06:29,505 [INFO] PinOutPanel:1561 - setPackage(No Configuration,No Configuration)
2024-09-23 19:06:29,688 [INFO] CADModel:165 - CPN selected for project level
2024-09-23 19:06:29,688 [INFO] CADModel:114 - Register for checkConnection events
2024-09-23 19:06:29,746 [INFO] IPUIPlugin:80 - create IPUIPlugin
2024-09-23 19:06:29,747 [INFO] PluginManager:220 - loadIPPluginJar : add dma
2024-09-23 19:06:29,776 [INFO] IPUIPlugin:80 - create IPUIPlugin
2024-09-23 19:06:29,776 [INFO] PluginManager:220 - loadIPPluginJar : add linkedlist
2024-09-23 19:06:29,796 [INFO] IPUIPlugin:80 - create IPUIPlugin
2024-09-23 19:06:29,796 [INFO] PluginManager:220 - loadIPPluginJar : add tracer_emb
2024-09-23 19:06:29,819 [INFO] IPUIPlugin:80 - create IPUIPlugin
2024-09-23 19:06:29,819 [INFO] PluginManager:220 - loadIPPluginJar : add ipddr
2024-09-23 19:06:29,827 [INFO] IPUIPlugin:80 - create IPUIPlugin
2024-09-23 19:06:29,827 [INFO] PluginManager:220 - loadIPPluginJar : add i2c
2024-09-23 19:06:29,871 [INFO] IPUIPlugin:80 - create IPUIPlugin
2024-09-23 19:06:29,871 [INFO] PluginManager:220 - loadIPPluginJar : add mdma
2024-09-23 19:06:29,886 [INFO] IPUIPlugin:80 - create IPUIPlugin
2024-09-23 19:06:29,887 [INFO] PluginManager:220 - loadIPPluginJar : add usart
2024-09-23 19:06:29,915 [INFO] IPUIPlugin:80 - create IPUIPlugin
2024-09-23 19:06:29,916 [INFO] PluginManager:220 - loadIPPluginJar : add gfxmmu
2024-09-23 19:06:29,927 [INFO] IPUIPlugin:80 - create IPUIPlugin
2024-09-23 19:06:29,927 [INFO] PluginManager:220 - loadIPPluginJar : add usbx
2024-09-23 19:06:29,936 [INFO] IPUIPlugin:80 - create IPUIPlugin
2024-09-23 19:06:29,936 [INFO] PluginManager:220 - loadIPPluginJar : add tsc
2024-09-23 19:06:29,951 [INFO] IPUIPlugin:80 - create IPUIPlugin
2024-09-23 19:06:29,952 [INFO] PluginManager:220 - loadIPPluginJar : add dma3
2024-09-23 19:06:29,972 [INFO] IPUIPlugin:80 - create IPUIPlugin
2024-09-23 19:06:29,972 [INFO] PluginManager:220 - loadIPPluginJar : add fmc
2024-09-23 19:06:29,976 [INFO] IPUIPlugin:80 - create IPUIPlugin
2024-09-23 19:06:29,977 [INFO] PluginManager:220 - loadIPPluginJar : add extmemmanager
2024-09-23 19:06:29,981 [INFO] IPUIPlugin:80 - create IPUIPlugin
2024-09-23 19:06:29,981 [INFO] PluginManager:220 - loadIPPluginJar : add comp
2024-09-23 19:06:29,996 [INFO] IPUIPlugin:80 - create IPUIPlugin
2024-09-23 19:06:29,996 [INFO] PluginManager:220 - loadIPPluginJar : add i3c
2024-09-23 19:06:30,021 [INFO] IPUIPlugin:80 - create IPUIPlugin
2024-09-23 19:06:30,021 [INFO] PluginManager:220 - loadIPPluginJar : add gtzc
2024-09-23 19:06:30,032 [INFO] IPUIPlugin:80 - create IPUIPlugin
2024-09-23 19:06:30,032 [INFO] PluginManager:220 - loadIPPluginJar : add touchsensing
2024-09-23 19:06:30,042 [INFO] IPUIPlugin:80 - create IPUIPlugin
2024-09-23 19:06:30,042 [INFO] PluginManager:220 - loadIPPluginJar : add ucpd
2024-09-23 19:06:30,046 [INFO] IPUIPlugin:80 - create IPUIPlugin
2024-09-23 19:06:30,046 [INFO] PluginManager:220 - loadIPPluginJar : add fatfs
2024-09-23 19:06:30,068 [INFO] IPUIPlugin:80 - create IPUIPlugin
2024-09-23 19:06:30,068 [INFO] PluginManager:220 - loadIPPluginJar : add stm32_wpan
2024-09-23 19:06:30,106 [INFO] IPUIPlugin:80 - create IPUIPlugin
2024-09-23 19:06:30,106 [INFO] PluginManager:220 - loadIPPluginJar : add gpio
2024-09-23 19:06:30,117 [INFO] IPUIPlugin:80 - create IPUIPlugin
2024-09-23 19:06:30,117 [INFO] PluginManager:220 - loadIPPluginJar : add i2s
2024-09-23 19:06:30,126 [INFO] IPUIPlugin:80 - create IPUIPlugin
2024-09-23 19:06:30,126 [INFO] PluginManager:220 - loadIPPluginJar : add tim
2024-09-23 19:06:30,157 [INFO] IPUIPlugin:80 - create IPUIPlugin
2024-09-23 19:06:30,157 [INFO] PluginManager:220 - loadIPPluginJar : add adc
2024-09-23 19:06:30,167 [INFO] IPUIPlugin:80 - create IPUIPlugin
2024-09-23 19:06:30,167 [INFO] PluginManager:220 - loadIPPluginJar : add pdm2pcm
2024-09-23 19:06:30,206 [INFO] IPUIPlugin:80 - create IPUIPlugin
2024-09-23 19:06:30,206 [INFO] PluginManager:220 - loadIPPluginJar : add gic
2024-09-23 19:06:30,221 [INFO] IPUIPlugin:80 - create IPUIPlugin
2024-09-23 19:06:30,221 [INFO] PluginManager:220 - loadIPPluginJar : add sai
2024-09-23 19:06:30,227 [INFO] IPUIPlugin:80 - create IPUIPlugin
2024-09-23 19:06:30,227 [INFO] PluginManager:220 - loadIPPluginJar : add spi
2024-09-23 19:06:30,242 [INFO] IPUIPlugin:80 - create IPUIPlugin
2024-09-23 19:06:30,242 [INFO] PluginManager:220 - loadIPPluginJar : add can
2024-09-23 19:06:30,272 [INFO] IPUIPlugin:80 - create IPUIPlugin
2024-09-23 19:06:30,272 [INFO] PluginManager:220 - loadIPPluginJar : add resmgrutility
2024-09-23 19:06:30,277 [INFO] IPUIPlugin:80 - create IPUIPlugin
2024-09-23 19:06:30,277 [INFO] PluginManager:220 - loadIPPluginJar : add quadspi
2024-09-23 19:06:30,322 [INFO] IPUIPlugin:80 - create IPUIPlugin
2024-09-23 19:06:30,322 [INFO] PluginManager:220 - loadIPPluginJar : add freertos
2024-09-23 19:06:30,332 [INFO] IPUIPlugin:80 - create IPUIPlugin
2024-09-23 19:06:30,332 [INFO] PluginManager:220 - loadIPPluginJar : add ts
2024-09-23 19:06:30,343 [INFO] IPUIPlugin:80 - create IPUIPlugin
2024-09-23 19:06:30,343 [INFO] PluginManager:220 - loadIPPluginJar : add aes
2024-09-23 19:06:30,377 [INFO] IPUIPlugin:80 - create IPUIPlugin
2024-09-23 19:06:30,377 [INFO] PluginManager:220 - loadIPPluginJar : add nvic
2024-09-23 19:06:30,388 [INFO] IPUIPlugin:80 - create IPUIPlugin
2024-09-23 19:06:30,388 [INFO] PluginManager:220 - loadIPPluginJar : add openamp
2024-09-23 19:06:30,398 [INFO] IPUIPlugin:80 - create IPUIPlugin
2024-09-23 19:06:30,398 [INFO] PluginManager:220 - loadIPPluginJar : add dfsdm
2024-09-23 19:06:30,407 [INFO] IPUIPlugin:80 - create IPUIPlugin
2024-09-23 19:06:30,408 [INFO] PluginManager:220 - loadIPPluginJar : add lorawan
2024-09-23 19:06:30,412 [INFO] IPUIPlugin:80 - create IPUIPlugin
2024-09-23 19:06:30,412 [INFO] PluginManager:220 - loadIPPluginJar : add genericplugin
2024-09-23 19:06:30,423 [INFO] IPUIPlugin:80 - create IPUIPlugin
2024-09-23 19:06:30,423 [INFO] PluginManager:220 - loadIPPluginJar : add hash
2024-09-23 19:06:30,432 [INFO] IPUIPlugin:80 - create IPUIPlugin
2024-09-23 19:06:30,432 [INFO] PluginManager:220 - loadIPPluginJar : add ltdc
2024-09-23 19:06:30,477 [INFO] IPUIPlugin:80 - create IPUIPlugin
2024-09-23 19:06:30,479 [INFO] PluginManager:220 - loadIPPluginJar : add plateformsettings
2024-09-23 19:06:30,487 [INFO] IPUIPlugin:80 - create IPUIPlugin
2024-09-23 19:06:30,488 [INFO] PluginManager:220 - loadIPPluginJar : add cryp
2024-09-23 19:06:30,497 [INFO] IPUIPlugin:80 - create IPUIPlugin
2024-09-23 19:06:30,498 [INFO] PluginManager:220 - loadIPPluginJar : add opamp
2024-09-23 19:06:30,637 [INFO] CADModel:165 - CPN selected for project level
2024-09-23 19:06:30,638 [INFO] CADModel:114 - Register for checkConnection events
2024-09-23 19:06:30,638 [FATAL] Updater:308 - Updater called before beeing initialized
2024-09-23 19:06:30,638 [ERROR] CADModel:125 - Updater not yet initialized, retry later 
2024-09-23 19:06:31,063 [INFO] CADModel:165 - CPN selected for project level
2024-09-23 19:06:31,063 [INFO] CADModel:114 - Register for checkConnection events
2024-09-23 19:06:31,063 [FATAL] Updater:308 - Updater called before beeing initialized
2024-09-23 19:06:31,063 [ERROR] CADModel:125 - Updater not yet initialized, retry later 
2024-09-23 19:06:31,066 [FATAL] Updater:308 - Updater called before beeing initialized
2024-09-23 19:06:31,125 [INFO] ThirdPartyUpdaterWithRetryManager:70 - Updater plugin not ready yet. [2/15]
2024-09-23 19:06:31,242 [FATAL] Updater:308 - Updater called before beeing initialized
2024-09-23 19:06:31,255 [INFO] DbMcusAds:53 - JSON generation date=Thu May 16 16:22:00 WIB 2024 (1715851320667)
2024-09-23 19:06:31,255 [FATAL] Updater:308 - Updater called before beeing initialized
2024-09-23 19:06:31,380 [WARN] DetailPanel:346 - Failed to get advertising image, set to default
2024-09-23 19:06:31,483 [FATAL] Updater:308 - Updater called before beeing initialized
2024-09-23 19:06:31,486 [FATAL] Updater:308 - Updater called before beeing initialized
2024-09-23 19:06:31,486 [FATAL] Updater:308 - Updater called before beeing initialized
2024-09-23 19:06:31,487 [WARN] DetailPanel:346 - Failed to get advertising image, set to default
2024-09-23 19:06:31,488 [FATAL] Updater:308 - Updater called before beeing initialized
2024-09-23 19:06:31,541 [ERROR] Updater:1120 - MainUpdater not yet initialized. External WinMGr cannot be set.
2024-09-23 19:06:31,547 [INFO] Updater:1056 - Updater Version found : 6.11.1
2024-09-23 19:06:31,632 [INFO] ApplicationProperties:184 - Using Application install path: /opt/st/stm32cubeide_1.15.1/plugins/com.st.stm32cube.common.mx_6.11.1.202404110753
2024-09-23 19:06:32,316 [INFO] MainUpdater:2873 - connection check result : 22
2024-09-23 19:06:32,318 [INFO] MainUpdater:290 - Updater Check For Update Now.
2024-09-23 19:06:32,318 [INFO] MicroXplorer:498 - Change Database Version : DB.6.0.111
2024-09-23 19:06:32,327 [INFO] McuFinderGlobals:63 - Set McuFinder mode to 2 (CubeIDE integrated)
2024-09-23 19:06:32,347 [INFO] UserAuth:415 - Internet connection configuration mode: 2
2024-09-23 19:06:32,543 [INFO] CheckServerUpdateThread:120 - End of CheckServer Thread
2024-09-23 19:06:34,753 [WARN] PackLoader:240 - Cannot read IP mode file for STMicroelectronics.X-CUBE-SMBUS.2.1.0
2024-09-23 19:06:34,830 [WARN] PackLoader:240 - Cannot read IP mode file for STMicroelectronics.X-CUBE-AZRTOS-F7.1.1.0
2024-09-23 19:06:34,983 [WARN] PackLoader:240 - Cannot read IP mode file for STMicroelectronics.X-CUBE-MEMS1.11.0.0
2024-09-23 19:06:35,175 [WARN] PackLoader:240 - Cannot read IP mode file for STMicroelectronics.FP-SNS-FLIGHT1.5.0.2
2024-09-23 19:06:35,192 [WARN] PackLoader:240 - Cannot read IP mode file for STMicroelectronics.X-CUBE-DISPLAY.3.0.0
2024-09-23 19:06:35,215 [WARN] PackLoader:240 - Cannot read IP mode file for STMicroelectronics.X-CUBE-BLE1.7.0.0
2024-09-23 19:06:35,224 [WARN] PackLoader:240 - Cannot read IP mode file for emotas.I-CUBE-CANOPEN.1.3.0
2024-09-23 19:06:35,239 [WARN] PackLoader:240 - Cannot read IP mode file for STMicroelectronics.X-CUBE-BLEMGR.3.1.0
2024-09-23 19:06:35,249 [WARN] PackLoader:240 - Cannot read IP mode file for STMicroelectronics.FP-SNS-SMARTAG2.1.2.0
2024-09-23 19:06:35,277 [INFO] LogOutputStream:77 - [STDOUT_REDIRECT] 1 : Invalid condition id : UX_CORESTACK_Condition cause : null
2024-09-23 19:06:35,278 [INFO] LogOutputStream:77 - [STDOUT_REDIRECT] 1 : Invalid condition id : UX_CORESTACK_Condition cause : null
2024-09-23 19:06:35,278 [INFO] LogOutputStream:77 - [STDOUT_REDIRECT] 1 : Invalid condition id : UX_CORESTACK_Condition cause : null
2024-09-23 19:06:35,279 [INFO] LogOutputStream:77 - [STDOUT_REDIRECT] 1 : Invalid condition id : UX_CORESTACK_Condition cause : null
2024-09-23 19:06:35,279 [INFO] LogOutputStream:77 - [STDOUT_REDIRECT] 1 : Invalid condition id : UX_CORESTACK_Condition cause : null
2024-09-23 19:06:35,283 [WARN] PackLoader:240 - Cannot read IP mode file for STMicroelectronics.X-CUBE-AZRTOS-WL.2.0.0
2024-09-23 19:06:35,295 [WARN] PackLoader:240 - Cannot read IP mode file for WES.I-CUBE-Cesium.1.3.0
2024-09-23 19:06:35,309 [WARN] PackLoader:240 - Cannot read IP mode file for STMicroelectronics.X-CUBE-BLE2.3.3.0
2024-09-23 19:06:35,349 [WARN] PackLoader:240 - Cannot read IP mode file for STMicroelectronics.X-CUBE-AZRTOS-G0.1.1.0
2024-09-23 19:06:35,370 [WARN] PackLoader:240 - Cannot read IP mode file for STMicroelectronics.X-CUBE-NFC4.3.0.0
2024-09-23 19:06:35,392 [WARN] PackLoader:240 - Cannot read IP mode file for EmbeddedOffice.I-CUBE-FS-RTOS.1.0.1
2024-09-23 19:06:35,392 [ERROR] ConditionMgr:805 - Attr not supported : Dmpu
2024-09-23 19:06:35,392 [ERROR] ConditionMgr:805 - Attr not supported : Dmpu
2024-09-23 19:06:35,392 [ERROR] ConditionMgr:805 - Attr not supported : Dmpu
2024-09-23 19:06:35,392 [ERROR] ConditionMgr:805 - Attr not supported : Dmpu
2024-09-23 19:06:35,392 [ERROR] ConditionMgr:805 - Attr not supported : Dmpu
2024-09-23 19:06:35,392 [ERROR] ConditionMgr:805 - Attr not supported : Dmpu
2024-09-23 19:06:35,392 [ERROR] ConditionMgr:805 - Attr not supported : Dmpu
2024-09-23 19:06:35,392 [ERROR] ConditionMgr:805 - Attr not supported : Dmpu
2024-09-23 19:06:35,393 [ERROR] ConditionMgr:805 - Attr not supported : Dmpu
2024-09-23 19:06:35,393 [ERROR] ConditionMgr:805 - Attr not supported : Dmpu
2024-09-23 19:06:35,393 [ERROR] ConditionMgr:805 - Attr not supported : Dmpu
2024-09-23 19:06:35,393 [ERROR] ConditionMgr:805 - Attr not supported : Dmpu
2024-09-23 19:06:35,393 [ERROR] ConditionMgr:805 - Attr not supported : Dmpu
2024-09-23 19:06:35,393 [ERROR] ConditionMgr:805 - Attr not supported : Dmpu
2024-09-23 19:06:35,393 [ERROR] ConditionMgr:805 - Attr not supported : Dmpu
2024-09-23 19:06:35,393 [ERROR] ConditionMgr:805 - Attr not supported : Dmpu
2024-09-23 19:06:35,393 [ERROR] ConditionMgr:805 - Attr not supported : Dmpu
2024-09-23 19:06:35,393 [ERROR] ConditionMgr:805 - Attr not supported : Dmpu
2024-09-23 19:06:35,393 [ERROR] ConditionMgr:805 - Attr not supported : Dmpu
2024-09-23 19:06:35,393 [ERROR] ConditionMgr:805 - Attr not supported : Dmpu
2024-09-23 19:06:35,394 [ERROR] ConditionMgr:805 - Attr not supported : Dmpu
2024-09-23 19:06:35,394 [ERROR] ConditionMgr:805 - Attr not supported : Dmpu
2024-09-23 19:06:35,394 [ERROR] ConditionMgr:805 - Attr not supported : Dmpu
2024-09-23 19:06:35,394 [ERROR] ConditionMgr:805 - Attr not supported : Dmpu
2024-09-23 19:06:35,394 [ERROR] ConditionMgr:805 - Attr not supported : Dmpu
2024-09-23 19:06:35,394 [ERROR] ConditionMgr:805 - Attr not supported : Dmpu
2024-09-23 19:06:35,394 [ERROR] ConditionMgr:805 - Attr not supported : Dmpu
2024-09-23 19:06:35,394 [ERROR] ConditionMgr:805 - Attr not supported : Dmpu
2024-09-23 19:06:35,394 [ERROR] ConditionMgr:805 - Attr not supported : Dmpu
2024-09-23 19:06:35,394 [ERROR] ConditionMgr:805 - Attr not supported : Dmpu
2024-09-23 19:06:35,395 [ERROR] ConditionMgr:805 - Attr not supported : Dmpu
2024-09-23 19:06:35,395 [ERROR] ConditionMgr:805 - Attr not supported : Dmpu
2024-09-23 19:06:35,396 [ERROR] ConditionMgr:805 - Attr not supported : Dmpu
2024-09-23 19:06:35,396 [ERROR] ConditionMgr:805 - Attr not supported : Dmpu
2024-09-23 19:06:35,396 [ERROR] ConditionMgr:805 - Attr not supported : Dmpu
2024-09-23 19:06:35,396 [ERROR] ConditionMgr:805 - Attr not supported : Dmpu
2024-09-23 19:06:35,396 [ERROR] ConditionMgr:805 - Attr not supported : Dmpu
2024-09-23 19:06:35,396 [ERROR] ConditionMgr:805 - Attr not supported : Dmpu
2024-09-23 19:06:35,397 [ERROR] ConditionMgr:805 - Attr not supported : Dmpu
2024-09-23 19:06:35,397 [ERROR] ConditionMgr:805 - Attr not supported : Dmpu
2024-09-23 19:06:35,397 [ERROR] ConditionMgr:805 - Attr not supported : Dmpu
2024-09-23 19:06:35,397 [ERROR] ConditionMgr:805 - Attr not supported : Dmpu
2024-09-23 19:06:35,397 [ERROR] ConditionMgr:805 - Attr not supported : Dmpu
2024-09-23 19:06:35,397 [ERROR] ConditionMgr:805 - Attr not supported : Dmpu
2024-09-23 19:06:35,397 [ERROR] ConditionMgr:805 - Attr not supported : Dmpu
2024-09-23 19:06:35,397 [ERROR] ConditionMgr:805 - Attr not supported : Dmpu
2024-09-23 19:06:35,397 [ERROR] ConditionMgr:805 - Attr not supported : Dmpu
2024-09-23 19:06:35,397 [ERROR] ConditionMgr:805 - Attr not supported : Dmpu
2024-09-23 19:06:35,398 [ERROR] ConditionMgr:805 - Attr not supported : Dmpu
2024-09-23 19:06:35,398 [ERROR] ConditionMgr:805 - Attr not supported : Dmpu
2024-09-23 19:06:35,398 [ERROR] ConditionMgr:805 - Attr not supported : Dmpu
2024-09-23 19:06:35,398 [ERROR] ConditionMgr:805 - Attr not supported : Dmpu
2024-09-23 19:06:35,398 [ERROR] ConditionMgr:805 - Attr not supported : Dmpu
2024-09-23 19:06:35,398 [ERROR] ConditionMgr:805 - Attr not supported : Dmpu
2024-09-23 19:06:35,398 [ERROR] ConditionMgr:805 - Attr not supported : Dmpu
2024-09-23 19:06:35,398 [ERROR] ConditionMgr:805 - Attr not supported : Dmpu
2024-09-23 19:06:35,398 [ERROR] ConditionMgr:805 - Attr not supported : Dmpu
2024-09-23 19:06:35,398 [ERROR] ConditionMgr:805 - Attr not supported : Dmpu
2024-09-23 19:06:35,398 [ERROR] ConditionMgr:805 - Attr not supported : Dmpu
2024-09-23 19:06:35,398 [ERROR] ConditionMgr:805 - Attr not supported : Dmpu
2024-09-23 19:06:35,399 [ERROR] ConditionMgr:805 - Attr not supported : Dmpu
2024-09-23 19:06:35,399 [ERROR] ConditionMgr:805 - Attr not supported : Dmpu
2024-09-23 19:06:35,399 [ERROR] ConditionMgr:805 - Attr not supported : Dmpu
2024-09-23 19:06:35,399 [ERROR] ConditionMgr:805 - Attr not supported : Dmpu
2024-09-23 19:06:35,410 [WARN] PackLoader:240 - Cannot read IP mode file for STMicroelectronics.FP-ATR-SIGFOX1.3.2.0
2024-09-23 19:06:35,428 [WARN] PackLoader:240 - Cannot read IP mode file for STMicroelectronics.X-CUBE-EEPRMA1.5.1.0
2024-09-23 19:06:35,446 [WARN] PackLoader:240 - Cannot read IP mode file for ITTIA_DB.I-CUBE-ITTIADB.8.9.0
2024-09-23 19:06:35,497 [WARN] PackLoader:240 - Cannot read IP mode file for SEGGER.I-CUBE-embOS.1.3.1
2024-09-23 19:06:35,569 [WARN] PackLoader:240 - Cannot read IP mode file for STMicroelectronics.X-CUBE-GNSS1.6.0.0
2024-09-23 19:06:35,609 [WARN] PackLoader:240 - Cannot read IP mode file for STMicroelectronics.X-CUBE-AZRTOS-F4.1.1.0
2024-09-23 19:06:35,644 [WARN] PackLoader:240 - Cannot read IP mode file for STMicroelectronics.X-CUBE-AZRTOS-L5.2.0.0
2024-09-23 19:06:35,664 [WARN] PackLoader:240 - Cannot read IP mode file for STMicroelectronics.X-CUBE-NFC7.1.0.1
2024-09-23 19:06:35,707 [WARN] ConditionMgr:438 - getConditionDescription Invalid condition id : LAN8742 Phy interface Condition cause : null
2024-09-23 19:06:35,708 [WARN] PackLoader:240 - Cannot read IP mode file for STMicroelectronics.X-CUBE-AZRTOS-L4.2.0.0
2024-09-23 19:06:35,710 [WARN] ConditionMgr:1039 - genDependencies : Invalid condition id : LAN8742 Phy interface Condition cause : null
2024-09-23 19:06:35,710 [WARN] ConditionMgr:1039 - genDependencies : Invalid condition id : LAN8742 Phy interface Condition cause : null
2024-09-23 19:06:35,711 [WARN] ConditionMgr:1039 - genDependencies : Invalid condition id : LAN8742 Phy interface Condition cause : null
2024-09-23 19:06:35,733 [WARN] PackLoader:240 - Cannot read IP mode file for STMicroelectronics.X-CUBE-SFXS2LP1.4.0.0
2024-09-23 19:06:35,799 [WARN] PackLoader:240 - Cannot read IP mode file for STMicroelectronics.X-CUBE-AZRTOS-H7.3.3.0
2024-09-23 19:06:35,842 [WARN] ConditionMgr:438 - getConditionDescription Invalid condition id : UX DEVICE CLASS RTOS Condition cause : null
2024-09-23 19:06:35,842 [WARN] ConditionMgr:438 - getConditionDescription Invalid condition id : UX DEVICE CLASS RTOS Condition cause : null
2024-09-23 19:06:35,846 [WARN] PackLoader:240 - Cannot read IP mode file for STMicroelectronics.X-CUBE-AZRTOS-WB.2.0.0
2024-09-23 19:06:35,847 [WARN] ConditionMgr:1039 - genDependencies : Invalid condition id : UX DEVICE CLASS RTOS Condition cause : null
2024-09-23 19:06:35,848 [WARN] ConditionMgr:1039 - genDependencies : Invalid condition id : UX DEVICE CLASS RTOS Condition cause : null
2024-09-23 19:06:35,848 [WARN] ConditionMgr:1039 - genDependencies : Invalid condition id : UX DEVICE CLASS RTOS Condition cause : null
2024-09-23 19:06:35,849 [WARN] ConditionMgr:1039 - genDependencies : Invalid condition id : UX DEVICE CLASS RTOS Condition cause : null
2024-09-23 19:06:35,849 [WARN] ConditionMgr:1039 - genDependencies : Invalid condition id : UX DEVICE CLASS RTOS Condition cause : null
2024-09-23 19:06:35,865 [WARN] PackLoader:240 - Cannot read IP mode file for STMicroelectronics.X-CUBE-GNSS1.7.0.0
2024-09-23 19:06:35,883 [WARN] PackLoader:240 - Cannot read IP mode file for STMicroelectronics.FP-SNS-STBOX1.2.0.0
2024-09-23 19:06:35,915 [WARN] PackLoader:240 - Cannot read IP mode file for STMicroelectronics.X-CUBE-SUBG2.5.0.0
2024-09-23 19:06:35,928 [WARN] PackLoader:240 - Cannot read IP mode file for Cesanta.I-CUBE-Mongoose.7.13.0
2024-09-23 19:06:35,960 [WARN] PackLoader:240 - Cannot read IP mode file for STMicroelectronics.X-CUBE-AZRTOS-G4.2.0.0
2024-09-23 19:06:35,974 [WARN] PackLoader:240 - Cannot read IP mode file for STMicroelectronics.X-CUBE-ISPU.2.0.0
2024-09-23 19:06:36,034 [WARN] PackLoader:240 - Cannot read IP mode file for STMicroelectronics.X-CUBE-MEMS1.10.0.0
2024-09-23 19:06:36,164 [WARN] PackLoader:240 - Cannot read IP mode file for portGmbH.I-Cube-SoM-uGOAL.1.1.0
2024-09-23 19:06:36,168 [WARN] PackLoader:240 - Cannot read IP mode file for STMicroelectronics.FP-ATR-ASTRA1.2.0.0
2024-09-23 19:06:36,192 [WARN] PackLoader:240 - Cannot read IP mode file for STMicroelectronics.X-CUBE-TOF1.3.4.2
2024-09-23 19:06:36,222 [WARN] PackLoader:240 - Cannot read IP mode file for STMicroelectronics.X-CUBE-TOF1.3.4.1
2024-09-23 19:06:36,272 [WARN] PackLoader:240 - Cannot read IP mode file for STMicroelectronics.X-CUBE-AZRTOS-H7.3.2.0
2024-09-23 19:06:36,313 [WARN] PackLoader:240 - Cannot read IP mode file for Infineon.AIROC-Wi-Fi-Bluetooth-STM32.1.6.0
2024-09-23 19:06:36,328 [WARN] PackLoader:240 - Cannot read IP mode file for wolfSSL.I-CUBE-wolfSSH.1.4.17
2024-09-23 19:06:36,329 [INFO] ThirdParty:978 - Integrity check success = true
2024-09-23 19:06:36,330 [INFO] IntegrityCheckThread:100 - exiting critical section [integrity check]
2024-09-23 19:06:36,330 [INFO] IntegrityCheckThread:103 - End integrity checks thread
2024-09-23 14:21:36,125 [INFO] Activator:176 - 


2024-09-23 14:21:36,126 [INFO] Activator:177 - !SESSION log4j initialized
2024-09-23 14:21:54,311 [INFO] LogOutputStream:77 - [STDOUT_REDIRECT] 
2024-09-23 14:21:57,364 [INFO] ApplicationProperties:184 - Using Application install path: /opt/st/stm32cubeide_1.15.1/plugins/com.st.stm32cube.common.mx_6.11.1.202404110753
2024-09-23 14:21:57,390 [INFO] DbMcusXml:78 - Set database path to: /opt/st/stm32cubeide_1.15.1/plugins/com.st.stm32cube.common.mx_6.11.1.202404110753//db//mcu/
2024-09-23 14:21:57,391 [INFO] ApiDb:274 - Set plugin database path to: /opt/st/stm32cubeide_1.15.1/plugins/com.st.stm32cube.common.mx_6.11.1.202404110753//db//plugins/boardmanager/
2024-09-23 14:21:57,391 [WARN] ApiDb:259 - Overriding images path with different value:  => /opt/st/stm32cubeide_1.15.1/plugins/com.st.stm32cube.common.mx_6.11.1.202404110753//db//plugins/mcufinder/images/
2024-09-23 14:21:57,402 [INFO] ApiDb:250 - Set database path to: /home/wgg/.stmcufinder/plugins/mcufinder//mcu/
2024-09-23 14:21:57,403 [INFO] DbMcusAds:125 - Set database path to: /home/wgg/.stmcufinder/plugins/mcufinder//mcu/
2024-09-23 14:21:57,411 [INFO] CrossReferenceDbSqlite:203 - Set database path to: /home/wgg/.stmcufinder/plugins/mcufinder//mcu/cs/
2024-09-23 14:21:57,541 [INFO] RulesReader:64 - Compatibility file has been processed (297 Rules)
2024-09-23 14:21:57,597 [INFO] DbMcusXml:78 - Set database path to: /opt/st/stm32cubeide_1.15.1/plugins/com.st.stm32cube.common.mx_6.11.1.202404110753//db//mcu/
2024-09-23 14:21:57,597 [INFO] ApiDb:274 - Set plugin database path to: /opt/st/stm32cubeide_1.15.1/plugins/com.st.stm32cube.common.mx_6.11.1.202404110753//db//plugins/boardmanager/
2024-09-23 14:21:57,598 [INFO] ApiDb:261 - Set plugin images path to: /opt/st/stm32cubeide_1.15.1/plugins/com.st.stm32cube.common.mx_6.11.1.202404110753//db//plugins/mcufinder/images/
2024-09-23 14:21:57,598 [WARN] DbFile:41 - Overriding database path with different value: /home/wgg/.stmcufinder/plugins/mcufinder/ => /home/wgg/.stmcufinder/plugins/mcufinder
2024-09-23 14:21:57,598 [INFO] ApiDb:250 - Set database path to: /home/wgg/.stmcufinder/plugins/mcufinder//mcu/
2024-09-23 14:21:57,598 [WARN] DbFile:41 - Overriding database path with different value: /home/wgg/.stmcufinder/plugins/mcufinder/ => /home/wgg/.stmcufinder/plugins/mcufinder
2024-09-23 14:21:57,598 [INFO] DbMcusAds:125 - Set database path to: /home/wgg/.stmcufinder/plugins/mcufinder//mcu/
2024-09-23 14:21:57,598 [WARN] DbFile:41 - Overriding database path with different value: /home/wgg/.stmcufinder/plugins/mcufinder/ => /home/wgg/.stmcufinder/plugins/mcufinder
2024-09-23 14:21:57,598 [WARN] DbFile:41 - Overriding database path with different value: /home/wgg/.stmcufinder/plugins/mcufinder/ => /home/wgg/.stmcufinder/plugins/mcufinder
2024-09-23 14:21:57,598 [INFO] CrossReferenceDbSqlite:203 - Set database path to: /home/wgg/.stmcufinder/plugins/mcufinder//mcu/cs/
2024-09-23 14:21:57,658 [INFO] MainPanel:264 - HeapMemory: 268435456
2024-09-23 14:21:57,724 [INFO] DbMcusXml:78 - Set database path to: /opt/st/stm32cubeide_1.15.1/plugins/com.st.stm32cube.common.mx_6.11.1.202404110753//db//mcu/
2024-09-23 14:21:57,724 [INFO] ApiDb:274 - Set plugin database path to: /opt/st/stm32cubeide_1.15.1/plugins/com.st.stm32cube.common.mx_6.11.1.202404110753//db//plugins/boardmanager/
2024-09-23 14:21:57,724 [INFO] ApiDb:261 - Set plugin images path to: /opt/st/stm32cubeide_1.15.1/plugins/com.st.stm32cube.common.mx_6.11.1.202404110753//db//plugins/mcufinder/images/
2024-09-23 14:21:57,724 [WARN] DbFile:41 - Overriding database path with different value: /home/wgg/.stmcufinder/plugins/mcufinder/ => /home/wgg/.stmcufinder/plugins/mcufinder
2024-09-23 14:21:57,725 [INFO] ApiDb:250 - Set database path to: /home/wgg/.stmcufinder/plugins/mcufinder//mcu/
2024-09-23 14:21:57,725 [WARN] DbFile:41 - Overriding database path with different value: /home/wgg/.stmcufinder/plugins/mcufinder/ => /home/wgg/.stmcufinder/plugins/mcufinder
2024-09-23 14:21:57,725 [INFO] DbMcusAds:125 - Set database path to: /home/wgg/.stmcufinder/plugins/mcufinder//mcu/
2024-09-23 14:21:57,725 [WARN] DbFile:41 - Overriding database path with different value: /home/wgg/.stmcufinder/plugins/mcufinder/ => /home/wgg/.stmcufinder/plugins/mcufinder
2024-09-23 14:21:57,725 [WARN] DbFile:41 - Overriding database path with different value: /home/wgg/.stmcufinder/plugins/mcufinder/ => /home/wgg/.stmcufinder/plugins/mcufinder
2024-09-23 14:21:57,725 [INFO] CrossReferenceDbSqlite:203 - Set database path to: /home/wgg/.stmcufinder/plugins/mcufinder//mcu/cs/
2024-09-23 14:21:57,736 [INFO] ApplicationProperties:184 - Using Application install path: /opt/st/stm32cubeide_1.15.1/plugins/com.st.stm32cube.common.mx_6.11.1.202404110753
2024-09-23 14:21:57,737 [INFO] PluginManage:196 - Search for loadable plugins [exclusion list=, ]
2024-09-23 14:21:57,738 [INFO] PluginManage:310 - Check plugin analytics
2024-09-23 14:21:57,861 [INFO] AnalyticsPlugin:253 - Accepted Software Licenses: 
2024-09-23 14:21:57,862 [INFO] AnalyticsPlugin:255 - Accepted CMSIS Pack Licenses: 
2024-09-23 14:21:57,862 [INFO] AnalyticsPlugin:257 - Accepted Firmware Licenses: FW.F4.1.28.0
2024-09-23 14:21:57,863 [INFO] PluginManage:359 - Loaded plugin analytics (category:tool,tabindex:-1)
2024-09-23 14:21:57,863 [INFO] PluginManage:310 - Check plugin cadmodel
2024-09-23 14:21:57,896 [INFO] CADModel:105 - Init CAD model plugin
2024-09-23 14:21:57,896 [INFO] PluginManage:359 - Loaded plugin cadmodel (category:power,tabindex:5)
2024-09-23 14:21:57,896 [INFO] PluginManage:310 - Check plugin clock
2024-09-23 14:21:57,906 [INFO] PluginManage:359 - Loaded plugin clock (category:base,tabindex:2)
2024-09-23 14:21:57,907 [INFO] PluginManage:310 - Check plugin ddr
2024-09-23 14:21:57,908 [INFO] PluginManage:359 - Loaded plugin ddr (category:tool,tabindex:6)
2024-09-23 14:21:57,908 [INFO] PluginManage:310 - Check plugin filemanager
2024-09-23 14:21:58,053 [INFO] PluginManage:359 - Loaded plugin filemanager (category:base,tabindex:10)
2024-09-23 14:21:58,053 [INFO] PluginManage:310 - Check plugin ipmanager
2024-09-23 14:21:58,058 [INFO] PluginManage:359 - Loaded plugin ipmanager (category:base,tabindex:5)
2024-09-23 14:21:58,058 [INFO] PluginManage:310 - Check plugin lpbam
2024-09-23 14:21:58,068 [INFO] PluginManage:359 - Loaded plugin lpbam (category:base,tabindex:0)
2024-09-23 14:21:58,068 [INFO] PluginManage:310 - Check plugin memorymap
2024-09-23 14:21:58,081 [INFO] PluginManage:359 - Loaded plugin memorymap (category:base,tabindex:4)
2024-09-23 14:21:58,081 [INFO] PluginManage:310 - Check plugin pinoutandconfiguration
2024-09-23 14:21:58,092 [INFO] PluginManage:359 - Loaded plugin pinoutandconfiguration (category:base,tabindex:1)
2024-09-23 14:21:58,092 [INFO] PluginManage:310 - Check plugin pinoutconfig
2024-09-23 14:21:58,159 [WARN] SupportedApi:132 - Cannot load RTOS API schema: s4s-elt-must-match.1: The content of 'definitions' must match (annotation?, (simpleType | complexType)?, (unique | key | keyref)*)). A problem was found starting at: attribute.
2024-09-23 14:21:58,295 [INFO] PluginManage:359 - Loaded plugin pinoutconfig (category:base,tabindex:0)
2024-09-23 14:21:58,296 [INFO] PluginManage:310 - Check plugin power
2024-09-23 14:21:58,303 [INFO] PluginManage:359 - Loaded plugin power (category:power,tabindex:4)
2024-09-23 14:21:58,303 [INFO] PluginManage:310 - Check plugin projectmanager
2024-09-23 14:21:58,312 [INFO] PluginManage:359 - Loaded plugin projectmanager (category:projectmanager,tabindex:3)
2024-09-23 14:21:58,312 [INFO] PluginManage:310 - Check plugin thirdparty
2024-09-23 14:21:58,412 [INFO] PluginManage:359 - Loaded plugin thirdparty (category:base,tabindex:-1)
2024-09-23 14:21:58,411 [WARN] IntegrityCheckThread:84 - waiting for thirdparty lock release [integrity check]
2024-09-23 14:21:58,412 [INFO] PluginManage:310 - Check plugin tools
2024-09-23 14:21:58,412 [INFO] IntegrityCheckThread:86 - entering critical section [integrity check]
2024-09-23 14:21:58,412 [INFO] ThirdPartyUpdaterWithRetryManager:70 - Updater plugin not ready yet. [1/15]
2024-09-23 14:21:58,413 [INFO] PluginManage:359 - Loaded plugin tools (category:base,tabindex:7)
2024-09-23 14:21:58,413 [INFO] PluginManage:310 - Check plugin tutovideos
2024-09-23 14:21:58,591 [INFO] PluginManage:359 - Loaded plugin tutovideos (category:base,tabindex:-1)
2024-09-23 14:21:58,591 [INFO] PluginManage:310 - Check plugin updater
2024-09-23 14:21:58,602 [INFO] PluginManage:359 - Loaded plugin updater (category:base,tabindex:12)
2024-09-23 14:21:58,602 [INFO] PluginManage:310 - Check plugin userauth
2024-09-23 14:21:58,607 [INFO] UserAuth:114 - Init User Auth plugin
2024-09-23 14:21:58,607 [INFO] PluginManage:359 - Loaded plugin userauth (category:base,tabindex:14)
2024-09-23 14:21:58,607 [INFO] PluginManage:283 - PluginManage : Loaded plugins [17]
2024-09-23 14:21:58,776 [INFO] PinOutPanel:1561 - setPackage(No Configuration,No Configuration)
2024-09-23 14:21:58,816 [INFO] CADModel:165 - CPN selected for project level
2024-09-23 14:21:58,816 [INFO] CADModel:114 - Register for checkConnection events
2024-09-23 14:21:58,827 [INFO] IPUIPlugin:80 - create IPUIPlugin
2024-09-23 14:21:58,828 [INFO] PluginManager:220 - loadIPPluginJar : add dma
2024-09-23 14:21:58,833 [INFO] IPUIPlugin:80 - create IPUIPlugin
2024-09-23 14:21:58,833 [INFO] PluginManager:220 - loadIPPluginJar : add linkedlist
2024-09-23 14:21:58,837 [INFO] IPUIPlugin:80 - create IPUIPlugin
2024-09-23 14:21:58,837 [INFO] PluginManager:220 - loadIPPluginJar : add tracer_emb
2024-09-23 14:21:58,840 [INFO] IPUIPlugin:80 - create IPUIPlugin
2024-09-23 14:21:58,841 [INFO] PluginManager:220 - loadIPPluginJar : add ipddr
2024-09-23 14:21:58,842 [INFO] IPUIPlugin:80 - create IPUIPlugin
2024-09-23 14:21:58,842 [INFO] PluginManager:220 - loadIPPluginJar : add i2c
2024-09-23 14:21:58,847 [INFO] IPUIPlugin:80 - create IPUIPlugin
2024-09-23 14:21:58,847 [INFO] PluginManager:220 - loadIPPluginJar : add mdma
2024-09-23 14:21:58,850 [INFO] IPUIPlugin:80 - create IPUIPlugin
2024-09-23 14:21:58,850 [INFO] PluginManager:220 - loadIPPluginJar : add usart
2024-09-23 14:21:58,856 [INFO] IPUIPlugin:80 - create IPUIPlugin
2024-09-23 14:21:58,856 [INFO] PluginManager:220 - loadIPPluginJar : add gfxmmu
2024-09-23 14:21:58,859 [INFO] IPUIPlugin:80 - create IPUIPlugin
2024-09-23 14:21:58,860 [INFO] PluginManager:220 - loadIPPluginJar : add usbx
2024-09-23 14:21:58,861 [INFO] IPUIPlugin:80 - create IPUIPlugin
2024-09-23 14:21:58,861 [INFO] PluginManager:220 - loadIPPluginJar : add tsc
2024-09-23 14:21:58,863 [INFO] IPUIPlugin:80 - create IPUIPlugin
2024-09-23 14:21:58,864 [INFO] PluginManager:220 - loadIPPluginJar : add dma3
2024-09-23 14:21:58,871 [INFO] IPUIPlugin:80 - create IPUIPlugin
2024-09-23 14:21:58,871 [INFO] PluginManager:220 - loadIPPluginJar : add fmc
2024-09-23 14:21:58,875 [INFO] IPUIPlugin:80 - create IPUIPlugin
2024-09-23 14:21:58,875 [INFO] PluginManager:220 - loadIPPluginJar : add extmemmanager
2024-09-23 14:21:58,876 [INFO] IPUIPlugin:80 - create IPUIPlugin
2024-09-23 14:21:58,876 [INFO] PluginManager:220 - loadIPPluginJar : add comp
2024-09-23 14:21:58,879 [INFO] IPUIPlugin:80 - create IPUIPlugin
2024-09-23 14:21:58,879 [INFO] PluginManager:220 - loadIPPluginJar : add i3c
2024-09-23 14:21:58,882 [INFO] IPUIPlugin:80 - create IPUIPlugin
2024-09-23 14:21:58,882 [INFO] PluginManager:220 - loadIPPluginJar : add gtzc
2024-09-23 14:21:58,885 [INFO] IPUIPlugin:80 - create IPUIPlugin
2024-09-23 14:21:58,885 [INFO] PluginManager:220 - loadIPPluginJar : add touchsensing
2024-09-23 14:21:58,887 [INFO] IPUIPlugin:80 - create IPUIPlugin
2024-09-23 14:21:58,887 [INFO] PluginManager:220 - loadIPPluginJar : add ucpd
2024-09-23 14:21:58,888 [INFO] IPUIPlugin:80 - create IPUIPlugin
2024-09-23 14:21:58,888 [INFO] PluginManager:220 - loadIPPluginJar : add fatfs
2024-09-23 14:21:58,892 [INFO] IPUIPlugin:80 - create IPUIPlugin
2024-09-23 14:21:58,893 [INFO] PluginManager:220 - loadIPPluginJar : add stm32_wpan
2024-09-23 14:21:58,905 [INFO] IPUIPlugin:80 - create IPUIPlugin
2024-09-23 14:21:58,905 [INFO] PluginManager:220 - loadIPPluginJar : add gpio
2024-09-23 14:21:58,907 [INFO] IPUIPlugin:80 - create IPUIPlugin
2024-09-23 14:21:58,907 [INFO] PluginManager:220 - loadIPPluginJar : add i2s
2024-09-23 14:21:58,908 [INFO] IPUIPlugin:80 - create IPUIPlugin
2024-09-23 14:21:58,908 [INFO] PluginManager:220 - loadIPPluginJar : add tim
2024-09-23 14:21:58,915 [INFO] IPUIPlugin:80 - create IPUIPlugin
2024-09-23 14:21:58,915 [INFO] PluginManager:220 - loadIPPluginJar : add adc
2024-09-23 14:21:58,917 [INFO] IPUIPlugin:80 - create IPUIPlugin
2024-09-23 14:21:58,917 [INFO] PluginManager:220 - loadIPPluginJar : add pdm2pcm
2024-09-23 14:21:58,921 [INFO] IPUIPlugin:80 - create IPUIPlugin
2024-09-23 14:21:58,922 [INFO] PluginManager:220 - loadIPPluginJar : add gic
2024-09-23 14:21:58,924 [INFO] IPUIPlugin:80 - create IPUIPlugin
2024-09-23 14:21:58,924 [INFO] PluginManager:220 - loadIPPluginJar : add sai
2024-09-23 14:21:58,926 [INFO] IPUIPlugin:80 - create IPUIPlugin
2024-09-23 14:21:58,926 [INFO] PluginManager:220 - loadIPPluginJar : add spi
2024-09-23 14:21:58,928 [INFO] IPUIPlugin:80 - create IPUIPlugin
2024-09-23 14:21:58,928 [INFO] PluginManager:220 - loadIPPluginJar : add can
2024-09-23 14:21:58,931 [INFO] IPUIPlugin:80 - create IPUIPlugin
2024-09-23 14:21:58,931 [INFO] PluginManager:220 - loadIPPluginJar : add resmgrutility
2024-09-23 14:21:58,932 [INFO] IPUIPlugin:80 - create IPUIPlugin
2024-09-23 14:21:58,932 [INFO] PluginManager:220 - loadIPPluginJar : add quadspi
2024-09-23 14:21:58,937 [INFO] IPUIPlugin:80 - create IPUIPlugin
2024-09-23 14:21:58,937 [INFO] PluginManager:220 - loadIPPluginJar : add freertos
2024-09-23 14:21:58,939 [INFO] IPUIPlugin:80 - create IPUIPlugin
2024-09-23 14:21:58,939 [INFO] PluginManager:220 - loadIPPluginJar : add ts
2024-09-23 14:21:58,941 [INFO] IPUIPlugin:80 - create IPUIPlugin
2024-09-23 14:21:58,941 [INFO] PluginManager:220 - loadIPPluginJar : add aes
2024-09-23 14:21:58,952 [INFO] IPUIPlugin:80 - create IPUIPlugin
2024-09-23 14:21:58,952 [INFO] PluginManager:220 - loadIPPluginJar : add nvic
2024-09-23 14:21:58,954 [INFO] IPUIPlugin:80 - create IPUIPlugin
2024-09-23 14:21:58,954 [INFO] PluginManager:220 - loadIPPluginJar : add openamp
2024-09-23 14:21:58,956 [INFO] IPUIPlugin:80 - create IPUIPlugin
2024-09-23 14:21:58,956 [INFO] PluginManager:220 - loadIPPluginJar : add dfsdm
2024-09-23 14:21:58,958 [INFO] IPUIPlugin:80 - create IPUIPlugin
2024-09-23 14:21:58,958 [INFO] PluginManager:220 - loadIPPluginJar : add lorawan
2024-09-23 14:21:58,960 [INFO] IPUIPlugin:80 - create IPUIPlugin
2024-09-23 14:21:58,960 [INFO] PluginManager:220 - loadIPPluginJar : add genericplugin
2024-09-23 14:21:58,961 [INFO] IPUIPlugin:80 - create IPUIPlugin
2024-09-23 14:21:58,961 [INFO] PluginManager:220 - loadIPPluginJar : add hash
2024-09-23 14:21:58,962 [INFO] IPUIPlugin:80 - create IPUIPlugin
2024-09-23 14:21:58,962 [INFO] PluginManager:220 - loadIPPluginJar : add ltdc
2024-09-23 14:21:58,969 [INFO] IPUIPlugin:80 - create IPUIPlugin
2024-09-23 14:21:58,976 [INFO] PluginManager:220 - loadIPPluginJar : add plateformsettings
2024-09-23 14:21:58,978 [INFO] IPUIPlugin:80 - create IPUIPlugin
2024-09-23 14:21:58,978 [INFO] PluginManager:220 - loadIPPluginJar : add cryp
2024-09-23 14:21:58,979 [INFO] IPUIPlugin:80 - create IPUIPlugin
2024-09-23 14:21:58,979 [INFO] PluginManager:220 - loadIPPluginJar : add opamp
2024-09-23 14:21:59,078 [INFO] CADModel:165 - CPN selected for project level
2024-09-23 14:21:59,079 [INFO] CADModel:114 - Register for checkConnection events
2024-09-23 14:21:59,079 [FATAL] Updater:308 - Updater called before beeing initialized
2024-09-23 14:21:59,079 [ERROR] CADModel:125 - Updater not yet initialized, retry later 
2024-09-23 14:21:59,158 [INFO] CADModel:165 - CPN selected for project level
2024-09-23 14:21:59,158 [INFO] CADModel:114 - Register for checkConnection events
2024-09-23 14:21:59,159 [FATAL] Updater:308 - Updater called before beeing initialized
2024-09-23 14:21:59,159 [ERROR] CADModel:125 - Updater not yet initialized, retry later 
2024-09-23 14:21:59,160 [FATAL] Updater:308 - Updater called before beeing initialized
2024-09-23 14:21:59,217 [FATAL] Updater:308 - Updater called before beeing initialized
2024-09-23 14:21:59,219 [INFO] DbMcusAds:53 - JSON generation date=Thu May 16 16:22:00 WIB 2024 (1715851320667)
2024-09-23 14:21:59,219 [FATAL] Updater:308 - Updater called before beeing initialized
2024-09-23 14:21:59,253 [WARN] DetailPanel:346 - Failed to get advertising image, set to default
2024-09-23 14:21:59,325 [FATAL] Updater:308 - Updater called before beeing initialized
2024-09-23 14:21:59,326 [FATAL] Updater:308 - Updater called before beeing initialized
2024-09-23 14:21:59,326 [FATAL] Updater:308 - Updater called before beeing initialized
2024-09-23 14:21:59,327 [WARN] DetailPanel:346 - Failed to get advertising image, set to default
2024-09-23 14:21:59,327 [FATAL] Updater:308 - Updater called before beeing initialized
2024-09-23 14:21:59,348 [ERROR] Updater:1120 - MainUpdater not yet initialized. External WinMGr cannot be set.
2024-09-23 14:21:59,350 [INFO] Updater:1056 - Updater Version found : 6.11.1
2024-09-23 14:21:59,371 [INFO] ApplicationProperties:184 - Using Application install path: /opt/st/stm32cubeide_1.15.1/plugins/com.st.stm32cube.common.mx_6.11.1.202404110753
2024-09-23 14:22:00,783 [ERROR] ConfigurationRetriever:142 - IOException on connection: Read timed out
2024-09-23 14:22:01,413 [INFO] ThirdPartyUpdaterWithRetryManager:70 - Updater plugin not ready yet. [2/15]
2024-09-23 14:22:02,786 [ERROR] ConfigurationRetriever:142 - IOException on connection: Connect timed out
2024-09-23 14:22:03,557 [INFO] RetryExec:97 - I/O exception (java.net.SocketException) caught when processing request to {s}->https://sw-center.st.com:443: Network is unreachable
2024-09-23 14:22:03,558 [INFO] RetryExec:113 - Retrying request to {s}->https://sw-center.st.com:443
2024-09-23 14:22:03,781 [ERROR] ConfigurationRetriever:142 - IOException on connection: Read timed out
2024-09-23 14:22:04,413 [FATAL] Updater:308 - Updater called before beeing initialized
2024-09-23 14:22:04,415 [ERROR] IntegrityCheckThread:130 - Cannot retrieve database content from updater: error 21
2024-09-23 14:22:04,416 [INFO] ThirdParty:978 - Integrity check success = false
2024-09-23 14:22:04,416 [INFO] IntegrityCheckThread:100 - exiting critical section [integrity check]
2024-09-23 14:22:04,416 [INFO] IntegrityCheckThread:103 - End integrity checks thread
2024-09-23 14:22:06,127 [ERROR] ConfigurationRetriever:142 - IOException on connection: Read timed out
2024-09-23 14:22:08,270 [INFO] RetryExec:97 - I/O exception (java.net.SocketException) caught when processing request to {s}->https://sw-center.st.com:443: Network is unreachable
2024-09-23 14:22:08,270 [INFO] RetryExec:113 - Retrying request to {s}->https://sw-center.st.com:443
2024-09-23 14:22:09,748 [ERROR] ConfigurationRetriever:142 - IOException on connection: Read timed out
2024-09-23 14:22:13,891 [INFO] RetryExec:97 - I/O exception (java.net.SocketException) caught when processing request to {s}->https://sw-center.st.com:443: Network is unreachable
2024-09-23 14:22:13,891 [INFO] RetryExec:113 - Retrying request to {s}->https://sw-center.st.com:443
2024-09-23 14:22:14,752 [ERROR] ConfigurationRetriever:142 - IOException on connection: Connect timed out
2024-09-23 14:22:17,900 [INFO] MainUpdater:2873 - connection check result : 22
2024-09-23 14:22:17,900 [INFO] MainUpdater:290 - Updater Check For Update Now.
2024-09-23 14:22:17,900 [INFO] MicroXplorer:498 - Change Database Version : DB.6.0.111
2024-09-23 14:22:17,938 [INFO] McuFinderGlobals:63 - Set McuFinder mode to 2 (CubeIDE integrated)
2024-09-23 14:22:17,943 [INFO] UserAuth:415 - Internet connection configuration mode: 2
2024-09-23 14:22:18,091 [INFO] CheckServerUpdateThread:120 - End of CheckServer Thread
2024-09-23 14:28:13,108 [ERROR] ConfigurationRetriever:142 - IOException on connection: Read timed out
2024-09-23 14:28:16,133 [ERROR] ConfigurationRetriever:142 - IOException on connection: Read timed out
2024-09-23 14:28:20,948 [ERROR] ConfigurationRetriever:142 - IOException on connection: Read timed out
2024-09-23 15:19:32,517 [ERROR] ConfigurationRetriever:142 - IOException on connection: Read timed out
2024-09-23 15:19:36,580 [ERROR] AdobePublisher:183 - Exception while getting the server answer: java.net.SocketTimeoutException: Read timed out
2024-09-23 15:19:38,831 [ERROR] AdobePublisher:183 - Exception while getting the server answer: java.net.SocketTimeoutException: Read timed out
2024-09-23 15:38:58,154 [INFO] Activator:176 - 


2024-09-23 15:38:58,156 [INFO] Activator:177 - !SESSION log4j initialized
2024-09-23 15:39:02,959 [INFO] LogOutputStream:77 - [STDOUT_REDIRECT] 
2024-09-23 15:39:03,791 [INFO] ApplicationProperties:184 - Using Application install path: /opt/st/stm32cubeide_1.15.1/plugins/com.st.stm32cube.common.mx_6.11.1.202404110753
2024-09-23 15:39:03,812 [INFO] DbMcusXml:78 - Set database path to: /opt/st/stm32cubeide_1.15.1/plugins/com.st.stm32cube.common.mx_6.11.1.202404110753//db//mcu/
2024-09-23 15:39:03,812 [INFO] ApiDb:274 - Set plugin database path to: /opt/st/stm32cubeide_1.15.1/plugins/com.st.stm32cube.common.mx_6.11.1.202404110753//db//plugins/boardmanager/
2024-09-23 15:39:03,813 [WARN] ApiDb:259 - Overriding images path with different value:  => /opt/st/stm32cubeide_1.15.1/plugins/com.st.stm32cube.common.mx_6.11.1.202404110753//db//plugins/mcufinder/images/
2024-09-23 15:39:03,824 [INFO] ApiDb:250 - Set database path to: /home/wgg/.stmcufinder/plugins/mcufinder//mcu/
2024-09-23 15:39:03,825 [INFO] DbMcusAds:125 - Set database path to: /home/wgg/.stmcufinder/plugins/mcufinder//mcu/
2024-09-23 15:39:03,832 [INFO] CrossReferenceDbSqlite:203 - Set database path to: /home/wgg/.stmcufinder/plugins/mcufinder//mcu/cs/
2024-09-23 15:39:03,955 [INFO] RulesReader:64 - Compatibility file has been processed (297 Rules)
2024-09-23 15:39:04,007 [INFO] DbMcusXml:78 - Set database path to: /opt/st/stm32cubeide_1.15.1/plugins/com.st.stm32cube.common.mx_6.11.1.202404110753//db//mcu/
2024-09-23 15:39:04,007 [INFO] ApiDb:274 - Set plugin database path to: /opt/st/stm32cubeide_1.15.1/plugins/com.st.stm32cube.common.mx_6.11.1.202404110753//db//plugins/boardmanager/
2024-09-23 15:39:04,007 [INFO] ApiDb:261 - Set plugin images path to: /opt/st/stm32cubeide_1.15.1/plugins/com.st.stm32cube.common.mx_6.11.1.202404110753//db//plugins/mcufinder/images/
2024-09-23 15:39:04,007 [WARN] DbFile:41 - Overriding database path with different value: /home/wgg/.stmcufinder/plugins/mcufinder/ => /home/wgg/.stmcufinder/plugins/mcufinder
2024-09-23 15:39:04,007 [INFO] ApiDb:250 - Set database path to: /home/wgg/.stmcufinder/plugins/mcufinder//mcu/
2024-09-23 15:39:04,007 [WARN] DbFile:41 - Overriding database path with different value: /home/wgg/.stmcufinder/plugins/mcufinder/ => /home/wgg/.stmcufinder/plugins/mcufinder
2024-09-23 15:39:04,007 [INFO] DbMcusAds:125 - Set database path to: /home/wgg/.stmcufinder/plugins/mcufinder//mcu/
2024-09-23 15:39:04,007 [WARN] DbFile:41 - Overriding database path with different value: /home/wgg/.stmcufinder/plugins/mcufinder/ => /home/wgg/.stmcufinder/plugins/mcufinder
2024-09-23 15:39:04,007 [WARN] DbFile:41 - Overriding database path with different value: /home/wgg/.stmcufinder/plugins/mcufinder/ => /home/wgg/.stmcufinder/plugins/mcufinder
2024-09-23 15:39:04,007 [INFO] CrossReferenceDbSqlite:203 - Set database path to: /home/wgg/.stmcufinder/plugins/mcufinder//mcu/cs/
2024-09-23 15:39:04,063 [INFO] MainPanel:264 - HeapMemory: 268435456
2024-09-23 15:39:04,125 [INFO] DbMcusXml:78 - Set database path to: /opt/st/stm32cubeide_1.15.1/plugins/com.st.stm32cube.common.mx_6.11.1.202404110753//db//mcu/
2024-09-23 15:39:04,125 [INFO] ApiDb:274 - Set plugin database path to: /opt/st/stm32cubeide_1.15.1/plugins/com.st.stm32cube.common.mx_6.11.1.202404110753//db//plugins/boardmanager/
2024-09-23 15:39:04,125 [INFO] ApiDb:261 - Set plugin images path to: /opt/st/stm32cubeide_1.15.1/plugins/com.st.stm32cube.common.mx_6.11.1.202404110753//db//plugins/mcufinder/images/
2024-09-23 15:39:04,125 [WARN] DbFile:41 - Overriding database path with different value: /home/wgg/.stmcufinder/plugins/mcufinder/ => /home/wgg/.stmcufinder/plugins/mcufinder
2024-09-23 15:39:04,125 [INFO] ApiDb:250 - Set database path to: /home/wgg/.stmcufinder/plugins/mcufinder//mcu/
2024-09-23 15:39:04,125 [WARN] DbFile:41 - Overriding database path with different value: /home/wgg/.stmcufinder/plugins/mcufinder/ => /home/wgg/.stmcufinder/plugins/mcufinder
2024-09-23 15:39:04,125 [INFO] DbMcusAds:125 - Set database path to: /home/wgg/.stmcufinder/plugins/mcufinder//mcu/
2024-09-23 15:39:04,125 [WARN] DbFile:41 - Overriding database path with different value: /home/wgg/.stmcufinder/plugins/mcufinder/ => /home/wgg/.stmcufinder/plugins/mcufinder
2024-09-23 15:39:04,125 [WARN] DbFile:41 - Overriding database path with different value: /home/wgg/.stmcufinder/plugins/mcufinder/ => /home/wgg/.stmcufinder/plugins/mcufinder
2024-09-23 15:39:04,126 [INFO] CrossReferenceDbSqlite:203 - Set database path to: /home/wgg/.stmcufinder/plugins/mcufinder//mcu/cs/
2024-09-23 15:39:04,136 [INFO] ApplicationProperties:184 - Using Application install path: /opt/st/stm32cubeide_1.15.1/plugins/com.st.stm32cube.common.mx_6.11.1.202404110753
2024-09-23 15:39:04,137 [INFO] PluginManage:196 - Search for loadable plugins [exclusion list=, ]
2024-09-23 15:39:04,137 [INFO] PluginManage:310 - Check plugin analytics
2024-09-23 15:39:04,276 [INFO] AnalyticsPlugin:253 - Accepted Software Licenses: 
2024-09-23 15:39:04,276 [INFO] AnalyticsPlugin:255 - Accepted CMSIS Pack Licenses: 
2024-09-23 15:39:04,276 [INFO] AnalyticsPlugin:257 - Accepted Firmware Licenses: FW.F4.1.28.0
2024-09-23 15:39:04,277 [INFO] PluginManage:359 - Loaded plugin analytics (category:tool,tabindex:-1)
2024-09-23 15:39:04,277 [INFO] PluginManage:310 - Check plugin cadmodel
2024-09-23 15:39:04,308 [INFO] CADModel:105 - Init CAD model plugin
2024-09-23 15:39:04,309 [INFO] PluginManage:359 - Loaded plugin cadmodel (category:power,tabindex:5)
2024-09-23 15:39:04,309 [INFO] PluginManage:310 - Check plugin clock
2024-09-23 15:39:04,319 [INFO] PluginManage:359 - Loaded plugin clock (category:base,tabindex:2)
2024-09-23 15:39:04,320 [INFO] PluginManage:310 - Check plugin ddr
2024-09-23 15:39:04,321 [INFO] PluginManage:359 - Loaded plugin ddr (category:tool,tabindex:6)
2024-09-23 15:39:04,322 [INFO] PluginManage:310 - Check plugin filemanager
2024-09-23 15:39:04,462 [INFO] PluginManage:359 - Loaded plugin filemanager (category:base,tabindex:10)
2024-09-23 15:39:04,463 [INFO] PluginManage:310 - Check plugin ipmanager
2024-09-23 15:39:04,468 [INFO] PluginManage:359 - Loaded plugin ipmanager (category:base,tabindex:5)
2024-09-23 15:39:04,468 [INFO] PluginManage:310 - Check plugin lpbam
2024-09-23 15:39:04,478 [INFO] PluginManage:359 - Loaded plugin lpbam (category:base,tabindex:0)
2024-09-23 15:39:04,478 [INFO] PluginManage:310 - Check plugin memorymap
2024-09-23 15:39:04,490 [INFO] PluginManage:359 - Loaded plugin memorymap (category:base,tabindex:4)
2024-09-23 15:39:04,490 [INFO] PluginManage:310 - Check plugin pinoutandconfiguration
2024-09-23 15:39:04,498 [INFO] PluginManage:359 - Loaded plugin pinoutandconfiguration (category:base,tabindex:1)
2024-09-23 15:39:04,499 [INFO] PluginManage:310 - Check plugin pinoutconfig
2024-09-23 15:39:04,585 [WARN] SupportedApi:132 - Cannot load RTOS API schema: s4s-elt-must-match.1: The content of 'definitions' must match (annotation?, (simpleType | complexType)?, (unique | key | keyref)*)). A problem was found starting at: attribute.
2024-09-23 15:39:04,705 [INFO] PluginManage:359 - Loaded plugin pinoutconfig (category:base,tabindex:0)
2024-09-23 15:39:04,705 [INFO] PluginManage:310 - Check plugin power
2024-09-23 15:39:04,712 [INFO] PluginManage:359 - Loaded plugin power (category:power,tabindex:4)
2024-09-23 15:39:04,712 [INFO] PluginManage:310 - Check plugin projectmanager
2024-09-23 15:39:04,722 [INFO] PluginManage:359 - Loaded plugin projectmanager (category:projectmanager,tabindex:3)
2024-09-23 15:39:04,722 [INFO] PluginManage:310 - Check plugin thirdparty
2024-09-23 15:39:04,819 [INFO] PluginManage:359 - Loaded plugin thirdparty (category:base,tabindex:-1)
2024-09-23 15:39:04,819 [WARN] IntegrityCheckThread:84 - waiting for thirdparty lock release [integrity check]
2024-09-23 15:39:04,820 [INFO] PluginManage:310 - Check plugin tools
2024-09-23 15:39:04,820 [INFO] IntegrityCheckThread:86 - entering critical section [integrity check]
2024-09-23 15:39:04,820 [INFO] ThirdPartyUpdaterWithRetryManager:70 - Updater plugin not ready yet. [1/15]
2024-09-23 15:39:04,821 [INFO] PluginManage:359 - Loaded plugin tools (category:base,tabindex:7)
2024-09-23 15:39:04,821 [INFO] PluginManage:310 - Check plugin tutovideos
2024-09-23 15:39:04,999 [INFO] PluginManage:359 - Loaded plugin tutovideos (category:base,tabindex:-1)
2024-09-23 15:39:04,999 [INFO] PluginManage:310 - Check plugin updater
2024-09-23 15:39:05,010 [INFO] PluginManage:359 - Loaded plugin updater (category:base,tabindex:12)
2024-09-23 15:39:05,010 [INFO] PluginManage:310 - Check plugin userauth
2024-09-23 15:39:05,014 [INFO] UserAuth:114 - Init User Auth plugin
2024-09-23 15:39:05,015 [INFO] PluginManage:359 - Loaded plugin userauth (category:base,tabindex:14)
2024-09-23 15:39:05,015 [INFO] PluginManage:283 - PluginManage : Loaded plugins [17]
2024-09-23 15:39:05,169 [INFO] PinOutPanel:1561 - setPackage(No Configuration,No Configuration)
2024-09-23 15:39:05,208 [INFO] CADModel:165 - CPN selected for project level
2024-09-23 15:39:05,208 [INFO] CADModel:114 - Register for checkConnection events
2024-09-23 15:39:05,219 [INFO] IPUIPlugin:80 - create IPUIPlugin
2024-09-23 15:39:05,219 [INFO] PluginManager:220 - loadIPPluginJar : add dma
2024-09-23 15:39:05,225 [INFO] IPUIPlugin:80 - create IPUIPlugin
2024-09-23 15:39:05,225 [INFO] PluginManager:220 - loadIPPluginJar : add linkedlist
2024-09-23 15:39:05,229 [INFO] IPUIPlugin:80 - create IPUIPlugin
2024-09-23 15:39:05,229 [INFO] PluginManager:220 - loadIPPluginJar : add tracer_emb
2024-09-23 15:39:05,233 [INFO] IPUIPlugin:80 - create IPUIPlugin
2024-09-23 15:39:05,233 [INFO] PluginManager:220 - loadIPPluginJar : add ipddr
2024-09-23 15:39:05,235 [INFO] IPUIPlugin:80 - create IPUIPlugin
2024-09-23 15:39:05,235 [INFO] PluginManager:220 - loadIPPluginJar : add i2c
2024-09-23 15:39:05,241 [INFO] IPUIPlugin:80 - create IPUIPlugin
2024-09-23 15:39:05,241 [INFO] PluginManager:220 - loadIPPluginJar : add mdma
2024-09-23 15:39:05,244 [INFO] IPUIPlugin:80 - create IPUIPlugin
2024-09-23 15:39:05,244 [INFO] PluginManager:220 - loadIPPluginJar : add usart
2024-09-23 15:39:05,248 [INFO] IPUIPlugin:80 - create IPUIPlugin
2024-09-23 15:39:05,248 [INFO] PluginManager:220 - loadIPPluginJar : add gfxmmu
2024-09-23 15:39:05,250 [INFO] IPUIPlugin:80 - create IPUIPlugin
2024-09-23 15:39:05,250 [INFO] PluginManager:220 - loadIPPluginJar : add usbx
2024-09-23 15:39:05,251 [INFO] IPUIPlugin:80 - create IPUIPlugin
2024-09-23 15:39:05,251 [INFO] PluginManager:220 - loadIPPluginJar : add tsc
2024-09-23 15:39:05,252 [INFO] IPUIPlugin:80 - create IPUIPlugin
2024-09-23 15:39:05,253 [INFO] PluginManager:220 - loadIPPluginJar : add dma3
2024-09-23 15:39:05,258 [INFO] IPUIPlugin:80 - create IPUIPlugin
2024-09-23 15:39:05,258 [INFO] PluginManager:220 - loadIPPluginJar : add fmc
2024-09-23 15:39:05,261 [INFO] IPUIPlugin:80 - create IPUIPlugin
2024-09-23 15:39:05,261 [INFO] PluginManager:220 - loadIPPluginJar : add extmemmanager
2024-09-23 15:39:05,261 [INFO] IPUIPlugin:80 - create IPUIPlugin
2024-09-23 15:39:05,262 [INFO] PluginManager:220 - loadIPPluginJar : add comp
2024-09-23 15:39:05,264 [INFO] IPUIPlugin:80 - create IPUIPlugin
2024-09-23 15:39:05,264 [INFO] PluginManager:220 - loadIPPluginJar : add i3c
2024-09-23 15:39:05,266 [INFO] IPUIPlugin:80 - create IPUIPlugin
2024-09-23 15:39:05,266 [INFO] PluginManager:220 - loadIPPluginJar : add gtzc
2024-09-23 15:39:05,269 [INFO] IPUIPlugin:80 - create IPUIPlugin
2024-09-23 15:39:05,269 [INFO] PluginManager:220 - loadIPPluginJar : add touchsensing
2024-09-23 15:39:05,270 [INFO] IPUIPlugin:80 - create IPUIPlugin
2024-09-23 15:39:05,270 [INFO] PluginManager:220 - loadIPPluginJar : add ucpd
2024-09-23 15:39:05,271 [INFO] IPUIPlugin:80 - create IPUIPlugin
2024-09-23 15:39:05,271 [INFO] PluginManager:220 - loadIPPluginJar : add fatfs
2024-09-23 15:39:05,274 [INFO] IPUIPlugin:80 - create IPUIPlugin
2024-09-23 15:39:05,274 [INFO] PluginManager:220 - loadIPPluginJar : add stm32_wpan
2024-09-23 15:39:05,280 [INFO] IPUIPlugin:80 - create IPUIPlugin
2024-09-23 15:39:05,280 [INFO] PluginManager:220 - loadIPPluginJar : add gpio
2024-09-23 15:39:05,282 [INFO] IPUIPlugin:80 - create IPUIPlugin
2024-09-23 15:39:05,282 [INFO] PluginManager:220 - loadIPPluginJar : add i2s
2024-09-23 15:39:05,283 [INFO] IPUIPlugin:80 - create IPUIPlugin
2024-09-23 15:39:05,283 [INFO] PluginManager:220 - loadIPPluginJar : add tim
2024-09-23 15:39:05,292 [INFO] IPUIPlugin:80 - create IPUIPlugin
2024-09-23 15:39:05,292 [INFO] PluginManager:220 - loadIPPluginJar : add adc
2024-09-23 15:39:05,294 [INFO] IPUIPlugin:80 - create IPUIPlugin
2024-09-23 15:39:05,294 [INFO] PluginManager:220 - loadIPPluginJar : add pdm2pcm
2024-09-23 15:39:05,298 [INFO] IPUIPlugin:80 - create IPUIPlugin
2024-09-23 15:39:05,299 [INFO] PluginManager:220 - loadIPPluginJar : add gic
2024-09-23 15:39:05,300 [INFO] IPUIPlugin:80 - create IPUIPlugin
2024-09-23 15:39:05,300 [INFO] PluginManager:220 - loadIPPluginJar : add sai
2024-09-23 15:39:05,301 [INFO] IPUIPlugin:80 - create IPUIPlugin
2024-09-23 15:39:05,301 [INFO] PluginManager:220 - loadIPPluginJar : add spi
2024-09-23 15:39:05,303 [INFO] IPUIPlugin:80 - create IPUIPlugin
2024-09-23 15:39:05,303 [INFO] PluginManager:220 - loadIPPluginJar : add can
2024-09-23 15:39:05,305 [INFO] IPUIPlugin:80 - create IPUIPlugin
2024-09-23 15:39:05,305 [INFO] PluginManager:220 - loadIPPluginJar : add resmgrutility
2024-09-23 15:39:05,306 [INFO] IPUIPlugin:80 - create IPUIPlugin
2024-09-23 15:39:05,306 [INFO] PluginManager:220 - loadIPPluginJar : add quadspi
2024-09-23 15:39:05,311 [INFO] IPUIPlugin:80 - create IPUIPlugin
2024-09-23 15:39:05,311 [INFO] PluginManager:220 - loadIPPluginJar : add freertos
2024-09-23 15:39:05,312 [INFO] IPUIPlugin:80 - create IPUIPlugin
2024-09-23 15:39:05,312 [INFO] PluginManager:220 - loadIPPluginJar : add ts
2024-09-23 15:39:05,313 [INFO] IPUIPlugin:80 - create IPUIPlugin
2024-09-23 15:39:05,314 [INFO] PluginManager:220 - loadIPPluginJar : add aes
2024-09-23 15:39:05,317 [INFO] IPUIPlugin:80 - create IPUIPlugin
2024-09-23 15:39:05,317 [INFO] PluginManager:220 - loadIPPluginJar : add nvic
2024-09-23 15:39:05,319 [INFO] IPUIPlugin:80 - create IPUIPlugin
2024-09-23 15:39:05,319 [INFO] PluginManager:220 - loadIPPluginJar : add openamp
2024-09-23 15:39:05,321 [INFO] IPUIPlugin:80 - create IPUIPlugin
2024-09-23 15:39:05,321 [INFO] PluginManager:220 - loadIPPluginJar : add dfsdm
2024-09-23 15:39:05,322 [INFO] IPUIPlugin:80 - create IPUIPlugin
2024-09-23 15:39:05,323 [INFO] PluginManager:220 - loadIPPluginJar : add lorawan
2024-09-23 15:39:05,324 [INFO] IPUIPlugin:80 - create IPUIPlugin
2024-09-23 15:39:05,324 [INFO] PluginManager:220 - loadIPPluginJar : add genericplugin
2024-09-23 15:39:05,325 [INFO] IPUIPlugin:80 - create IPUIPlugin
2024-09-23 15:39:05,325 [INFO] PluginManager:220 - loadIPPluginJar : add hash
2024-09-23 15:39:05,326 [INFO] IPUIPlugin:80 - create IPUIPlugin
2024-09-23 15:39:05,326 [INFO] PluginManager:220 - loadIPPluginJar : add ltdc
2024-09-23 15:39:05,332 [INFO] IPUIPlugin:80 - create IPUIPlugin
2024-09-23 15:39:05,334 [INFO] PluginManager:220 - loadIPPluginJar : add plateformsettings
2024-09-23 15:39:05,335 [INFO] IPUIPlugin:80 - create IPUIPlugin
2024-09-23 15:39:05,335 [INFO] PluginManager:220 - loadIPPluginJar : add cryp
2024-09-23 15:39:05,337 [INFO] IPUIPlugin:80 - create IPUIPlugin
2024-09-23 15:39:05,337 [INFO] PluginManager:220 - loadIPPluginJar : add opamp
2024-09-23 15:39:05,437 [INFO] CADModel:165 - CPN selected for project level
2024-09-23 15:39:05,437 [INFO] CADModel:114 - Register for checkConnection events
2024-09-23 15:39:05,438 [FATAL] Updater:308 - Updater called before beeing initialized
2024-09-23 15:39:05,438 [ERROR] CADModel:125 - Updater not yet initialized, retry later 
2024-09-23 15:39:05,562 [INFO] CADModel:165 - CPN selected for project level
2024-09-23 15:39:05,562 [INFO] CADModel:114 - Register for checkConnection events
2024-09-23 15:39:05,562 [FATAL] Updater:308 - Updater called before beeing initialized
2024-09-23 15:39:05,562 [ERROR] CADModel:125 - Updater not yet initialized, retry later 
2024-09-23 15:39:05,564 [FATAL] Updater:308 - Updater called before beeing initialized
2024-09-23 15:39:05,623 [FATAL] Updater:308 - Updater called before beeing initialized
2024-09-23 15:39:05,625 [INFO] DbMcusAds:53 - JSON generation date=Thu May 16 16:22:00 WIB 2024 (1715851320667)
2024-09-23 15:39:05,626 [FATAL] Updater:308 - Updater called before beeing initialized
2024-09-23 15:39:05,658 [WARN] DetailPanel:346 - Failed to get advertising image, set to default
2024-09-23 15:39:05,743 [FATAL] Updater:308 - Updater called before beeing initialized
2024-09-23 15:39:05,744 [FATAL] Updater:308 - Updater called before beeing initialized
2024-09-23 15:39:05,744 [FATAL] Updater:308 - Updater called before beeing initialized
2024-09-23 15:39:05,744 [WARN] DetailPanel:346 - Failed to get advertising image, set to default
2024-09-23 15:39:05,745 [FATAL] Updater:308 - Updater called before beeing initialized
2024-09-23 15:39:05,767 [ERROR] Updater:1120 - MainUpdater not yet initialized. External WinMGr cannot be set.
2024-09-23 15:39:05,769 [INFO] Updater:1056 - Updater Version found : 6.11.1
2024-09-23 15:39:05,799 [INFO] ApplicationProperties:184 - Using Application install path: /opt/st/stm32cubeide_1.15.1/plugins/com.st.stm32cube.common.mx_6.11.1.202404110753
2024-09-23 15:39:07,821 [INFO] ThirdPartyUpdaterWithRetryManager:70 - Updater plugin not ready yet. [2/15]
2024-09-23 15:39:07,910 [INFO] MainUpdater:2873 - connection check result : 10
2024-09-23 15:39:07,911 [INFO] MainUpdater:3567 - Updater definition file requires update
2024-09-23 15:39:07,911 [INFO] MainUpdater:290 - Updater Check For Update Now.
2024-09-23 15:39:07,911 [INFO] MicroXplorer:498 - Change Database Version : DB.6.0.111
2024-09-23 15:39:07,948 [INFO] McuFinderGlobals:63 - Set McuFinder mode to 2 (CubeIDE integrated)
2024-09-23 15:39:07,952 [INFO] UserAuth:415 - Internet connection configuration mode: 1
2024-09-23 15:39:07,966 [INFO] JxBrowserEngine:152 - Initiate JxBrowser Engine with user profile folder
2024-09-23 15:39:08,032 [INFO] ServerAccessManage:473 - Download File updaters.zip
2024-09-23 15:39:08,767 [INFO] FileExtend:240 - Unzip File : updaters.zip
2024-09-23 15:39:08,767 [INFO] FileExtend:255 - Standard Zip Deflate
2024-09-23 15:39:08,935 [INFO] ServerAccessManage:473 - Download File PacksControlFlags.xml
2024-09-23 15:39:10,513 [INFO] ServerAccessManage:473 - Download File cubemx.pidx
2024-09-23 15:39:10,821 [WARN] MainUpdater:1194 - Updater busy. Cannot search thirdparties
2024-09-23 15:39:10,822 [INFO] ThirdPartyUpdaterWithRetryManager:96 - Updater plugin is busy. [1/15]
2024-09-23 15:39:11,995 [INFO] WebApp:161 - Instantiating new browser for Auth
2024-09-23 15:39:12,388 [INFO] ServerAccessManage:473 - Download File STMicroelectronics.X-CUBE-ISPU.pdsc
2024-09-23 15:39:13,822 [WARN] MainUpdater:1194 - Updater busy. Cannot search thirdparties
2024-09-23 15:39:13,823 [INFO] ThirdPartyUpdaterWithRetryManager:96 - Updater plugin is busy. [2/15]
2024-09-23 15:39:14,157 [INFO] WebApp:779 - Register for checkConnection events
2024-09-23 15:39:14,157 [INFO] WebApp:414 - Apply proxy settings
2024-09-23 15:39:14,157 [INFO] WebApp:499 - Chromium requires no authentication
2024-09-23 15:39:14,164 [INFO] WebApp:442 - Direct internet connection detected
2024-09-23 15:39:14,296 [INFO] WebApp:192 - Starting web application
2024-09-23 15:39:14,296 [INFO] WebApp:544 - Web application path used /opt/st/stm32cubeide_1.15.1/plugins/com.st.stm32cube.common.mx_6.11.1.202404110753/db/plugins/mcufinder/reactClient1/index.html
2024-09-23 15:39:16,791 [INFO] ServerAccessManage:473 - Download File STMicroelectronics.X-CUBE-TOUCHGFX.pdsc
2024-09-23 15:39:16,823 [WARN] MainUpdater:1194 - Updater busy. Cannot search thirdparties
2024-09-23 15:39:16,823 [INFO] ThirdPartyUpdaterWithRetryManager:96 - Updater plugin is busy. [3/15]
2024-09-23 15:39:19,824 [WARN] MainUpdater:1194 - Updater busy. Cannot search thirdparties
2024-09-23 15:39:19,824 [INFO] ThirdPartyUpdaterWithRetryManager:96 - Updater plugin is busy. [4/15]
2024-09-23 15:39:22,825 [WARN] MainUpdater:1194 - Updater busy. Cannot search thirdparties
2024-09-23 15:39:22,825 [INFO] ThirdPartyUpdaterWithRetryManager:96 - Updater plugin is busy. [5/15]
2024-09-23 15:39:25,826 [WARN] MainUpdater:1194 - Updater busy. Cannot search thirdparties
2024-09-23 15:39:25,826 [INFO] ThirdPartyUpdaterWithRetryManager:96 - Updater plugin is busy. [6/15]
2024-09-23 15:39:28,827 [WARN] MainUpdater:1194 - Updater busy. Cannot search thirdparties
2024-09-23 15:39:28,827 [INFO] ThirdPartyUpdaterWithRetryManager:96 - Updater plugin is busy. [7/15]
2024-09-23 15:39:31,530 [WARN] PackLoader:240 - Cannot read IP mode file for STMicroelectronics.X-CUBE-ISPU.2.1.0
2024-09-23 15:39:31,534 [WARN] PackLoader:240 - Cannot read IP mode file for STMicroelectronics.X-CUBE-TOUCHGFX.4.24.1
2024-09-23 15:39:31,534 [INFO] PopulateThirdPartyThread:66 - Ending populate Thread
2024-09-23 15:39:31,535 [INFO] ThirdParty:1030 - CMSIS Pack Vendor :STMicroelectronics X-CUBE-TOUCHGFX 4.24.1
2024-09-23 15:39:31,535 [INFO] ThirdParty:1030 - CMSIS Pack Vendor :STMicroelectronics X-CUBE-ISPU 2.1.0
2024-09-23 15:39:31,535 [INFO] LoadServerUpdatesThread:375 - End of LoadServerUpdate Thread
2024-09-23 15:39:31,663 [INFO] CheckServerUpdateThread:120 - End of CheckServer Thread
2024-09-23 15:39:31,962 [WARN] PackLoader:240 - Cannot read IP mode file for STMicroelectronics.X-CUBE-SMBUS.2.1.0
2024-09-23 15:39:31,979 [WARN] PackLoader:240 - Cannot read IP mode file for STMicroelectronics.X-CUBE-AZRTOS-F7.1.1.0
2024-09-23 15:39:32,023 [WARN] PackLoader:240 - Cannot read IP mode file for STMicroelectronics.X-CUBE-MEMS1.11.0.0
2024-09-23 15:39:32,147 [WARN] PackLoader:240 - Cannot read IP mode file for STMicroelectronics.FP-SNS-FLIGHT1.5.0.2
2024-09-23 15:39:32,152 [WARN] PackLoader:240 - Cannot read IP mode file for STMicroelectronics.X-CUBE-DISPLAY.3.0.0
2024-09-23 15:39:32,162 [WARN] PackLoader:240 - Cannot read IP mode file for STMicroelectronics.X-CUBE-BLE1.7.0.0
2024-09-23 15:39:32,165 [WARN] PackLoader:240 - Cannot read IP mode file for emotas.I-CUBE-CANOPEN.1.3.0
2024-09-23 15:39:32,172 [WARN] PackLoader:240 - Cannot read IP mode file for STMicroelectronics.X-CUBE-BLEMGR.3.1.0
2024-09-23 15:39:32,177 [WARN] PackLoader:240 - Cannot read IP mode file for STMicroelectronics.FP-SNS-SMARTAG2.1.2.0
2024-09-23 15:39:32,183 [INFO] LogOutputStream:77 - [STDOUT_REDIRECT] 1 : Invalid condition id : UX_CORESTACK_Condition cause : null
2024-09-23 15:39:32,183 [INFO] LogOutputStream:77 - [STDOUT_REDIRECT] 1 : Invalid condition id : UX_CORESTACK_Condition cause : null
2024-09-23 15:39:32,184 [INFO] LogOutputStream:77 - [STDOUT_REDIRECT] 1 : Invalid condition id : UX_CORESTACK_Condition cause : null
2024-09-23 15:39:32,184 [INFO] LogOutputStream:77 - [STDOUT_REDIRECT] 1 : Invalid condition id : UX_CORESTACK_Condition cause : null
2024-09-23 15:39:32,184 [INFO] LogOutputStream:77 - [STDOUT_REDIRECT] 1 : Invalid condition id : UX_CORESTACK_Condition cause : null
2024-09-23 15:39:32,186 [WARN] PackLoader:240 - Cannot read IP mode file for STMicroelectronics.X-CUBE-AZRTOS-WL.2.0.0
2024-09-23 15:39:32,190 [WARN] PackLoader:240 - Cannot read IP mode file for WES.I-CUBE-Cesium.1.3.0
2024-09-23 15:39:32,194 [WARN] PackLoader:240 - Cannot read IP mode file for STMicroelectronics.X-CUBE-BLE2.3.3.0
2024-09-23 15:39:32,204 [WARN] PackLoader:240 - Cannot read IP mode file for STMicroelectronics.X-CUBE-AZRTOS-G0.1.1.0
2024-09-23 15:39:32,209 [WARN] PackLoader:240 - Cannot read IP mode file for STMicroelectronics.X-CUBE-NFC4.3.0.0
2024-09-23 15:39:32,215 [WARN] PackLoader:240 - Cannot read IP mode file for EmbeddedOffice.I-CUBE-FS-RTOS.1.0.1
2024-09-23 15:39:32,215 [ERROR] ConditionMgr:805 - Attr not supported : Dmpu
2024-09-23 15:39:32,215 [ERROR] ConditionMgr:805 - Attr not supported : Dmpu
2024-09-23 15:39:32,215 [ERROR] ConditionMgr:805 - Attr not supported : Dmpu
2024-09-23 15:39:32,215 [ERROR] ConditionMgr:805 - Attr not supported : Dmpu
2024-09-23 15:39:32,215 [ERROR] ConditionMgr:805 - Attr not supported : Dmpu
2024-09-23 15:39:32,215 [ERROR] ConditionMgr:805 - Attr not supported : Dmpu
2024-09-23 15:39:32,215 [ERROR] ConditionMgr:805 - Attr not supported : Dmpu
2024-09-23 15:39:32,215 [ERROR] ConditionMgr:805 - Attr not supported : Dmpu
2024-09-23 15:39:32,215 [ERROR] ConditionMgr:805 - Attr not supported : Dmpu
2024-09-23 15:39:32,216 [ERROR] ConditionMgr:805 - Attr not supported : Dmpu
2024-09-23 15:39:32,216 [ERROR] ConditionMgr:805 - Attr not supported : Dmpu
2024-09-23 15:39:32,216 [ERROR] ConditionMgr:805 - Attr not supported : Dmpu
2024-09-23 15:39:32,216 [ERROR] ConditionMgr:805 - Attr not supported : Dmpu
2024-09-23 15:39:32,216 [ERROR] ConditionMgr:805 - Attr not supported : Dmpu
2024-09-23 15:39:32,216 [ERROR] ConditionMgr:805 - Attr not supported : Dmpu
2024-09-23 15:39:32,216 [ERROR] ConditionMgr:805 - Attr not supported : Dmpu
2024-09-23 15:39:32,216 [ERROR] ConditionMgr:805 - Attr not supported : Dmpu
2024-09-23 15:39:32,216 [ERROR] ConditionMgr:805 - Attr not supported : Dmpu
2024-09-23 15:39:32,216 [ERROR] ConditionMgr:805 - Attr not supported : Dmpu
2024-09-23 15:39:32,216 [ERROR] ConditionMgr:805 - Attr not supported : Dmpu
2024-09-23 15:39:32,216 [ERROR] ConditionMgr:805 - Attr not supported : Dmpu
2024-09-23 15:39:32,216 [ERROR] ConditionMgr:805 - Attr not supported : Dmpu
2024-09-23 15:39:32,216 [ERROR] ConditionMgr:805 - Attr not supported : Dmpu
2024-09-23 15:39:32,216 [ERROR] ConditionMgr:805 - Attr not supported : Dmpu
2024-09-23 15:39:32,216 [ERROR] ConditionMgr:805 - Attr not supported : Dmpu
2024-09-23 15:39:32,216 [ERROR] ConditionMgr:805 - Attr not supported : Dmpu
2024-09-23 15:39:32,217 [ERROR] ConditionMgr:805 - Attr not supported : Dmpu
2024-09-23 15:39:32,217 [ERROR] ConditionMgr:805 - Attr not supported : Dmpu
2024-09-23 15:39:32,217 [ERROR] ConditionMgr:805 - Attr not supported : Dmpu
2024-09-23 15:39:32,217 [ERROR] ConditionMgr:805 - Attr not supported : Dmpu
2024-09-23 15:39:32,217 [ERROR] ConditionMgr:805 - Attr not supported : Dmpu
2024-09-23 15:39:32,217 [ERROR] ConditionMgr:805 - Attr not supported : Dmpu
2024-09-23 15:39:32,217 [ERROR] ConditionMgr:805 - Attr not supported : Dmpu
2024-09-23 15:39:32,217 [ERROR] ConditionMgr:805 - Attr not supported : Dmpu
2024-09-23 15:39:32,217 [ERROR] ConditionMgr:805 - Attr not supported : Dmpu
2024-09-23 15:39:32,217 [ERROR] ConditionMgr:805 - Attr not supported : Dmpu
2024-09-23 15:39:32,217 [ERROR] ConditionMgr:805 - Attr not supported : Dmpu
2024-09-23 15:39:32,217 [ERROR] ConditionMgr:805 - Attr not supported : Dmpu
2024-09-23 15:39:32,217 [ERROR] ConditionMgr:805 - Attr not supported : Dmpu
2024-09-23 15:39:32,217 [ERROR] ConditionMgr:805 - Attr not supported : Dmpu
2024-09-23 15:39:32,217 [ERROR] ConditionMgr:805 - Attr not supported : Dmpu
2024-09-23 15:39:32,217 [ERROR] ConditionMgr:805 - Attr not supported : Dmpu
2024-09-23 15:39:32,218 [ERROR] ConditionMgr:805 - Attr not supported : Dmpu
2024-09-23 15:39:32,218 [ERROR] ConditionMgr:805 - Attr not supported : Dmpu
2024-09-23 15:39:32,218 [ERROR] ConditionMgr:805 - Attr not supported : Dmpu
2024-09-23 15:39:32,218 [ERROR] ConditionMgr:805 - Attr not supported : Dmpu
2024-09-23 15:39:32,218 [ERROR] ConditionMgr:805 - Attr not supported : Dmpu
2024-09-23 15:39:32,218 [ERROR] ConditionMgr:805 - Attr not supported : Dmpu
2024-09-23 15:39:32,218 [ERROR] ConditionMgr:805 - Attr not supported : Dmpu
2024-09-23 15:39:32,218 [ERROR] ConditionMgr:805 - Attr not supported : Dmpu
2024-09-23 15:39:32,218 [ERROR] ConditionMgr:805 - Attr not supported : Dmpu
2024-09-23 15:39:32,218 [ERROR] ConditionMgr:805 - Attr not supported : Dmpu
2024-09-23 15:39:32,218 [ERROR] ConditionMgr:805 - Attr not supported : Dmpu
2024-09-23 15:39:32,218 [ERROR] ConditionMgr:805 - Attr not supported : Dmpu
2024-09-23 15:39:32,218 [ERROR] ConditionMgr:805 - Attr not supported : Dmpu
2024-09-23 15:39:32,218 [ERROR] ConditionMgr:805 - Attr not supported : Dmpu
2024-09-23 15:39:32,218 [ERROR] ConditionMgr:805 - Attr not supported : Dmpu
2024-09-23 15:39:32,218 [ERROR] ConditionMgr:805 - Attr not supported : Dmpu
2024-09-23 15:39:32,219 [ERROR] ConditionMgr:805 - Attr not supported : Dmpu
2024-09-23 15:39:32,219 [ERROR] ConditionMgr:805 - Attr not supported : Dmpu
2024-09-23 15:39:32,219 [ERROR] ConditionMgr:805 - Attr not supported : Dmpu
2024-09-23 15:39:32,219 [ERROR] ConditionMgr:805 - Attr not supported : Dmpu
2024-09-23 15:39:32,219 [ERROR] ConditionMgr:805 - Attr not supported : Dmpu
2024-09-23 15:39:32,219 [ERROR] ConditionMgr:805 - Attr not supported : Dmpu
2024-09-23 15:39:32,221 [WARN] PackLoader:240 - Cannot read IP mode file for STMicroelectronics.FP-ATR-SIGFOX1.3.2.0
2024-09-23 15:39:32,224 [WARN] PackLoader:240 - Cannot read IP mode file for STMicroelectronics.X-CUBE-EEPRMA1.5.1.0
2024-09-23 15:39:32,228 [WARN] PackLoader:240 - Cannot read IP mode file for ITTIA_DB.I-CUBE-ITTIADB.8.9.0
2024-09-23 15:39:32,260 [WARN] PackLoader:240 - Cannot read IP mode file for SEGGER.I-CUBE-embOS.1.3.1
2024-09-23 15:39:32,309 [WARN] PackLoader:240 - Cannot read IP mode file for STMicroelectronics.X-CUBE-GNSS1.6.0.0
2024-09-23 15:39:32,321 [WARN] PackLoader:240 - Cannot read IP mode file for STMicroelectronics.X-CUBE-AZRTOS-F4.1.1.0
2024-09-23 15:39:32,325 [WARN] PackLoader:240 - Cannot read IP mode file for STMicroelectronics.X-CUBE-ISPU.2.1.0
2024-09-23 15:39:32,336 [WARN] PackLoader:240 - Cannot read IP mode file for STMicroelectronics.X-CUBE-AZRTOS-L5.2.0.0
2024-09-23 15:39:32,342 [WARN] PackLoader:240 - Cannot read IP mode file for STMicroelectronics.X-CUBE-NFC7.1.0.1
2024-09-23 15:39:32,356 [WARN] ConditionMgr:438 - getConditionDescription Invalid condition id : LAN8742 Phy interface Condition cause : null
2024-09-23 15:39:32,357 [WARN] PackLoader:240 - Cannot read IP mode file for STMicroelectronics.X-CUBE-AZRTOS-L4.2.0.0
2024-09-23 15:39:32,358 [WARN] ConditionMgr:1039 - genDependencies : Invalid condition id : LAN8742 Phy interface Condition cause : null
2024-09-23 15:39:32,358 [WARN] ConditionMgr:1039 - genDependencies : Invalid condition id : LAN8742 Phy interface Condition cause : null
2024-09-23 15:39:32,358 [WARN] ConditionMgr:1039 - genDependencies : Invalid condition id : LAN8742 Phy interface Condition cause : null
2024-09-23 15:39:32,364 [WARN] PackLoader:240 - Cannot read IP mode file for STMicroelectronics.X-CUBE-SFXS2LP1.4.0.0
2024-09-23 15:39:32,379 [WARN] PackLoader:240 - Cannot read IP mode file for STMicroelectronics.X-CUBE-AZRTOS-H7.3.3.0
2024-09-23 15:39:32,390 [WARN] ConditionMgr:438 - getConditionDescription Invalid condition id : UX DEVICE CLASS RTOS Condition cause : null
2024-09-23 15:39:32,390 [WARN] ConditionMgr:438 - getConditionDescription Invalid condition id : UX DEVICE CLASS RTOS Condition cause : null
2024-09-23 15:39:32,391 [WARN] PackLoader:240 - Cannot read IP mode file for STMicroelectronics.X-CUBE-AZRTOS-WB.2.0.0
2024-09-23 15:39:32,392 [WARN] ConditionMgr:1039 - genDependencies : Invalid condition id : UX DEVICE CLASS RTOS Condition cause : null
2024-09-23 15:39:32,392 [WARN] ConditionMgr:1039 - genDependencies : Invalid condition id : UX DEVICE CLASS RTOS Condition cause : null
2024-09-23 15:39:32,392 [WARN] ConditionMgr:1039 - genDependencies : Invalid condition id : UX DEVICE CLASS RTOS Condition cause : null
2024-09-23 15:39:32,393 [WARN] ConditionMgr:1039 - genDependencies : Invalid condition id : UX DEVICE CLASS RTOS Condition cause : null
2024-09-23 15:39:32,393 [WARN] ConditionMgr:1039 - genDependencies : Invalid condition id : UX DEVICE CLASS RTOS Condition cause : null
2024-09-23 15:39:32,397 [WARN] PackLoader:240 - Cannot read IP mode file for STMicroelectronics.X-CUBE-GNSS1.7.0.0
2024-09-23 15:39:32,402 [WARN] PackLoader:240 - Cannot read IP mode file for STMicroelectronics.FP-SNS-STBOX1.2.0.0
2024-09-23 15:39:32,410 [WARN] PackLoader:240 - Cannot read IP mode file for STMicroelectronics.X-CUBE-SUBG2.5.0.0
2024-09-23 15:39:32,415 [WARN] PackLoader:240 - Cannot read IP mode file for Cesanta.I-CUBE-Mongoose.7.13.0
2024-09-23 15:39:32,426 [WARN] PackLoader:240 - Cannot read IP mode file for STMicroelectronics.X-CUBE-AZRTOS-G4.2.0.0
2024-09-23 15:39:32,429 [WARN] PackLoader:240 - Cannot read IP mode file for STMicroelectronics.X-CUBE-ISPU.2.0.0
2024-09-23 15:39:32,459 [WARN] PackLoader:240 - Cannot read IP mode file for STMicroelectronics.X-CUBE-MEMS1.10.0.0
2024-09-23 15:39:32,655 [WARN] PackLoader:240 - Cannot read IP mode file for STMicroelectronics.X-CUBE-TOUCHGFX.4.24.0
2024-09-23 15:39:32,656 [WARN] PackLoader:240 - Cannot read IP mode file for STMicroelectronics.X-CUBE-TOUCHGFX.4.24.1
2024-09-23 15:39:32,659 [WARN] PackLoader:240 - Cannot read IP mode file for portGmbH.I-Cube-SoM-uGOAL.1.1.0
2024-09-23 15:39:32,661 [WARN] PackLoader:240 - Cannot read IP mode file for STMicroelectronics.FP-ATR-ASTRA1.2.0.0
2024-09-23 15:39:32,667 [WARN] PackLoader:240 - Cannot read IP mode file for STMicroelectronics.X-CUBE-TOF1.3.4.2
2024-09-23 15:39:32,681 [WARN] PackLoader:240 - Cannot read IP mode file for STMicroelectronics.X-CUBE-TOF1.3.4.1
2024-09-23 15:39:32,700 [WARN] PackLoader:240 - Cannot read IP mode file for STMicroelectronics.X-CUBE-AZRTOS-H7.3.2.0
2024-09-23 15:39:32,710 [WARN] PackLoader:240 - Cannot read IP mode file for Infineon.AIROC-Wi-Fi-Bluetooth-STM32.1.6.0
2024-09-23 15:39:32,715 [WARN] PackLoader:240 - Cannot read IP mode file for wolfSSL.I-CUBE-wolfSSH.1.4.17
2024-09-23 15:39:32,715 [INFO] ThirdParty:978 - Integrity check success = true
2024-09-23 15:39:32,716 [INFO] IntegrityCheckThread:100 - exiting critical section [integrity check]
2024-09-23 15:39:32,716 [INFO] IntegrityCheckThread:103 - End integrity checks thread
2024-09-23 15:39:43,949 [ERROR] ConfigurationRetriever:142 - IOException on connection: Connect timed out
2024-09-23 15:39:49,973 [ERROR] ConfigurationRetriever:142 - IOException on connection: Read timed out
2024-09-23 15:54:45,601 [ERROR] ConfigurationRetriever:142 - IOException on connection: Read timed out
2024-09-23 16:35:31,174 [ERROR] AdobePublisher:162 - Exception while opening the connection: java.net.SocketTimeoutException: Connect timed out
2024-09-23 16:35:34,650 [ERROR] ConfigurationRetriever:142 - IOException on connection: Read timed out
2024-09-23 16:41:57,249 [ERROR] ConfigurationRetriever:142 - IOException on connection: Read timed out
2024-09-23 16:41:59,254 [ERROR] ConfigurationRetriever:142 - IOException on connection: Connect timed out
2024-09-23 16:42:03,914 [ERROR] ConfigurationRetriever:142 - IOException on connection: Read timed out
2024-09-23 16:51:59,816 [ERROR] ConfigurationRetriever:142 - IOException on connection: Read timed out
2024-09-23 16:52:04,149 [ERROR] ConfigurationRetriever:142 - IOException on connection: Read timed out
2024-09-23 16:57:14,835 [ERROR] AdobePublisher:162 - Exception while opening the connection: java.net.SocketTimeoutException: Connect timed out
2024-09-23 16:59:06,324 [ERROR] ConfigurationRetriever:142 - IOException on connection: Read timed out
