2024-10-07 11:00:33,868 [INFO] Activator:176 - 


2024-10-07 11:00:33,877 [INFO] Activator:177 - !SESSION log4j initialized
2024-10-07 11:00:45,340 [INFO] LogOutputStream:77 - [STDOUT_REDIRECT] 
2024-10-07 11:00:52,359 [INFO] ApplicationProperties:184 - Using Application install path: /opt/st/stm32cubeide_1.15.1/plugins/com.st.stm32cube.common.mx_6.11.1.202404110753
2024-10-07 11:00:52,441 [INFO] DbMcusXml:78 - Set database path to: /opt/st/stm32cubeide_1.15.1/plugins/com.st.stm32cube.common.mx_6.11.1.202404110753//db//mcu/
2024-10-07 11:00:52,441 [INFO] ApiDb:274 - Set plugin database path to: /opt/st/stm32cubeide_1.15.1/plugins/com.st.stm32cube.common.mx_6.11.1.202404110753//db//plugins/boardmanager/
2024-10-07 11:00:52,442 [WARN] ApiDb:259 - Overriding images path with different value:  => /opt/st/stm32cubeide_1.15.1/plugins/com.st.stm32cube.common.mx_6.11.1.202404110753//db//plugins/mcufinder/images/
2024-10-07 11:00:52,559 [INFO] ApiDb:250 - Set database path to: /home/wgg/.stmcufinder/plugins/mcufinder//mcu/
2024-10-07 11:00:52,562 [INFO] DbMcusAds:125 - Set database path to: /home/wgg/.stmcufinder/plugins/mcufinder//mcu/
2024-10-07 11:00:52,576 [INFO] CrossReferenceDbSqlite:203 - Set database path to: /home/wgg/.stmcufinder/plugins/mcufinder//mcu/cs/
2024-10-07 11:00:52,874 [INFO] RulesReader:64 - Compatibility file has been processed (297 Rules)
2024-10-07 11:00:53,124 [INFO] DbMcusXml:78 - Set database path to: /opt/st/stm32cubeide_1.15.1/plugins/com.st.stm32cube.common.mx_6.11.1.202404110753//db//mcu/
2024-10-07 11:00:53,124 [INFO] ApiDb:274 - Set plugin database path to: /opt/st/stm32cubeide_1.15.1/plugins/com.st.stm32cube.common.mx_6.11.1.202404110753//db//plugins/boardmanager/
2024-10-07 11:00:53,125 [INFO] ApiDb:261 - Set plugin images path to: /opt/st/stm32cubeide_1.15.1/plugins/com.st.stm32cube.common.mx_6.11.1.202404110753//db//plugins/mcufinder/images/
2024-10-07 11:00:53,125 [WARN] DbFile:41 - Overriding database path with different value: /home/wgg/.stmcufinder/plugins/mcufinder/ => /home/wgg/.stmcufinder/plugins/mcufinder
2024-10-07 11:00:53,125 [INFO] ApiDb:250 - Set database path to: /home/wgg/.stmcufinder/plugins/mcufinder//mcu/
2024-10-07 11:00:53,125 [WARN] DbFile:41 - Overriding database path with different value: /home/wgg/.stmcufinder/plugins/mcufinder/ => /home/wgg/.stmcufinder/plugins/mcufinder
2024-10-07 11:00:53,125 [INFO] DbMcusAds:125 - Set database path to: /home/wgg/.stmcufinder/plugins/mcufinder//mcu/
2024-10-07 11:00:53,125 [WARN] DbFile:41 - Overriding database path with different value: /home/wgg/.stmcufinder/plugins/mcufinder/ => /home/wgg/.stmcufinder/plugins/mcufinder
2024-10-07 11:00:53,126 [WARN] DbFile:41 - Overriding database path with different value: /home/wgg/.stmcufinder/plugins/mcufinder/ => /home/wgg/.stmcufinder/plugins/mcufinder
2024-10-07 11:00:53,126 [INFO] CrossReferenceDbSqlite:203 - Set database path to: /home/wgg/.stmcufinder/plugins/mcufinder//mcu/cs/
2024-10-07 11:00:53,506 [INFO] MainPanel:264 - HeapMemory: 268435456
2024-10-07 11:00:54,204 [INFO] DbMcusXml:78 - Set database path to: /opt/st/stm32cubeide_1.15.1/plugins/com.st.stm32cube.common.mx_6.11.1.202404110753//db//mcu/
2024-10-07 11:00:54,205 [INFO] ApiDb:274 - Set plugin database path to: /opt/st/stm32cubeide_1.15.1/plugins/com.st.stm32cube.common.mx_6.11.1.202404110753//db//plugins/boardmanager/
2024-10-07 11:00:54,205 [INFO] ApiDb:261 - Set plugin images path to: /opt/st/stm32cubeide_1.15.1/plugins/com.st.stm32cube.common.mx_6.11.1.202404110753//db//plugins/mcufinder/images/
2024-10-07 11:00:54,205 [WARN] DbFile:41 - Overriding database path with different value: /home/wgg/.stmcufinder/plugins/mcufinder/ => /home/wgg/.stmcufinder/plugins/mcufinder
2024-10-07 11:00:54,206 [INFO] ApiDb:250 - Set database path to: /home/wgg/.stmcufinder/plugins/mcufinder//mcu/
2024-10-07 11:00:54,206 [WARN] DbFile:41 - Overriding database path with different value: /home/wgg/.stmcufinder/plugins/mcufinder/ => /home/wgg/.stmcufinder/plugins/mcufinder
2024-10-07 11:00:54,206 [INFO] DbMcusAds:125 - Set database path to: /home/wgg/.stmcufinder/plugins/mcufinder//mcu/
2024-10-07 11:00:54,206 [WARN] DbFile:41 - Overriding database path with different value: /home/wgg/.stmcufinder/plugins/mcufinder/ => /home/wgg/.stmcufinder/plugins/mcufinder
2024-10-07 11:00:54,206 [WARN] DbFile:41 - Overriding database path with different value: /home/wgg/.stmcufinder/plugins/mcufinder/ => /home/wgg/.stmcufinder/plugins/mcufinder
2024-10-07 11:00:54,206 [INFO] CrossReferenceDbSqlite:203 - Set database path to: /home/wgg/.stmcufinder/plugins/mcufinder//mcu/cs/
2024-10-07 11:00:54,292 [INFO] ApplicationProperties:184 - Using Application install path: /opt/st/stm32cubeide_1.15.1/plugins/com.st.stm32cube.common.mx_6.11.1.202404110753
2024-10-07 11:00:54,296 [INFO] PluginManage:196 - Search for loadable plugins [exclusion list=, ]
2024-10-07 11:00:54,301 [INFO] PluginManage:310 - Check plugin analytics
2024-10-07 11:00:54,710 [INFO] AnalyticsPlugin:253 - Accepted Software Licenses: 
2024-10-07 11:00:54,710 [INFO] AnalyticsPlugin:255 - Accepted CMSIS Pack Licenses: 
2024-10-07 11:00:54,710 [INFO] AnalyticsPlugin:257 - Accepted Firmware Licenses: FW.F4.1.28.0
2024-10-07 11:00:54,712 [INFO] PluginManage:359 - Loaded plugin analytics (category:tool,tabindex:-1)
2024-10-07 11:00:54,712 [INFO] PluginManage:310 - Check plugin cadmodel
2024-10-07 11:00:54,940 [INFO] CADModel:105 - Init CAD model plugin
2024-10-07 11:00:54,941 [INFO] PluginManage:359 - Loaded plugin cadmodel (category:power,tabindex:5)
2024-10-07 11:00:54,941 [INFO] PluginManage:310 - Check plugin clock
2024-10-07 11:00:55,022 [INFO] PluginManage:359 - Loaded plugin clock (category:base,tabindex:2)
2024-10-07 11:00:55,022 [INFO] PluginManage:310 - Check plugin ddr
2024-10-07 11:00:55,036 [INFO] PluginManage:359 - Loaded plugin ddr (category:tool,tabindex:6)
2024-10-07 11:00:55,036 [INFO] PluginManage:310 - Check plugin filemanager
2024-10-07 11:00:55,405 [INFO] PluginManage:359 - Loaded plugin filemanager (category:base,tabindex:10)
2024-10-07 11:00:55,406 [INFO] PluginManage:310 - Check plugin ipmanager
2024-10-07 11:00:55,431 [INFO] PluginManage:359 - Loaded plugin ipmanager (category:base,tabindex:5)
2024-10-07 11:00:55,432 [INFO] PluginManage:310 - Check plugin lpbam
2024-10-07 11:00:55,486 [INFO] PluginManage:359 - Loaded plugin lpbam (category:base,tabindex:0)
2024-10-07 11:00:55,486 [INFO] PluginManage:310 - Check plugin memorymap
2024-10-07 11:00:55,545 [INFO] PluginManage:359 - Loaded plugin memorymap (category:base,tabindex:4)
2024-10-07 11:00:55,546 [INFO] PluginManage:310 - Check plugin pinoutandconfiguration
2024-10-07 11:00:55,611 [INFO] PluginManage:359 - Loaded plugin pinoutandconfiguration (category:base,tabindex:1)
2024-10-07 11:00:55,611 [INFO] PluginManage:310 - Check plugin pinoutconfig
2024-10-07 11:00:55,759 [WARN] SupportedApi:132 - Cannot load RTOS API schema: s4s-elt-must-match.1: The content of 'definitions' must match (annotation?, (simpleType | complexType)?, (unique | key | keyref)*)). A problem was found starting at: attribute.
2024-10-07 11:00:56,199 [INFO] PluginManage:359 - Loaded plugin pinoutconfig (category:base,tabindex:0)
2024-10-07 11:00:56,199 [INFO] PluginManage:310 - Check plugin power
2024-10-07 11:00:56,283 [INFO] PluginManage:359 - Loaded plugin power (category:power,tabindex:4)
2024-10-07 11:00:56,283 [INFO] PluginManage:310 - Check plugin projectmanager
2024-10-07 11:00:56,303 [INFO] PluginManage:359 - Loaded plugin projectmanager (category:projectmanager,tabindex:3)
2024-10-07 11:00:56,303 [INFO] PluginManage:310 - Check plugin thirdparty
2024-10-07 11:00:56,734 [INFO] PluginManage:359 - Loaded plugin thirdparty (category:base,tabindex:-1)
2024-10-07 11:00:56,734 [WARN] IntegrityCheckThread:84 - waiting for thirdparty lock release [integrity check]
2024-10-07 11:00:56,734 [INFO] PluginManage:310 - Check plugin tools
2024-10-07 11:00:56,734 [INFO] IntegrityCheckThread:86 - entering critical section [integrity check]
2024-10-07 11:00:56,735 [INFO] ThirdPartyUpdaterWithRetryManager:70 - Updater plugin not ready yet. [1/15]
2024-10-07 11:00:56,743 [INFO] PluginManage:359 - Loaded plugin tools (category:base,tabindex:7)
2024-10-07 11:00:56,743 [INFO] PluginManage:310 - Check plugin tutovideos
2024-10-07 11:00:57,395 [INFO] PluginManage:359 - Loaded plugin tutovideos (category:base,tabindex:-1)
2024-10-07 11:00:57,396 [INFO] PluginManage:310 - Check plugin updater
2024-10-07 11:00:57,467 [INFO] PluginManage:359 - Loaded plugin updater (category:base,tabindex:12)
2024-10-07 11:00:57,467 [INFO] PluginManage:310 - Check plugin userauth
2024-10-07 11:00:57,498 [INFO] UserAuth:114 - Init User Auth plugin
2024-10-07 11:00:57,498 [INFO] PluginManage:359 - Loaded plugin userauth (category:base,tabindex:14)
2024-10-07 11:00:57,499 [INFO] PluginManage:283 - PluginManage : Loaded plugins [17]
2024-10-07 11:00:58,150 [INFO] PinOutPanel:1561 - setPackage(No Configuration,No Configuration)
2024-10-07 11:00:58,324 [INFO] CADModel:165 - CPN selected for project level
2024-10-07 11:00:58,324 [INFO] CADModel:114 - Register for checkConnection events
2024-10-07 11:00:58,391 [INFO] IPUIPlugin:80 - create IPUIPlugin
2024-10-07 11:00:58,393 [INFO] PluginManager:220 - loadIPPluginJar : add dma
2024-10-07 11:00:58,427 [INFO] IPUIPlugin:80 - create IPUIPlugin
2024-10-07 11:00:58,427 [INFO] PluginManager:220 - loadIPPluginJar : add linkedlist
2024-10-07 11:00:58,450 [INFO] IPUIPlugin:80 - create IPUIPlugin
2024-10-07 11:00:58,451 [INFO] PluginManager:220 - loadIPPluginJar : add tracer_emb
2024-10-07 11:00:58,476 [INFO] IPUIPlugin:80 - create IPUIPlugin
2024-10-07 11:00:58,477 [INFO] PluginManager:220 - loadIPPluginJar : add ipddr
2024-10-07 11:00:58,491 [INFO] IPUIPlugin:80 - create IPUIPlugin
2024-10-07 11:00:58,492 [INFO] PluginManager:220 - loadIPPluginJar : add i2c
2024-10-07 11:00:58,545 [INFO] IPUIPlugin:80 - create IPUIPlugin
2024-10-07 11:00:58,545 [INFO] PluginManager:220 - loadIPPluginJar : add mdma
2024-10-07 11:00:58,557 [INFO] IPUIPlugin:80 - create IPUIPlugin
2024-10-07 11:00:58,557 [INFO] PluginManager:220 - loadIPPluginJar : add usart
2024-10-07 11:00:58,582 [INFO] IPUIPlugin:80 - create IPUIPlugin
2024-10-07 11:00:58,583 [INFO] PluginManager:220 - loadIPPluginJar : add gfxmmu
2024-10-07 11:00:58,597 [INFO] IPUIPlugin:80 - create IPUIPlugin
2024-10-07 11:00:58,597 [INFO] PluginManager:220 - loadIPPluginJar : add usbx
2024-10-07 11:00:58,609 [INFO] IPUIPlugin:80 - create IPUIPlugin
2024-10-07 11:00:58,610 [INFO] PluginManager:220 - loadIPPluginJar : add tsc
2024-10-07 11:00:58,621 [INFO] IPUIPlugin:80 - create IPUIPlugin
2024-10-07 11:00:58,621 [INFO] PluginManager:220 - loadIPPluginJar : add dma3
2024-10-07 11:00:58,653 [INFO] IPUIPlugin:80 - create IPUIPlugin
2024-10-07 11:00:58,654 [INFO] PluginManager:220 - loadIPPluginJar : add fmc
2024-10-07 11:00:58,667 [INFO] IPUIPlugin:80 - create IPUIPlugin
2024-10-07 11:00:58,667 [INFO] PluginManager:220 - loadIPPluginJar : add extmemmanager
2024-10-07 11:00:58,675 [INFO] IPUIPlugin:80 - create IPUIPlugin
2024-10-07 11:00:58,675 [INFO] PluginManager:220 - loadIPPluginJar : add comp
2024-10-07 11:00:58,687 [INFO] IPUIPlugin:80 - create IPUIPlugin
2024-10-07 11:00:58,687 [INFO] PluginManager:220 - loadIPPluginJar : add i3c
2024-10-07 11:00:58,716 [INFO] IPUIPlugin:80 - create IPUIPlugin
2024-10-07 11:00:58,716 [INFO] PluginManager:220 - loadIPPluginJar : add gtzc
2024-10-07 11:00:58,733 [INFO] IPUIPlugin:80 - create IPUIPlugin
2024-10-07 11:00:58,734 [INFO] PluginManager:220 - loadIPPluginJar : add touchsensing
2024-10-07 11:00:58,745 [INFO] IPUIPlugin:80 - create IPUIPlugin
2024-10-07 11:00:58,745 [INFO] PluginManager:220 - loadIPPluginJar : add ucpd
2024-10-07 11:00:58,749 [INFO] IPUIPlugin:80 - create IPUIPlugin
2024-10-07 11:00:58,750 [INFO] PluginManager:220 - loadIPPluginJar : add fatfs
2024-10-07 11:00:58,776 [INFO] IPUIPlugin:80 - create IPUIPlugin
2024-10-07 11:00:58,777 [INFO] PluginManager:220 - loadIPPluginJar : add stm32_wpan
2024-10-07 11:00:58,824 [INFO] IPUIPlugin:80 - create IPUIPlugin
2024-10-07 11:00:58,825 [INFO] PluginManager:220 - loadIPPluginJar : add gpio
2024-10-07 11:00:58,836 [INFO] IPUIPlugin:80 - create IPUIPlugin
2024-10-07 11:00:58,836 [INFO] PluginManager:220 - loadIPPluginJar : add i2s
2024-10-07 11:00:58,850 [INFO] IPUIPlugin:80 - create IPUIPlugin
2024-10-07 11:00:58,850 [INFO] PluginManager:220 - loadIPPluginJar : add tim
2024-10-07 11:00:58,881 [INFO] IPUIPlugin:80 - create IPUIPlugin
2024-10-07 11:00:58,882 [INFO] PluginManager:220 - loadIPPluginJar : add adc
2024-10-07 11:00:58,894 [INFO] IPUIPlugin:80 - create IPUIPlugin
2024-10-07 11:00:58,895 [INFO] PluginManager:220 - loadIPPluginJar : add pdm2pcm
2024-10-07 11:00:58,932 [INFO] IPUIPlugin:80 - create IPUIPlugin
2024-10-07 11:00:58,933 [INFO] PluginManager:220 - loadIPPluginJar : add gic
2024-10-07 11:00:58,947 [INFO] IPUIPlugin:80 - create IPUIPlugin
2024-10-07 11:00:58,947 [INFO] PluginManager:220 - loadIPPluginJar : add sai
2024-10-07 11:00:58,958 [INFO] IPUIPlugin:80 - create IPUIPlugin
2024-10-07 11:00:58,958 [INFO] PluginManager:220 - loadIPPluginJar : add spi
2024-10-07 11:00:58,973 [INFO] IPUIPlugin:80 - create IPUIPlugin
2024-10-07 11:00:58,973 [INFO] PluginManager:220 - loadIPPluginJar : add can
2024-10-07 11:00:58,997 [INFO] IPUIPlugin:80 - create IPUIPlugin
2024-10-07 11:00:58,997 [INFO] PluginManager:220 - loadIPPluginJar : add resmgrutility
2024-10-07 11:00:59,002 [INFO] IPUIPlugin:80 - create IPUIPlugin
2024-10-07 11:00:59,002 [INFO] PluginManager:220 - loadIPPluginJar : add quadspi
2024-10-07 11:00:59,047 [INFO] IPUIPlugin:80 - create IPUIPlugin
2024-10-07 11:00:59,048 [INFO] PluginManager:220 - loadIPPluginJar : add freertos
2024-10-07 11:00:59,058 [INFO] IPUIPlugin:80 - create IPUIPlugin
2024-10-07 11:00:59,058 [INFO] PluginManager:220 - loadIPPluginJar : add ts
2024-10-07 11:00:59,068 [INFO] IPUIPlugin:80 - create IPUIPlugin
2024-10-07 11:00:59,068 [INFO] PluginManager:220 - loadIPPluginJar : add aes
2024-10-07 11:00:59,104 [INFO] IPUIPlugin:80 - create IPUIPlugin
2024-10-07 11:00:59,104 [INFO] PluginManager:220 - loadIPPluginJar : add nvic
2024-10-07 11:00:59,122 [INFO] IPUIPlugin:80 - create IPUIPlugin
2024-10-07 11:00:59,122 [INFO] PluginManager:220 - loadIPPluginJar : add openamp
2024-10-07 11:00:59,136 [INFO] IPUIPlugin:80 - create IPUIPlugin
2024-10-07 11:00:59,136 [INFO] PluginManager:220 - loadIPPluginJar : add dfsdm
2024-10-07 11:00:59,151 [INFO] IPUIPlugin:80 - create IPUIPlugin
2024-10-07 11:00:59,152 [INFO] PluginManager:220 - loadIPPluginJar : add lorawan
2024-10-07 11:00:59,159 [INFO] IPUIPlugin:80 - create IPUIPlugin
2024-10-07 11:00:59,160 [INFO] PluginManager:220 - loadIPPluginJar : add genericplugin
2024-10-07 11:00:59,171 [INFO] IPUIPlugin:80 - create IPUIPlugin
2024-10-07 11:00:59,171 [INFO] PluginManager:220 - loadIPPluginJar : add hash
2024-10-07 11:00:59,184 [INFO] IPUIPlugin:80 - create IPUIPlugin
2024-10-07 11:00:59,184 [INFO] PluginManager:220 - loadIPPluginJar : add ltdc
2024-10-07 11:00:59,231 [INFO] IPUIPlugin:80 - create IPUIPlugin
2024-10-07 11:00:59,238 [INFO] PluginManager:220 - loadIPPluginJar : add plateformsettings
2024-10-07 11:00:59,251 [INFO] IPUIPlugin:80 - create IPUIPlugin
2024-10-07 11:00:59,251 [INFO] PluginManager:220 - loadIPPluginJar : add cryp
2024-10-07 11:00:59,267 [INFO] IPUIPlugin:80 - create IPUIPlugin
2024-10-07 11:00:59,267 [INFO] PluginManager:220 - loadIPPluginJar : add opamp
2024-10-07 11:00:59,441 [INFO] CADModel:165 - CPN selected for project level
2024-10-07 11:00:59,441 [INFO] CADModel:114 - Register for checkConnection events
2024-10-07 11:00:59,442 [FATAL] Updater:308 - Updater called before beeing initialized
2024-10-07 11:00:59,442 [ERROR] CADModel:125 - Updater not yet initialized, retry later 
2024-10-07 11:00:59,735 [INFO] ThirdPartyUpdaterWithRetryManager:70 - Updater plugin not ready yet. [2/15]
2024-10-07 11:00:59,907 [INFO] CADModel:165 - CPN selected for project level
2024-10-07 11:00:59,907 [INFO] CADModel:114 - Register for checkConnection events
2024-10-07 11:00:59,907 [FATAL] Updater:308 - Updater called before beeing initialized
2024-10-07 11:00:59,907 [ERROR] CADModel:125 - Updater not yet initialized, retry later 
2024-10-07 11:00:59,910 [FATAL] Updater:308 - Updater called before beeing initialized
2024-10-07 11:01:00,083 [FATAL] Updater:308 - Updater called before beeing initialized
2024-10-07 11:01:00,090 [INFO] DbMcusAds:53 - JSON generation date=Fri Sep 20 20:04:23 WIB 2024 (1726837463113)
2024-10-07 11:01:00,091 [FATAL] Updater:308 - Updater called before beeing initialized
2024-10-07 11:01:00,238 [WARN] DetailPanel:346 - Failed to get advertising image, set to default
2024-10-07 11:01:00,373 [FATAL] Updater:308 - Updater called before beeing initialized
2024-10-07 11:01:00,387 [FATAL] Updater:308 - Updater called before beeing initialized
2024-10-07 11:01:00,387 [FATAL] Updater:308 - Updater called before beeing initialized
2024-10-07 11:01:00,387 [WARN] DetailPanel:346 - Failed to get advertising image, set to default
2024-10-07 11:01:00,388 [FATAL] Updater:308 - Updater called before beeing initialized
2024-10-07 11:01:00,452 [ERROR] Updater:1120 - MainUpdater not yet initialized. External WinMGr cannot be set.
2024-10-07 11:01:00,464 [INFO] Updater:1056 - Updater Version found : 6.11.1
2024-10-07 11:01:00,548 [INFO] ApplicationProperties:184 - Using Application install path: /opt/st/stm32cubeide_1.15.1/plugins/com.st.stm32cube.common.mx_6.11.1.202404110753
2024-10-07 11:01:01,467 [INFO] MainUpdater:2873 - connection check result : 10
2024-10-07 11:01:01,468 [INFO] MainUpdater:290 - Updater Check For Update Now.
2024-10-07 11:01:01,468 [INFO] MicroXplorer:498 - Change Database Version : DB.6.0.111
2024-10-07 11:01:01,478 [INFO] McuFinderGlobals:63 - Set McuFinder mode to 2 (CubeIDE integrated)
2024-10-07 11:01:01,494 [INFO] UserAuth:415 - Internet connection configuration mode: 1
2024-10-07 11:01:01,642 [INFO] JxBrowserEngine:152 - Initiate JxBrowser Engine with user profile folder
2024-10-07 11:01:01,728 [INFO] CheckServerUpdateThread:120 - End of CheckServer Thread
2024-10-07 11:01:03,569 [WARN] PackLoader:240 - Cannot read IP mode file for STMicroelectronics.X-CUBE-SMBUS.2.1.0
2024-10-07 11:01:03,590 [WARN] PackLoader:240 - Cannot read IP mode file for STMicroelectronics.X-CUBE-WB05N.1.1.0
2024-10-07 11:01:03,649 [WARN] PackLoader:240 - Cannot read IP mode file for STMicroelectronics.X-CUBE-AZRTOS-F7.1.1.0
2024-10-07 11:01:03,766 [WARN] PackLoader:240 - Cannot read IP mode file for STMicroelectronics.X-CUBE-MEMS1.11.0.0
2024-10-07 11:01:03,990 [WARN] PackLoader:240 - Cannot read IP mode file for STMicroelectronics.FP-SNS-FLIGHT1.5.0.2
2024-10-07 11:01:04,008 [WARN] PackLoader:240 - Cannot read IP mode file for STMicroelectronics.X-CUBE-DISPLAY.3.0.0
2024-10-07 11:01:04,024 [WARN] PackLoader:240 - Cannot read IP mode file for STMicroelectronics.X-CUBE-BLE1.7.0.0
2024-10-07 11:01:04,049 [WARN] PackLoader:240 - Cannot read IP mode file for STMicroelectronics.X-CUBE-NFC10.1.0.0
2024-10-07 11:01:04,065 [WARN] PackLoader:240 - Cannot read IP mode file for emotas.I-CUBE-CANOPEN.1.3.0
2024-10-07 11:01:04,099 [WARN] PackLoader:240 - Cannot read IP mode file for STMicroelectronics.X-CUBE-BLEMGR.3.1.0
2024-10-07 11:01:04,116 [WARN] PackLoader:240 - Cannot read IP mode file for STMicroelectronics.FP-SNS-SMARTAG2.1.2.0
2024-10-07 11:01:04,171 [INFO] LogOutputStream:77 - [STDOUT_REDIRECT] 1 : Invalid condition id : UX_CORESTACK_Condition cause : null
2024-10-07 11:01:04,172 [INFO] LogOutputStream:77 - [STDOUT_REDIRECT] 1 : Invalid condition id : UX_CORESTACK_Condition cause : null
2024-10-07 11:01:04,172 [INFO] LogOutputStream:77 - [STDOUT_REDIRECT] 1 : Invalid condition id : UX_CORESTACK_Condition cause : null
2024-10-07 11:01:04,172 [INFO] LogOutputStream:77 - [STDOUT_REDIRECT] 1 : Invalid condition id : UX_CORESTACK_Condition cause : null
2024-10-07 11:01:04,173 [INFO] LogOutputStream:77 - [STDOUT_REDIRECT] 1 : Invalid condition id : UX_CORESTACK_Condition cause : null
2024-10-07 11:01:04,182 [WARN] PackLoader:240 - Cannot read IP mode file for STMicroelectronics.X-CUBE-AZRTOS-WL.2.0.0
2024-10-07 11:01:04,203 [WARN] PackLoader:240 - Cannot read IP mode file for WES.I-CUBE-Cesium.1.3.0
2024-10-07 11:01:04,222 [WARN] PackLoader:240 - Cannot read IP mode file for STMicroelectronics.X-CUBE-BLE2.3.3.0
2024-10-07 11:01:04,237 [WARN] PackLoader:240 - Cannot read IP mode file for STMicroelectronics.X-CUBE-NFC9.1.0.0
2024-10-07 11:01:04,279 [WARN] PackLoader:240 - Cannot read IP mode file for STMicroelectronics.X-CUBE-AZRTOS-G0.1.1.0
2024-10-07 11:01:04,300 [WARN] PackLoader:240 - Cannot read IP mode file for STMicroelectronics.X-CUBE-NFC4.3.0.0
2024-10-07 11:01:04,323 [WARN] PackLoader:240 - Cannot read IP mode file for EmbeddedOffice.I-CUBE-FS-RTOS.1.0.1
2024-10-07 11:01:04,323 [ERROR] ConditionMgr:805 - Attr not supported : Dmpu
2024-10-07 11:01:04,323 [ERROR] ConditionMgr:805 - Attr not supported : Dmpu
2024-10-07 11:01:04,324 [ERROR] ConditionMgr:805 - Attr not supported : Dmpu
2024-10-07 11:01:04,324 [ERROR] ConditionMgr:805 - Attr not supported : Dmpu
2024-10-07 11:01:04,324 [ERROR] ConditionMgr:805 - Attr not supported : Dmpu
2024-10-07 11:01:04,324 [ERROR] ConditionMgr:805 - Attr not supported : Dmpu
2024-10-07 11:01:04,324 [ERROR] ConditionMgr:805 - Attr not supported : Dmpu
2024-10-07 11:01:04,324 [ERROR] ConditionMgr:805 - Attr not supported : Dmpu
2024-10-07 11:01:04,324 [ERROR] ConditionMgr:805 - Attr not supported : Dmpu
2024-10-07 11:01:04,324 [ERROR] ConditionMgr:805 - Attr not supported : Dmpu
2024-10-07 11:01:04,324 [ERROR] ConditionMgr:805 - Attr not supported : Dmpu
2024-10-07 11:01:04,325 [ERROR] ConditionMgr:805 - Attr not supported : Dmpu
2024-10-07 11:01:04,325 [ERROR] ConditionMgr:805 - Attr not supported : Dmpu
2024-10-07 11:01:04,325 [ERROR] ConditionMgr:805 - Attr not supported : Dmpu
2024-10-07 11:01:04,325 [ERROR] ConditionMgr:805 - Attr not supported : Dmpu
2024-10-07 11:01:04,325 [ERROR] ConditionMgr:805 - Attr not supported : Dmpu
2024-10-07 11:01:04,325 [ERROR] ConditionMgr:805 - Attr not supported : Dmpu
2024-10-07 11:01:04,325 [ERROR] ConditionMgr:805 - Attr not supported : Dmpu
2024-10-07 11:01:04,325 [ERROR] ConditionMgr:805 - Attr not supported : Dmpu
2024-10-07 11:01:04,325 [ERROR] ConditionMgr:805 - Attr not supported : Dmpu
2024-10-07 11:01:04,326 [ERROR] ConditionMgr:805 - Attr not supported : Dmpu
2024-10-07 11:01:04,326 [ERROR] ConditionMgr:805 - Attr not supported : Dmpu
2024-10-07 11:01:04,326 [ERROR] ConditionMgr:805 - Attr not supported : Dmpu
2024-10-07 11:01:04,326 [ERROR] ConditionMgr:805 - Attr not supported : Dmpu
2024-10-07 11:01:04,326 [ERROR] ConditionMgr:805 - Attr not supported : Dmpu
2024-10-07 11:01:04,326 [ERROR] ConditionMgr:805 - Attr not supported : Dmpu
2024-10-07 11:01:04,326 [ERROR] ConditionMgr:805 - Attr not supported : Dmpu
2024-10-07 11:01:04,326 [ERROR] ConditionMgr:805 - Attr not supported : Dmpu
2024-10-07 11:01:04,326 [ERROR] ConditionMgr:805 - Attr not supported : Dmpu
2024-10-07 11:01:04,327 [ERROR] ConditionMgr:805 - Attr not supported : Dmpu
2024-10-07 11:01:04,327 [ERROR] ConditionMgr:805 - Attr not supported : Dmpu
2024-10-07 11:01:04,327 [ERROR] ConditionMgr:805 - Attr not supported : Dmpu
2024-10-07 11:01:04,327 [ERROR] ConditionMgr:805 - Attr not supported : Dmpu
2024-10-07 11:01:04,327 [ERROR] ConditionMgr:805 - Attr not supported : Dmpu
2024-10-07 11:01:04,327 [ERROR] ConditionMgr:805 - Attr not supported : Dmpu
2024-10-07 11:01:04,327 [ERROR] ConditionMgr:805 - Attr not supported : Dmpu
2024-10-07 11:01:04,328 [ERROR] ConditionMgr:805 - Attr not supported : Dmpu
2024-10-07 11:01:04,328 [ERROR] ConditionMgr:805 - Attr not supported : Dmpu
2024-10-07 11:01:04,328 [ERROR] ConditionMgr:805 - Attr not supported : Dmpu
2024-10-07 11:01:04,328 [ERROR] ConditionMgr:805 - Attr not supported : Dmpu
2024-10-07 11:01:04,328 [ERROR] ConditionMgr:805 - Attr not supported : Dmpu
2024-10-07 11:01:04,328 [ERROR] ConditionMgr:805 - Attr not supported : Dmpu
2024-10-07 11:01:04,328 [ERROR] ConditionMgr:805 - Attr not supported : Dmpu
2024-10-07 11:01:04,329 [ERROR] ConditionMgr:805 - Attr not supported : Dmpu
2024-10-07 11:01:04,329 [ERROR] ConditionMgr:805 - Attr not supported : Dmpu
2024-10-07 11:01:04,329 [ERROR] ConditionMgr:805 - Attr not supported : Dmpu
2024-10-07 11:01:04,329 [ERROR] ConditionMgr:805 - Attr not supported : Dmpu
2024-10-07 11:01:04,329 [ERROR] ConditionMgr:805 - Attr not supported : Dmpu
2024-10-07 11:01:04,329 [ERROR] ConditionMgr:805 - Attr not supported : Dmpu
2024-10-07 11:01:04,329 [ERROR] ConditionMgr:805 - Attr not supported : Dmpu
2024-10-07 11:01:04,329 [ERROR] ConditionMgr:805 - Attr not supported : Dmpu
2024-10-07 11:01:04,330 [ERROR] ConditionMgr:805 - Attr not supported : Dmpu
2024-10-07 11:01:04,330 [ERROR] ConditionMgr:805 - Attr not supported : Dmpu
2024-10-07 11:01:04,330 [ERROR] ConditionMgr:805 - Attr not supported : Dmpu
2024-10-07 11:01:04,330 [ERROR] ConditionMgr:805 - Attr not supported : Dmpu
2024-10-07 11:01:04,330 [ERROR] ConditionMgr:805 - Attr not supported : Dmpu
2024-10-07 11:01:04,330 [ERROR] ConditionMgr:805 - Attr not supported : Dmpu
2024-10-07 11:01:04,330 [ERROR] ConditionMgr:805 - Attr not supported : Dmpu
2024-10-07 11:01:04,330 [ERROR] ConditionMgr:805 - Attr not supported : Dmpu
2024-10-07 11:01:04,331 [ERROR] ConditionMgr:805 - Attr not supported : Dmpu
2024-10-07 11:01:04,331 [ERROR] ConditionMgr:805 - Attr not supported : Dmpu
2024-10-07 11:01:04,331 [ERROR] ConditionMgr:805 - Attr not supported : Dmpu
2024-10-07 11:01:04,331 [ERROR] ConditionMgr:805 - Attr not supported : Dmpu
2024-10-07 11:01:04,331 [ERROR] ConditionMgr:805 - Attr not supported : Dmpu
2024-10-07 11:01:04,340 [WARN] PackLoader:240 - Cannot read IP mode file for STMicroelectronics.FP-ATR-SIGFOX1.3.2.0
2024-10-07 11:01:04,350 [WARN] PackLoader:240 - Cannot read IP mode file for STMicroelectronics.X-CUBE-EEPRMA1.5.1.0
2024-10-07 11:01:04,370 [WARN] PackLoader:240 - Cannot read IP mode file for ITTIA_DB.I-CUBE-ITTIADB.8.9.0
2024-10-07 11:01:04,405 [WARN] PackLoader:240 - Cannot read IP mode file for SEGGER.I-CUBE-embOS.1.3.1
2024-10-07 11:01:04,459 [WARN] PackLoader:240 - Cannot read IP mode file for STMicroelectronics.X-CUBE-AI.9.1.0
2024-10-07 11:01:04,475 [WARN] PackLoader:240 - Cannot read IP mode file for STMicroelectronics.X-CUBE-GNSS1.6.0.0
2024-10-07 11:01:04,512 [WARN] PackLoader:240 - Cannot read IP mode file for STMicroelectronics.X-CUBE-AZRTOS-F4.1.1.0
2024-10-07 11:01:04,519 [WARN] PackLoader:240 - Cannot read IP mode file for STMicroelectronics.X-CUBE-ISPU.2.1.0
2024-10-07 11:01:04,556 [WARN] PackLoader:240 - Cannot read IP mode file for STMicroelectronics.X-CUBE-AZRTOS-L5.2.0.0
2024-10-07 11:01:04,564 [WARN] PackLoader:240 - Cannot read IP mode file for STMicroelectronics.X-CUBE-AI.9.0.0
2024-10-07 11:01:04,580 [WARN] PackLoader:240 - Cannot read IP mode file for STMicroelectronics.X-CUBE-NFC7.1.0.1
2024-10-07 11:01:04,629 [WARN] ConditionMgr:438 - getConditionDescription Invalid condition id : LAN8742 Phy interface Condition cause : null
2024-10-07 11:01:04,629 [WARN] PackLoader:240 - Cannot read IP mode file for STMicroelectronics.X-CUBE-AZRTOS-L4.2.0.0
2024-10-07 11:01:04,631 [WARN] ConditionMgr:1039 - genDependencies : Invalid condition id : LAN8742 Phy interface Condition cause : null
2024-10-07 11:01:04,631 [WARN] ConditionMgr:1039 - genDependencies : Invalid condition id : LAN8742 Phy interface Condition cause : null
2024-10-07 11:01:04,631 [WARN] ConditionMgr:1039 - genDependencies : Invalid condition id : LAN8742 Phy interface Condition cause : null
2024-10-07 11:01:04,651 [WARN] PackLoader:240 - Cannot read IP mode file for STMicroelectronics.X-CUBE-SFXS2LP1.4.0.0
2024-10-07 11:01:04,687 [WARN] PackLoader:240 - Cannot read IP mode file for STMicroelectronics.X-CUBE-AZRTOS-H7.3.3.0
2024-10-07 11:01:04,715 [WARN] PackLoader:240 - Cannot read IP mode file for STMicroelectronics.X-CUBE-IPS.3.0.0
2024-10-07 11:01:04,750 [WARN] ConditionMgr:438 - getConditionDescription Invalid condition id : UX DEVICE CLASS RTOS Condition cause : null
2024-10-07 11:01:04,750 [WARN] ConditionMgr:438 - getConditionDescription Invalid condition id : UX DEVICE CLASS RTOS Condition cause : null
2024-10-07 11:01:04,752 [WARN] PackLoader:240 - Cannot read IP mode file for STMicroelectronics.X-CUBE-AZRTOS-WB.2.0.0
2024-10-07 11:01:04,753 [WARN] ConditionMgr:1039 - genDependencies : Invalid condition id : UX DEVICE CLASS RTOS Condition cause : null
2024-10-07 11:01:04,753 [WARN] ConditionMgr:1039 - genDependencies : Invalid condition id : UX DEVICE CLASS RTOS Condition cause : null
2024-10-07 11:01:04,753 [WARN] ConditionMgr:1039 - genDependencies : Invalid condition id : UX DEVICE CLASS RTOS Condition cause : null
2024-10-07 11:01:04,754 [WARN] ConditionMgr:1039 - genDependencies : Invalid condition id : UX DEVICE CLASS RTOS Condition cause : null
2024-10-07 11:01:04,754 [WARN] ConditionMgr:1039 - genDependencies : Invalid condition id : UX DEVICE CLASS RTOS Condition cause : null
2024-10-07 11:01:04,769 [WARN] PackLoader:240 - Cannot read IP mode file for STMicroelectronics.X-CUBE-GNSS1.7.0.0
2024-10-07 11:01:04,785 [WARN] PackLoader:240 - Cannot read IP mode file for STMicroelectronics.FP-SNS-STBOX1.2.0.0
2024-10-07 11:01:04,816 [WARN] PackLoader:240 - Cannot read IP mode file for STMicroelectronics.X-CUBE-SUBG2.5.0.0
2024-10-07 11:01:04,833 [WARN] PackLoader:240 - Cannot read IP mode file for Cesanta.I-CUBE-Mongoose.7.13.0
2024-10-07 11:01:04,883 [WARN] PackLoader:240 - Cannot read IP mode file for STMicroelectronics.X-CUBE-AZRTOS-G4.2.0.0
2024-10-07 11:01:04,894 [WARN] PackLoader:240 - Cannot read IP mode file for STMicroelectronics.X-CUBE-ISPU.2.0.0
2024-10-07 11:01:04,949 [WARN] PackLoader:240 - Cannot read IP mode file for STMicroelectronics.X-CUBE-MEMS1.10.0.0
2024-10-07 11:01:05,090 [WARN] PackLoader:240 - Cannot read IP mode file for STMicroelectronics.X-CUBE-TOUCHGFX.4.24.0
2024-10-07 11:01:05,099 [WARN] PackLoader:240 - Cannot read IP mode file for STMicroelectronics.X-CUBE-TOUCHGFX.4.24.1
2024-10-07 11:01:05,110 [WARN] PackLoader:240 - Cannot read IP mode file for portGmbH.I-Cube-SoM-uGOAL.1.1.0
2024-10-07 11:01:05,124 [WARN] PackLoader:240 - Cannot read IP mode file for STMicroelectronics.FP-ATR-ASTRA1.2.0.0
2024-10-07 11:01:05,158 [WARN] PackLoader:240 - Cannot read IP mode file for STMicroelectronics.X-CUBE-TOF1.3.4.2
2024-10-07 11:01:05,208 [WARN] PackLoader:240 - Cannot read IP mode file for STMicroelectronics.X-CUBE-TOF1.3.4.1
2024-10-07 11:01:05,274 [WARN] PackLoader:240 - Cannot read IP mode file for STMicroelectronics.X-CUBE-AZRTOS-H7.3.2.0
2024-10-07 11:01:05,321 [WARN] PackLoader:240 - Cannot read IP mode file for Infineon.AIROC-Wi-Fi-Bluetooth-STM32.1.6.0
2024-10-07 11:01:05,339 [WARN] PackLoader:240 - Cannot read IP mode file for wolfSSL.I-CUBE-wolfSSH.1.4.17
2024-10-07 11:01:05,339 [INFO] ThirdParty:978 - Integrity check success = true
2024-10-07 11:01:05,339 [INFO] IntegrityCheckThread:100 - exiting critical section [integrity check]
2024-10-07 11:01:05,339 [INFO] IntegrityCheckThread:103 - End integrity checks thread
2024-10-07 11:01:10,736 [INFO] WebApp:161 - Instantiating new browser for Auth
2024-10-07 11:01:15,121 [INFO] WebApp:779 - Register for checkConnection events
2024-10-07 11:01:15,121 [INFO] WebApp:414 - Apply proxy settings
2024-10-07 11:01:15,121 [INFO] WebApp:499 - Chromium requires no authentication
2024-10-07 11:01:15,139 [INFO] WebApp:442 - Direct internet connection detected
2024-10-07 11:01:15,544 [INFO] WebApp:192 - Starting web application
2024-10-07 11:01:15,545 [INFO] WebApp:544 - Web application path used /opt/st/stm32cubeide_1.15.1/plugins/com.st.stm32cube.common.mx_6.11.1.202404110753/db/plugins/mcufinder/reactClient1/index.html
2024-10-07 11:03:20,215 [ERROR] ConfigurationRetriever:142 - IOException on connection: Read timed out
2024-10-07 11:09:33,663 [ERROR] ConfigurationRetriever:142 - IOException on connection: Read timed out
2024-10-07 11:11:51,195 [ERROR] LogOutputStream:75 - [STDERR_REDIRECT] 
