2024-10-01 15:13:11,251 [INFO] Activator:176 - 


2024-10-01 15:13:11,256 [INFO] Activator:177 - !SESSION log4j initialized
2024-10-01 15:13:30,687 [INFO] LogOutputStream:77 - [STDOUT_REDIRECT] 
2024-10-01 15:13:56,603 [INFO] ApplicationProperties:184 - Using Application install path: /opt/st/stm32cubeide_1.15.1/plugins/com.st.stm32cube.common.mx_6.11.1.202404110753
2024-10-01 15:13:56,632 [INFO] DbMcusXml:78 - Set database path to: /opt/st/stm32cubeide_1.15.1/plugins/com.st.stm32cube.common.mx_6.11.1.202404110753//db//mcu/
2024-10-01 15:13:56,632 [INFO] ApiDb:274 - Set plugin database path to: /opt/st/stm32cubeide_1.15.1/plugins/com.st.stm32cube.common.mx_6.11.1.202404110753//db//plugins/boardmanager/
2024-10-01 15:13:56,632 [WARN] ApiDb:259 - Overriding images path with different value:  => /opt/st/stm32cubeide_1.15.1/plugins/com.st.stm32cube.common.mx_6.11.1.202404110753//db//plugins/mcufinder/images/
2024-10-01 15:13:56,646 [INFO] ApiDb:250 - Set database path to: /home/wgg/.stmcufinder/plugins/mcufinder//mcu/
2024-10-01 15:13:56,647 [INFO] DbMcusAds:125 - Set database path to: /home/wgg/.stmcufinder/plugins/mcufinder//mcu/
2024-10-01 15:13:56,654 [INFO] CrossReferenceDbSqlite:203 - Set database path to: /home/wgg/.stmcufinder/plugins/mcufinder//mcu/cs/
2024-10-01 15:13:56,800 [INFO] RulesReader:64 - Compatibility file has been processed (297 Rules)
2024-10-01 15:13:56,870 [INFO] DbMcusXml:78 - Set database path to: /opt/st/stm32cubeide_1.15.1/plugins/com.st.stm32cube.common.mx_6.11.1.202404110753//db//mcu/
2024-10-01 15:13:56,871 [INFO] ApiDb:274 - Set plugin database path to: /opt/st/stm32cubeide_1.15.1/plugins/com.st.stm32cube.common.mx_6.11.1.202404110753//db//plugins/boardmanager/
2024-10-01 15:13:56,871 [INFO] ApiDb:261 - Set plugin images path to: /opt/st/stm32cubeide_1.15.1/plugins/com.st.stm32cube.common.mx_6.11.1.202404110753//db//plugins/mcufinder/images/
2024-10-01 15:13:56,871 [WARN] DbFile:41 - Overriding database path with different value: /home/wgg/.stmcufinder/plugins/mcufinder/ => /home/wgg/.stmcufinder/plugins/mcufinder
2024-10-01 15:13:56,871 [INFO] ApiDb:250 - Set database path to: /home/wgg/.stmcufinder/plugins/mcufinder//mcu/
2024-10-01 15:13:56,871 [WARN] DbFile:41 - Overriding database path with different value: /home/wgg/.stmcufinder/plugins/mcufinder/ => /home/wgg/.stmcufinder/plugins/mcufinder
2024-10-01 15:13:56,871 [INFO] DbMcusAds:125 - Set database path to: /home/wgg/.stmcufinder/plugins/mcufinder//mcu/
2024-10-01 15:13:56,871 [WARN] DbFile:41 - Overriding database path with different value: /home/wgg/.stmcufinder/plugins/mcufinder/ => /home/wgg/.stmcufinder/plugins/mcufinder
2024-10-01 15:13:56,872 [WARN] DbFile:41 - Overriding database path with different value: /home/wgg/.stmcufinder/plugins/mcufinder/ => /home/wgg/.stmcufinder/plugins/mcufinder
2024-10-01 15:13:56,872 [INFO] CrossReferenceDbSqlite:203 - Set database path to: /home/wgg/.stmcufinder/plugins/mcufinder//mcu/cs/
2024-10-01 15:13:56,961 [INFO] MainPanel:264 - HeapMemory: 268435456
2024-10-01 15:13:57,041 [INFO] DbMcusXml:78 - Set database path to: /opt/st/stm32cubeide_1.15.1/plugins/com.st.stm32cube.common.mx_6.11.1.202404110753//db//mcu/
2024-10-01 15:13:57,041 [INFO] ApiDb:274 - Set plugin database path to: /opt/st/stm32cubeide_1.15.1/plugins/com.st.stm32cube.common.mx_6.11.1.202404110753//db//plugins/boardmanager/
2024-10-01 15:13:57,042 [INFO] ApiDb:261 - Set plugin images path to: /opt/st/stm32cubeide_1.15.1/plugins/com.st.stm32cube.common.mx_6.11.1.202404110753//db//plugins/mcufinder/images/
2024-10-01 15:13:57,042 [WARN] DbFile:41 - Overriding database path with different value: /home/wgg/.stmcufinder/plugins/mcufinder/ => /home/wgg/.stmcufinder/plugins/mcufinder
2024-10-01 15:13:57,042 [INFO] ApiDb:250 - Set database path to: /home/wgg/.stmcufinder/plugins/mcufinder//mcu/
2024-10-01 15:13:57,042 [WARN] DbFile:41 - Overriding database path with different value: /home/wgg/.stmcufinder/plugins/mcufinder/ => /home/wgg/.stmcufinder/plugins/mcufinder
2024-10-01 15:13:57,042 [INFO] DbMcusAds:125 - Set database path to: /home/wgg/.stmcufinder/plugins/mcufinder//mcu/
2024-10-01 15:13:57,042 [WARN] DbFile:41 - Overriding database path with different value: /home/wgg/.stmcufinder/plugins/mcufinder/ => /home/wgg/.stmcufinder/plugins/mcufinder
2024-10-01 15:13:57,042 [WARN] DbFile:41 - Overriding database path with different value: /home/wgg/.stmcufinder/plugins/mcufinder/ => /home/wgg/.stmcufinder/plugins/mcufinder
2024-10-01 15:13:57,042 [INFO] CrossReferenceDbSqlite:203 - Set database path to: /home/wgg/.stmcufinder/plugins/mcufinder//mcu/cs/
2024-10-01 15:13:57,056 [INFO] ApplicationProperties:184 - Using Application install path: /opt/st/stm32cubeide_1.15.1/plugins/com.st.stm32cube.common.mx_6.11.1.202404110753
2024-10-01 15:13:57,057 [INFO] PluginManage:196 - Search for loadable plugins [exclusion list=, ]
2024-10-01 15:13:57,058 [INFO] PluginManage:310 - Check plugin analytics
2024-10-01 15:13:57,230 [INFO] AnalyticsPlugin:253 - Accepted Software Licenses: 
2024-10-01 15:13:57,230 [INFO] AnalyticsPlugin:255 - Accepted CMSIS Pack Licenses: 
2024-10-01 15:13:57,230 [INFO] AnalyticsPlugin:257 - Accepted Firmware Licenses: FW.F4.1.28.0
2024-10-01 15:13:57,234 [INFO] PluginManage:359 - Loaded plugin analytics (category:tool,tabindex:-1)
2024-10-01 15:13:57,234 [INFO] PluginManage:310 - Check plugin cadmodel
2024-10-01 15:13:57,274 [INFO] CADModel:105 - Init CAD model plugin
2024-10-01 15:13:57,275 [INFO] PluginManage:359 - Loaded plugin cadmodel (category:power,tabindex:5)
2024-10-01 15:13:57,275 [INFO] PluginManage:310 - Check plugin clock
2024-10-01 15:13:57,287 [INFO] PluginManage:359 - Loaded plugin clock (category:base,tabindex:2)
2024-10-01 15:13:57,287 [INFO] PluginManage:310 - Check plugin ddr
2024-10-01 15:13:57,289 [INFO] PluginManage:359 - Loaded plugin ddr (category:tool,tabindex:6)
2024-10-01 15:13:57,289 [INFO] PluginManage:310 - Check plugin filemanager
2024-10-01 15:13:57,456 [INFO] PluginManage:359 - Loaded plugin filemanager (category:base,tabindex:10)
2024-10-01 15:13:57,456 [INFO] PluginManage:310 - Check plugin ipmanager
2024-10-01 15:13:57,462 [INFO] PluginManage:359 - Loaded plugin ipmanager (category:base,tabindex:5)
2024-10-01 15:13:57,462 [INFO] PluginManage:310 - Check plugin lpbam
2024-10-01 15:13:57,472 [INFO] PluginManage:359 - Loaded plugin lpbam (category:base,tabindex:0)
2024-10-01 15:13:57,473 [INFO] PluginManage:310 - Check plugin memorymap
2024-10-01 15:13:57,494 [INFO] PluginManage:359 - Loaded plugin memorymap (category:base,tabindex:4)
2024-10-01 15:13:57,494 [INFO] PluginManage:310 - Check plugin pinoutandconfiguration
2024-10-01 15:13:57,507 [INFO] PluginManage:359 - Loaded plugin pinoutandconfiguration (category:base,tabindex:1)
2024-10-01 15:13:57,507 [INFO] PluginManage:310 - Check plugin pinoutconfig
2024-10-01 15:13:57,588 [WARN] SupportedApi:132 - Cannot load RTOS API schema: s4s-elt-must-match.1: The content of 'definitions' must match (annotation?, (simpleType | complexType)?, (unique | key | keyref)*)). A problem was found starting at: attribute.
2024-10-01 15:13:57,734 [INFO] PluginManage:359 - Loaded plugin pinoutconfig (category:base,tabindex:0)
2024-10-01 15:13:57,734 [INFO] PluginManage:310 - Check plugin power
2024-10-01 15:13:57,743 [INFO] PluginManage:359 - Loaded plugin power (category:power,tabindex:4)
2024-10-01 15:13:57,744 [INFO] PluginManage:310 - Check plugin projectmanager
2024-10-01 15:13:57,757 [INFO] PluginManage:359 - Loaded plugin projectmanager (category:projectmanager,tabindex:3)
2024-10-01 15:13:57,757 [INFO] PluginManage:310 - Check plugin thirdparty
2024-10-01 15:13:57,879 [WARN] IntegrityCheckThread:84 - waiting for thirdparty lock release [integrity check]
2024-10-01 15:13:57,880 [INFO] PluginManage:359 - Loaded plugin thirdparty (category:base,tabindex:-1)
2024-10-01 15:13:57,880 [INFO] IntegrityCheckThread:86 - entering critical section [integrity check]
2024-10-01 15:13:57,880 [INFO] PluginManage:310 - Check plugin tools
2024-10-01 15:13:57,880 [INFO] ThirdPartyUpdaterWithRetryManager:70 - Updater plugin not ready yet. [1/15]
2024-10-01 15:13:57,883 [INFO] PluginManage:359 - Loaded plugin tools (category:base,tabindex:7)
2024-10-01 15:13:57,883 [INFO] PluginManage:310 - Check plugin tutovideos
2024-10-01 15:13:58,136 [INFO] PluginManage:359 - Loaded plugin tutovideos (category:base,tabindex:-1)
2024-10-01 15:13:58,137 [INFO] PluginManage:310 - Check plugin updater
2024-10-01 15:13:58,148 [INFO] PluginManage:359 - Loaded plugin updater (category:base,tabindex:12)
2024-10-01 15:13:58,149 [INFO] PluginManage:310 - Check plugin userauth
2024-10-01 15:13:58,154 [INFO] UserAuth:114 - Init User Auth plugin
2024-10-01 15:13:58,154 [INFO] PluginManage:359 - Loaded plugin userauth (category:base,tabindex:14)
2024-10-01 15:13:58,155 [INFO] PluginManage:283 - PluginManage : Loaded plugins [17]
2024-10-01 15:13:58,328 [INFO] PinOutPanel:1561 - setPackage(No Configuration,No Configuration)
2024-10-01 15:13:58,375 [INFO] CADModel:165 - CPN selected for project level
2024-10-01 15:13:58,375 [INFO] CADModel:114 - Register for checkConnection events
2024-10-01 15:13:58,386 [INFO] IPUIPlugin:80 - create IPUIPlugin
2024-10-01 15:13:58,387 [INFO] PluginManager:220 - loadIPPluginJar : add dma
2024-10-01 15:13:58,393 [INFO] IPUIPlugin:80 - create IPUIPlugin
2024-10-01 15:13:58,394 [INFO] PluginManager:220 - loadIPPluginJar : add linkedlist
2024-10-01 15:13:58,398 [INFO] IPUIPlugin:80 - create IPUIPlugin
2024-10-01 15:13:58,398 [INFO] PluginManager:220 - loadIPPluginJar : add tracer_emb
2024-10-01 15:13:58,403 [INFO] IPUIPlugin:80 - create IPUIPlugin
2024-10-01 15:13:58,403 [INFO] PluginManager:220 - loadIPPluginJar : add ipddr
2024-10-01 15:13:58,405 [INFO] IPUIPlugin:80 - create IPUIPlugin
2024-10-01 15:13:58,405 [INFO] PluginManager:220 - loadIPPluginJar : add i2c
2024-10-01 15:13:58,411 [INFO] IPUIPlugin:80 - create IPUIPlugin
2024-10-01 15:13:58,412 [INFO] PluginManager:220 - loadIPPluginJar : add mdma
2024-10-01 15:13:58,420 [INFO] IPUIPlugin:80 - create IPUIPlugin
2024-10-01 15:13:58,420 [INFO] PluginManager:220 - loadIPPluginJar : add usart
2024-10-01 15:13:58,425 [INFO] IPUIPlugin:80 - create IPUIPlugin
2024-10-01 15:13:58,425 [INFO] PluginManager:220 - loadIPPluginJar : add gfxmmu
2024-10-01 15:13:58,428 [INFO] IPUIPlugin:80 - create IPUIPlugin
2024-10-01 15:13:58,428 [INFO] PluginManager:220 - loadIPPluginJar : add usbx
2024-10-01 15:13:58,429 [INFO] IPUIPlugin:80 - create IPUIPlugin
2024-10-01 15:13:58,429 [INFO] PluginManager:220 - loadIPPluginJar : add tsc
2024-10-01 15:13:58,431 [INFO] IPUIPlugin:80 - create IPUIPlugin
2024-10-01 15:13:58,431 [INFO] PluginManager:220 - loadIPPluginJar : add dma3
2024-10-01 15:13:58,437 [INFO] IPUIPlugin:80 - create IPUIPlugin
2024-10-01 15:13:58,437 [INFO] PluginManager:220 - loadIPPluginJar : add fmc
2024-10-01 15:13:58,440 [INFO] IPUIPlugin:80 - create IPUIPlugin
2024-10-01 15:13:58,440 [INFO] PluginManager:220 - loadIPPluginJar : add extmemmanager
2024-10-01 15:13:58,441 [INFO] IPUIPlugin:80 - create IPUIPlugin
2024-10-01 15:13:58,441 [INFO] PluginManager:220 - loadIPPluginJar : add comp
2024-10-01 15:13:58,444 [INFO] IPUIPlugin:80 - create IPUIPlugin
2024-10-01 15:13:58,445 [INFO] PluginManager:220 - loadIPPluginJar : add i3c
2024-10-01 15:13:58,447 [INFO] IPUIPlugin:80 - create IPUIPlugin
2024-10-01 15:13:58,447 [INFO] PluginManager:220 - loadIPPluginJar : add gtzc
2024-10-01 15:13:58,450 [INFO] IPUIPlugin:80 - create IPUIPlugin
2024-10-01 15:13:58,450 [INFO] PluginManager:220 - loadIPPluginJar : add touchsensing
2024-10-01 15:13:58,452 [INFO] IPUIPlugin:80 - create IPUIPlugin
2024-10-01 15:13:58,452 [INFO] PluginManager:220 - loadIPPluginJar : add ucpd
2024-10-01 15:13:58,453 [INFO] IPUIPlugin:80 - create IPUIPlugin
2024-10-01 15:13:58,453 [INFO] PluginManager:220 - loadIPPluginJar : add fatfs
2024-10-01 15:13:58,457 [INFO] IPUIPlugin:80 - create IPUIPlugin
2024-10-01 15:13:58,457 [INFO] PluginManager:220 - loadIPPluginJar : add stm32_wpan
2024-10-01 15:13:58,463 [INFO] IPUIPlugin:80 - create IPUIPlugin
2024-10-01 15:13:58,464 [INFO] PluginManager:220 - loadIPPluginJar : add gpio
2024-10-01 15:13:58,465 [INFO] IPUIPlugin:80 - create IPUIPlugin
2024-10-01 15:13:58,465 [INFO] PluginManager:220 - loadIPPluginJar : add i2s
2024-10-01 15:13:58,467 [INFO] IPUIPlugin:80 - create IPUIPlugin
2024-10-01 15:13:58,467 [INFO] PluginManager:220 - loadIPPluginJar : add tim
2024-10-01 15:13:58,473 [INFO] IPUIPlugin:80 - create IPUIPlugin
2024-10-01 15:13:58,473 [INFO] PluginManager:220 - loadIPPluginJar : add adc
2024-10-01 15:13:58,475 [INFO] IPUIPlugin:80 - create IPUIPlugin
2024-10-01 15:13:58,475 [INFO] PluginManager:220 - loadIPPluginJar : add pdm2pcm
2024-10-01 15:13:58,480 [INFO] IPUIPlugin:80 - create IPUIPlugin
2024-10-01 15:13:58,481 [INFO] PluginManager:220 - loadIPPluginJar : add gic
2024-10-01 15:13:58,483 [INFO] IPUIPlugin:80 - create IPUIPlugin
2024-10-01 15:13:58,483 [INFO] PluginManager:220 - loadIPPluginJar : add sai
2024-10-01 15:13:58,485 [INFO] IPUIPlugin:80 - create IPUIPlugin
2024-10-01 15:13:58,485 [INFO] PluginManager:220 - loadIPPluginJar : add spi
2024-10-01 15:13:58,487 [INFO] IPUIPlugin:80 - create IPUIPlugin
2024-10-01 15:13:58,487 [INFO] PluginManager:220 - loadIPPluginJar : add can
2024-10-01 15:13:58,490 [INFO] IPUIPlugin:80 - create IPUIPlugin
2024-10-01 15:13:58,490 [INFO] PluginManager:220 - loadIPPluginJar : add resmgrutility
2024-10-01 15:13:58,490 [INFO] IPUIPlugin:80 - create IPUIPlugin
2024-10-01 15:13:58,491 [INFO] PluginManager:220 - loadIPPluginJar : add quadspi
2024-10-01 15:13:58,496 [INFO] IPUIPlugin:80 - create IPUIPlugin
2024-10-01 15:13:58,496 [INFO] PluginManager:220 - loadIPPluginJar : add freertos
2024-10-01 15:13:58,497 [INFO] IPUIPlugin:80 - create IPUIPlugin
2024-10-01 15:13:58,497 [INFO] PluginManager:220 - loadIPPluginJar : add ts
2024-10-01 15:13:58,498 [INFO] IPUIPlugin:80 - create IPUIPlugin
2024-10-01 15:13:58,498 [INFO] PluginManager:220 - loadIPPluginJar : add aes
2024-10-01 15:13:58,502 [INFO] IPUIPlugin:80 - create IPUIPlugin
2024-10-01 15:13:58,502 [INFO] PluginManager:220 - loadIPPluginJar : add nvic
2024-10-01 15:13:58,504 [INFO] IPUIPlugin:80 - create IPUIPlugin
2024-10-01 15:13:58,504 [INFO] PluginManager:220 - loadIPPluginJar : add openamp
2024-10-01 15:13:58,506 [INFO] IPUIPlugin:80 - create IPUIPlugin
2024-10-01 15:13:58,506 [INFO] PluginManager:220 - loadIPPluginJar : add dfsdm
2024-10-01 15:13:58,508 [INFO] IPUIPlugin:80 - create IPUIPlugin
2024-10-01 15:13:58,508 [INFO] PluginManager:220 - loadIPPluginJar : add lorawan
2024-10-01 15:13:58,510 [INFO] IPUIPlugin:80 - create IPUIPlugin
2024-10-01 15:13:58,510 [INFO] PluginManager:220 - loadIPPluginJar : add genericplugin
2024-10-01 15:13:58,511 [INFO] IPUIPlugin:80 - create IPUIPlugin
2024-10-01 15:13:58,511 [INFO] PluginManager:220 - loadIPPluginJar : add hash
2024-10-01 15:13:58,512 [INFO] IPUIPlugin:80 - create IPUIPlugin
2024-10-01 15:13:58,512 [INFO] PluginManager:220 - loadIPPluginJar : add ltdc
2024-10-01 15:13:58,518 [INFO] IPUIPlugin:80 - create IPUIPlugin
2024-10-01 15:13:58,519 [INFO] PluginManager:220 - loadIPPluginJar : add plateformsettings
2024-10-01 15:13:58,521 [INFO] IPUIPlugin:80 - create IPUIPlugin
2024-10-01 15:13:58,521 [INFO] PluginManager:220 - loadIPPluginJar : add cryp
2024-10-01 15:13:58,523 [INFO] IPUIPlugin:80 - create IPUIPlugin
2024-10-01 15:13:58,523 [INFO] PluginManager:220 - loadIPPluginJar : add opamp
2024-10-01 15:13:58,627 [INFO] CADModel:165 - CPN selected for project level
2024-10-01 15:13:58,627 [INFO] CADModel:114 - Register for checkConnection events
2024-10-01 15:13:58,627 [FATAL] Updater:308 - Updater called before beeing initialized
2024-10-01 15:13:58,627 [ERROR] CADModel:125 - Updater not yet initialized, retry later 
2024-10-01 15:13:58,728 [INFO] CADModel:165 - CPN selected for project level
2024-10-01 15:13:58,729 [INFO] CADModel:114 - Register for checkConnection events
2024-10-01 15:13:58,729 [FATAL] Updater:308 - Updater called before beeing initialized
2024-10-01 15:13:58,729 [ERROR] CADModel:125 - Updater not yet initialized, retry later 
2024-10-01 15:13:58,731 [FATAL] Updater:308 - Updater called before beeing initialized
2024-10-01 15:13:58,806 [FATAL] Updater:308 - Updater called before beeing initialized
2024-10-01 15:13:58,809 [INFO] DbMcusAds:53 - JSON generation date=Fri Sep 20 20:04:23 WIB 2024 (1726837463113)
2024-10-01 15:13:58,809 [FATAL] Updater:308 - Updater called before beeing initialized
2024-10-01 15:13:58,851 [WARN] DetailPanel:346 - Failed to get advertising image, set to default
2024-10-01 15:13:58,930 [FATAL] Updater:308 - Updater called before beeing initialized
2024-10-01 15:13:58,932 [FATAL] Updater:308 - Updater called before beeing initialized
2024-10-01 15:13:58,932 [FATAL] Updater:308 - Updater called before beeing initialized
2024-10-01 15:13:58,933 [WARN] DetailPanel:346 - Failed to get advertising image, set to default
2024-10-01 15:13:58,933 [FATAL] Updater:308 - Updater called before beeing initialized
2024-10-01 15:13:58,962 [ERROR] Updater:1120 - MainUpdater not yet initialized. External WinMGr cannot be set.
2024-10-01 15:13:58,964 [INFO] Updater:1056 - Updater Version found : 6.11.1
2024-10-01 15:13:58,990 [INFO] ApplicationProperties:184 - Using Application install path: /opt/st/stm32cubeide_1.15.1/plugins/com.st.stm32cube.common.mx_6.11.1.202404110753
2024-10-01 15:14:00,881 [INFO] ThirdPartyUpdaterWithRetryManager:70 - Updater plugin not ready yet. [2/15]
2024-10-01 15:14:03,882 [FATAL] Updater:308 - Updater called before beeing initialized
2024-10-01 15:14:03,882 [ERROR] IntegrityCheckThread:130 - Cannot retrieve database content from updater: error 21
2024-10-01 15:14:03,882 [INFO] ThirdParty:978 - Integrity check success = false
2024-10-01 15:14:03,882 [INFO] IntegrityCheckThread:100 - exiting critical section [integrity check]
2024-10-01 15:14:03,882 [INFO] IntegrityCheckThread:103 - End integrity checks thread
2024-10-01 15:14:12,801 [ERROR] ConfigurationRetriever:142 - IOException on connection: PKIX path building failed: sun.security.provider.certpath.SunCertPathBuilderException: unable to find valid certification path to requested target
2024-10-01 15:14:12,801 [ERROR] ConfigurationRetriever:142 - IOException on connection: PKIX path building failed: sun.security.provider.certpath.SunCertPathBuilderException: unable to find valid certification path to requested target
2024-10-01 15:14:12,804 [INFO] MainUpdater:2873 - connection check result : 22
2024-10-01 15:14:12,804 [INFO] MainUpdater:290 - Updater Check For Update Now.
2024-10-01 15:14:12,805 [INFO] MicroXplorer:498 - Change Database Version : DB.6.0.111
2024-10-01 15:14:12,810 [INFO] McuFinderGlobals:63 - Set McuFinder mode to 2 (CubeIDE integrated)
2024-10-01 15:14:12,816 [INFO] UserAuth:415 - Internet connection configuration mode: 2
2024-10-01 15:14:12,986 [INFO] CheckServerUpdateThread:120 - End of CheckServer Thread
2024-10-01 15:14:13,069 [ERROR] ConfigurationRetriever:142 - IOException on connection: PKIX path building failed: sun.security.provider.certpath.SunCertPathBuilderException: unable to find valid certification path to requested target
2024-10-01 15:14:13,069 [ERROR] ConfigurationRetriever:142 - IOException on connection: PKIX path building failed: sun.security.provider.certpath.SunCertPathBuilderException: unable to find valid certification path to requested target
2024-10-01 15:14:13,388 [ERROR] ConfigurationRetriever:142 - IOException on connection: PKIX path building failed: sun.security.provider.certpath.SunCertPathBuilderException: unable to find valid certification path to requested target
2024-10-01 15:14:13,389 [ERROR] ConfigurationRetriever:142 - IOException on connection: PKIX path building failed: sun.security.provider.certpath.SunCertPathBuilderException: unable to find valid certification path to requested target
2024-10-01 15:19:03,305 [ERROR] ConfigurationRetriever:142 - IOException on connection: PKIX path building failed: sun.security.provider.certpath.SunCertPathBuilderException: unable to find valid certification path to requested target
2024-10-01 15:19:03,370 [ERROR] ConfigurationRetriever:142 - IOException on connection: PKIX path building failed: sun.security.provider.certpath.SunCertPathBuilderException: unable to find valid certification path to requested target
2024-10-01 15:19:03,396 [ERROR] ConfigurationRetriever:142 - IOException on connection: PKIX path building failed: sun.security.provider.certpath.SunCertPathBuilderException: unable to find valid certification path to requested target
2024-10-01 15:22:00,311 [ERROR] ConfigurationRetriever:142 - IOException on connection: sw-center.st.com
2024-10-01 15:22:00,314 [ERROR] ConfigurationRetriever:142 - IOException on connection: sw-center.st.com
2024-10-01 15:22:00,315 [ERROR] ConfigurationRetriever:142 - IOException on connection: sw-center.st.com
2024-10-01 15:22:00,370 [ERROR] ConfigurationRetriever:142 - IOException on connection: sw-center.st.com
2024-10-01 15:22:00,370 [ERROR] ConfigurationRetriever:142 - IOException on connection: sw-center.st.com
2024-10-01 15:22:00,370 [ERROR] ConfigurationRetriever:142 - IOException on connection: sw-center.st.com
2024-10-01 15:24:21,670 [ERROR] ConfigurationRetriever:142 - IOException on connection: sw-center.st.com
2024-10-01 15:24:21,672 [ERROR] ConfigurationRetriever:142 - IOException on connection: sw-center.st.com
2024-10-01 15:24:21,673 [ERROR] ConfigurationRetriever:142 - IOException on connection: sw-center.st.com
2024-10-01 15:24:21,750 [ERROR] ConfigurationRetriever:142 - IOException on connection: sw-center.st.com
2024-10-01 15:24:21,751 [ERROR] ConfigurationRetriever:142 - IOException on connection: sw-center.st.com
2024-10-01 15:24:21,751 [ERROR] ConfigurationRetriever:142 - IOException on connection: sw-center.st.com
2024-10-01 15:28:31,030 [ERROR] ConfigurationRetriever:142 - IOException on connection: PKIX path building failed: sun.security.provider.certpath.SunCertPathBuilderException: unable to find valid certification path to requested target
2024-10-01 15:28:31,093 [ERROR] ConfigurationRetriever:142 - IOException on connection: PKIX path building failed: sun.security.provider.certpath.SunCertPathBuilderException: unable to find valid certification path to requested target
2024-10-01 15:28:31,117 [ERROR] ConfigurationRetriever:142 - IOException on connection: PKIX path building failed: sun.security.provider.certpath.SunCertPathBuilderException: unable to find valid certification path to requested target
2024-10-01 15:54:40,645 [INFO] Activator:176 - 


2024-10-01 15:54:40,646 [INFO] Activator:177 - !SESSION log4j initialized
2024-10-01 15:54:50,715 [INFO] LogOutputStream:77 - [STDOUT_REDIRECT] 
2024-10-01 15:54:52,270 [INFO] ApplicationProperties:184 - Using Application install path: /opt/st/stm32cubeide_1.15.1/plugins/com.st.stm32cube.common.mx_6.11.1.202404110753
2024-10-01 15:54:52,298 [INFO] DbMcusXml:78 - Set database path to: /opt/st/stm32cubeide_1.15.1/plugins/com.st.stm32cube.common.mx_6.11.1.202404110753//db//mcu/
2024-10-01 15:54:52,298 [INFO] ApiDb:274 - Set plugin database path to: /opt/st/stm32cubeide_1.15.1/plugins/com.st.stm32cube.common.mx_6.11.1.202404110753//db//plugins/boardmanager/
2024-10-01 15:54:52,298 [WARN] ApiDb:259 - Overriding images path with different value:  => /opt/st/stm32cubeide_1.15.1/plugins/com.st.stm32cube.common.mx_6.11.1.202404110753//db//plugins/mcufinder/images/
2024-10-01 15:54:52,315 [INFO] ApiDb:250 - Set database path to: /home/wgg/.stmcufinder/plugins/mcufinder//mcu/
2024-10-01 15:54:52,318 [INFO] DbMcusAds:125 - Set database path to: /home/wgg/.stmcufinder/plugins/mcufinder//mcu/
2024-10-01 15:54:52,327 [INFO] CrossReferenceDbSqlite:203 - Set database path to: /home/wgg/.stmcufinder/plugins/mcufinder//mcu/cs/
2024-10-01 15:54:52,493 [INFO] RulesReader:64 - Compatibility file has been processed (297 Rules)
2024-10-01 15:54:52,559 [INFO] DbMcusXml:78 - Set database path to: /opt/st/stm32cubeide_1.15.1/plugins/com.st.stm32cube.common.mx_6.11.1.202404110753//db//mcu/
2024-10-01 15:54:52,559 [INFO] ApiDb:274 - Set plugin database path to: /opt/st/stm32cubeide_1.15.1/plugins/com.st.stm32cube.common.mx_6.11.1.202404110753//db//plugins/boardmanager/
2024-10-01 15:54:52,559 [INFO] ApiDb:261 - Set plugin images path to: /opt/st/stm32cubeide_1.15.1/plugins/com.st.stm32cube.common.mx_6.11.1.202404110753//db//plugins/mcufinder/images/
2024-10-01 15:54:52,560 [WARN] DbFile:41 - Overriding database path with different value: /home/wgg/.stmcufinder/plugins/mcufinder/ => /home/wgg/.stmcufinder/plugins/mcufinder
2024-10-01 15:54:52,560 [INFO] ApiDb:250 - Set database path to: /home/wgg/.stmcufinder/plugins/mcufinder//mcu/
2024-10-01 15:54:52,560 [WARN] DbFile:41 - Overriding database path with different value: /home/wgg/.stmcufinder/plugins/mcufinder/ => /home/wgg/.stmcufinder/plugins/mcufinder
2024-10-01 15:54:52,560 [INFO] DbMcusAds:125 - Set database path to: /home/wgg/.stmcufinder/plugins/mcufinder//mcu/
2024-10-01 15:54:52,560 [WARN] DbFile:41 - Overriding database path with different value: /home/wgg/.stmcufinder/plugins/mcufinder/ => /home/wgg/.stmcufinder/plugins/mcufinder
2024-10-01 15:54:52,560 [WARN] DbFile:41 - Overriding database path with different value: /home/wgg/.stmcufinder/plugins/mcufinder/ => /home/wgg/.stmcufinder/plugins/mcufinder
2024-10-01 15:54:52,560 [INFO] CrossReferenceDbSqlite:203 - Set database path to: /home/wgg/.stmcufinder/plugins/mcufinder//mcu/cs/
2024-10-01 15:54:52,630 [INFO] MainPanel:264 - HeapMemory: 268435456
2024-10-01 15:54:52,706 [INFO] DbMcusXml:78 - Set database path to: /opt/st/stm32cubeide_1.15.1/plugins/com.st.stm32cube.common.mx_6.11.1.202404110753//db//mcu/
2024-10-01 15:54:52,706 [INFO] ApiDb:274 - Set plugin database path to: /opt/st/stm32cubeide_1.15.1/plugins/com.st.stm32cube.common.mx_6.11.1.202404110753//db//plugins/boardmanager/
2024-10-01 15:54:52,706 [INFO] ApiDb:261 - Set plugin images path to: /opt/st/stm32cubeide_1.15.1/plugins/com.st.stm32cube.common.mx_6.11.1.202404110753//db//plugins/mcufinder/images/
2024-10-01 15:54:52,706 [WARN] DbFile:41 - Overriding database path with different value: /home/wgg/.stmcufinder/plugins/mcufinder/ => /home/wgg/.stmcufinder/plugins/mcufinder
2024-10-01 15:54:52,706 [INFO] ApiDb:250 - Set database path to: /home/wgg/.stmcufinder/plugins/mcufinder//mcu/
2024-10-01 15:54:52,707 [WARN] DbFile:41 - Overriding database path with different value: /home/wgg/.stmcufinder/plugins/mcufinder/ => /home/wgg/.stmcufinder/plugins/mcufinder
2024-10-01 15:54:52,707 [INFO] DbMcusAds:125 - Set database path to: /home/wgg/.stmcufinder/plugins/mcufinder//mcu/
2024-10-01 15:54:52,707 [WARN] DbFile:41 - Overriding database path with different value: /home/wgg/.stmcufinder/plugins/mcufinder/ => /home/wgg/.stmcufinder/plugins/mcufinder
2024-10-01 15:54:52,707 [WARN] DbFile:41 - Overriding database path with different value: /home/wgg/.stmcufinder/plugins/mcufinder/ => /home/wgg/.stmcufinder/plugins/mcufinder
2024-10-01 15:54:52,707 [INFO] CrossReferenceDbSqlite:203 - Set database path to: /home/wgg/.stmcufinder/plugins/mcufinder//mcu/cs/
2024-10-01 15:54:52,720 [INFO] ApplicationProperties:184 - Using Application install path: /opt/st/stm32cubeide_1.15.1/plugins/com.st.stm32cube.common.mx_6.11.1.202404110753
2024-10-01 15:54:52,721 [INFO] PluginManage:196 - Search for loadable plugins [exclusion list=, ]
2024-10-01 15:54:52,722 [INFO] PluginManage:310 - Check plugin analytics
2024-10-01 15:54:52,883 [INFO] AnalyticsPlugin:253 - Accepted Software Licenses: 
2024-10-01 15:54:52,883 [INFO] AnalyticsPlugin:255 - Accepted CMSIS Pack Licenses: 
2024-10-01 15:54:52,883 [INFO] AnalyticsPlugin:257 - Accepted Firmware Licenses: FW.F4.1.28.0
2024-10-01 15:54:52,885 [INFO] PluginManage:359 - Loaded plugin analytics (category:tool,tabindex:-1)
2024-10-01 15:54:52,886 [INFO] PluginManage:310 - Check plugin cadmodel
2024-10-01 15:54:52,926 [INFO] CADModel:105 - Init CAD model plugin
2024-10-01 15:54:52,926 [INFO] PluginManage:359 - Loaded plugin cadmodel (category:power,tabindex:5)
2024-10-01 15:54:52,926 [INFO] PluginManage:310 - Check plugin clock
2024-10-01 15:54:52,938 [INFO] PluginManage:359 - Loaded plugin clock (category:base,tabindex:2)
2024-10-01 15:54:52,938 [INFO] PluginManage:310 - Check plugin ddr
2024-10-01 15:54:52,940 [INFO] PluginManage:359 - Loaded plugin ddr (category:tool,tabindex:6)
2024-10-01 15:54:52,940 [INFO] PluginManage:310 - Check plugin filemanager
2024-10-01 15:54:53,119 [INFO] PluginManage:359 - Loaded plugin filemanager (category:base,tabindex:10)
2024-10-01 15:54:53,119 [INFO] PluginManage:310 - Check plugin ipmanager
2024-10-01 15:54:53,125 [INFO] PluginManage:359 - Loaded plugin ipmanager (category:base,tabindex:5)
2024-10-01 15:54:53,125 [INFO] PluginManage:310 - Check plugin lpbam
2024-10-01 15:54:53,135 [INFO] PluginManage:359 - Loaded plugin lpbam (category:base,tabindex:0)
2024-10-01 15:54:53,135 [INFO] PluginManage:310 - Check plugin memorymap
2024-10-01 15:54:53,149 [INFO] PluginManage:359 - Loaded plugin memorymap (category:base,tabindex:4)
2024-10-01 15:54:53,150 [INFO] PluginManage:310 - Check plugin pinoutandconfiguration
2024-10-01 15:54:53,161 [INFO] PluginManage:359 - Loaded plugin pinoutandconfiguration (category:base,tabindex:1)
2024-10-01 15:54:53,161 [INFO] PluginManage:310 - Check plugin pinoutconfig
2024-10-01 15:54:53,235 [WARN] SupportedApi:132 - Cannot load RTOS API schema: s4s-elt-must-match.1: The content of 'definitions' must match (annotation?, (simpleType | complexType)?, (unique | key | keyref)*)). A problem was found starting at: attribute.
2024-10-01 15:54:53,393 [INFO] PluginManage:359 - Loaded plugin pinoutconfig (category:base,tabindex:0)
2024-10-01 15:54:53,393 [INFO] PluginManage:310 - Check plugin power
2024-10-01 15:54:53,402 [INFO] PluginManage:359 - Loaded plugin power (category:power,tabindex:4)
2024-10-01 15:54:53,403 [INFO] PluginManage:310 - Check plugin projectmanager
2024-10-01 15:54:53,416 [INFO] PluginManage:359 - Loaded plugin projectmanager (category:projectmanager,tabindex:3)
2024-10-01 15:54:53,417 [INFO] PluginManage:310 - Check plugin thirdparty
2024-10-01 15:54:53,552 [INFO] PluginManage:359 - Loaded plugin thirdparty (category:base,tabindex:-1)
2024-10-01 15:54:53,552 [WARN] IntegrityCheckThread:84 - waiting for thirdparty lock release [integrity check]
2024-10-01 15:54:53,553 [INFO] PluginManage:310 - Check plugin tools
2024-10-01 15:54:53,553 [INFO] IntegrityCheckThread:86 - entering critical section [integrity check]
2024-10-01 15:54:53,553 [INFO] ThirdPartyUpdaterWithRetryManager:70 - Updater plugin not ready yet. [1/15]
2024-10-01 15:54:53,554 [INFO] PluginManage:359 - Loaded plugin tools (category:base,tabindex:7)
2024-10-01 15:54:53,555 [INFO] PluginManage:310 - Check plugin tutovideos
2024-10-01 15:54:53,779 [INFO] PluginManage:359 - Loaded plugin tutovideos (category:base,tabindex:-1)
2024-10-01 15:54:53,779 [INFO] PluginManage:310 - Check plugin updater
2024-10-01 15:54:53,792 [INFO] PluginManage:359 - Loaded plugin updater (category:base,tabindex:12)
2024-10-01 15:54:53,792 [INFO] PluginManage:310 - Check plugin userauth
2024-10-01 15:54:53,799 [INFO] UserAuth:114 - Init User Auth plugin
2024-10-01 15:54:53,799 [INFO] PluginManage:359 - Loaded plugin userauth (category:base,tabindex:14)
2024-10-01 15:54:53,799 [INFO] PluginManage:283 - PluginManage : Loaded plugins [17]
2024-10-01 15:54:53,991 [INFO] PinOutPanel:1561 - setPackage(No Configuration,No Configuration)
2024-10-01 15:54:54,043 [INFO] CADModel:165 - CPN selected for project level
2024-10-01 15:54:54,043 [INFO] CADModel:114 - Register for checkConnection events
2024-10-01 15:54:54,055 [INFO] IPUIPlugin:80 - create IPUIPlugin
2024-10-01 15:54:54,055 [INFO] PluginManager:220 - loadIPPluginJar : add dma
2024-10-01 15:54:54,063 [INFO] IPUIPlugin:80 - create IPUIPlugin
2024-10-01 15:54:54,063 [INFO] PluginManager:220 - loadIPPluginJar : add linkedlist
2024-10-01 15:54:54,068 [INFO] IPUIPlugin:80 - create IPUIPlugin
2024-10-01 15:54:54,068 [INFO] PluginManager:220 - loadIPPluginJar : add tracer_emb
2024-10-01 15:54:54,073 [INFO] IPUIPlugin:80 - create IPUIPlugin
2024-10-01 15:54:54,073 [INFO] PluginManager:220 - loadIPPluginJar : add ipddr
2024-10-01 15:54:54,076 [INFO] IPUIPlugin:80 - create IPUIPlugin
2024-10-01 15:54:54,076 [INFO] PluginManager:220 - loadIPPluginJar : add i2c
2024-10-01 15:54:54,084 [INFO] IPUIPlugin:80 - create IPUIPlugin
2024-10-01 15:54:54,084 [INFO] PluginManager:220 - loadIPPluginJar : add mdma
2024-10-01 15:54:54,090 [INFO] IPUIPlugin:80 - create IPUIPlugin
2024-10-01 15:54:54,090 [INFO] PluginManager:220 - loadIPPluginJar : add usart
2024-10-01 15:54:54,095 [INFO] IPUIPlugin:80 - create IPUIPlugin
2024-10-01 15:54:54,095 [INFO] PluginManager:220 - loadIPPluginJar : add gfxmmu
2024-10-01 15:54:54,098 [INFO] IPUIPlugin:80 - create IPUIPlugin
2024-10-01 15:54:54,098 [INFO] PluginManager:220 - loadIPPluginJar : add usbx
2024-10-01 15:54:54,099 [INFO] IPUIPlugin:80 - create IPUIPlugin
2024-10-01 15:54:54,099 [INFO] PluginManager:220 - loadIPPluginJar : add tsc
2024-10-01 15:54:54,101 [INFO] IPUIPlugin:80 - create IPUIPlugin
2024-10-01 15:54:54,101 [INFO] PluginManager:220 - loadIPPluginJar : add dma3
2024-10-01 15:54:54,107 [INFO] IPUIPlugin:80 - create IPUIPlugin
2024-10-01 15:54:54,107 [INFO] PluginManager:220 - loadIPPluginJar : add fmc
2024-10-01 15:54:54,110 [INFO] IPUIPlugin:80 - create IPUIPlugin
2024-10-01 15:54:54,110 [INFO] PluginManager:220 - loadIPPluginJar : add extmemmanager
2024-10-01 15:54:54,112 [INFO] IPUIPlugin:80 - create IPUIPlugin
2024-10-01 15:54:54,112 [INFO] PluginManager:220 - loadIPPluginJar : add comp
2024-10-01 15:54:54,115 [INFO] IPUIPlugin:80 - create IPUIPlugin
2024-10-01 15:54:54,115 [INFO] PluginManager:220 - loadIPPluginJar : add i3c
2024-10-01 15:54:54,117 [INFO] IPUIPlugin:80 - create IPUIPlugin
2024-10-01 15:54:54,117 [INFO] PluginManager:220 - loadIPPluginJar : add gtzc
2024-10-01 15:54:54,120 [INFO] IPUIPlugin:80 - create IPUIPlugin
2024-10-01 15:54:54,121 [INFO] PluginManager:220 - loadIPPluginJar : add touchsensing
2024-10-01 15:54:54,122 [INFO] IPUIPlugin:80 - create IPUIPlugin
2024-10-01 15:54:54,122 [INFO] PluginManager:220 - loadIPPluginJar : add ucpd
2024-10-01 15:54:54,123 [INFO] IPUIPlugin:80 - create IPUIPlugin
2024-10-01 15:54:54,123 [INFO] PluginManager:220 - loadIPPluginJar : add fatfs
2024-10-01 15:54:54,128 [INFO] IPUIPlugin:80 - create IPUIPlugin
2024-10-01 15:54:54,128 [INFO] PluginManager:220 - loadIPPluginJar : add stm32_wpan
2024-10-01 15:54:54,135 [INFO] IPUIPlugin:80 - create IPUIPlugin
2024-10-01 15:54:54,135 [INFO] PluginManager:220 - loadIPPluginJar : add gpio
2024-10-01 15:54:54,137 [INFO] IPUIPlugin:80 - create IPUIPlugin
2024-10-01 15:54:54,137 [INFO] PluginManager:220 - loadIPPluginJar : add i2s
2024-10-01 15:54:54,139 [INFO] IPUIPlugin:80 - create IPUIPlugin
2024-10-01 15:54:54,139 [INFO] PluginManager:220 - loadIPPluginJar : add tim
2024-10-01 15:54:54,147 [INFO] IPUIPlugin:80 - create IPUIPlugin
2024-10-01 15:54:54,147 [INFO] PluginManager:220 - loadIPPluginJar : add adc
2024-10-01 15:54:54,149 [INFO] IPUIPlugin:80 - create IPUIPlugin
2024-10-01 15:54:54,150 [INFO] PluginManager:220 - loadIPPluginJar : add pdm2pcm
2024-10-01 15:54:54,156 [INFO] IPUIPlugin:80 - create IPUIPlugin
2024-10-01 15:54:54,156 [INFO] PluginManager:220 - loadIPPluginJar : add gic
2024-10-01 15:54:54,159 [INFO] IPUIPlugin:80 - create IPUIPlugin
2024-10-01 15:54:54,159 [INFO] PluginManager:220 - loadIPPluginJar : add sai
2024-10-01 15:54:54,162 [INFO] IPUIPlugin:80 - create IPUIPlugin
2024-10-01 15:54:54,162 [INFO] PluginManager:220 - loadIPPluginJar : add spi
2024-10-01 15:54:54,164 [INFO] IPUIPlugin:80 - create IPUIPlugin
2024-10-01 15:54:54,164 [INFO] PluginManager:220 - loadIPPluginJar : add can
2024-10-01 15:54:54,167 [INFO] IPUIPlugin:80 - create IPUIPlugin
2024-10-01 15:54:54,167 [INFO] PluginManager:220 - loadIPPluginJar : add resmgrutility
2024-10-01 15:54:54,168 [INFO] IPUIPlugin:80 - create IPUIPlugin
2024-10-01 15:54:54,168 [INFO] PluginManager:220 - loadIPPluginJar : add quadspi
2024-10-01 15:54:54,173 [INFO] IPUIPlugin:80 - create IPUIPlugin
2024-10-01 15:54:54,173 [INFO] PluginManager:220 - loadIPPluginJar : add freertos
2024-10-01 15:54:54,174 [INFO] IPUIPlugin:80 - create IPUIPlugin
2024-10-01 15:54:54,175 [INFO] PluginManager:220 - loadIPPluginJar : add ts
2024-10-01 15:54:54,176 [INFO] IPUIPlugin:80 - create IPUIPlugin
2024-10-01 15:54:54,176 [INFO] PluginManager:220 - loadIPPluginJar : add aes
2024-10-01 15:54:54,180 [INFO] IPUIPlugin:80 - create IPUIPlugin
2024-10-01 15:54:54,180 [INFO] PluginManager:220 - loadIPPluginJar : add nvic
2024-10-01 15:54:54,182 [INFO] IPUIPlugin:80 - create IPUIPlugin
2024-10-01 15:54:54,182 [INFO] PluginManager:220 - loadIPPluginJar : add openamp
2024-10-01 15:54:54,184 [INFO] IPUIPlugin:80 - create IPUIPlugin
2024-10-01 15:54:54,184 [INFO] PluginManager:220 - loadIPPluginJar : add dfsdm
2024-10-01 15:54:54,186 [INFO] IPUIPlugin:80 - create IPUIPlugin
2024-10-01 15:54:54,186 [INFO] PluginManager:220 - loadIPPluginJar : add lorawan
2024-10-01 15:54:54,187 [INFO] IPUIPlugin:80 - create IPUIPlugin
2024-10-01 15:54:54,187 [INFO] PluginManager:220 - loadIPPluginJar : add genericplugin
2024-10-01 15:54:54,189 [INFO] IPUIPlugin:80 - create IPUIPlugin
2024-10-01 15:54:54,189 [INFO] PluginManager:220 - loadIPPluginJar : add hash
2024-10-01 15:54:54,190 [INFO] IPUIPlugin:80 - create IPUIPlugin
2024-10-01 15:54:54,190 [INFO] PluginManager:220 - loadIPPluginJar : add ltdc
2024-10-01 15:54:54,196 [INFO] IPUIPlugin:80 - create IPUIPlugin
2024-10-01 15:54:54,198 [INFO] PluginManager:220 - loadIPPluginJar : add plateformsettings
2024-10-01 15:54:54,199 [INFO] IPUIPlugin:80 - create IPUIPlugin
2024-10-01 15:54:54,199 [INFO] PluginManager:220 - loadIPPluginJar : add cryp
2024-10-01 15:54:54,201 [INFO] IPUIPlugin:80 - create IPUIPlugin
2024-10-01 15:54:54,201 [INFO] PluginManager:220 - loadIPPluginJar : add opamp
2024-10-01 15:54:54,304 [INFO] CADModel:165 - CPN selected for project level
2024-10-01 15:54:54,304 [INFO] CADModel:114 - Register for checkConnection events
2024-10-01 15:54:54,305 [FATAL] Updater:308 - Updater called before beeing initialized
2024-10-01 15:54:54,305 [ERROR] CADModel:125 - Updater not yet initialized, retry later 
2024-10-01 15:54:54,411 [INFO] CADModel:165 - CPN selected for project level
2024-10-01 15:54:54,411 [INFO] CADModel:114 - Register for checkConnection events
2024-10-01 15:54:54,411 [FATAL] Updater:308 - Updater called before beeing initialized
2024-10-01 15:54:54,411 [ERROR] CADModel:125 - Updater not yet initialized, retry later 
2024-10-01 15:54:54,414 [FATAL] Updater:308 - Updater called before beeing initialized
2024-10-01 15:54:54,488 [FATAL] Updater:308 - Updater called before beeing initialized
2024-10-01 15:54:54,491 [INFO] DbMcusAds:53 - JSON generation date=Fri Sep 20 20:04:23 WIB 2024 (1726837463113)
2024-10-01 15:54:54,491 [FATAL] Updater:308 - Updater called before beeing initialized
2024-10-01 15:54:54,533 [WARN] DetailPanel:346 - Failed to get advertising image, set to default
2024-10-01 15:54:54,611 [FATAL] Updater:308 - Updater called before beeing initialized
2024-10-01 15:54:54,613 [FATAL] Updater:308 - Updater called before beeing initialized
2024-10-01 15:54:54,613 [FATAL] Updater:308 - Updater called before beeing initialized
2024-10-01 15:54:54,613 [WARN] DetailPanel:346 - Failed to get advertising image, set to default
2024-10-01 15:54:54,614 [FATAL] Updater:308 - Updater called before beeing initialized
2024-10-01 15:54:54,647 [ERROR] Updater:1120 - MainUpdater not yet initialized. External WinMGr cannot be set.
2024-10-01 15:54:54,649 [INFO] Updater:1056 - Updater Version found : 6.11.1
2024-10-01 15:54:54,679 [INFO] ApplicationProperties:184 - Using Application install path: /opt/st/stm32cubeide_1.15.1/plugins/com.st.stm32cube.common.mx_6.11.1.202404110753
2024-10-01 15:54:55,435 [INFO] MainUpdater:2873 - connection check result : 10
2024-10-01 15:54:55,437 [INFO] MainUpdater:290 - Updater Check For Update Now.
2024-10-01 15:54:55,437 [INFO] MicroXplorer:498 - Change Database Version : DB.6.0.111
2024-10-01 15:54:55,482 [INFO] McuFinderGlobals:63 - Set McuFinder mode to 2 (CubeIDE integrated)
2024-10-01 15:54:55,489 [INFO] UserAuth:415 - Internet connection configuration mode: 1
2024-10-01 15:54:55,510 [INFO] JxBrowserEngine:152 - Initiate JxBrowser Engine with user profile folder
2024-10-01 15:54:55,647 [INFO] CheckServerUpdateThread:120 - End of CheckServer Thread
2024-10-01 15:54:56,706 [WARN] PackLoader:240 - Cannot read IP mode file for STMicroelectronics.X-CUBE-SMBUS.2.1.0
2024-10-01 15:54:56,735 [WARN] PackLoader:240 - Cannot read IP mode file for STMicroelectronics.X-CUBE-AZRTOS-F7.1.1.0
2024-10-01 15:54:56,809 [WARN] PackLoader:240 - Cannot read IP mode file for STMicroelectronics.X-CUBE-MEMS1.11.0.0
2024-10-01 15:54:56,975 [WARN] PackLoader:240 - Cannot read IP mode file for STMicroelectronics.FP-SNS-FLIGHT1.5.0.2
2024-10-01 15:54:56,981 [WARN] PackLoader:240 - Cannot read IP mode file for STMicroelectronics.X-CUBE-DISPLAY.3.0.0
2024-10-01 15:54:56,991 [WARN] PackLoader:240 - Cannot read IP mode file for STMicroelectronics.X-CUBE-BLE1.7.0.0
2024-10-01 15:54:56,996 [WARN] PackLoader:240 - Cannot read IP mode file for STMicroelectronics.X-CUBE-NFC10.1.0.0
2024-10-01 15:54:57,002 [WARN] PackLoader:240 - Cannot read IP mode file for emotas.I-CUBE-CANOPEN.1.3.0
2024-10-01 15:54:57,013 [WARN] PackLoader:240 - Cannot read IP mode file for STMicroelectronics.X-CUBE-BLEMGR.3.1.0
2024-10-01 15:54:57,020 [WARN] PackLoader:240 - Cannot read IP mode file for STMicroelectronics.FP-SNS-SMARTAG2.1.2.0
2024-10-01 15:54:57,029 [INFO] LogOutputStream:77 - [STDOUT_REDIRECT] 1 : Invalid condition id : UX_CORESTACK_Condition cause : null
2024-10-01 15:54:57,029 [INFO] LogOutputStream:77 - [STDOUT_REDIRECT] 1 : Invalid condition id : UX_CORESTACK_Condition cause : null
2024-10-01 15:54:57,030 [INFO] LogOutputStream:77 - [STDOUT_REDIRECT] 1 : Invalid condition id : UX_CORESTACK_Condition cause : null
2024-10-01 15:54:57,030 [INFO] LogOutputStream:77 - [STDOUT_REDIRECT] 1 : Invalid condition id : UX_CORESTACK_Condition cause : null
2024-10-01 15:54:57,030 [INFO] LogOutputStream:77 - [STDOUT_REDIRECT] 1 : Invalid condition id : UX_CORESTACK_Condition cause : null
2024-10-01 15:54:57,033 [WARN] PackLoader:240 - Cannot read IP mode file for STMicroelectronics.X-CUBE-AZRTOS-WL.2.0.0
2024-10-01 15:54:57,040 [WARN] PackLoader:240 - Cannot read IP mode file for WES.I-CUBE-Cesium.1.3.0
2024-10-01 15:54:57,045 [WARN] PackLoader:240 - Cannot read IP mode file for STMicroelectronics.X-CUBE-BLE2.3.3.0
2024-10-01 15:54:57,050 [WARN] PackLoader:240 - Cannot read IP mode file for STMicroelectronics.X-CUBE-NFC9.1.0.0
2024-10-01 15:54:57,085 [WARN] PackLoader:240 - Cannot read IP mode file for STMicroelectronics.X-CUBE-AZRTOS-G0.1.1.0
2024-10-01 15:54:57,097 [WARN] PackLoader:240 - Cannot read IP mode file for STMicroelectronics.X-CUBE-NFC4.3.0.0
2024-10-01 15:54:57,112 [WARN] PackLoader:240 - Cannot read IP mode file for EmbeddedOffice.I-CUBE-FS-RTOS.1.0.1
2024-10-01 15:54:57,112 [ERROR] ConditionMgr:805 - Attr not supported : Dmpu
2024-10-01 15:54:57,112 [ERROR] ConditionMgr:805 - Attr not supported : Dmpu
2024-10-01 15:54:57,113 [ERROR] ConditionMgr:805 - Attr not supported : Dmpu
2024-10-01 15:54:57,113 [ERROR] ConditionMgr:805 - Attr not supported : Dmpu
2024-10-01 15:54:57,113 [ERROR] ConditionMgr:805 - Attr not supported : Dmpu
2024-10-01 15:54:57,113 [ERROR] ConditionMgr:805 - Attr not supported : Dmpu
2024-10-01 15:54:57,113 [ERROR] ConditionMgr:805 - Attr not supported : Dmpu
2024-10-01 15:54:57,113 [ERROR] ConditionMgr:805 - Attr not supported : Dmpu
2024-10-01 15:54:57,113 [ERROR] ConditionMgr:805 - Attr not supported : Dmpu
2024-10-01 15:54:57,113 [ERROR] ConditionMgr:805 - Attr not supported : Dmpu
2024-10-01 15:54:57,113 [ERROR] ConditionMgr:805 - Attr not supported : Dmpu
2024-10-01 15:54:57,114 [ERROR] ConditionMgr:805 - Attr not supported : Dmpu
2024-10-01 15:54:57,114 [ERROR] ConditionMgr:805 - Attr not supported : Dmpu
2024-10-01 15:54:57,114 [ERROR] ConditionMgr:805 - Attr not supported : Dmpu
2024-10-01 15:54:57,114 [ERROR] ConditionMgr:805 - Attr not supported : Dmpu
2024-10-01 15:54:57,114 [ERROR] ConditionMgr:805 - Attr not supported : Dmpu
2024-10-01 15:54:57,114 [ERROR] ConditionMgr:805 - Attr not supported : Dmpu
2024-10-01 15:54:57,114 [ERROR] ConditionMgr:805 - Attr not supported : Dmpu
2024-10-01 15:54:57,114 [ERROR] ConditionMgr:805 - Attr not supported : Dmpu
2024-10-01 15:54:57,114 [ERROR] ConditionMgr:805 - Attr not supported : Dmpu
2024-10-01 15:54:57,114 [ERROR] ConditionMgr:805 - Attr not supported : Dmpu
2024-10-01 15:54:57,115 [ERROR] ConditionMgr:805 - Attr not supported : Dmpu
2024-10-01 15:54:57,115 [ERROR] ConditionMgr:805 - Attr not supported : Dmpu
2024-10-01 15:54:57,115 [ERROR] ConditionMgr:805 - Attr not supported : Dmpu
2024-10-01 15:54:57,115 [ERROR] ConditionMgr:805 - Attr not supported : Dmpu
2024-10-01 15:54:57,115 [ERROR] ConditionMgr:805 - Attr not supported : Dmpu
2024-10-01 15:54:57,115 [ERROR] ConditionMgr:805 - Attr not supported : Dmpu
2024-10-01 15:54:57,115 [ERROR] ConditionMgr:805 - Attr not supported : Dmpu
2024-10-01 15:54:57,115 [ERROR] ConditionMgr:805 - Attr not supported : Dmpu
2024-10-01 15:54:57,115 [ERROR] ConditionMgr:805 - Attr not supported : Dmpu
2024-10-01 15:54:57,116 [ERROR] ConditionMgr:805 - Attr not supported : Dmpu
2024-10-01 15:54:57,116 [ERROR] ConditionMgr:805 - Attr not supported : Dmpu
2024-10-01 15:54:57,116 [ERROR] ConditionMgr:805 - Attr not supported : Dmpu
2024-10-01 15:54:57,116 [ERROR] ConditionMgr:805 - Attr not supported : Dmpu
2024-10-01 15:54:57,116 [ERROR] ConditionMgr:805 - Attr not supported : Dmpu
2024-10-01 15:54:57,116 [ERROR] ConditionMgr:805 - Attr not supported : Dmpu
2024-10-01 15:54:57,116 [ERROR] ConditionMgr:805 - Attr not supported : Dmpu
2024-10-01 15:54:57,116 [ERROR] ConditionMgr:805 - Attr not supported : Dmpu
2024-10-01 15:54:57,117 [ERROR] ConditionMgr:805 - Attr not supported : Dmpu
2024-10-01 15:54:57,117 [ERROR] ConditionMgr:805 - Attr not supported : Dmpu
2024-10-01 15:54:57,117 [ERROR] ConditionMgr:805 - Attr not supported : Dmpu
2024-10-01 15:54:57,117 [ERROR] ConditionMgr:805 - Attr not supported : Dmpu
2024-10-01 15:54:57,117 [ERROR] ConditionMgr:805 - Attr not supported : Dmpu
2024-10-01 15:54:57,117 [ERROR] ConditionMgr:805 - Attr not supported : Dmpu
2024-10-01 15:54:57,117 [ERROR] ConditionMgr:805 - Attr not supported : Dmpu
2024-10-01 15:54:57,118 [ERROR] ConditionMgr:805 - Attr not supported : Dmpu
2024-10-01 15:54:57,118 [ERROR] ConditionMgr:805 - Attr not supported : Dmpu
2024-10-01 15:54:57,118 [ERROR] ConditionMgr:805 - Attr not supported : Dmpu
2024-10-01 15:54:57,118 [ERROR] ConditionMgr:805 - Attr not supported : Dmpu
2024-10-01 15:54:57,118 [ERROR] ConditionMgr:805 - Attr not supported : Dmpu
2024-10-01 15:54:57,118 [ERROR] ConditionMgr:805 - Attr not supported : Dmpu
2024-10-01 15:54:57,118 [ERROR] ConditionMgr:805 - Attr not supported : Dmpu
2024-10-01 15:54:57,118 [ERROR] ConditionMgr:805 - Attr not supported : Dmpu
2024-10-01 15:54:57,119 [ERROR] ConditionMgr:805 - Attr not supported : Dmpu
2024-10-01 15:54:57,119 [ERROR] ConditionMgr:805 - Attr not supported : Dmpu
2024-10-01 15:54:57,119 [ERROR] ConditionMgr:805 - Attr not supported : Dmpu
2024-10-01 15:54:57,119 [ERROR] ConditionMgr:805 - Attr not supported : Dmpu
2024-10-01 15:54:57,119 [ERROR] ConditionMgr:805 - Attr not supported : Dmpu
2024-10-01 15:54:57,119 [ERROR] ConditionMgr:805 - Attr not supported : Dmpu
2024-10-01 15:54:57,119 [ERROR] ConditionMgr:805 - Attr not supported : Dmpu
2024-10-01 15:54:57,119 [ERROR] ConditionMgr:805 - Attr not supported : Dmpu
2024-10-01 15:54:57,119 [ERROR] ConditionMgr:805 - Attr not supported : Dmpu
2024-10-01 15:54:57,120 [ERROR] ConditionMgr:805 - Attr not supported : Dmpu
2024-10-01 15:54:57,120 [ERROR] ConditionMgr:805 - Attr not supported : Dmpu
2024-10-01 15:54:57,124 [WARN] PackLoader:240 - Cannot read IP mode file for STMicroelectronics.FP-ATR-SIGFOX1.3.2.0
2024-10-01 15:54:57,133 [WARN] PackLoader:240 - Cannot read IP mode file for STMicroelectronics.X-CUBE-EEPRMA1.5.1.0
2024-10-01 15:54:57,152 [WARN] PackLoader:240 - Cannot read IP mode file for ITTIA_DB.I-CUBE-ITTIADB.8.9.0
2024-10-01 15:54:57,200 [WARN] PackLoader:240 - Cannot read IP mode file for SEGGER.I-CUBE-embOS.1.3.1
2024-10-01 15:54:57,255 [WARN] PackLoader:240 - Cannot read IP mode file for STMicroelectronics.X-CUBE-GNSS1.6.0.0
2024-10-01 15:54:57,270 [WARN] PackLoader:240 - Cannot read IP mode file for STMicroelectronics.X-CUBE-AZRTOS-F4.1.1.0
2024-10-01 15:54:57,274 [WARN] PackLoader:240 - Cannot read IP mode file for STMicroelectronics.X-CUBE-ISPU.2.1.0
2024-10-01 15:54:57,290 [WARN] PackLoader:240 - Cannot read IP mode file for STMicroelectronics.X-CUBE-AZRTOS-L5.2.0.0
2024-10-01 15:54:57,296 [WARN] PackLoader:240 - Cannot read IP mode file for STMicroelectronics.X-CUBE-NFC7.1.0.1
2024-10-01 15:54:57,313 [WARN] ConditionMgr:438 - getConditionDescription Invalid condition id : LAN8742 Phy interface Condition cause : null
2024-10-01 15:54:57,314 [WARN] PackLoader:240 - Cannot read IP mode file for STMicroelectronics.X-CUBE-AZRTOS-L4.2.0.0
2024-10-01 15:54:57,315 [WARN] ConditionMgr:1039 - genDependencies : Invalid condition id : LAN8742 Phy interface Condition cause : null
2024-10-01 15:54:57,315 [WARN] ConditionMgr:1039 - genDependencies : Invalid condition id : LAN8742 Phy interface Condition cause : null
2024-10-01 15:54:57,316 [WARN] ConditionMgr:1039 - genDependencies : Invalid condition id : LAN8742 Phy interface Condition cause : null
2024-10-01 15:54:57,321 [WARN] PackLoader:240 - Cannot read IP mode file for STMicroelectronics.X-CUBE-SFXS2LP1.4.0.0
2024-10-01 15:54:57,345 [WARN] PackLoader:240 - Cannot read IP mode file for STMicroelectronics.X-CUBE-AZRTOS-H7.3.3.0
2024-10-01 15:54:57,357 [WARN] ConditionMgr:438 - getConditionDescription Invalid condition id : UX DEVICE CLASS RTOS Condition cause : null
2024-10-01 15:54:57,357 [WARN] ConditionMgr:438 - getConditionDescription Invalid condition id : UX DEVICE CLASS RTOS Condition cause : null
2024-10-01 15:54:57,359 [WARN] PackLoader:240 - Cannot read IP mode file for STMicroelectronics.X-CUBE-AZRTOS-WB.2.0.0
2024-10-01 15:54:57,360 [WARN] ConditionMgr:1039 - genDependencies : Invalid condition id : UX DEVICE CLASS RTOS Condition cause : null
2024-10-01 15:54:57,360 [WARN] ConditionMgr:1039 - genDependencies : Invalid condition id : UX DEVICE CLASS RTOS Condition cause : null
2024-10-01 15:54:57,360 [WARN] ConditionMgr:1039 - genDependencies : Invalid condition id : UX DEVICE CLASS RTOS Condition cause : null
2024-10-01 15:54:57,360 [WARN] ConditionMgr:1039 - genDependencies : Invalid condition id : UX DEVICE CLASS RTOS Condition cause : null
2024-10-01 15:54:57,361 [WARN] ConditionMgr:1039 - genDependencies : Invalid condition id : UX DEVICE CLASS RTOS Condition cause : null
2024-10-01 15:54:57,364 [WARN] PackLoader:240 - Cannot read IP mode file for STMicroelectronics.X-CUBE-GNSS1.7.0.0
2024-10-01 15:54:57,369 [WARN] PackLoader:240 - Cannot read IP mode file for STMicroelectronics.FP-SNS-STBOX1.2.0.0
2024-10-01 15:54:57,379 [WARN] PackLoader:240 - Cannot read IP mode file for STMicroelectronics.X-CUBE-SUBG2.5.0.0
2024-10-01 15:54:57,385 [WARN] PackLoader:240 - Cannot read IP mode file for Cesanta.I-CUBE-Mongoose.7.13.0
2024-10-01 15:54:57,397 [WARN] PackLoader:240 - Cannot read IP mode file for STMicroelectronics.X-CUBE-AZRTOS-G4.2.0.0
2024-10-01 15:54:57,401 [WARN] PackLoader:240 - Cannot read IP mode file for STMicroelectronics.X-CUBE-ISPU.2.0.0
2024-10-01 15:54:57,434 [WARN] PackLoader:240 - Cannot read IP mode file for STMicroelectronics.X-CUBE-MEMS1.10.0.0
2024-10-01 15:54:57,553 [WARN] PackLoader:240 - Cannot read IP mode file for STMicroelectronics.X-CUBE-TOUCHGFX.4.24.0
2024-10-01 15:54:57,556 [WARN] PackLoader:240 - Cannot read IP mode file for STMicroelectronics.X-CUBE-TOUCHGFX.4.24.1
2024-10-01 15:54:57,560 [WARN] PackLoader:240 - Cannot read IP mode file for portGmbH.I-Cube-SoM-uGOAL.1.1.0
2024-10-01 15:54:57,564 [WARN] PackLoader:240 - Cannot read IP mode file for STMicroelectronics.FP-ATR-ASTRA1.2.0.0
2024-10-01 15:54:57,574 [WARN] PackLoader:240 - Cannot read IP mode file for STMicroelectronics.X-CUBE-TOF1.3.4.2
2024-10-01 15:54:57,620 [WARN] PackLoader:240 - Cannot read IP mode file for STMicroelectronics.X-CUBE-TOF1.3.4.1
2024-10-01 15:54:57,668 [WARN] PackLoader:240 - Cannot read IP mode file for STMicroelectronics.X-CUBE-AZRTOS-H7.3.2.0
2024-10-01 15:54:57,684 [WARN] PackLoader:240 - Cannot read IP mode file for Infineon.AIROC-Wi-Fi-Bluetooth-STM32.1.6.0
2024-10-01 15:54:57,692 [WARN] PackLoader:240 - Cannot read IP mode file for wolfSSL.I-CUBE-wolfSSH.1.4.17
2024-10-01 15:54:57,693 [INFO] ThirdParty:978 - Integrity check success = true
2024-10-01 15:54:57,693 [INFO] IntegrityCheckThread:100 - exiting critical section [integrity check]
2024-10-01 15:54:57,693 [INFO] IntegrityCheckThread:103 - End integrity checks thread
2024-10-01 15:55:00,805 [INFO] WebApp:161 - Instantiating new browser for Auth
2024-10-01 15:55:03,223 [INFO] WebApp:779 - Register for checkConnection events
2024-10-01 15:55:03,223 [INFO] WebApp:414 - Apply proxy settings
2024-10-01 15:55:03,223 [INFO] WebApp:499 - Chromium requires no authentication
2024-10-01 15:55:03,231 [INFO] WebApp:442 - Direct internet connection detected
2024-10-01 15:55:03,391 [INFO] WebApp:192 - Starting web application
2024-10-01 15:55:03,391 [INFO] WebApp:544 - Web application path used /opt/st/stm32cubeide_1.15.1/plugins/com.st.stm32cube.common.mx_6.11.1.202404110753/db/plugins/mcufinder/reactClient1/index.html
2024-10-01 15:56:43,919 [ERROR] ConfigurationRetriever:142 - IOException on connection: Connect timed out
2024-10-01 17:37:52,463 [INFO] Activator:176 - 


2024-10-01 17:37:52,465 [INFO] Activator:177 - !SESSION log4j initialized
2024-10-01 17:37:56,377 [INFO] LogOutputStream:77 - [STDOUT_REDIRECT] 
2024-10-01 17:37:57,049 [INFO] ApplicationProperties:184 - Using Application install path: /opt/st/stm32cubeide_1.15.1/plugins/com.st.stm32cube.common.mx_6.11.1.202404110753
2024-10-01 17:37:57,063 [INFO] DbMcusXml:78 - Set database path to: /opt/st/stm32cubeide_1.15.1/plugins/com.st.stm32cube.common.mx_6.11.1.202404110753//db//mcu/
2024-10-01 17:37:57,063 [INFO] ApiDb:274 - Set plugin database path to: /opt/st/stm32cubeide_1.15.1/plugins/com.st.stm32cube.common.mx_6.11.1.202404110753//db//plugins/boardmanager/
2024-10-01 17:37:57,063 [WARN] ApiDb:259 - Overriding images path with different value:  => /opt/st/stm32cubeide_1.15.1/plugins/com.st.stm32cube.common.mx_6.11.1.202404110753//db//plugins/mcufinder/images/
2024-10-01 17:37:57,069 [INFO] ApiDb:250 - Set database path to: /home/wgg/.stmcufinder/plugins/mcufinder//mcu/
2024-10-01 17:37:57,070 [INFO] DbMcusAds:125 - Set database path to: /home/wgg/.stmcufinder/plugins/mcufinder//mcu/
2024-10-01 17:37:57,072 [INFO] CrossReferenceDbSqlite:203 - Set database path to: /home/wgg/.stmcufinder/plugins/mcufinder//mcu/cs/
2024-10-01 17:37:57,168 [INFO] RulesReader:64 - Compatibility file has been processed (297 Rules)
2024-10-01 17:37:57,224 [INFO] DbMcusXml:78 - Set database path to: /opt/st/stm32cubeide_1.15.1/plugins/com.st.stm32cube.common.mx_6.11.1.202404110753//db//mcu/
2024-10-01 17:37:57,224 [INFO] ApiDb:274 - Set plugin database path to: /opt/st/stm32cubeide_1.15.1/plugins/com.st.stm32cube.common.mx_6.11.1.202404110753//db//plugins/boardmanager/
2024-10-01 17:37:57,224 [INFO] ApiDb:261 - Set plugin images path to: /opt/st/stm32cubeide_1.15.1/plugins/com.st.stm32cube.common.mx_6.11.1.202404110753//db//plugins/mcufinder/images/
2024-10-01 17:37:57,225 [WARN] DbFile:41 - Overriding database path with different value: /home/wgg/.stmcufinder/plugins/mcufinder/ => /home/wgg/.stmcufinder/plugins/mcufinder
2024-10-01 17:37:57,225 [INFO] ApiDb:250 - Set database path to: /home/wgg/.stmcufinder/plugins/mcufinder//mcu/
2024-10-01 17:37:57,225 [WARN] DbFile:41 - Overriding database path with different value: /home/wgg/.stmcufinder/plugins/mcufinder/ => /home/wgg/.stmcufinder/plugins/mcufinder
2024-10-01 17:37:57,225 [INFO] DbMcusAds:125 - Set database path to: /home/wgg/.stmcufinder/plugins/mcufinder//mcu/
2024-10-01 17:37:57,225 [WARN] DbFile:41 - Overriding database path with different value: /home/wgg/.stmcufinder/plugins/mcufinder/ => /home/wgg/.stmcufinder/plugins/mcufinder
2024-10-01 17:37:57,225 [WARN] DbFile:41 - Overriding database path with different value: /home/wgg/.stmcufinder/plugins/mcufinder/ => /home/wgg/.stmcufinder/plugins/mcufinder
2024-10-01 17:37:57,225 [INFO] CrossReferenceDbSqlite:203 - Set database path to: /home/wgg/.stmcufinder/plugins/mcufinder//mcu/cs/
2024-10-01 17:37:57,291 [INFO] MainPanel:264 - HeapMemory: 268435456
2024-10-01 17:37:57,376 [INFO] DbMcusXml:78 - Set database path to: /opt/st/stm32cubeide_1.15.1/plugins/com.st.stm32cube.common.mx_6.11.1.202404110753//db//mcu/
2024-10-01 17:37:57,376 [INFO] ApiDb:274 - Set plugin database path to: /opt/st/stm32cubeide_1.15.1/plugins/com.st.stm32cube.common.mx_6.11.1.202404110753//db//plugins/boardmanager/
2024-10-01 17:37:57,376 [INFO] ApiDb:261 - Set plugin images path to: /opt/st/stm32cubeide_1.15.1/plugins/com.st.stm32cube.common.mx_6.11.1.202404110753//db//plugins/mcufinder/images/
2024-10-01 17:37:57,376 [WARN] DbFile:41 - Overriding database path with different value: /home/wgg/.stmcufinder/plugins/mcufinder/ => /home/wgg/.stmcufinder/plugins/mcufinder
2024-10-01 17:37:57,376 [INFO] ApiDb:250 - Set database path to: /home/wgg/.stmcufinder/plugins/mcufinder//mcu/
2024-10-01 17:37:57,377 [WARN] DbFile:41 - Overriding database path with different value: /home/wgg/.stmcufinder/plugins/mcufinder/ => /home/wgg/.stmcufinder/plugins/mcufinder
2024-10-01 17:37:57,377 [INFO] DbMcusAds:125 - Set database path to: /home/wgg/.stmcufinder/plugins/mcufinder//mcu/
2024-10-01 17:37:57,377 [WARN] DbFile:41 - Overriding database path with different value: /home/wgg/.stmcufinder/plugins/mcufinder/ => /home/wgg/.stmcufinder/plugins/mcufinder
2024-10-01 17:37:57,377 [WARN] DbFile:41 - Overriding database path with different value: /home/wgg/.stmcufinder/plugins/mcufinder/ => /home/wgg/.stmcufinder/plugins/mcufinder
2024-10-01 17:37:57,377 [INFO] CrossReferenceDbSqlite:203 - Set database path to: /home/wgg/.stmcufinder/plugins/mcufinder//mcu/cs/
2024-10-01 17:37:57,393 [INFO] ApplicationProperties:184 - Using Application install path: /opt/st/stm32cubeide_1.15.1/plugins/com.st.stm32cube.common.mx_6.11.1.202404110753
2024-10-01 17:37:57,395 [INFO] PluginManage:196 - Search for loadable plugins [exclusion list=, ]
2024-10-01 17:37:57,396 [INFO] PluginManage:310 - Check plugin analytics
2024-10-01 17:37:57,536 [INFO] AnalyticsPlugin:253 - Accepted Software Licenses: 
2024-10-01 17:37:57,536 [INFO] AnalyticsPlugin:255 - Accepted CMSIS Pack Licenses: 
2024-10-01 17:37:57,536 [INFO] AnalyticsPlugin:257 - Accepted Firmware Licenses: FW.F4.1.28.0
2024-10-01 17:37:57,539 [INFO] PluginManage:359 - Loaded plugin analytics (category:tool,tabindex:-1)
2024-10-01 17:37:57,539 [INFO] PluginManage:310 - Check plugin cadmodel
2024-10-01 17:37:57,562 [INFO] CADModel:105 - Init CAD model plugin
2024-10-01 17:37:57,562 [INFO] PluginManage:359 - Loaded plugin cadmodel (category:power,tabindex:5)
2024-10-01 17:37:57,562 [INFO] PluginManage:310 - Check plugin clock
2024-10-01 17:37:57,569 [INFO] PluginManage:359 - Loaded plugin clock (category:base,tabindex:2)
2024-10-01 17:37:57,569 [INFO] PluginManage:310 - Check plugin ddr
2024-10-01 17:37:57,571 [INFO] PluginManage:359 - Loaded plugin ddr (category:tool,tabindex:6)
2024-10-01 17:37:57,571 [INFO] PluginManage:310 - Check plugin filemanager
2024-10-01 17:37:57,677 [INFO] PluginManage:359 - Loaded plugin filemanager (category:base,tabindex:10)
2024-10-01 17:37:57,677 [INFO] PluginManage:310 - Check plugin ipmanager
2024-10-01 17:37:57,681 [INFO] PluginManage:359 - Loaded plugin ipmanager (category:base,tabindex:5)
2024-10-01 17:37:57,682 [INFO] PluginManage:310 - Check plugin lpbam
2024-10-01 17:37:57,689 [INFO] PluginManage:359 - Loaded plugin lpbam (category:base,tabindex:0)
2024-10-01 17:37:57,689 [INFO] PluginManage:310 - Check plugin memorymap
2024-10-01 17:37:57,696 [INFO] PluginManage:359 - Loaded plugin memorymap (category:base,tabindex:4)
2024-10-01 17:37:57,696 [INFO] PluginManage:310 - Check plugin pinoutandconfiguration
2024-10-01 17:37:57,700 [INFO] PluginManage:359 - Loaded plugin pinoutandconfiguration (category:base,tabindex:1)
2024-10-01 17:37:57,700 [INFO] PluginManage:310 - Check plugin pinoutconfig
2024-10-01 17:37:57,772 [WARN] SupportedApi:132 - Cannot load RTOS API schema: s4s-elt-must-match.1: The content of 'definitions' must match (annotation?, (simpleType | complexType)?, (unique | key | keyref)*)). A problem was found starting at: attribute.
2024-10-01 17:37:57,874 [INFO] PluginManage:359 - Loaded plugin pinoutconfig (category:base,tabindex:0)
2024-10-01 17:37:57,874 [INFO] PluginManage:310 - Check plugin power
2024-10-01 17:37:57,883 [INFO] PluginManage:359 - Loaded plugin power (category:power,tabindex:4)
2024-10-01 17:37:57,883 [INFO] PluginManage:310 - Check plugin projectmanager
2024-10-01 17:37:57,899 [INFO] PluginManage:359 - Loaded plugin projectmanager (category:projectmanager,tabindex:3)
2024-10-01 17:37:57,899 [INFO] PluginManage:310 - Check plugin thirdparty
2024-10-01 17:37:57,987 [INFO] PluginManage:359 - Loaded plugin thirdparty (category:base,tabindex:-1)
2024-10-01 17:37:57,987 [WARN] IntegrityCheckThread:84 - waiting for thirdparty lock release [integrity check]
2024-10-01 17:37:57,988 [INFO] PluginManage:310 - Check plugin tools
2024-10-01 17:37:57,988 [INFO] IntegrityCheckThread:86 - entering critical section [integrity check]
2024-10-01 17:37:57,988 [INFO] ThirdPartyUpdaterWithRetryManager:70 - Updater plugin not ready yet. [1/15]
2024-10-01 17:37:57,989 [INFO] PluginManage:359 - Loaded plugin tools (category:base,tabindex:7)
2024-10-01 17:37:57,989 [INFO] PluginManage:310 - Check plugin tutovideos
2024-10-01 17:37:58,101 [INFO] PluginManage:359 - Loaded plugin tutovideos (category:base,tabindex:-1)
2024-10-01 17:37:58,101 [INFO] PluginManage:310 - Check plugin updater
2024-10-01 17:37:58,110 [INFO] PluginManage:359 - Loaded plugin updater (category:base,tabindex:12)
2024-10-01 17:37:58,110 [INFO] PluginManage:310 - Check plugin userauth
2024-10-01 17:37:58,113 [INFO] UserAuth:114 - Init User Auth plugin
2024-10-01 17:37:58,113 [INFO] PluginManage:359 - Loaded plugin userauth (category:base,tabindex:14)
2024-10-01 17:37:58,114 [INFO] PluginManage:283 - PluginManage : Loaded plugins [17]
2024-10-01 17:37:58,249 [INFO] PinOutPanel:1561 - setPackage(No Configuration,No Configuration)
2024-10-01 17:37:58,290 [INFO] CADModel:165 - CPN selected for project level
2024-10-01 17:37:58,290 [INFO] CADModel:114 - Register for checkConnection events
2024-10-01 17:37:58,298 [INFO] IPUIPlugin:80 - create IPUIPlugin
2024-10-01 17:37:58,298 [INFO] PluginManager:220 - loadIPPluginJar : add dma
2024-10-01 17:37:58,303 [INFO] IPUIPlugin:80 - create IPUIPlugin
2024-10-01 17:37:58,303 [INFO] PluginManager:220 - loadIPPluginJar : add linkedlist
2024-10-01 17:37:58,305 [INFO] IPUIPlugin:80 - create IPUIPlugin
2024-10-01 17:37:58,305 [INFO] PluginManager:220 - loadIPPluginJar : add tracer_emb
2024-10-01 17:37:58,308 [INFO] IPUIPlugin:80 - create IPUIPlugin
2024-10-01 17:37:58,308 [INFO] PluginManager:220 - loadIPPluginJar : add ipddr
2024-10-01 17:37:58,310 [INFO] IPUIPlugin:80 - create IPUIPlugin
2024-10-01 17:37:58,310 [INFO] PluginManager:220 - loadIPPluginJar : add i2c
2024-10-01 17:37:58,314 [INFO] IPUIPlugin:80 - create IPUIPlugin
2024-10-01 17:37:58,314 [INFO] PluginManager:220 - loadIPPluginJar : add mdma
2024-10-01 17:37:58,315 [INFO] IPUIPlugin:80 - create IPUIPlugin
2024-10-01 17:37:58,315 [INFO] PluginManager:220 - loadIPPluginJar : add usart
2024-10-01 17:37:58,317 [INFO] IPUIPlugin:80 - create IPUIPlugin
2024-10-01 17:37:58,317 [INFO] PluginManager:220 - loadIPPluginJar : add gfxmmu
2024-10-01 17:37:58,318 [INFO] IPUIPlugin:80 - create IPUIPlugin
2024-10-01 17:37:58,318 [INFO] PluginManager:220 - loadIPPluginJar : add usbx
2024-10-01 17:37:58,319 [INFO] IPUIPlugin:80 - create IPUIPlugin
2024-10-01 17:37:58,319 [INFO] PluginManager:220 - loadIPPluginJar : add tsc
2024-10-01 17:37:58,321 [INFO] IPUIPlugin:80 - create IPUIPlugin
2024-10-01 17:37:58,321 [INFO] PluginManager:220 - loadIPPluginJar : add dma3
2024-10-01 17:37:58,324 [INFO] IPUIPlugin:80 - create IPUIPlugin
2024-10-01 17:37:58,324 [INFO] PluginManager:220 - loadIPPluginJar : add fmc
2024-10-01 17:37:58,326 [INFO] IPUIPlugin:80 - create IPUIPlugin
2024-10-01 17:37:58,326 [INFO] PluginManager:220 - loadIPPluginJar : add extmemmanager
2024-10-01 17:37:58,327 [INFO] IPUIPlugin:80 - create IPUIPlugin
2024-10-01 17:37:58,327 [INFO] PluginManager:220 - loadIPPluginJar : add comp
2024-10-01 17:37:58,328 [INFO] IPUIPlugin:80 - create IPUIPlugin
2024-10-01 17:37:58,328 [INFO] PluginManager:220 - loadIPPluginJar : add i3c
2024-10-01 17:37:58,330 [INFO] IPUIPlugin:80 - create IPUIPlugin
2024-10-01 17:37:58,330 [INFO] PluginManager:220 - loadIPPluginJar : add gtzc
2024-10-01 17:37:58,332 [INFO] IPUIPlugin:80 - create IPUIPlugin
2024-10-01 17:37:58,332 [INFO] PluginManager:220 - loadIPPluginJar : add touchsensing
2024-10-01 17:37:58,333 [INFO] IPUIPlugin:80 - create IPUIPlugin
2024-10-01 17:37:58,333 [INFO] PluginManager:220 - loadIPPluginJar : add ucpd
2024-10-01 17:37:58,334 [INFO] IPUIPlugin:80 - create IPUIPlugin
2024-10-01 17:37:58,334 [INFO] PluginManager:220 - loadIPPluginJar : add fatfs
2024-10-01 17:37:58,337 [INFO] IPUIPlugin:80 - create IPUIPlugin
2024-10-01 17:37:58,337 [INFO] PluginManager:220 - loadIPPluginJar : add stm32_wpan
2024-10-01 17:37:58,340 [INFO] IPUIPlugin:80 - create IPUIPlugin
2024-10-01 17:37:58,340 [INFO] PluginManager:220 - loadIPPluginJar : add gpio
2024-10-01 17:37:58,342 [INFO] IPUIPlugin:80 - create IPUIPlugin
2024-10-01 17:37:58,342 [INFO] PluginManager:220 - loadIPPluginJar : add i2s
2024-10-01 17:37:58,343 [INFO] IPUIPlugin:80 - create IPUIPlugin
2024-10-01 17:37:58,343 [INFO] PluginManager:220 - loadIPPluginJar : add tim
2024-10-01 17:37:58,347 [INFO] IPUIPlugin:80 - create IPUIPlugin
2024-10-01 17:37:58,347 [INFO] PluginManager:220 - loadIPPluginJar : add adc
2024-10-01 17:37:58,349 [INFO] IPUIPlugin:80 - create IPUIPlugin
2024-10-01 17:37:58,349 [INFO] PluginManager:220 - loadIPPluginJar : add pdm2pcm
2024-10-01 17:37:58,352 [INFO] IPUIPlugin:80 - create IPUIPlugin
2024-10-01 17:37:58,352 [INFO] PluginManager:220 - loadIPPluginJar : add gic
2024-10-01 17:37:58,354 [INFO] IPUIPlugin:80 - create IPUIPlugin
2024-10-01 17:37:58,355 [INFO] PluginManager:220 - loadIPPluginJar : add sai
2024-10-01 17:37:58,356 [INFO] IPUIPlugin:80 - create IPUIPlugin
2024-10-01 17:37:58,356 [INFO] PluginManager:220 - loadIPPluginJar : add spi
2024-10-01 17:37:58,358 [INFO] IPUIPlugin:80 - create IPUIPlugin
2024-10-01 17:37:58,358 [INFO] PluginManager:220 - loadIPPluginJar : add can
2024-10-01 17:37:58,360 [INFO] IPUIPlugin:80 - create IPUIPlugin
2024-10-01 17:37:58,361 [INFO] PluginManager:220 - loadIPPluginJar : add resmgrutility
2024-10-01 17:37:58,361 [INFO] IPUIPlugin:80 - create IPUIPlugin
2024-10-01 17:37:58,362 [INFO] PluginManager:220 - loadIPPluginJar : add quadspi
2024-10-01 17:37:58,366 [INFO] IPUIPlugin:80 - create IPUIPlugin
2024-10-01 17:37:58,366 [INFO] PluginManager:220 - loadIPPluginJar : add freertos
2024-10-01 17:37:58,367 [INFO] IPUIPlugin:80 - create IPUIPlugin
2024-10-01 17:37:58,367 [INFO] PluginManager:220 - loadIPPluginJar : add ts
2024-10-01 17:37:58,369 [INFO] IPUIPlugin:80 - create IPUIPlugin
2024-10-01 17:37:58,369 [INFO] PluginManager:220 - loadIPPluginJar : add aes
2024-10-01 17:37:58,371 [INFO] IPUIPlugin:80 - create IPUIPlugin
2024-10-01 17:37:58,372 [INFO] PluginManager:220 - loadIPPluginJar : add nvic
2024-10-01 17:37:58,373 [INFO] IPUIPlugin:80 - create IPUIPlugin
2024-10-01 17:37:58,374 [INFO] PluginManager:220 - loadIPPluginJar : add openamp
2024-10-01 17:37:58,375 [INFO] IPUIPlugin:80 - create IPUIPlugin
2024-10-01 17:37:58,375 [INFO] PluginManager:220 - loadIPPluginJar : add dfsdm
2024-10-01 17:37:58,376 [INFO] IPUIPlugin:80 - create IPUIPlugin
2024-10-01 17:37:58,376 [INFO] PluginManager:220 - loadIPPluginJar : add lorawan
2024-10-01 17:37:58,377 [INFO] IPUIPlugin:80 - create IPUIPlugin
2024-10-01 17:37:58,377 [INFO] PluginManager:220 - loadIPPluginJar : add genericplugin
2024-10-01 17:37:58,378 [INFO] IPUIPlugin:80 - create IPUIPlugin
2024-10-01 17:37:58,379 [INFO] PluginManager:220 - loadIPPluginJar : add hash
2024-10-01 17:37:58,379 [INFO] IPUIPlugin:80 - create IPUIPlugin
2024-10-01 17:37:58,379 [INFO] PluginManager:220 - loadIPPluginJar : add ltdc
2024-10-01 17:37:58,383 [INFO] IPUIPlugin:80 - create IPUIPlugin
2024-10-01 17:37:58,385 [INFO] PluginManager:220 - loadIPPluginJar : add plateformsettings
2024-10-01 17:37:58,387 [INFO] IPUIPlugin:80 - create IPUIPlugin
2024-10-01 17:37:58,387 [INFO] PluginManager:220 - loadIPPluginJar : add cryp
2024-10-01 17:37:58,389 [INFO] IPUIPlugin:80 - create IPUIPlugin
2024-10-01 17:37:58,389 [INFO] PluginManager:220 - loadIPPluginJar : add opamp
2024-10-01 17:37:58,484 [INFO] CADModel:165 - CPN selected for project level
2024-10-01 17:37:58,485 [INFO] CADModel:114 - Register for checkConnection events
2024-10-01 17:37:58,485 [FATAL] Updater:308 - Updater called before beeing initialized
2024-10-01 17:37:58,486 [ERROR] CADModel:125 - Updater not yet initialized, retry later 
2024-10-01 17:37:58,592 [INFO] CADModel:165 - CPN selected for project level
2024-10-01 17:37:58,592 [INFO] CADModel:114 - Register for checkConnection events
2024-10-01 17:37:58,592 [FATAL] Updater:308 - Updater called before beeing initialized
2024-10-01 17:37:58,593 [ERROR] CADModel:125 - Updater not yet initialized, retry later 
2024-10-01 17:37:58,595 [FATAL] Updater:308 - Updater called before beeing initialized
2024-10-01 17:37:58,645 [FATAL] Updater:308 - Updater called before beeing initialized
2024-10-01 17:37:58,647 [INFO] DbMcusAds:53 - JSON generation date=Fri Sep 20 20:04:23 WIB 2024 (1726837463113)
2024-10-01 17:37:58,648 [FATAL] Updater:308 - Updater called before beeing initialized
2024-10-01 17:37:58,674 [WARN] DetailPanel:346 - Failed to get advertising image, set to default
2024-10-01 17:37:58,740 [FATAL] Updater:308 - Updater called before beeing initialized
2024-10-01 17:37:58,741 [FATAL] Updater:308 - Updater called before beeing initialized
2024-10-01 17:37:58,741 [FATAL] Updater:308 - Updater called before beeing initialized
2024-10-01 17:37:58,741 [WARN] DetailPanel:346 - Failed to get advertising image, set to default
2024-10-01 17:37:58,742 [FATAL] Updater:308 - Updater called before beeing initialized
2024-10-01 17:37:58,761 [ERROR] Updater:1120 - MainUpdater not yet initialized. External WinMGr cannot be set.
2024-10-01 17:37:58,762 [INFO] Updater:1056 - Updater Version found : 6.11.1
2024-10-01 17:37:58,775 [INFO] ApplicationProperties:184 - Using Application install path: /opt/st/stm32cubeide_1.15.1/plugins/com.st.stm32cube.common.mx_6.11.1.202404110753
2024-10-01 17:37:59,114 [INFO] MainUpdater:2873 - connection check result : 10
2024-10-01 17:37:59,117 [INFO] MainUpdater:290 - Updater Check For Update Now.
2024-10-01 17:37:59,117 [INFO] MicroXplorer:498 - Change Database Version : DB.6.0.111
2024-10-01 17:37:59,128 [INFO] McuFinderGlobals:63 - Set McuFinder mode to 2 (CubeIDE integrated)
2024-10-01 17:37:59,135 [INFO] UserAuth:415 - Internet connection configuration mode: 1
2024-10-01 17:37:59,150 [INFO] JxBrowserEngine:152 - Initiate JxBrowser Engine with user profile folder
2024-10-01 17:37:59,279 [INFO] CheckServerUpdateThread:120 - End of CheckServer Thread
2024-10-01 17:37:59,962 [INFO] WebApp:161 - Instantiating new browser for Auth
2024-10-01 17:38:00,487 [INFO] WebApp:779 - Register for checkConnection events
2024-10-01 17:38:00,487 [INFO] WebApp:414 - Apply proxy settings
2024-10-01 17:38:00,487 [INFO] WebApp:499 - Chromium requires no authentication
2024-10-01 17:38:00,491 [INFO] WebApp:442 - Direct internet connection detected
2024-10-01 17:38:00,579 [INFO] WebApp:192 - Starting web application
2024-10-01 17:38:00,580 [INFO] WebApp:544 - Web application path used /opt/st/stm32cubeide_1.15.1/plugins/com.st.stm32cube.common.mx_6.11.1.202404110753/db/plugins/mcufinder/reactClient1/index.html
2024-10-01 17:38:01,101 [WARN] PackLoader:240 - Cannot read IP mode file for STMicroelectronics.X-CUBE-SMBUS.2.1.0
2024-10-01 17:38:01,132 [WARN] PackLoader:240 - Cannot read IP mode file for STMicroelectronics.X-CUBE-AZRTOS-F7.1.1.0
2024-10-01 17:38:01,209 [WARN] PackLoader:240 - Cannot read IP mode file for STMicroelectronics.X-CUBE-MEMS1.11.0.0
2024-10-01 17:38:01,338 [WARN] PackLoader:240 - Cannot read IP mode file for STMicroelectronics.FP-SNS-FLIGHT1.5.0.2
2024-10-01 17:38:01,342 [WARN] PackLoader:240 - Cannot read IP mode file for STMicroelectronics.X-CUBE-DISPLAY.3.0.0
2024-10-01 17:38:01,347 [WARN] PackLoader:240 - Cannot read IP mode file for STMicroelectronics.X-CUBE-BLE1.7.0.0
2024-10-01 17:38:01,351 [WARN] PackLoader:240 - Cannot read IP mode file for STMicroelectronics.X-CUBE-NFC10.1.0.0
2024-10-01 17:38:01,354 [WARN] PackLoader:240 - Cannot read IP mode file for emotas.I-CUBE-CANOPEN.1.3.0
2024-10-01 17:38:01,359 [WARN] PackLoader:240 - Cannot read IP mode file for STMicroelectronics.X-CUBE-BLEMGR.3.1.0
2024-10-01 17:38:01,363 [WARN] PackLoader:240 - Cannot read IP mode file for STMicroelectronics.FP-SNS-SMARTAG2.1.2.0
2024-10-01 17:38:01,369 [INFO] LogOutputStream:77 - [STDOUT_REDIRECT] 1 : Invalid condition id : UX_CORESTACK_Condition cause : null
2024-10-01 17:38:01,369 [INFO] LogOutputStream:77 - [STDOUT_REDIRECT] 1 : Invalid condition id : UX_CORESTACK_Condition cause : null
2024-10-01 17:38:01,370 [INFO] LogOutputStream:77 - [STDOUT_REDIRECT] 1 : Invalid condition id : UX_CORESTACK_Condition cause : null
2024-10-01 17:38:01,370 [INFO] LogOutputStream:77 - [STDOUT_REDIRECT] 1 : Invalid condition id : UX_CORESTACK_Condition cause : null
2024-10-01 17:38:01,370 [INFO] LogOutputStream:77 - [STDOUT_REDIRECT] 1 : Invalid condition id : UX_CORESTACK_Condition cause : null
2024-10-01 17:38:01,372 [WARN] PackLoader:240 - Cannot read IP mode file for STMicroelectronics.X-CUBE-AZRTOS-WL.2.0.0
2024-10-01 17:38:01,376 [WARN] PackLoader:240 - Cannot read IP mode file for WES.I-CUBE-Cesium.1.3.0
2024-10-01 17:38:01,378 [WARN] PackLoader:240 - Cannot read IP mode file for STMicroelectronics.X-CUBE-BLE2.3.3.0
2024-10-01 17:38:01,382 [WARN] PackLoader:240 - Cannot read IP mode file for STMicroelectronics.X-CUBE-NFC9.1.0.0
2024-10-01 17:38:01,392 [WARN] PackLoader:240 - Cannot read IP mode file for STMicroelectronics.X-CUBE-AZRTOS-G0.1.1.0
2024-10-01 17:38:01,396 [WARN] PackLoader:240 - Cannot read IP mode file for STMicroelectronics.X-CUBE-NFC4.3.0.0
2024-10-01 17:38:01,405 [WARN] PackLoader:240 - Cannot read IP mode file for EmbeddedOffice.I-CUBE-FS-RTOS.1.0.1
2024-10-01 17:38:01,405 [ERROR] ConditionMgr:805 - Attr not supported : Dmpu
2024-10-01 17:38:01,406 [ERROR] ConditionMgr:805 - Attr not supported : Dmpu
2024-10-01 17:38:01,406 [ERROR] ConditionMgr:805 - Attr not supported : Dmpu
2024-10-01 17:38:01,406 [ERROR] ConditionMgr:805 - Attr not supported : Dmpu
2024-10-01 17:38:01,406 [ERROR] ConditionMgr:805 - Attr not supported : Dmpu
2024-10-01 17:38:01,406 [ERROR] ConditionMgr:805 - Attr not supported : Dmpu
2024-10-01 17:38:01,406 [ERROR] ConditionMgr:805 - Attr not supported : Dmpu
2024-10-01 17:38:01,406 [ERROR] ConditionMgr:805 - Attr not supported : Dmpu
2024-10-01 17:38:01,406 [ERROR] ConditionMgr:805 - Attr not supported : Dmpu
2024-10-01 17:38:01,406 [ERROR] ConditionMgr:805 - Attr not supported : Dmpu
2024-10-01 17:38:01,406 [ERROR] ConditionMgr:805 - Attr not supported : Dmpu
2024-10-01 17:38:01,406 [ERROR] ConditionMgr:805 - Attr not supported : Dmpu
2024-10-01 17:38:01,407 [ERROR] ConditionMgr:805 - Attr not supported : Dmpu
2024-10-01 17:38:01,407 [ERROR] ConditionMgr:805 - Attr not supported : Dmpu
2024-10-01 17:38:01,407 [ERROR] ConditionMgr:805 - Attr not supported : Dmpu
2024-10-01 17:38:01,407 [ERROR] ConditionMgr:805 - Attr not supported : Dmpu
2024-10-01 17:38:01,407 [ERROR] ConditionMgr:805 - Attr not supported : Dmpu
2024-10-01 17:38:01,407 [ERROR] ConditionMgr:805 - Attr not supported : Dmpu
2024-10-01 17:38:01,407 [ERROR] ConditionMgr:805 - Attr not supported : Dmpu
2024-10-01 17:38:01,407 [ERROR] ConditionMgr:805 - Attr not supported : Dmpu
2024-10-01 17:38:01,407 [ERROR] ConditionMgr:805 - Attr not supported : Dmpu
2024-10-01 17:38:01,407 [ERROR] ConditionMgr:805 - Attr not supported : Dmpu
2024-10-01 17:38:01,407 [ERROR] ConditionMgr:805 - Attr not supported : Dmpu
2024-10-01 17:38:01,407 [ERROR] ConditionMgr:805 - Attr not supported : Dmpu
2024-10-01 17:38:01,407 [ERROR] ConditionMgr:805 - Attr not supported : Dmpu
2024-10-01 17:38:01,408 [ERROR] ConditionMgr:805 - Attr not supported : Dmpu
2024-10-01 17:38:01,408 [ERROR] ConditionMgr:805 - Attr not supported : Dmpu
2024-10-01 17:38:01,408 [ERROR] ConditionMgr:805 - Attr not supported : Dmpu
2024-10-01 17:38:01,408 [ERROR] ConditionMgr:805 - Attr not supported : Dmpu
2024-10-01 17:38:01,408 [ERROR] ConditionMgr:805 - Attr not supported : Dmpu
2024-10-01 17:38:01,408 [ERROR] ConditionMgr:805 - Attr not supported : Dmpu
2024-10-01 17:38:01,408 [ERROR] ConditionMgr:805 - Attr not supported : Dmpu
2024-10-01 17:38:01,408 [ERROR] ConditionMgr:805 - Attr not supported : Dmpu
2024-10-01 17:38:01,408 [ERROR] ConditionMgr:805 - Attr not supported : Dmpu
2024-10-01 17:38:01,408 [ERROR] ConditionMgr:805 - Attr not supported : Dmpu
2024-10-01 17:38:01,408 [ERROR] ConditionMgr:805 - Attr not supported : Dmpu
2024-10-01 17:38:01,409 [ERROR] ConditionMgr:805 - Attr not supported : Dmpu
2024-10-01 17:38:01,409 [ERROR] ConditionMgr:805 - Attr not supported : Dmpu
2024-10-01 17:38:01,409 [ERROR] ConditionMgr:805 - Attr not supported : Dmpu
2024-10-01 17:38:01,409 [ERROR] ConditionMgr:805 - Attr not supported : Dmpu
2024-10-01 17:38:01,409 [ERROR] ConditionMgr:805 - Attr not supported : Dmpu
2024-10-01 17:38:01,409 [ERROR] ConditionMgr:805 - Attr not supported : Dmpu
2024-10-01 17:38:01,409 [ERROR] ConditionMgr:805 - Attr not supported : Dmpu
2024-10-01 17:38:01,409 [ERROR] ConditionMgr:805 - Attr not supported : Dmpu
2024-10-01 17:38:01,409 [ERROR] ConditionMgr:805 - Attr not supported : Dmpu
2024-10-01 17:38:01,409 [ERROR] ConditionMgr:805 - Attr not supported : Dmpu
2024-10-01 17:38:01,409 [ERROR] ConditionMgr:805 - Attr not supported : Dmpu
2024-10-01 17:38:01,409 [ERROR] ConditionMgr:805 - Attr not supported : Dmpu
2024-10-01 17:38:01,409 [ERROR] ConditionMgr:805 - Attr not supported : Dmpu
2024-10-01 17:38:01,410 [ERROR] ConditionMgr:805 - Attr not supported : Dmpu
2024-10-01 17:38:01,410 [ERROR] ConditionMgr:805 - Attr not supported : Dmpu
2024-10-01 17:38:01,410 [ERROR] ConditionMgr:805 - Attr not supported : Dmpu
2024-10-01 17:38:01,410 [ERROR] ConditionMgr:805 - Attr not supported : Dmpu
2024-10-01 17:38:01,410 [ERROR] ConditionMgr:805 - Attr not supported : Dmpu
2024-10-01 17:38:01,410 [ERROR] ConditionMgr:805 - Attr not supported : Dmpu
2024-10-01 17:38:01,410 [ERROR] ConditionMgr:805 - Attr not supported : Dmpu
2024-10-01 17:38:01,410 [ERROR] ConditionMgr:805 - Attr not supported : Dmpu
2024-10-01 17:38:01,410 [ERROR] ConditionMgr:805 - Attr not supported : Dmpu
2024-10-01 17:38:01,410 [ERROR] ConditionMgr:805 - Attr not supported : Dmpu
2024-10-01 17:38:01,410 [ERROR] ConditionMgr:805 - Attr not supported : Dmpu
2024-10-01 17:38:01,410 [ERROR] ConditionMgr:805 - Attr not supported : Dmpu
2024-10-01 17:38:01,411 [ERROR] ConditionMgr:805 - Attr not supported : Dmpu
2024-10-01 17:38:01,411 [ERROR] ConditionMgr:805 - Attr not supported : Dmpu
2024-10-01 17:38:01,411 [ERROR] ConditionMgr:805 - Attr not supported : Dmpu
2024-10-01 17:38:01,413 [WARN] PackLoader:240 - Cannot read IP mode file for STMicroelectronics.FP-ATR-SIGFOX1.3.2.0
2024-10-01 17:38:01,419 [WARN] PackLoader:240 - Cannot read IP mode file for STMicroelectronics.X-CUBE-EEPRMA1.5.1.0
2024-10-01 17:38:01,425 [WARN] PackLoader:240 - Cannot read IP mode file for ITTIA_DB.I-CUBE-ITTIADB.8.9.0
2024-10-01 17:38:01,460 [WARN] PackLoader:240 - Cannot read IP mode file for SEGGER.I-CUBE-embOS.1.3.1
2024-10-01 17:38:01,493 [WARN] PackLoader:240 - Cannot read IP mode file for STMicroelectronics.X-CUBE-GNSS1.6.0.0
2024-10-01 17:38:01,506 [WARN] PackLoader:240 - Cannot read IP mode file for STMicroelectronics.X-CUBE-AZRTOS-F4.1.1.0
2024-10-01 17:38:01,510 [WARN] PackLoader:240 - Cannot read IP mode file for STMicroelectronics.X-CUBE-ISPU.2.1.0
2024-10-01 17:38:01,520 [WARN] PackLoader:240 - Cannot read IP mode file for STMicroelectronics.X-CUBE-AZRTOS-L5.2.0.0
2024-10-01 17:38:01,525 [WARN] PackLoader:240 - Cannot read IP mode file for STMicroelectronics.X-CUBE-NFC7.1.0.1
2024-10-01 17:38:01,536 [WARN] ConditionMgr:438 - getConditionDescription Invalid condition id : LAN8742 Phy interface Condition cause : null
2024-10-01 17:38:01,536 [WARN] PackLoader:240 - Cannot read IP mode file for STMicroelectronics.X-CUBE-AZRTOS-L4.2.0.0
2024-10-01 17:38:01,537 [WARN] ConditionMgr:1039 - genDependencies : Invalid condition id : LAN8742 Phy interface Condition cause : null
2024-10-01 17:38:01,537 [WARN] ConditionMgr:1039 - genDependencies : Invalid condition id : LAN8742 Phy interface Condition cause : null
2024-10-01 17:38:01,538 [WARN] ConditionMgr:1039 - genDependencies : Invalid condition id : LAN8742 Phy interface Condition cause : null
2024-10-01 17:38:01,541 [WARN] PackLoader:240 - Cannot read IP mode file for STMicroelectronics.X-CUBE-SFXS2LP1.4.0.0
2024-10-01 17:38:01,554 [WARN] PackLoader:240 - Cannot read IP mode file for STMicroelectronics.X-CUBE-AZRTOS-H7.3.3.0
2024-10-01 17:38:01,568 [WARN] ConditionMgr:438 - getConditionDescription Invalid condition id : UX DEVICE CLASS RTOS Condition cause : null
2024-10-01 17:38:01,568 [WARN] ConditionMgr:438 - getConditionDescription Invalid condition id : UX DEVICE CLASS RTOS Condition cause : null
2024-10-01 17:38:01,570 [WARN] PackLoader:240 - Cannot read IP mode file for STMicroelectronics.X-CUBE-AZRTOS-WB.2.0.0
2024-10-01 17:38:01,570 [WARN] ConditionMgr:1039 - genDependencies : Invalid condition id : UX DEVICE CLASS RTOS Condition cause : null
2024-10-01 17:38:01,570 [WARN] ConditionMgr:1039 - genDependencies : Invalid condition id : UX DEVICE CLASS RTOS Condition cause : null
2024-10-01 17:38:01,570 [WARN] ConditionMgr:1039 - genDependencies : Invalid condition id : UX DEVICE CLASS RTOS Condition cause : null
2024-10-01 17:38:01,571 [WARN] ConditionMgr:1039 - genDependencies : Invalid condition id : UX DEVICE CLASS RTOS Condition cause : null
2024-10-01 17:38:01,571 [WARN] ConditionMgr:1039 - genDependencies : Invalid condition id : UX DEVICE CLASS RTOS Condition cause : null
2024-10-01 17:38:01,574 [WARN] PackLoader:240 - Cannot read IP mode file for STMicroelectronics.X-CUBE-GNSS1.7.0.0
2024-10-01 17:38:01,577 [WARN] PackLoader:240 - Cannot read IP mode file for STMicroelectronics.FP-SNS-STBOX1.2.0.0
2024-10-01 17:38:01,584 [WARN] PackLoader:240 - Cannot read IP mode file for STMicroelectronics.X-CUBE-SUBG2.5.0.0
2024-10-01 17:38:01,589 [WARN] PackLoader:240 - Cannot read IP mode file for Cesanta.I-CUBE-Mongoose.7.13.0
2024-10-01 17:38:01,597 [WARN] PackLoader:240 - Cannot read IP mode file for STMicroelectronics.X-CUBE-AZRTOS-G4.2.0.0
2024-10-01 17:38:01,601 [WARN] PackLoader:240 - Cannot read IP mode file for STMicroelectronics.X-CUBE-ISPU.2.0.0
2024-10-01 17:38:01,624 [WARN] PackLoader:240 - Cannot read IP mode file for STMicroelectronics.X-CUBE-MEMS1.10.0.0
2024-10-01 17:38:01,750 [WARN] PackLoader:240 - Cannot read IP mode file for STMicroelectronics.X-CUBE-TOUCHGFX.4.24.0
2024-10-01 17:38:01,752 [WARN] PackLoader:240 - Cannot read IP mode file for STMicroelectronics.X-CUBE-TOUCHGFX.4.24.1
2024-10-01 17:38:01,757 [WARN] PackLoader:240 - Cannot read IP mode file for portGmbH.I-Cube-SoM-uGOAL.1.1.0
2024-10-01 17:38:01,760 [WARN] PackLoader:240 - Cannot read IP mode file for STMicroelectronics.FP-ATR-ASTRA1.2.0.0
2024-10-01 17:38:01,770 [WARN] PackLoader:240 - Cannot read IP mode file for STMicroelectronics.X-CUBE-TOF1.3.4.2
2024-10-01 17:38:01,794 [WARN] PackLoader:240 - Cannot read IP mode file for STMicroelectronics.X-CUBE-TOF1.3.4.1
2024-10-01 17:38:01,829 [WARN] PackLoader:240 - Cannot read IP mode file for STMicroelectronics.X-CUBE-AZRTOS-H7.3.2.0
2024-10-01 17:38:01,841 [WARN] PackLoader:240 - Cannot read IP mode file for Infineon.AIROC-Wi-Fi-Bluetooth-STM32.1.6.0
2024-10-01 17:38:01,846 [WARN] PackLoader:240 - Cannot read IP mode file for wolfSSL.I-CUBE-wolfSSH.1.4.17
2024-10-01 17:38:01,847 [INFO] ThirdParty:978 - Integrity check success = true
2024-10-01 17:38:01,847 [INFO] IntegrityCheckThread:100 - exiting critical section [integrity check]
2024-10-01 17:38:01,847 [INFO] IntegrityCheckThread:103 - End integrity checks thread
2024-10-01 20:07:41,350 [ERROR] ConfigurationRetriever:142 - IOException on connection: Read timed out
