2024-08-14 22:01:10,460 [INFO] Activator:176 - 


2024-08-14 22:01:10,463 [INFO] Activator:177 - !SESSION log4j initialized
2024-08-14 22:01:14,772 [INFO] LogOutputStream:77 - [STDOUT_REDIRECT] 
2024-08-14 22:01:16,878 [INFO] ApplicationProperties:184 - Using Application install path: /opt/st/stm32cubeide_1.15.1/plugins/com.st.stm32cube.common.mx_6.11.1.202404110753
2024-08-14 22:01:16,893 [INFO] DbMcusXml:78 - Set database path to: /opt/st/stm32cubeide_1.15.1/plugins/com.st.stm32cube.common.mx_6.11.1.202404110753//db//mcu/
2024-08-14 22:01:16,893 [INFO] ApiDb:274 - Set plugin database path to: /opt/st/stm32cubeide_1.15.1/plugins/com.st.stm32cube.common.mx_6.11.1.202404110753//db//plugins/boardmanager/
2024-08-14 22:01:16,893 [WARN] ApiDb:259 - Overriding images path with different value:  => /opt/st/stm32cubeide_1.15.1/plugins/com.st.stm32cube.common.mx_6.11.1.202404110753//db//plugins/mcufinder/images/
2024-08-14 22:01:16,900 [INFO] ApiDb:250 - Set database path to: /home/wgg/.stmcufinder/plugins/mcufinder//mcu/
2024-08-14 22:01:16,901 [INFO] DbMcusAds:125 - Set database path to: /home/wgg/.stmcufinder/plugins/mcufinder//mcu/
2024-08-14 22:01:17,906 [INFO] CrossReferenceDbSqlite:203 - Set database path to: /home/wgg/.stmcufinder/plugins/mcufinder//mcu/cs/
2024-08-14 22:01:18,037 [INFO] RulesReader:64 - Compatibility file has been processed (297 Rules)
2024-08-14 22:01:18,085 [INFO] DbMcusXml:78 - Set database path to: /opt/st/stm32cubeide_1.15.1/plugins/com.st.stm32cube.common.mx_6.11.1.202404110753//db//mcu/
2024-08-14 22:01:18,085 [INFO] ApiDb:274 - Set plugin database path to: /opt/st/stm32cubeide_1.15.1/plugins/com.st.stm32cube.common.mx_6.11.1.202404110753//db//plugins/boardmanager/
2024-08-14 22:01:18,085 [INFO] ApiDb:261 - Set plugin images path to: /opt/st/stm32cubeide_1.15.1/plugins/com.st.stm32cube.common.mx_6.11.1.202404110753//db//plugins/mcufinder/images/
2024-08-14 22:01:18,085 [WARN] DbFile:41 - Overriding database path with different value: /home/wgg/.stmcufinder/plugins/mcufinder/ => /home/wgg/.stmcufinder/plugins/mcufinder
2024-08-14 22:01:18,086 [INFO] ApiDb:250 - Set database path to: /home/wgg/.stmcufinder/plugins/mcufinder//mcu/
2024-08-14 22:01:18,086 [WARN] DbFile:41 - Overriding database path with different value: /home/wgg/.stmcufinder/plugins/mcufinder/ => /home/wgg/.stmcufinder/plugins/mcufinder
2024-08-14 22:01:18,086 [INFO] DbMcusAds:125 - Set database path to: /home/wgg/.stmcufinder/plugins/mcufinder//mcu/
2024-08-14 22:01:18,086 [WARN] DbFile:41 - Overriding database path with different value: /home/wgg/.stmcufinder/plugins/mcufinder/ => /home/wgg/.stmcufinder/plugins/mcufinder
2024-08-14 22:01:18,086 [WARN] DbFile:41 - Overriding database path with different value: /home/wgg/.stmcufinder/plugins/mcufinder/ => /home/wgg/.stmcufinder/plugins/mcufinder
2024-08-14 22:01:18,104 [INFO] CrossReferenceDbSqlite:203 - Set database path to: /home/wgg/.stmcufinder/plugins/mcufinder//mcu/cs/
2024-08-14 22:01:18,151 [INFO] MainPanel:264 - HeapMemory: 268435456
2024-08-14 22:01:18,216 [INFO] DbMcusXml:78 - Set database path to: /opt/st/stm32cubeide_1.15.1/plugins/com.st.stm32cube.common.mx_6.11.1.202404110753//db//mcu/
2024-08-14 22:01:18,216 [INFO] ApiDb:274 - Set plugin database path to: /opt/st/stm32cubeide_1.15.1/plugins/com.st.stm32cube.common.mx_6.11.1.202404110753//db//plugins/boardmanager/
2024-08-14 22:01:18,216 [INFO] ApiDb:261 - Set plugin images path to: /opt/st/stm32cubeide_1.15.1/plugins/com.st.stm32cube.common.mx_6.11.1.202404110753//db//plugins/mcufinder/images/
2024-08-14 22:01:18,216 [WARN] DbFile:41 - Overriding database path with different value: /home/wgg/.stmcufinder/plugins/mcufinder/ => /home/wgg/.stmcufinder/plugins/mcufinder
2024-08-14 22:01:18,216 [INFO] ApiDb:250 - Set database path to: /home/wgg/.stmcufinder/plugins/mcufinder//mcu/
2024-08-14 22:01:18,216 [WARN] DbFile:41 - Overriding database path with different value: /home/wgg/.stmcufinder/plugins/mcufinder/ => /home/wgg/.stmcufinder/plugins/mcufinder
2024-08-14 22:01:18,216 [INFO] DbMcusAds:125 - Set database path to: /home/wgg/.stmcufinder/plugins/mcufinder//mcu/
2024-08-14 22:01:18,216 [WARN] DbFile:41 - Overriding database path with different value: /home/wgg/.stmcufinder/plugins/mcufinder/ => /home/wgg/.stmcufinder/plugins/mcufinder
2024-08-14 22:01:18,216 [WARN] DbFile:41 - Overriding database path with different value: /home/wgg/.stmcufinder/plugins/mcufinder/ => /home/wgg/.stmcufinder/plugins/mcufinder
2024-08-14 22:01:19,218 [INFO] CrossReferenceDbSqlite:203 - Set database path to: /home/wgg/.stmcufinder/plugins/mcufinder//mcu/cs/
2024-08-14 22:01:19,283 [INFO] ApplicationProperties:184 - Using Application install path: /opt/st/stm32cubeide_1.15.1/plugins/com.st.stm32cube.common.mx_6.11.1.202404110753
2024-08-14 22:01:19,284 [INFO] PluginManage:196 - Search for loadable plugins [exclusion list=, ]
2024-08-14 22:01:19,284 [INFO] PluginManage:310 - Check plugin analytics
2024-08-14 22:01:20,439 [INFO] AnalyticsPlugin:253 - Accepted Software Licenses: 
2024-08-14 22:01:20,439 [INFO] AnalyticsPlugin:255 - Accepted CMSIS Pack Licenses: 
2024-08-14 22:01:20,439 [INFO] AnalyticsPlugin:257 - Accepted Firmware Licenses: FW.F4.1.28.0
2024-08-14 22:01:20,440 [INFO] PluginManage:359 - Loaded plugin analytics (category:tool,tabindex:-1)
2024-08-14 22:01:20,441 [INFO] PluginManage:310 - Check plugin cadmodel
2024-08-14 22:01:20,460 [INFO] CADModel:105 - Init CAD model plugin
2024-08-14 22:01:20,460 [INFO] PluginManage:359 - Loaded plugin cadmodel (category:power,tabindex:5)
2024-08-14 22:01:20,460 [INFO] PluginManage:310 - Check plugin clock
2024-08-14 22:01:20,466 [INFO] PluginManage:359 - Loaded plugin clock (category:base,tabindex:2)
2024-08-14 22:01:20,467 [INFO] PluginManage:310 - Check plugin ddr
2024-08-14 22:01:20,468 [INFO] PluginManage:359 - Loaded plugin ddr (category:tool,tabindex:6)
2024-08-14 22:01:20,468 [INFO] PluginManage:310 - Check plugin filemanager
2024-08-14 22:01:20,569 [INFO] PluginManage:359 - Loaded plugin filemanager (category:base,tabindex:10)
2024-08-14 22:01:20,569 [INFO] PluginManage:310 - Check plugin ipmanager
2024-08-14 22:01:20,572 [INFO] PluginManage:359 - Loaded plugin ipmanager (category:base,tabindex:5)
2024-08-14 22:01:20,573 [INFO] PluginManage:310 - Check plugin lpbam
2024-08-14 22:01:20,579 [INFO] PluginManage:359 - Loaded plugin lpbam (category:base,tabindex:0)
2024-08-14 22:01:20,579 [INFO] PluginManage:310 - Check plugin memorymap
2024-08-14 22:01:20,587 [INFO] PluginManage:359 - Loaded plugin memorymap (category:base,tabindex:4)
2024-08-14 22:01:20,587 [INFO] PluginManage:310 - Check plugin pinoutandconfiguration
2024-08-14 22:01:20,592 [INFO] PluginManage:359 - Loaded plugin pinoutandconfiguration (category:base,tabindex:1)
2024-08-14 22:01:20,592 [INFO] PluginManage:310 - Check plugin pinoutconfig
2024-08-14 22:01:20,650 [WARN] SupportedApi:132 - Cannot load RTOS API schema: s4s-elt-must-match.1: The content of 'definitions' must match (annotation?, (simpleType | complexType)?, (unique | key | keyref)*)). A problem was found starting at: attribute.
2024-08-14 22:01:20,739 [INFO] PluginManage:359 - Loaded plugin pinoutconfig (category:base,tabindex:0)
2024-08-14 22:01:20,739 [INFO] PluginManage:310 - Check plugin power
2024-08-14 22:01:20,746 [INFO] PluginManage:359 - Loaded plugin power (category:power,tabindex:4)
2024-08-14 22:01:20,746 [INFO] PluginManage:310 - Check plugin projectmanager
2024-08-14 22:01:20,756 [INFO] PluginManage:359 - Loaded plugin projectmanager (category:projectmanager,tabindex:3)
2024-08-14 22:01:20,756 [INFO] PluginManage:310 - Check plugin thirdparty
2024-08-14 22:01:20,829 [INFO] PluginManage:359 - Loaded plugin thirdparty (category:base,tabindex:-1)
2024-08-14 22:01:20,829 [WARN] IntegrityCheckThread:84 - waiting for thirdparty lock release [integrity check]
2024-08-14 22:01:20,829 [INFO] PluginManage:310 - Check plugin tools
2024-08-14 22:01:20,829 [INFO] IntegrityCheckThread:86 - entering critical section [integrity check]
2024-08-14 22:01:20,829 [INFO] ThirdPartyUpdaterWithRetryManager:70 - Updater plugin not ready yet. [1/15]
2024-08-14 22:01:20,830 [INFO] PluginManage:359 - Loaded plugin tools (category:base,tabindex:7)
2024-08-14 22:01:20,830 [INFO] PluginManage:310 - Check plugin tutovideos
2024-08-14 22:01:20,964 [INFO] PluginManage:359 - Loaded plugin tutovideos (category:base,tabindex:-1)
2024-08-14 22:01:20,964 [INFO] PluginManage:310 - Check plugin updater
2024-08-14 22:01:20,971 [INFO] PluginManage:359 - Loaded plugin updater (category:base,tabindex:12)
2024-08-14 22:01:20,971 [INFO] PluginManage:310 - Check plugin userauth
2024-08-14 22:01:20,975 [INFO] UserAuth:114 - Init User Auth plugin
2024-08-14 22:01:20,975 [INFO] PluginManage:359 - Loaded plugin userauth (category:base,tabindex:14)
2024-08-14 22:01:20,976 [INFO] PluginManage:283 - PluginManage : Loaded plugins [17]
2024-08-14 22:01:21,104 [INFO] PinOutPanel:1561 - setPackage(No Configuration,No Configuration)
2024-08-14 22:01:21,142 [INFO] CADModel:165 - CPN selected for project level
2024-08-14 22:01:21,143 [INFO] CADModel:114 - Register for checkConnection events
2024-08-14 22:01:21,151 [INFO] IPUIPlugin:80 - create IPUIPlugin
2024-08-14 22:01:21,152 [INFO] PluginManager:220 - loadIPPluginJar : add dma
2024-08-14 22:01:21,156 [INFO] IPUIPlugin:80 - create IPUIPlugin
2024-08-14 22:01:21,156 [INFO] PluginManager:220 - loadIPPluginJar : add linkedlist
2024-08-14 22:01:21,159 [INFO] IPUIPlugin:80 - create IPUIPlugin
2024-08-14 22:01:21,159 [INFO] PluginManager:220 - loadIPPluginJar : add tracer_emb
2024-08-14 22:01:21,162 [INFO] IPUIPlugin:80 - create IPUIPlugin
2024-08-14 22:01:21,162 [INFO] PluginManager:220 - loadIPPluginJar : add ipddr
2024-08-14 22:01:21,164 [INFO] IPUIPlugin:80 - create IPUIPlugin
2024-08-14 22:01:21,164 [INFO] PluginManager:220 - loadIPPluginJar : add i2c
2024-08-14 22:01:21,168 [INFO] IPUIPlugin:80 - create IPUIPlugin
2024-08-14 22:01:21,168 [INFO] PluginManager:220 - loadIPPluginJar : add mdma
2024-08-14 22:01:21,170 [INFO] IPUIPlugin:80 - create IPUIPlugin
2024-08-14 22:01:21,170 [INFO] PluginManager:220 - loadIPPluginJar : add usart
2024-08-14 22:01:21,172 [INFO] IPUIPlugin:80 - create IPUIPlugin
2024-08-14 22:01:21,172 [INFO] PluginManager:220 - loadIPPluginJar : add gfxmmu
2024-08-14 22:01:21,174 [INFO] IPUIPlugin:80 - create IPUIPlugin
2024-08-14 22:01:21,174 [INFO] PluginManager:220 - loadIPPluginJar : add usbx
2024-08-14 22:01:21,174 [INFO] IPUIPlugin:80 - create IPUIPlugin
2024-08-14 22:01:21,175 [INFO] PluginManager:220 - loadIPPluginJar : add tsc
2024-08-14 22:01:21,176 [INFO] IPUIPlugin:80 - create IPUIPlugin
2024-08-14 22:01:21,176 [INFO] PluginManager:220 - loadIPPluginJar : add dma3
2024-08-14 22:01:21,180 [INFO] IPUIPlugin:80 - create IPUIPlugin
2024-08-14 22:01:21,180 [INFO] PluginManager:220 - loadIPPluginJar : add fmc
2024-08-14 22:01:21,181 [INFO] IPUIPlugin:80 - create IPUIPlugin
2024-08-14 22:01:21,181 [INFO] PluginManager:220 - loadIPPluginJar : add extmemmanager
2024-08-14 22:01:21,182 [INFO] IPUIPlugin:80 - create IPUIPlugin
2024-08-14 22:01:21,182 [INFO] PluginManager:220 - loadIPPluginJar : add comp
2024-08-14 22:01:21,184 [INFO] IPUIPlugin:80 - create IPUIPlugin
2024-08-14 22:01:21,184 [INFO] PluginManager:220 - loadIPPluginJar : add i3c
2024-08-14 22:01:21,185 [INFO] IPUIPlugin:80 - create IPUIPlugin
2024-08-14 22:01:21,185 [INFO] PluginManager:220 - loadIPPluginJar : add gtzc
2024-08-14 22:01:21,187 [INFO] IPUIPlugin:80 - create IPUIPlugin
2024-08-14 22:01:21,187 [INFO] PluginManager:220 - loadIPPluginJar : add touchsensing
2024-08-14 22:01:21,188 [INFO] IPUIPlugin:80 - create IPUIPlugin
2024-08-14 22:01:21,188 [INFO] PluginManager:220 - loadIPPluginJar : add ucpd
2024-08-14 22:01:21,189 [INFO] IPUIPlugin:80 - create IPUIPlugin
2024-08-14 22:01:21,189 [INFO] PluginManager:220 - loadIPPluginJar : add fatfs
2024-08-14 22:01:21,192 [INFO] IPUIPlugin:80 - create IPUIPlugin
2024-08-14 22:01:21,192 [INFO] PluginManager:220 - loadIPPluginJar : add stm32_wpan
2024-08-14 22:01:21,195 [INFO] IPUIPlugin:80 - create IPUIPlugin
2024-08-14 22:01:21,195 [INFO] PluginManager:220 - loadIPPluginJar : add gpio
2024-08-14 22:01:21,197 [INFO] IPUIPlugin:80 - create IPUIPlugin
2024-08-14 22:01:21,197 [INFO] PluginManager:220 - loadIPPluginJar : add i2s
2024-08-14 22:01:21,198 [INFO] IPUIPlugin:80 - create IPUIPlugin
2024-08-14 22:01:21,198 [INFO] PluginManager:220 - loadIPPluginJar : add tim
2024-08-14 22:01:21,202 [INFO] IPUIPlugin:80 - create IPUIPlugin
2024-08-14 22:01:21,202 [INFO] PluginManager:220 - loadIPPluginJar : add adc
2024-08-14 22:01:21,203 [INFO] IPUIPlugin:80 - create IPUIPlugin
2024-08-14 22:01:21,203 [INFO] PluginManager:220 - loadIPPluginJar : add pdm2pcm
2024-08-14 22:01:21,207 [INFO] IPUIPlugin:80 - create IPUIPlugin
2024-08-14 22:01:21,207 [INFO] PluginManager:220 - loadIPPluginJar : add gic
2024-08-14 22:01:21,209 [INFO] IPUIPlugin:80 - create IPUIPlugin
2024-08-14 22:01:21,209 [INFO] PluginManager:220 - loadIPPluginJar : add sai
2024-08-14 22:01:21,210 [INFO] IPUIPlugin:80 - create IPUIPlugin
2024-08-14 22:01:21,210 [INFO] PluginManager:220 - loadIPPluginJar : add spi
2024-08-14 22:01:21,211 [INFO] IPUIPlugin:80 - create IPUIPlugin
2024-08-14 22:01:21,211 [INFO] PluginManager:220 - loadIPPluginJar : add can
2024-08-14 22:01:21,214 [INFO] IPUIPlugin:80 - create IPUIPlugin
2024-08-14 22:01:21,214 [INFO] PluginManager:220 - loadIPPluginJar : add resmgrutility
2024-08-14 22:01:21,214 [INFO] IPUIPlugin:80 - create IPUIPlugin
2024-08-14 22:01:21,215 [INFO] PluginManager:220 - loadIPPluginJar : add quadspi
2024-08-14 22:01:21,228 [INFO] IPUIPlugin:80 - create IPUIPlugin
2024-08-14 22:01:21,229 [INFO] PluginManager:220 - loadIPPluginJar : add freertos
2024-08-14 22:01:21,230 [INFO] IPUIPlugin:80 - create IPUIPlugin
2024-08-14 22:01:21,230 [INFO] PluginManager:220 - loadIPPluginJar : add ts
2024-08-14 22:01:21,231 [INFO] IPUIPlugin:80 - create IPUIPlugin
2024-08-14 22:01:21,231 [INFO] PluginManager:220 - loadIPPluginJar : add aes
2024-08-14 22:01:21,234 [INFO] IPUIPlugin:80 - create IPUIPlugin
2024-08-14 22:01:21,234 [INFO] PluginManager:220 - loadIPPluginJar : add nvic
2024-08-14 22:01:21,236 [INFO] IPUIPlugin:80 - create IPUIPlugin
2024-08-14 22:01:21,236 [INFO] PluginManager:220 - loadIPPluginJar : add openamp
2024-08-14 22:01:21,238 [INFO] IPUIPlugin:80 - create IPUIPlugin
2024-08-14 22:01:21,238 [INFO] PluginManager:220 - loadIPPluginJar : add dfsdm
2024-08-14 22:01:21,239 [INFO] IPUIPlugin:80 - create IPUIPlugin
2024-08-14 22:01:21,239 [INFO] PluginManager:220 - loadIPPluginJar : add lorawan
2024-08-14 22:01:21,240 [INFO] IPUIPlugin:80 - create IPUIPlugin
2024-08-14 22:01:21,240 [INFO] PluginManager:220 - loadIPPluginJar : add genericplugin
2024-08-14 22:01:21,242 [INFO] IPUIPlugin:80 - create IPUIPlugin
2024-08-14 22:01:21,242 [INFO] PluginManager:220 - loadIPPluginJar : add hash
2024-08-14 22:01:21,247 [INFO] IPUIPlugin:80 - create IPUIPlugin
2024-08-14 22:01:21,247 [INFO] PluginManager:220 - loadIPPluginJar : add ltdc
2024-08-14 22:01:21,252 [INFO] IPUIPlugin:80 - create IPUIPlugin
2024-08-14 22:01:21,254 [INFO] PluginManager:220 - loadIPPluginJar : add plateformsettings
2024-08-14 22:01:21,255 [INFO] IPUIPlugin:80 - create IPUIPlugin
2024-08-14 22:01:21,255 [INFO] PluginManager:220 - loadIPPluginJar : add cryp
2024-08-14 22:01:21,257 [INFO] IPUIPlugin:80 - create IPUIPlugin
2024-08-14 22:01:21,257 [INFO] PluginManager:220 - loadIPPluginJar : add opamp
2024-08-14 22:01:21,351 [INFO] CADModel:165 - CPN selected for project level
2024-08-14 22:01:21,351 [INFO] CADModel:114 - Register for checkConnection events
2024-08-14 22:01:21,351 [FATAL] Updater:308 - Updater called before beeing initialized
2024-08-14 22:01:21,351 [ERROR] CADModel:125 - Updater not yet initialized, retry later 
2024-08-14 22:01:21,434 [INFO] CADModel:165 - CPN selected for project level
2024-08-14 22:01:21,434 [INFO] CADModel:114 - Register for checkConnection events
2024-08-14 22:01:21,434 [FATAL] Updater:308 - Updater called before beeing initialized
2024-08-14 22:01:21,434 [ERROR] CADModel:125 - Updater not yet initialized, retry later 
2024-08-14 22:01:21,437 [FATAL] Updater:308 - Updater called before beeing initialized
2024-08-14 22:01:21,491 [FATAL] Updater:308 - Updater called before beeing initialized
2024-08-14 22:01:21,494 [INFO] DbMcusAds:53 - JSON generation date=Thu May 16 16:22:00 WIB 2024 (1715851320667)
2024-08-14 22:01:21,494 [FATAL] Updater:308 - Updater called before beeing initialized
2024-08-14 22:01:21,520 [WARN] DetailPanel:346 - Failed to get advertising image, set to default
2024-08-14 22:01:21,589 [FATAL] Updater:308 - Updater called before beeing initialized
2024-08-14 22:01:21,591 [FATAL] Updater:308 - Updater called before beeing initialized
2024-08-14 22:01:21,591 [FATAL] Updater:308 - Updater called before beeing initialized
2024-08-14 22:01:21,591 [WARN] DetailPanel:346 - Failed to get advertising image, set to default
2024-08-14 22:01:21,591 [FATAL] Updater:308 - Updater called before beeing initialized
2024-08-14 22:01:21,613 [ERROR] Updater:1120 - MainUpdater not yet initialized. External WinMGr cannot be set.
2024-08-14 22:01:21,614 [INFO] Updater:1056 - Updater Version found : 6.11.1
2024-08-14 22:01:21,627 [INFO] ApplicationProperties:184 - Using Application install path: /opt/st/stm32cubeide_1.15.1/plugins/com.st.stm32cube.common.mx_6.11.1.202404110753
2024-08-14 22:01:21,834 [INFO] MainUpdater:2873 - connection check result : 10
2024-08-14 22:01:21,835 [INFO] MainUpdater:290 - Updater Check For Update Now.
2024-08-14 22:01:21,835 [INFO] MicroXplorer:498 - Change Database Version : DB.6.0.111
2024-08-14 22:01:21,838 [INFO] McuFinderGlobals:63 - Set McuFinder mode to 2 (CubeIDE integrated)
2024-08-14 22:01:21,842 [INFO] UserAuth:415 - Internet connection configuration mode: 1
2024-08-14 22:01:21,854 [INFO] JxBrowserEngine:152 - Initiate JxBrowser Engine with user profile folder
2024-08-14 22:01:21,986 [INFO] CheckServerUpdateThread:120 - End of CheckServer Thread
2024-08-14 22:01:23,512 [INFO] WebApp:161 - Instantiating new browser for Auth
2024-08-14 22:01:23,912 [WARN] PackLoader:240 - Cannot read IP mode file for STMicroelectronics.X-CUBE-SMBUS.2.1.0
2024-08-14 22:01:23,934 [WARN] PackLoader:240 - Cannot read IP mode file for STMicroelectronics.X-CUBE-AZRTOS-F7.1.1.0
2024-08-14 22:01:23,941 [WARN] PackLoader:240 - Cannot read IP mode file for STMicroelectronics.FP-SNS-FLIGHT1.5.0.2
2024-08-14 22:01:23,947 [WARN] PackLoader:240 - Cannot read IP mode file for STMicroelectronics.X-CUBE-DISPLAY.3.0.0
2024-08-14 22:01:23,962 [WARN] PackLoader:240 - Cannot read IP mode file for STMicroelectronics.X-CUBE-BLE1.7.0.0
2024-08-14 22:01:23,967 [WARN] PackLoader:240 - Cannot read IP mode file for emotas.I-CUBE-CANOPEN.1.3.0
2024-08-14 22:01:23,988 [WARN] PackLoader:240 - Cannot read IP mode file for STMicroelectronics.X-CUBE-BLEMGR.3.1.0
2024-08-14 22:01:23,997 [WARN] PackLoader:240 - Cannot read IP mode file for STMicroelectronics.FP-SNS-SMARTAG2.1.2.0
2024-08-14 22:01:24,011 [INFO] LogOutputStream:77 - [STDOUT_REDIRECT] 1 : Invalid condition id : UX_CORESTACK_Condition cause : null
2024-08-14 22:01:24,011 [INFO] LogOutputStream:77 - [STDOUT_REDIRECT] 1 : Invalid condition id : UX_CORESTACK_Condition cause : null
2024-08-14 22:01:24,011 [INFO] LogOutputStream:77 - [STDOUT_REDIRECT] 1 : Invalid condition id : UX_CORESTACK_Condition cause : null
2024-08-14 22:01:24,012 [INFO] LogOutputStream:77 - [STDOUT_REDIRECT] 1 : Invalid condition id : UX_CORESTACK_Condition cause : null
2024-08-14 22:01:24,012 [INFO] LogOutputStream:77 - [STDOUT_REDIRECT] 1 : Invalid condition id : UX_CORESTACK_Condition cause : null
2024-08-14 22:01:24,017 [WARN] PackLoader:240 - Cannot read IP mode file for STMicroelectronics.X-CUBE-AZRTOS-WL.2.0.0
2024-08-14 22:01:24,026 [WARN] PackLoader:240 - Cannot read IP mode file for WES.I-CUBE-Cesium.1.3.0
2024-08-14 22:01:24,030 [WARN] PackLoader:240 - Cannot read IP mode file for STMicroelectronics.X-CUBE-BLE2.3.3.0
2024-08-14 22:01:24,051 [WARN] PackLoader:240 - Cannot read IP mode file for STMicroelectronics.X-CUBE-AZRTOS-G0.1.1.0
2024-08-14 22:01:24,059 [WARN] PackLoader:240 - Cannot read IP mode file for STMicroelectronics.X-CUBE-NFC4.3.0.0
2024-08-14 22:01:24,068 [WARN] PackLoader:240 - Cannot read IP mode file for EmbeddedOffice.I-CUBE-FS-RTOS.1.0.1
2024-08-14 22:01:24,068 [ERROR] ConditionMgr:805 - Attr not supported : Dmpu
2024-08-14 22:01:24,068 [ERROR] ConditionMgr:805 - Attr not supported : Dmpu
2024-08-14 22:01:24,069 [ERROR] ConditionMgr:805 - Attr not supported : Dmpu
2024-08-14 22:01:24,069 [ERROR] ConditionMgr:805 - Attr not supported : Dmpu
2024-08-14 22:01:24,069 [ERROR] ConditionMgr:805 - Attr not supported : Dmpu
2024-08-14 22:01:24,069 [ERROR] ConditionMgr:805 - Attr not supported : Dmpu
2024-08-14 22:01:24,069 [ERROR] ConditionMgr:805 - Attr not supported : Dmpu
2024-08-14 22:01:24,069 [ERROR] ConditionMgr:805 - Attr not supported : Dmpu
2024-08-14 22:01:24,069 [ERROR] ConditionMgr:805 - Attr not supported : Dmpu
2024-08-14 22:01:24,069 [ERROR] ConditionMgr:805 - Attr not supported : Dmpu
2024-08-14 22:01:24,069 [ERROR] ConditionMgr:805 - Attr not supported : Dmpu
2024-08-14 22:01:24,069 [ERROR] ConditionMgr:805 - Attr not supported : Dmpu
2024-08-14 22:01:24,069 [ERROR] ConditionMgr:805 - Attr not supported : Dmpu
2024-08-14 22:01:24,069 [ERROR] ConditionMgr:805 - Attr not supported : Dmpu
2024-08-14 22:01:24,069 [ERROR] ConditionMgr:805 - Attr not supported : Dmpu
2024-08-14 22:01:24,069 [ERROR] ConditionMgr:805 - Attr not supported : Dmpu
2024-08-14 22:01:24,069 [ERROR] ConditionMgr:805 - Attr not supported : Dmpu
2024-08-14 22:01:24,070 [ERROR] ConditionMgr:805 - Attr not supported : Dmpu
2024-08-14 22:01:24,070 [ERROR] ConditionMgr:805 - Attr not supported : Dmpu
2024-08-14 22:01:24,070 [ERROR] ConditionMgr:805 - Attr not supported : Dmpu
2024-08-14 22:01:24,070 [ERROR] ConditionMgr:805 - Attr not supported : Dmpu
2024-08-14 22:01:24,070 [ERROR] ConditionMgr:805 - Attr not supported : Dmpu
2024-08-14 22:01:24,070 [ERROR] ConditionMgr:805 - Attr not supported : Dmpu
2024-08-14 22:01:24,070 [ERROR] ConditionMgr:805 - Attr not supported : Dmpu
2024-08-14 22:01:24,070 [ERROR] ConditionMgr:805 - Attr not supported : Dmpu
2024-08-14 22:01:24,070 [ERROR] ConditionMgr:805 - Attr not supported : Dmpu
2024-08-14 22:01:24,070 [ERROR] ConditionMgr:805 - Attr not supported : Dmpu
2024-08-14 22:01:24,070 [ERROR] ConditionMgr:805 - Attr not supported : Dmpu
2024-08-14 22:01:24,070 [ERROR] ConditionMgr:805 - Attr not supported : Dmpu
2024-08-14 22:01:24,070 [ERROR] ConditionMgr:805 - Attr not supported : Dmpu
2024-08-14 22:01:24,070 [ERROR] ConditionMgr:805 - Attr not supported : Dmpu
2024-08-14 22:01:24,070 [ERROR] ConditionMgr:805 - Attr not supported : Dmpu
2024-08-14 22:01:24,070 [ERROR] ConditionMgr:805 - Attr not supported : Dmpu
2024-08-14 22:01:24,070 [ERROR] ConditionMgr:805 - Attr not supported : Dmpu
2024-08-14 22:01:24,070 [ERROR] ConditionMgr:805 - Attr not supported : Dmpu
2024-08-14 22:01:24,070 [ERROR] ConditionMgr:805 - Attr not supported : Dmpu
2024-08-14 22:01:24,070 [ERROR] ConditionMgr:805 - Attr not supported : Dmpu
2024-08-14 22:01:24,071 [ERROR] ConditionMgr:805 - Attr not supported : Dmpu
2024-08-14 22:01:24,071 [ERROR] ConditionMgr:805 - Attr not supported : Dmpu
2024-08-14 22:01:24,071 [ERROR] ConditionMgr:805 - Attr not supported : Dmpu
2024-08-14 22:01:24,071 [ERROR] ConditionMgr:805 - Attr not supported : Dmpu
2024-08-14 22:01:24,071 [ERROR] ConditionMgr:805 - Attr not supported : Dmpu
2024-08-14 22:01:24,071 [ERROR] ConditionMgr:805 - Attr not supported : Dmpu
2024-08-14 22:01:24,071 [ERROR] ConditionMgr:805 - Attr not supported : Dmpu
2024-08-14 22:01:24,071 [ERROR] ConditionMgr:805 - Attr not supported : Dmpu
2024-08-14 22:01:24,071 [ERROR] ConditionMgr:805 - Attr not supported : Dmpu
2024-08-14 22:01:24,071 [ERROR] ConditionMgr:805 - Attr not supported : Dmpu
2024-08-14 22:01:24,071 [ERROR] ConditionMgr:805 - Attr not supported : Dmpu
2024-08-14 22:01:24,071 [ERROR] ConditionMgr:805 - Attr not supported : Dmpu
2024-08-14 22:01:24,071 [ERROR] ConditionMgr:805 - Attr not supported : Dmpu
2024-08-14 22:01:24,071 [ERROR] ConditionMgr:805 - Attr not supported : Dmpu
2024-08-14 22:01:24,071 [ERROR] ConditionMgr:805 - Attr not supported : Dmpu
2024-08-14 22:01:24,071 [ERROR] ConditionMgr:805 - Attr not supported : Dmpu
2024-08-14 22:01:24,072 [ERROR] ConditionMgr:805 - Attr not supported : Dmpu
2024-08-14 22:01:24,072 [ERROR] ConditionMgr:805 - Attr not supported : Dmpu
2024-08-14 22:01:24,072 [ERROR] ConditionMgr:805 - Attr not supported : Dmpu
2024-08-14 22:01:24,072 [ERROR] ConditionMgr:805 - Attr not supported : Dmpu
2024-08-14 22:01:24,072 [ERROR] ConditionMgr:805 - Attr not supported : Dmpu
2024-08-14 22:01:24,072 [ERROR] ConditionMgr:805 - Attr not supported : Dmpu
2024-08-14 22:01:24,072 [ERROR] ConditionMgr:805 - Attr not supported : Dmpu
2024-08-14 22:01:24,072 [ERROR] ConditionMgr:805 - Attr not supported : Dmpu
2024-08-14 22:01:24,072 [ERROR] ConditionMgr:805 - Attr not supported : Dmpu
2024-08-14 22:01:24,072 [ERROR] ConditionMgr:805 - Attr not supported : Dmpu
2024-08-14 22:01:24,072 [ERROR] ConditionMgr:805 - Attr not supported : Dmpu
2024-08-14 22:01:24,077 [WARN] PackLoader:240 - Cannot read IP mode file for STMicroelectronics.FP-ATR-SIGFOX1.3.2.0
2024-08-14 22:01:24,081 [WARN] PackLoader:240 - Cannot read IP mode file for STMicroelectronics.X-CUBE-EEPRMA1.5.1.0
2024-08-14 22:01:24,087 [WARN] PackLoader:240 - Cannot read IP mode file for ITTIA_DB.I-CUBE-ITTIADB.8.9.0
2024-08-14 22:01:24,112 [WARN] PackLoader:240 - Cannot read IP mode file for SEGGER.I-CUBE-embOS.1.3.1
2024-08-14 22:01:24,150 [WARN] PackLoader:240 - Cannot read IP mode file for STMicroelectronics.X-CUBE-GNSS1.6.0.0
2024-08-14 22:01:24,167 [WARN] PackLoader:240 - Cannot read IP mode file for STMicroelectronics.X-CUBE-AZRTOS-F4.1.1.0
2024-08-14 22:01:24,186 [WARN] PackLoader:240 - Cannot read IP mode file for STMicroelectronics.X-CUBE-AZRTOS-L5.2.0.0
2024-08-14 22:01:24,194 [WARN] PackLoader:240 - Cannot read IP mode file for STMicroelectronics.X-CUBE-NFC7.1.0.1
2024-08-14 22:01:24,220 [WARN] ConditionMgr:438 - getConditionDescription Invalid condition id : LAN8742 Phy interface Condition cause : null
2024-08-14 22:01:24,221 [WARN] PackLoader:240 - Cannot read IP mode file for STMicroelectronics.X-CUBE-AZRTOS-L4.2.0.0
2024-08-14 22:01:24,223 [WARN] ConditionMgr:1039 - genDependencies : Invalid condition id : LAN8742 Phy interface Condition cause : null
2024-08-14 22:01:24,224 [WARN] ConditionMgr:1039 - genDependencies : Invalid condition id : LAN8742 Phy interface Condition cause : null
2024-08-14 22:01:24,224 [WARN] ConditionMgr:1039 - genDependencies : Invalid condition id : LAN8742 Phy interface Condition cause : null
2024-08-14 22:01:24,233 [WARN] PackLoader:240 - Cannot read IP mode file for STMicroelectronics.X-CUBE-SFXS2LP1.4.0.0
2024-08-14 22:01:24,271 [WARN] PackLoader:240 - Cannot read IP mode file for STMicroelectronics.X-CUBE-AZRTOS-H7.3.3.0
2024-08-14 22:01:24,292 [WARN] ConditionMgr:438 - getConditionDescription Invalid condition id : UX DEVICE CLASS RTOS Condition cause : null
2024-08-14 22:01:24,292 [WARN] ConditionMgr:438 - getConditionDescription Invalid condition id : UX DEVICE CLASS RTOS Condition cause : null
2024-08-14 22:01:24,294 [WARN] PackLoader:240 - Cannot read IP mode file for STMicroelectronics.X-CUBE-AZRTOS-WB.2.0.0
2024-08-14 22:01:24,294 [WARN] ConditionMgr:1039 - genDependencies : Invalid condition id : UX DEVICE CLASS RTOS Condition cause : null
2024-08-14 22:01:24,294 [WARN] ConditionMgr:1039 - genDependencies : Invalid condition id : UX DEVICE CLASS RTOS Condition cause : null
2024-08-14 22:01:24,294 [WARN] ConditionMgr:1039 - genDependencies : Invalid condition id : UX DEVICE CLASS RTOS Condition cause : null
2024-08-14 22:01:24,295 [WARN] ConditionMgr:1039 - genDependencies : Invalid condition id : UX DEVICE CLASS RTOS Condition cause : null
2024-08-14 22:01:24,295 [WARN] ConditionMgr:1039 - genDependencies : Invalid condition id : UX DEVICE CLASS RTOS Condition cause : null
2024-08-14 22:01:24,299 [WARN] PackLoader:240 - Cannot read IP mode file for STMicroelectronics.FP-SNS-STBOX1.2.0.0
2024-08-14 22:01:24,307 [WARN] PackLoader:240 - Cannot read IP mode file for STMicroelectronics.X-CUBE-SUBG2.5.0.0
2024-08-14 22:01:24,312 [WARN] PackLoader:240 - Cannot read IP mode file for Cesanta.I-CUBE-Mongoose.7.13.0
2024-08-14 22:01:24,321 [WARN] PackLoader:240 - Cannot read IP mode file for STMicroelectronics.X-CUBE-AZRTOS-G4.2.0.0
2024-08-14 22:01:24,325 [WARN] PackLoader:240 - Cannot read IP mode file for STMicroelectronics.X-CUBE-ISPU.2.0.0
2024-08-14 22:01:24,352 [WARN] PackLoader:240 - Cannot read IP mode file for STMicroelectronics.X-CUBE-MEMS1.10.0.0
2024-08-14 22:01:24,458 [INFO] WebApp:779 - Register for checkConnection events
2024-08-14 22:01:24,458 [INFO] WebApp:414 - Apply proxy settings
2024-08-14 22:01:24,459 [INFO] WebApp:499 - Chromium requires no authentication
2024-08-14 22:01:24,463 [INFO] WebApp:442 - Direct internet connection detected
2024-08-14 22:01:24,474 [WARN] PackLoader:240 - Cannot read IP mode file for portGmbH.I-Cube-SoM-uGOAL.1.1.0
2024-08-14 22:01:24,476 [WARN] PackLoader:240 - Cannot read IP mode file for STMicroelectronics.FP-ATR-ASTRA1.2.0.0
2024-08-14 22:01:24,482 [WARN] PackLoader:240 - Cannot read IP mode file for STMicroelectronics.X-CUBE-TOF1.3.4.2
2024-08-14 22:01:24,495 [WARN] PackLoader:240 - Cannot read IP mode file for STMicroelectronics.X-CUBE-TOF1.3.4.1
2024-08-14 22:01:24,518 [WARN] PackLoader:240 - Cannot read IP mode file for STMicroelectronics.X-CUBE-AZRTOS-H7.3.2.0
2024-08-14 22:01:24,533 [WARN] PackLoader:240 - Cannot read IP mode file for Infineon.AIROC-Wi-Fi-Bluetooth-STM32.1.6.0
2024-08-14 22:01:24,540 [WARN] PackLoader:240 - Cannot read IP mode file for wolfSSL.I-CUBE-wolfSSH.1.4.17
2024-08-14 22:01:24,540 [INFO] ThirdParty:978 - Integrity check success = true
2024-08-14 22:01:24,540 [INFO] IntegrityCheckThread:100 - exiting critical section [integrity check]
2024-08-14 22:01:24,541 [INFO] IntegrityCheckThread:103 - End integrity checks thread
2024-08-14 22:01:24,610 [INFO] WebApp:192 - Starting web application
2024-08-14 22:01:24,610 [INFO] WebApp:544 - Web application path used /opt/st/stm32cubeide_1.15.1/plugins/com.st.stm32cube.common.mx_6.11.1.202404110753/db/plugins/mcufinder/reactClient1/index.html
2024-08-14 22:06:38,466 [INFO] McuFinderGlobals:63 - Set McuFinder mode to 2 (CubeIDE integrated)
2024-08-14 22:06:38,472 [INFO] MainUpdater:2873 - connection check result : 10
2024-08-14 22:06:38,473 [INFO] MainUpdater:2873 - connection check result : 10
2024-08-14 22:06:38,499 [INFO] MicroXplorer:468 - Change Database Path : 
2024-08-14 22:06:38,499 [INFO] MicroXplorer:498 - Change Database Version : DB.6.0.111
2024-08-14 22:06:38,502 [WARN] ThirdParty:871 - waiting for thirdparty lock release [close project]
2024-08-14 22:06:38,502 [INFO] ThirdParty:873 - entering critical section [close project]
2024-08-14 22:06:38,502 [INFO] ThirdParty:883 - exiting critical section [close project]
2024-08-14 22:06:38,504 [INFO] PinOutPanel:1561 - setPackage(No Configuration,No Configuration)
2024-08-14 22:06:38,506 [INFO] UtilMem:75 - Begin LoadConfig() Used Memory: 770230200 Bytes (960495616)
2024-08-14 22:06:38,507 [INFO] MicroXplorer:468 - Change Database Path : 
2024-08-14 22:06:38,507 [INFO] MicroXplorer:498 - Change Database Version : DB.6.0.111
2024-08-14 22:06:38,507 [INFO] OpenFileManager:312 - Change cursor
2024-08-14 22:06:38,536 [INFO] Mcu:2021 - Initializing MCU STM32F103C(8-B)Tx STM32F103C8Tx STM32F103C8T6
2024-08-14 22:06:39,222 [INFO] Context:663 - Trying to add GPIOservice into a context  which must be forbidden
2024-08-14 22:06:39,516 [INFO] RtosManager:555 - Registered RTOS mode: class=CMSIS, group=RTOS, mode=CMSIS_V1, owner=FREERTOS
2024-08-14 22:06:39,516 [INFO] RtosManager:555 - Registered RTOS mode: class=CMSIS, group=RTOS2, mode=CMSIS_V2, owner=FREERTOS
2024-08-14 22:06:39,517 [INFO] RtosManager:555 - Registered RTOS mode: class=RTOS, group=Core, mode=CMSIS_V1, owner=FREERTOS
2024-08-14 22:06:39,517 [INFO] RtosManager:555 - Registered RTOS mode: class=RTOS, group=Core, mode=CMSIS_V2, owner=FREERTOS
2024-08-14 22:06:39,517 [WARN] ModelIntegratedComponent:184 - Missing modes for component STMicroelectronics:FreeRTOS:0.0.1:STMicroelectronics:RTOS:FreeRTOS:Core:::10.2.0:
2024-08-14 22:06:39,529 [WARN] ModelIntegratedComponent:63 - No mode defined for component null
2024-08-14 22:06:39,529 [WARN] ModelIntegratedComponent:63 - No mode defined for component null
2024-08-14 22:06:39,529 [WARN] ModelIntegratedComponent:63 - No mode defined for component null
2024-08-14 22:06:39,529 [WARN] ModelIntegratedComponent:63 - No mode defined for component null
2024-08-14 22:06:39,529 [WARN] ModelIntegratedComponent:63 - No mode defined for component null
2024-08-14 22:06:39,529 [WARN] ModelIntegratedComponent:63 - No mode defined for component null
2024-08-14 22:06:39,529 [WARN] ModelIntegratedComponent:63 - No mode defined for component null
2024-08-14 22:06:39,529 [WARN] ModelIntegratedComponent:63 - No mode defined for component null
2024-08-14 22:06:39,529 [WARN] ModelIntegratedComponent:63 - No mode defined for component null
2024-08-14 22:06:39,529 [WARN] ModelIntegratedComponent:63 - No mode defined for component null
2024-08-14 22:06:39,529 [WARN] ModelIntegratedComponent:63 - No mode defined for component null
2024-08-14 22:06:39,529 [WARN] ModelIntegratedComponent:63 - No mode defined for component null
2024-08-14 22:06:39,529 [WARN] ModelIntegratedComponent:63 - No mode defined for component null
2024-08-14 22:06:39,530 [WARN] ModelIntegratedComponent:63 - No mode defined for component null
2024-08-14 22:06:39,530 [WARN] ModelIntegratedComponent:63 - No mode defined for component null
2024-08-14 22:06:39,530 [WARN] ModelIntegratedComponent:63 - No mode defined for component null
2024-08-14 22:06:39,530 [WARN] ModelIntegratedComponent:63 - No mode defined for component null
2024-08-14 22:06:39,530 [WARN] ModelIntegratedComponent:63 - No mode defined for component null
2024-08-14 22:06:39,530 [WARN] ModelIntegratedComponent:63 - No mode defined for component null
2024-08-14 22:06:39,530 [WARN] ModelIntegratedComponent:63 - No mode defined for component null
2024-08-14 22:06:39,530 [WARN] ModelIntegratedComponent:63 - No mode defined for component null
2024-08-14 22:06:39,530 [WARN] ModelIntegratedComponent:63 - No mode defined for component null
2024-08-14 22:06:39,530 [WARN] ModelIntegratedComponent:63 - No mode defined for component null
2024-08-14 22:06:39,530 [WARN] ModelIntegratedComponent:63 - No mode defined for component null
2024-08-14 22:06:39,530 [WARN] ModelIntegratedComponent:63 - No mode defined for component null
2024-08-14 22:06:39,530 [WARN] ModelIntegratedComponent:63 - No mode defined for component null
2024-08-14 22:06:39,530 [WARN] ModelIntegratedComponent:63 - No mode defined for component null
2024-08-14 22:06:39,530 [WARN] ModelIntegratedComponent:63 - No mode defined for component null
2024-08-14 22:06:39,530 [WARN] ModelIntegratedComponent:63 - No mode defined for component null
2024-08-14 22:06:39,530 [WARN] ModelIntegratedComponent:63 - No mode defined for component null
2024-08-14 22:06:39,530 [WARN] ModelIntegratedComponent:63 - No mode defined for component null
2024-08-14 22:06:39,530 [WARN] ModelIntegratedComponent:63 - No mode defined for component null
2024-08-14 22:06:39,531 [WARN] ModelIntegratedComponent:63 - No mode defined for component null
2024-08-14 22:06:39,531 [WARN] ModelIntegratedComponent:63 - No mode defined for component null
2024-08-14 22:06:39,615 [INFO] ThirdPartyModel:298 - Start build external matchings
2024-08-14 22:06:39,887 [INFO] ThirdPartyModel:316 - End build external matchings
2024-08-14 22:06:39,896 [INFO] ImportTextPane:194 - (OptionalMessage_ERROR) IP (RCC) : Parameter (ADCFreqValue) has invalid value (36000000)
2024-08-14 22:06:39,897 [INFO] ImportTextPane:194 - (OptionalMessage_ERROR) IP (RCC) : Invalid parameter (FamilyName)
2024-08-14 22:06:39,897 [INFO] ImportTextPane:194 - (OptionalMessage_ERROR) IP (RCC) : Parameter (MCOFreq_Value) has invalid value (72000000)
2024-08-14 22:06:39,897 [INFO] ImportTextPane:194 - (OptionalMessage_ERROR) IP (RCC) : Parameter (USBFreq_Value) has invalid value (72000000)
2024-08-14 22:06:40,074 [INFO] ApiDb:581 - Connected to CubeFinder SQLite database (/home/wgg/.stmcufinder/plugins/mcufinder/mcu/cube-finder-db.db)
2024-08-14 22:06:40,124 [INFO] ApiDb:668 - CubeFinder database Data Model version=2.1
2024-08-14 22:06:40,125 [INFO] ApiDb:669 - CubeFinder database Configuration version=3.0.39
2024-08-14 22:06:40,125 [INFO] ApiDb:670 - CubeFinder database generation date=2024-06-20 (1718880634)
2024-08-14 22:06:40,125 [INFO] ApiDb:671 - CubeFinder database FW Pack versions=[FP-ATR-ASTRA1_V2.0.0, FP-SNS-FLIGHT1_V5.0.2, FP-SNS-MOTENV1_V5.0.0, FP-SNS-MOTENVWB1_V1.4.0, FP-SNS-SMARTAG2_V1.2.0, STM32Cube_FW_C0_V1.2.0, STM32Cube_FW_F4_V1.28.0, STM32Cube_FW_F7_V1.17.2, STM32Cube_FW_G0_V1.6.2, STM32Cube_FW_G4_V1.6.0, STM32Cube_FW_H5_V1.3.0, STM32Cube_FW_H7RS_V1.1.0, STM32Cube_FW_H7_V1.11.2, STM32Cube_FW_L0_V1.12.2, STM32Cube_FW_L5_V1.5.1, STM32Cube_FW_U0_V1.1.0, STM32Cube_FW_U5_V1.6.0, STM32Cube_FW_WB0_V1.0.0, STM32Cube_FW_WBA_V1.4.0, STM32Cube_FW_WB_V1.20.0, STM32Cube_FW_WL_V1.3.0, X-CUBE-ALGOBUILD_V1.4.0, X-CUBE-ALS_V1.0.2, X-CUBE-AZRTOS-F4_V1.1.0, X-CUBE-AZRTOS-F7_V1.1.0, X-CUBE-AZRTOS-G0_V1.1.0, X-CUBE-AZRTOS-G4_V2.0.0, X-CUBE-AZRTOS-H7RS_V1.0.0, X-CUBE-AZRTOS-H7_V3.2.0, X-CUBE-AZRTOS-L4_V2.0.0, X-CUBE-AZRTOS-L5_V1.1.0, X-CUBE-AZRTOS-WB_V2.0.0, X-CUBE-AZRTOS-WL_V2.0.0, X-CUBE-BLE1_V7.0.0, X-CUBE-BLE2_V3.3.0, X-CUBE-BLEMGR_V3.1.0, X-CUBE-EEPRMA1_V5.1.0, X-CUBE-FREERTOS_V1.2.0, X-CUBE-GNSS1_V6.0.0, X-CUBE-MEMS1_V10.0.0, X-CUBE-NFC4_V3.0.0, X-CUBE-NFC7_V1.0.1, X-CUBE-SFXS2LP1_V4.0.0, X-CUBE-SUBG2_V5.0.0, X-CUBE-TOF1_V3.4.1]
2024-08-14 22:06:40,209 [INFO] DbBoardsSqlite:226 - include board P-NUCLEO-WB55-NUCLEO as a kit item of type 'Nucleo-64'
2024-08-14 22:06:40,209 [INFO] DbBoardsSqlite:226 - include board P-NUCLEO-WB55-USBDONGLE as a kit item of type 'Nucleo USB Dongle'
2024-08-14 22:06:40,210 [INFO] DbBoardsSqlite:226 - include board STEVAL-IDP005V1 as a kit item of type 'Evaluation Board'
2024-08-14 22:06:40,211 [INFO] DbBoardsSqlite:226 - include board STEVAL-IDP005V2 as a kit item of type 'Evaluation Board'
2024-08-14 22:06:40,311 [INFO] ApiDb:240 - Found 483 in-development CPN: [B-G473E-ZEST1S, B-WB1M-WPAN1, B-WL5M-SUBG1, NUCLEO-C031C6, NUCLEO-H503RB, NUCLEO-H533RE, NUCLEO-H563ZI, NUCLEO-H7S3L8, NUCLEO-U031R8, NUCLEO-U083RC, NUCLEO-U545RE-Q, NUCLEO-U5A5ZJ-Q, NUCLEO-WBA52CG, NUCLEO-WBA55CG, STEVAL-PROTEUS1, STEVAL-SMARTAG2, STEVAL-STWINBX1, STM320518-EVAL, STM32C0116-DK, STM32C011D6Y3TR, STM32C011D6Y6TR, STM32C011F4P3, STM32C011F4P6, STM32C011F4U3, STM32C011F4U6TR, STM32C011F6P3, STM32C011F6P6, STM32C011F6U3, STM32C011F6U6TR, STM32C011J4M3, STM32C011J4M6, STM32C011J6M3, STM32C011J6M6, STM32C0316-DK, STM32C031C4T3, STM32C031C4T6, STM32C031C4U3, STM32C031C4U6, STM32C031C6T3, STM32C031C6T6, STM32C031C6U3, STM32C031C6U6, STM32C031F4P3, STM32C031F4P6, STM32C031F6P3, STM32C031F6P6, STM32C031G4U3, STM32C031G4U6, STM32C031G6U3, STM32C031G6U6, STM32C031K4T3, STM32C031K4T6, STM32C031K4U3, STM32C031K4U6, STM32C031K6T3, STM32C031K6T6, STM32C031K6U3, STM32C031K6U6, STM32G071K8TXN, STM32G071K8UXN, STM32G081GBU6N, STM32G081KBT6N, STM32G081KBUXN, STM32G0B1CCT6N, STM32G0B1KCT6, STM32G0B1NEY6TR, STM32G0B1RCT6N, STM32G0C1CCT6, STM32G0C1CCT6N, STM32G0C1CCU6N, STM32G0C1CET6N, STM32G0C1CEU6N, STM32G0C1KCT6, STM32G0C1NEY6TR, STM32G0C1RCI6N, STM32G0C1RCT6N, STM32G0C1REI6N, STM32G0C1RET6N, STM32G0C1VCI6, STM32G0C1VEI6, STM32G471CCT6, STM32G471CCU6, STM32G471CET3, STM32G471CET6, STM32G471CEU3, STM32G471CEU6, STM32G471MCT6, STM32G471MET3, STM32G471MET6, STM32G471MEY6TR, STM32G471QCT6, STM32G471QET3, STM32G471RCT6, STM32G471RET3, STM32G471RET6, STM32G471VCH6, STM32G471VCI6, STM32G471VCT6, STM32G471VEH3, STM32G471VEH6, STM32G471VEI3, STM32G471VEI6, STM32G471VET3, STM32G471VET6, STM32G474CCT6, STM32H503CBT6, STM32H503CBU6, STM32H503EBY6TR, STM32H503KBU6, STM32H503RBT6, STM32H523CCT6, STM32H523CCU6, STM32H523CET6, STM32H523CEU6, STM32H523HEY6TR, STM32H523RCT6, STM32H523RET6, STM32H523VCI6, STM32H523VCT6, STM32H523VEI6, STM32H523VET6, STM32H523ZCJ6, STM32H523ZCT6, STM32H523ZEJ6, STM32H523ZET6, STM32H533CET6, STM32H533CEU6, STM32H533HEY6TR, STM32H533RET6, STM32H533VEI6, STM32H533VET6, STM32H533ZEJ6, STM32H533ZET6, STM32H562AGI6, STM32H562AII6, STM32H562IGK6, STM32H562IGT6, STM32H562IIK6, STM32H562IIT6, STM32H562RGT6, STM32H562RGV6, STM32H562RIT6, STM32H562RIV6, STM32H562VGT6, STM32H562VIT6, STM32H562ZGT6, STM32H562ZIT6, STM32H563AGI6, STM32H563AII3Q, STM32H563AII6, STM32H563IGK6, STM32H563IGT6, STM32H563IIK3Q, STM32H563IIK6, STM32H563IIT3Q, STM32H563IIT6, STM32H563MIY3QTR, STM32H563RGT6, STM32H563RGV6, STM32H563RIT6, STM32H563RIV6, STM32H563VGT6, STM32H563VIT3Q, STM32H563VIT6, STM32H563ZGT6, STM32H563ZIT3Q, STM32H563ZIT6, STM32H573AII3Q, STM32H573AII6, STM32H573I-DK, STM32H573IIK3Q, STM32H573IIK6, STM32H573IIT3Q, STM32H573IIT6, STM32H573MIY3QTR, STM32H573RIT6, STM32H573RIV6, STM32H573VIT3Q, STM32H573VIT6, STM32H573ZIT3Q, STM32H573ZIT6, STM32H7R3A8I6, STM32H7R3I8K6, STM32H7R3I8T6, STM32H7R3L8H6, STM32H7R3L8H6H, STM32H7R3R8V6, STM32H7R3V8H6, STM32H7R3V8T6, STM32H7R3V8Y6, STM32H7R3Z8J6, STM32H7R3Z8T6, STM32H7R7A8I6, STM32H7R7I8K6, STM32H7R7I8T6, STM32H7R7L8H6, STM32H7R7L8H6H, STM32H7R7Z8J6, STM32H7S3A8I6, STM32H7S3I8K6, STM32H7S3I8T6, STM32H7S3L8H6, STM32H7S3L8H6H, STM32H7S3R8V6, STM32H7S3V8H6, STM32H7S3V8T6, STM32H7S3V8Y6, STM32H7S3Z8J6, STM32H7S3Z8T6, STM32H7S78-DK, STM32H7S7A8I6, STM32H7S7I8K6, STM32H7S7I8T6, STM32H7S7L8H6, STM32H7S7L8H6H, STM32H7S7Z8J6, STM32L4R5QGI6STR, STM32MP131AAE3, STM32MP131AAF3, STM32MP131AAG3, STM32MP131CAE3, STM32MP131CAF3, STM32MP131CAG3, STM32MP131DAE7, STM32MP131DAF7, STM32MP131DAG7, STM32MP131FAE7, STM32MP131FAF7, STM32MP131FAG7, STM32MP133AAE3, STM32MP133AAF3, STM32MP133AAG3, STM32MP133CAE3, STM32MP133CAF3, STM32MP133CAG3, STM32MP133DAE7, STM32MP133DAF7, STM32MP133DAG7, STM32MP133FAE7, STM32MP133FAF7, STM32MP133FAG7, STM32MP135AAE3, STM32MP135AAF3, STM32MP135AAG3, STM32MP135CAE3, STM32MP135CAF3, STM32MP135CAG3, STM32MP135DAE7, STM32MP135DAF7, STM32MP135DAG7, STM32MP135F-DK, STM32MP135FAE7, STM32MP135FAF7, STM32MP135FAF7T, STM32MP135FAF7U, STM32MP135FAG7, STM32U031C6T6, STM32U031C6U6, STM32U031C8T6, STM32U031C8U6, STM32U031F4P6, STM32U031F6P6, STM32U031F8P6, STM32U031G6Y6TR, STM32U031G8Y6TR, STM32U031K4U6, STM32U031K6U6, STM32U031K8U6, STM32U031R6I6, STM32U031R6T6, STM32U031R8I6, STM32U031R8T6, STM32U073C8T6, STM32U073C8U6, STM32U073CBT6, STM32U073CBU6, STM32U073CCT6, STM32U073CCU6, STM32U073H8Y6TR, STM32U073HBY6TR, STM32U073HCY6TR, STM32U073K8U6, STM32U073KBU6, STM32U073KCU6, STM32U073M8I6, STM32U073M8T6, STM32U073MBI6, STM32U073MBT6, STM32U073MCI6, STM32U073MCT6, STM32U073R8I6, STM32U073R8T6, STM32U073RBI6, STM32U073RBT6, STM32U073RCI6, STM32U073RCT6, STM32U083C-DK, STM32U083CCT6, STM32U083CCU6, STM32U083HCY6TR, STM32U083KCU6, STM32U083MCI6, STM32U083MCT6, STM32U083RCI6, STM32U083RCT6, STM32U535CBT6, STM32U535CBT6Q, STM32U535CBU6, STM32U535CBU6Q, STM32U535CCT6, STM32U535CCT6Q, STM32U535CCU6, STM32U535CCU6Q, STM32U535CET6, STM32U535CET6Q, STM32U535CEU6, STM32U535CEU6Q, STM32U535JEY6QTR, STM32U535NCY6QTR, STM32U535NEY6QTR, STM32U535RBI6, STM32U535RBI6Q, STM32U535RBT6, STM32U535RBT6Q, STM32U535RCI6, STM32U535RCI6Q, STM32U535RCT6, STM32U535RCT6Q, STM32U535REI6, STM32U535REI6Q, STM32U535RET6, STM32U535RET6Q, STM32U535VCI6, STM32U535VCI6Q, STM32U535VCT6, STM32U535VCT6Q, STM32U535VEI6, STM32U535VEI6Q, STM32U535VET6, STM32U535VET6Q, STM32U545CET6, STM32U545CET6Q, STM32U545CEU6, STM32U545CEU6Q, STM32U545JEY6QTR, STM32U545NEY6QTR, STM32U545REI6, STM32U545REI6Q, STM32U545RET6, STM32U545RET6Q, STM32U545VEI6, STM32U545VEI6Q, STM32U545VET6, STM32U545VET6Q, STM32U595AIH6, STM32U595AIH6Q, STM32U595AJH6, STM32U595AJH6Q, STM32U595QII6, STM32U595QII6Q, STM32U595QJI6, STM32U595QJI6Q, STM32U595RIT6, STM32U595RIT6Q, STM32U595RJT6, STM32U595RJT6Q, STM32U595VIT6, STM32U595VIT6Q, STM32U595VJT6, STM32U595VJT6Q, STM32U595ZIT6, STM32U595ZIT6Q, STM32U595ZIY6QTR, STM32U595ZJT6, STM32U595ZJT6Q, STM32U595ZJY6QTR, STM32U599BJY6QTR, STM32U599NIH6Q, STM32U599NJH6Q, STM32U599VIT6Q, STM32U599VJT6, STM32U599VJT6Q, STM32U599ZIT6Q, STM32U599ZIY6QTR, STM32U599ZJT6Q, STM32U599ZJY6QTR, STM32U5A5AJH6, STM32U5A5AJH6Q, STM32U5A5QII3Q , STM32U5A5QJI6, STM32U5A5QJI6Q, STM32U5A5RJT6, STM32U5A5RJT6Q, STM32U5A5VJT6, STM32U5A5VJT6Q, STM32U5A5ZJT6, STM32U5A5ZJT6Q, STM32U5A5ZJY6QTR, STM32U5A9BJY6QTR, STM32U5A9J-DK, STM32U5A9NJH6Q, STM32U5A9VJT6Q, STM32U5A9ZJT6Q, STM32U5A9ZJY6QTR, STM32U5F7VIT6, STM32U5F7VIT6Q, STM32U5F7VJT6, STM32U5F7VJT6Q, STM32U5F9BJY6QTR, STM32U5F9NJH6Q, STM32U5F9VIT6Q, STM32U5F9VJT6Q, STM32U5F9ZIJ6QTR, STM32U5F9ZIT6Q, STM32U5F9ZJJ6QTR, STM32U5F9ZJT6Q, STM32U5G7VJT6, STM32U5G7VJT6Q, STM32U5G9BJY6QTR, STM32U5G9J-DK1, STM32U5G9J-DK2, STM32U5G9NJH6Q, STM32U5G9VJT6Q, STM32U5G9ZJJ6QTR, STM32U5G9ZJT6Q, STM32WB1MMCH6, STM32WBA50KEU6, STM32WBA50KEU6TR, STM32WBA50KGU6, STM32WBA50KGU6TR, STM32WBA52CEU6, STM32WBA52CEU6TR, STM32WBA52CEU7, STM32WBA52CEU7TR, STM32WBA52CGU6, STM32WBA52CGU6TR, STM32WBA52CGU6U, STM32WBA52CGU7, STM32WBA52CGU7TR, STM32WBA52KEU6, STM32WBA52KEU6TR, STM32WBA52KGU6, STM32WBA52KGU6TR, STM32WBA54CEU6, STM32WBA54CEU6TR, STM32WBA54CEU7, STM32WBA54CEU7TR, STM32WBA54CGU6, STM32WBA54CGU6TR, STM32WBA54CGU7, STM32WBA54CGU7TR, STM32WBA54KEU6, STM32WBA54KEU6TR, STM32WBA54KEU7, STM32WBA54KEU7TR, STM32WBA54KGU6, STM32WBA54KGU6TR, STM32WBA54KGU7, STM32WBA54KGU7TR, STM32WBA55CEU6, STM32WBA55CEU6TR, STM32WBA55CEU7, STM32WBA55CEU7TR, STM32WBA55CGU6, STM32WBA55CGU6TR, STM32WBA55CGU6U, STM32WBA55CGU7, STM32WBA55CGU7TR, STM32WBA55G-DK1, STM32WBA55HEF6, STM32WBA55HEF7, STM32WBA55HGF6, STM32WBA55HGF7, STM32WBA55UEI6, STM32WBA55UEI6TR, STM32WBA55UEI7, STM32WBA55UEI7TR, STM32WBA55UGI6, STM32WBA55UGI6TR, STM32WBA55UGI7, STM32WBA55UGI7TR, STM32WL5MOCH6, STM32WL5MOCH6TR]
2024-08-14 22:06:40,314 [INFO] ApiDb:668 - CubeFinder database Data Model version=2.1
2024-08-14 22:06:40,314 [INFO] ApiDb:669 - CubeFinder database Configuration version=3.0.39
2024-08-14 22:06:40,314 [INFO] ApiDb:670 - CubeFinder database generation date=2024-06-20 (1718880634)
2024-08-14 22:06:40,314 [INFO] ApiDb:671 - CubeFinder database FW Pack versions=[FP-ATR-ASTRA1_V2.0.0, FP-SNS-FLIGHT1_V5.0.2, FP-SNS-MOTENV1_V5.0.0, FP-SNS-MOTENVWB1_V1.4.0, FP-SNS-SMARTAG2_V1.2.0, STM32Cube_FW_C0_V1.2.0, STM32Cube_FW_F4_V1.28.0, STM32Cube_FW_F7_V1.17.2, STM32Cube_FW_G0_V1.6.2, STM32Cube_FW_G4_V1.6.0, STM32Cube_FW_H5_V1.3.0, STM32Cube_FW_H7RS_V1.1.0, STM32Cube_FW_H7_V1.11.2, STM32Cube_FW_L0_V1.12.2, STM32Cube_FW_L5_V1.5.1, STM32Cube_FW_U0_V1.1.0, STM32Cube_FW_U5_V1.6.0, STM32Cube_FW_WB0_V1.0.0, STM32Cube_FW_WBA_V1.4.0, STM32Cube_FW_WB_V1.20.0, STM32Cube_FW_WL_V1.3.0, X-CUBE-ALGOBUILD_V1.4.0, X-CUBE-ALS_V1.0.2, X-CUBE-AZRTOS-F4_V1.1.0, X-CUBE-AZRTOS-F7_V1.1.0, X-CUBE-AZRTOS-G0_V1.1.0, X-CUBE-AZRTOS-G4_V2.0.0, X-CUBE-AZRTOS-H7RS_V1.0.0, X-CUBE-AZRTOS-H7_V3.2.0, X-CUBE-AZRTOS-L4_V2.0.0, X-CUBE-AZRTOS-L5_V1.1.0, X-CUBE-AZRTOS-WB_V2.0.0, X-CUBE-AZRTOS-WL_V2.0.0, X-CUBE-BLE1_V7.0.0, X-CUBE-BLE2_V3.3.0, X-CUBE-BLEMGR_V3.1.0, X-CUBE-EEPRMA1_V5.1.0, X-CUBE-FREERTOS_V1.2.0, X-CUBE-GNSS1_V6.0.0, X-CUBE-MEMS1_V10.0.0, X-CUBE-NFC4_V3.0.0, X-CUBE-NFC7_V1.0.1, X-CUBE-SFXS2LP1_V4.0.0, X-CUBE-SUBG2_V5.0.0, X-CUBE-TOF1_V3.4.1]
2024-08-14 22:06:42,372 [INFO] ApiDb:240 - Found 483 in-development CPN: [B-G473E-ZEST1S, B-WB1M-WPAN1, B-WL5M-SUBG1, NUCLEO-C031C6, NUCLEO-H503RB, NUCLEO-H533RE, NUCLEO-H563ZI, NUCLEO-H7S3L8, NUCLEO-U031R8, NUCLEO-U083RC, NUCLEO-U545RE-Q, NUCLEO-U5A5ZJ-Q, NUCLEO-WBA52CG, NUCLEO-WBA55CG, STEVAL-PROTEUS1, STEVAL-SMARTAG2, STEVAL-STWINBX1, STM320518-EVAL, STM32C0116-DK, STM32C011D6Y3TR, STM32C011D6Y6TR, STM32C011F4P3, STM32C011F4P6, STM32C011F4U3, STM32C011F4U6TR, STM32C011F6P3, STM32C011F6P6, STM32C011F6U3, STM32C011F6U6TR, STM32C011J4M3, STM32C011J4M6, STM32C011J6M3, STM32C011J6M6, STM32C0316-DK, STM32C031C4T3, STM32C031C4T6, STM32C031C4U3, STM32C031C4U6, STM32C031C6T3, STM32C031C6T6, STM32C031C6U3, STM32C031C6U6, STM32C031F4P3, STM32C031F4P6, STM32C031F6P3, STM32C031F6P6, STM32C031G4U3, STM32C031G4U6, STM32C031G6U3, STM32C031G6U6, STM32C031K4T3, STM32C031K4T6, STM32C031K4U3, STM32C031K4U6, STM32C031K6T3, STM32C031K6T6, STM32C031K6U3, STM32C031K6U6, STM32G071K8TXN, STM32G071K8UXN, STM32G081GBU6N, STM32G081KBT6N, STM32G081KBUXN, STM32G0B1CCT6N, STM32G0B1KCT6, STM32G0B1NEY6TR, STM32G0B1RCT6N, STM32G0C1CCT6, STM32G0C1CCT6N, STM32G0C1CCU6N, STM32G0C1CET6N, STM32G0C1CEU6N, STM32G0C1KCT6, STM32G0C1NEY6TR, STM32G0C1RCI6N, STM32G0C1RCT6N, STM32G0C1REI6N, STM32G0C1RET6N, STM32G0C1VCI6, STM32G0C1VEI6, STM32G471CCT6, STM32G471CCU6, STM32G471CET3, STM32G471CET6, STM32G471CEU3, STM32G471CEU6, STM32G471MCT6, STM32G471MET3, STM32G471MET6, STM32G471MEY6TR, STM32G471QCT6, STM32G471QET3, STM32G471RCT6, STM32G471RET3, STM32G471RET6, STM32G471VCH6, STM32G471VCI6, STM32G471VCT6, STM32G471VEH3, STM32G471VEH6, STM32G471VEI3, STM32G471VEI6, STM32G471VET3, STM32G471VET6, STM32G474CCT6, STM32H503CBT6, STM32H503CBU6, STM32H503EBY6TR, STM32H503KBU6, STM32H503RBT6, STM32H523CCT6, STM32H523CCU6, STM32H523CET6, STM32H523CEU6, STM32H523HEY6TR, STM32H523RCT6, STM32H523RET6, STM32H523VCI6, STM32H523VCT6, STM32H523VEI6, STM32H523VET6, STM32H523ZCJ6, STM32H523ZCT6, STM32H523ZEJ6, STM32H523ZET6, STM32H533CET6, STM32H533CEU6, STM32H533HEY6TR, STM32H533RET6, STM32H533VEI6, STM32H533VET6, STM32H533ZEJ6, STM32H533ZET6, STM32H562AGI6, STM32H562AII6, STM32H562IGK6, STM32H562IGT6, STM32H562IIK6, STM32H562IIT6, STM32H562RGT6, STM32H562RGV6, STM32H562RIT6, STM32H562RIV6, STM32H562VGT6, STM32H562VIT6, STM32H562ZGT6, STM32H562ZIT6, STM32H563AGI6, STM32H563AII3Q, STM32H563AII6, STM32H563IGK6, STM32H563IGT6, STM32H563IIK3Q, STM32H563IIK6, STM32H563IIT3Q, STM32H563IIT6, STM32H563MIY3QTR, STM32H563RGT6, STM32H563RGV6, STM32H563RIT6, STM32H563RIV6, STM32H563VGT6, STM32H563VIT3Q, STM32H563VIT6, STM32H563ZGT6, STM32H563ZIT3Q, STM32H563ZIT6, STM32H573AII3Q, STM32H573AII6, STM32H573I-DK, STM32H573IIK3Q, STM32H573IIK6, STM32H573IIT3Q, STM32H573IIT6, STM32H573MIY3QTR, STM32H573RIT6, STM32H573RIV6, STM32H573VIT3Q, STM32H573VIT6, STM32H573ZIT3Q, STM32H573ZIT6, STM32H7R3A8I6, STM32H7R3I8K6, STM32H7R3I8T6, STM32H7R3L8H6, STM32H7R3L8H6H, STM32H7R3R8V6, STM32H7R3V8H6, STM32H7R3V8T6, STM32H7R3V8Y6, STM32H7R3Z8J6, STM32H7R3Z8T6, STM32H7R7A8I6, STM32H7R7I8K6, STM32H7R7I8T6, STM32H7R7L8H6, STM32H7R7L8H6H, STM32H7R7Z8J6, STM32H7S3A8I6, STM32H7S3I8K6, STM32H7S3I8T6, STM32H7S3L8H6, STM32H7S3L8H6H, STM32H7S3R8V6, STM32H7S3V8H6, STM32H7S3V8T6, STM32H7S3V8Y6, STM32H7S3Z8J6, STM32H7S3Z8T6, STM32H7S78-DK, STM32H7S7A8I6, STM32H7S7I8K6, STM32H7S7I8T6, STM32H7S7L8H6, STM32H7S7L8H6H, STM32H7S7Z8J6, STM32L4R5QGI6STR, STM32MP131AAE3, STM32MP131AAF3, STM32MP131AAG3, STM32MP131CAE3, STM32MP131CAF3, STM32MP131CAG3, STM32MP131DAE7, STM32MP131DAF7, STM32MP131DAG7, STM32MP131FAE7, STM32MP131FAF7, STM32MP131FAG7, STM32MP133AAE3, STM32MP133AAF3, STM32MP133AAG3, STM32MP133CAE3, STM32MP133CAF3, STM32MP133CAG3, STM32MP133DAE7, STM32MP133DAF7, STM32MP133DAG7, STM32MP133FAE7, STM32MP133FAF7, STM32MP133FAG7, STM32MP135AAE3, STM32MP135AAF3, STM32MP135AAG3, STM32MP135CAE3, STM32MP135CAF3, STM32MP135CAG3, STM32MP135DAE7, STM32MP135DAF7, STM32MP135DAG7, STM32MP135F-DK, STM32MP135FAE7, STM32MP135FAF7, STM32MP135FAF7T, STM32MP135FAF7U, STM32MP135FAG7, STM32U031C6T6, STM32U031C6U6, STM32U031C8T6, STM32U031C8U6, STM32U031F4P6, STM32U031F6P6, STM32U031F8P6, STM32U031G6Y6TR, STM32U031G8Y6TR, STM32U031K4U6, STM32U031K6U6, STM32U031K8U6, STM32U031R6I6, STM32U031R6T6, STM32U031R8I6, STM32U031R8T6, STM32U073C8T6, STM32U073C8U6, STM32U073CBT6, STM32U073CBU6, STM32U073CCT6, STM32U073CCU6, STM32U073H8Y6TR, STM32U073HBY6TR, STM32U073HCY6TR, STM32U073K8U6, STM32U073KBU6, STM32U073KCU6, STM32U073M8I6, STM32U073M8T6, STM32U073MBI6, STM32U073MBT6, STM32U073MCI6, STM32U073MCT6, STM32U073R8I6, STM32U073R8T6, STM32U073RBI6, STM32U073RBT6, STM32U073RCI6, STM32U073RCT6, STM32U083C-DK, STM32U083CCT6, STM32U083CCU6, STM32U083HCY6TR, STM32U083KCU6, STM32U083MCI6, STM32U083MCT6, STM32U083RCI6, STM32U083RCT6, STM32U535CBT6, STM32U535CBT6Q, STM32U535CBU6, STM32U535CBU6Q, STM32U535CCT6, STM32U535CCT6Q, STM32U535CCU6, STM32U535CCU6Q, STM32U535CET6, STM32U535CET6Q, STM32U535CEU6, STM32U535CEU6Q, STM32U535JEY6QTR, STM32U535NCY6QTR, STM32U535NEY6QTR, STM32U535RBI6, STM32U535RBI6Q, STM32U535RBT6, STM32U535RBT6Q, STM32U535RCI6, STM32U535RCI6Q, STM32U535RCT6, STM32U535RCT6Q, STM32U535REI6, STM32U535REI6Q, STM32U535RET6, STM32U535RET6Q, STM32U535VCI6, STM32U535VCI6Q, STM32U535VCT6, STM32U535VCT6Q, STM32U535VEI6, STM32U535VEI6Q, STM32U535VET6, STM32U535VET6Q, STM32U545CET6, STM32U545CET6Q, STM32U545CEU6, STM32U545CEU6Q, STM32U545JEY6QTR, STM32U545NEY6QTR, STM32U545REI6, STM32U545REI6Q, STM32U545RET6, STM32U545RET6Q, STM32U545VEI6, STM32U545VEI6Q, STM32U545VET6, STM32U545VET6Q, STM32U595AIH6, STM32U595AIH6Q, STM32U595AJH6, STM32U595AJH6Q, STM32U595QII6, STM32U595QII6Q, STM32U595QJI6, STM32U595QJI6Q, STM32U595RIT6, STM32U595RIT6Q, STM32U595RJT6, STM32U595RJT6Q, STM32U595VIT6, STM32U595VIT6Q, STM32U595VJT6, STM32U595VJT6Q, STM32U595ZIT6, STM32U595ZIT6Q, STM32U595ZIY6QTR, STM32U595ZJT6, STM32U595ZJT6Q, STM32U595ZJY6QTR, STM32U599BJY6QTR, STM32U599NIH6Q, STM32U599NJH6Q, STM32U599VIT6Q, STM32U599VJT6, STM32U599VJT6Q, STM32U599ZIT6Q, STM32U599ZIY6QTR, STM32U599ZJT6Q, STM32U599ZJY6QTR, STM32U5A5AJH6, STM32U5A5AJH6Q, STM32U5A5QII3Q , STM32U5A5QJI6, STM32U5A5QJI6Q, STM32U5A5RJT6, STM32U5A5RJT6Q, STM32U5A5VJT6, STM32U5A5VJT6Q, STM32U5A5ZJT6, STM32U5A5ZJT6Q, STM32U5A5ZJY6QTR, STM32U5A9BJY6QTR, STM32U5A9J-DK, STM32U5A9NJH6Q, STM32U5A9VJT6Q, STM32U5A9ZJT6Q, STM32U5A9ZJY6QTR, STM32U5F7VIT6, STM32U5F7VIT6Q, STM32U5F7VJT6, STM32U5F7VJT6Q, STM32U5F9BJY6QTR, STM32U5F9NJH6Q, STM32U5F9VIT6Q, STM32U5F9VJT6Q, STM32U5F9ZIJ6QTR, STM32U5F9ZIT6Q, STM32U5F9ZJJ6QTR, STM32U5F9ZJT6Q, STM32U5G7VJT6, STM32U5G7VJT6Q, STM32U5G9BJY6QTR, STM32U5G9J-DK1, STM32U5G9J-DK2, STM32U5G9NJH6Q, STM32U5G9VJT6Q, STM32U5G9ZJJ6QTR, STM32U5G9ZJT6Q, STM32WB1MMCH6, STM32WBA50KEU6, STM32WBA50KEU6TR, STM32WBA50KGU6, STM32WBA50KGU6TR, STM32WBA52CEU6, STM32WBA52CEU6TR, STM32WBA52CEU7, STM32WBA52CEU7TR, STM32WBA52CGU6, STM32WBA52CGU6TR, STM32WBA52CGU6U, STM32WBA52CGU7, STM32WBA52CGU7TR, STM32WBA52KEU6, STM32WBA52KEU6TR, STM32WBA52KGU6, STM32WBA52KGU6TR, STM32WBA54CEU6, STM32WBA54CEU6TR, STM32WBA54CEU7, STM32WBA54CEU7TR, STM32WBA54CGU6, STM32WBA54CGU6TR, STM32WBA54CGU7, STM32WBA54CGU7TR, STM32WBA54KEU6, STM32WBA54KEU6TR, STM32WBA54KEU7, STM32WBA54KEU7TR, STM32WBA54KGU6, STM32WBA54KGU6TR, STM32WBA54KGU7, STM32WBA54KGU7TR, STM32WBA55CEU6, STM32WBA55CEU6TR, STM32WBA55CEU7, STM32WBA55CEU7TR, STM32WBA55CGU6, STM32WBA55CGU6TR, STM32WBA55CGU6U, STM32WBA55CGU7, STM32WBA55CGU7TR, STM32WBA55G-DK1, STM32WBA55HEF6, STM32WBA55HEF7, STM32WBA55HGF6, STM32WBA55HGF7, STM32WBA55UEI6, STM32WBA55UEI6TR, STM32WBA55UEI7, STM32WBA55UEI7TR, STM32WBA55UGI6, STM32WBA55UGI6TR, STM32WBA55UGI7, STM32WBA55UGI7TR, STM32WL5MOCH6, STM32WL5MOCH6TR]
2024-08-14 22:06:42,376 [INFO] DbMcus:218 - Found 4203 MCUs, 4203 are supported
2024-08-14 22:06:42,376 [INFO] ApiDb:423 - Load user favorites file /home/wgg/.stm32cubeide/favorites.mcus.txt: 0 item(s)
2024-08-14 22:06:42,376 [INFO] ApiDb:427 - User favorites MCUs=[]
2024-08-14 22:06:42,376 [INFO] DbMcus:224 - Set 0 / 0 favorites MCUs
2024-08-14 22:06:42,779 [INFO] BoardInfo:889 - No configuration file found for board P-NUCLEO-WB55
2024-08-14 22:06:42,779 [INFO] DbBoards:161 - Kit is not supported: P-NUCLEO-WB55
2024-08-14 22:06:42,782 [INFO] BoardInfo:889 - No configuration file found for board STEVAL-BFA001V1B
2024-08-14 22:06:42,782 [INFO] DbBoards:161 - Kit is not supported: STEVAL-BFA001V1B
2024-08-14 22:06:42,783 [INFO] BoardInfo:889 - No configuration file found for board STEVAL-BFA001V2B
2024-08-14 22:06:42,783 [INFO] DbBoards:161 - Kit is not supported: STEVAL-BFA001V2B
2024-08-14 22:06:42,889 [INFO] DbBoards:168 - Found 195 boards, 192 are supported
2024-08-14 22:06:42,889 [INFO] DbBoards:169 - Found 195 boards, 8 of them is supported for  Bsp
2024-08-14 22:06:42,891 [INFO] ApiDb:423 - Load user favorites file /home/wgg/.stm32cubeide/favorites.boards.txt: 0 item(s)
2024-08-14 22:06:42,891 [INFO] ApiDb:427 - User favorites Boards=[]
2024-08-14 22:06:42,891 [INFO] DbBoards:198 - Set 0 / 0 favorites Boards
2024-08-14 22:06:42,966 [INFO] UtilMem:75 - End LoadConfig() Used Memory: 685934040 Bytes (1073741824)
2024-08-14 22:06:43,131 [WARN] ThirdParty:833 - waiting for thirdparty lock release [change project]
2024-08-14 22:06:43,131 [INFO] ThirdParty:835 - entering critical section [change project]
2024-08-14 22:06:43,131 [INFO] ThirdParty:1030 - CMSIS Pack Vendor :STMicroelectronics USBPD 4.1
2024-08-14 22:06:43,131 [INFO] ThirdParty:1030 - CMSIS Pack Vendor :STMicroelectronics X-CUBE-AZRTOS-H7 3.3.0
2024-08-14 22:06:43,131 [INFO] ThirdParty:1030 - CMSIS Pack Vendor :STMicroelectronics X-CUBE-GNSS1 6.0.0
2024-08-14 22:06:43,132 [INFO] ThirdParty:1030 - CMSIS Pack Vendor :STMicroelectronics USB_HOST 2.0.0
2024-08-14 22:06:43,132 [INFO] ThirdParty:1030 - CMSIS Pack Vendor :STMicroelectronics X-CUBE-AZRTOS-F4 1.1.0
2024-08-14 22:06:43,132 [INFO] ThirdParty:1030 - CMSIS Pack Vendor :STMicroelectronics LIBJPEG 8.0.0
2024-08-14 22:06:43,132 [INFO] ThirdParty:1030 - CMSIS Pack Vendor :STMicroelectronics X-CUBE-SMBUS 2.1.0
2024-08-14 22:06:43,132 [INFO] ThirdParty:1030 - CMSIS Pack Vendor :STMicroelectronics USB_DEVICE 3.0.0
2024-08-14 22:06:43,132 [INFO] ThirdParty:1030 - CMSIS Pack Vendor :STMicroelectronics X-CUBE-AZRTOS-WB 2.0.0
2024-08-14 22:06:43,132 [INFO] ThirdParty:1030 - CMSIS Pack Vendor :STMicroelectronics X-CUBE-AZRTOS-F7 1.1.0
2024-08-14 22:06:43,132 [INFO] ThirdParty:1030 - CMSIS Pack Vendor :STMicroelectronics X-CUBE-AZRTOS-L5 2.0.0
2024-08-14 22:06:43,132 [INFO] ThirdParty:1030 - CMSIS Pack Vendor :STMicroelectronics USB_DEVICE 2.0.0
2024-08-14 22:06:43,132 [INFO] ThirdParty:1030 - CMSIS Pack Vendor :STMicroelectronics FP-SNS-STBOX1 2.0.0
2024-08-14 22:06:43,132 [INFO] ThirdParty:1030 - CMSIS Pack Vendor :STMicroelectronics FreeRTOS 0.0.1
2024-08-14 22:06:43,132 [INFO] ThirdParty:1030 - CMSIS Pack Vendor :STMicroelectronics X-CUBE-AZRTOS-G0 1.1.0
2024-08-14 22:06:43,132 [INFO] ThirdParty:1030 - CMSIS Pack Vendor :STMicroelectronics X-CUBE-NFC4 3.0.0
2024-08-14 22:06:43,132 [INFO] ThirdParty:1030 - CMSIS Pack Vendor :STMicroelectronics X-CUBE-SUBG2 5.0.0
2024-08-14 22:06:43,132 [INFO] ThirdParty:1030 - CMSIS Pack Vendor :STMicroelectronics STM32_WPAN 1.0.0
2024-08-14 22:06:43,133 [INFO] ThirdParty:1030 - CMSIS Pack Vendor :EmbeddedOffice I-CUBE-FS-RTOS 1.0.1
2024-08-14 22:06:43,133 [INFO] ThirdParty:1030 - CMSIS Pack Vendor :STMicroelectronics lwIP 2.0.3
2024-08-14 22:06:43,133 [INFO] ThirdParty:1030 - CMSIS Pack Vendor :STMicroelectronics FP-SNS-FLIGHT1 5.0.2
2024-08-14 22:06:43,133 [INFO] ThirdParty:1030 - CMSIS Pack Vendor :Cesanta I-CUBE-Mongoose 7.13.0
2024-08-14 22:06:43,133 [INFO] ThirdParty:1030 - CMSIS Pack Vendor :STMicroelectronics USB_HOST 1.0.0
2024-08-14 22:06:43,133 [INFO] ThirdParty:1030 - CMSIS Pack Vendor :STMicroelectronics X-CUBE-AZRTOS-G4 2.0.0
2024-08-14 22:06:43,133 [INFO] ThirdParty:1030 - CMSIS Pack Vendor :STMicroelectronics PDM2PCM 3.1.0
2024-08-14 22:06:43,133 [INFO] ThirdParty:1030 - CMSIS Pack Vendor :STMicroelectronics PDM2PCM 3.3.0
2024-08-14 22:06:43,133 [INFO] ThirdParty:1030 - CMSIS Pack Vendor :STMicroelectronics X-CUBE-DISPLAY 3.0.0
2024-08-14 22:06:43,133 [INFO] ThirdParty:1030 - CMSIS Pack Vendor :STMicroelectronics X-CUBE-BLE1 7.0.0
2024-08-14 22:06:43,133 [INFO] ThirdParty:1030 - CMSIS Pack Vendor :STMicroelectronics FP-ATR-SIGFOX1 3.2.0
2024-08-14 22:06:43,133 [INFO] ThirdParty:1030 - CMSIS Pack Vendor :STMicroelectronics X-CUBE-ISPU 2.0.0
2024-08-14 22:06:43,133 [INFO] ThirdParty:1030 - CMSIS Pack Vendor :STMicroelectronics X-CUBE-EEPRMA1 5.1.0
2024-08-14 22:06:43,133 [INFO] ThirdParty:1030 - CMSIS Pack Vendor :STMicroelectronics HAL Drivers 0.0.0
2024-08-14 22:06:43,133 [INFO] ThirdParty:1030 - CMSIS Pack Vendor :STMicroelectronics MBEDTLS 2.16.2
2024-08-14 22:06:43,133 [INFO] ThirdParty:1030 - CMSIS Pack Vendor :emotas I-CUBE-CANOPEN 1.3.0
2024-08-14 22:06:43,133 [INFO] ThirdParty:1030 - CMSIS Pack Vendor :STMicroelectronics X-CUBE-MEMS1 10.0.0
2024-08-14 22:06:43,134 [INFO] ThirdParty:1030 - CMSIS Pack Vendor :STMicroelectronics X-CUBE-NFC7 1.0.1
2024-08-14 22:06:43,134 [INFO] ThirdParty:1030 - CMSIS Pack Vendor :STMicroelectronics MBEDTLS 2.14.1
2024-08-14 22:06:43,134 [INFO] ThirdParty:1030 - CMSIS Pack Vendor :ITTIA_DB I-CUBE-ITTIADB 8.9.0
2024-08-14 22:06:43,134 [INFO] ThirdParty:1030 - CMSIS Pack Vendor :portGmbH I-Cube-SoM-uGOAL 1.1.0
2024-08-14 22:06:43,134 [INFO] ThirdParty:1030 - CMSIS Pack Vendor :STMicroelectronics X-CUBE-BLEMGR 3.1.0
2024-08-14 22:06:43,134 [INFO] ThirdParty:1030 - CMSIS Pack Vendor :STMicroelectronics ThreadX 1.0.0
2024-08-14 22:06:43,134 [INFO] ThirdParty:1030 - CMSIS Pack Vendor :STMicroelectronics FP-SNS-SMARTAG2 1.2.0
2024-08-14 22:06:43,134 [INFO] ThirdParty:1030 - CMSIS Pack Vendor :STMicroelectronics X-CUBE-AZRTOS-WL 2.0.0
2024-08-14 22:06:43,134 [INFO] ThirdParty:1030 - CMSIS Pack Vendor :SEGGER I-CUBE-embOS 1.3.1
2024-08-14 22:06:43,134 [INFO] ThirdParty:1030 - CMSIS Pack Vendor :STMicroelectronics USB_DEVICE 1.0.0
2024-08-14 22:06:43,134 [INFO] ThirdParty:1030 - CMSIS Pack Vendor :STMicroelectronics X-CUBE-AZRTOS-L4 2.0.0
2024-08-14 22:06:43,134 [INFO] ThirdParty:1030 - CMSIS Pack Vendor :STMicroelectronics ThreadX 0.0.2
2024-08-14 22:06:43,134 [INFO] ThirdParty:1030 - CMSIS Pack Vendor :WES I-CUBE-Cesium 1.3.0
2024-08-14 22:06:43,134 [INFO] ThirdParty:1030 - CMSIS Pack Vendor :STMicroelectronics FP-ATR-ASTRA1 2.0.0
2024-08-14 22:06:43,134 [INFO] ThirdParty:1030 - CMSIS Pack Vendor :STMicroelectronics lwIP 2.1.2
2024-08-14 22:06:43,134 [INFO] ThirdParty:1030 - CMSIS Pack Vendor :STMicroelectronics X-CUBE-SFXS2LP1 4.0.0
2024-08-14 22:06:43,134 [INFO] ThirdParty:1030 - CMSIS Pack Vendor :STMicroelectronics X-CUBE-BLE2 3.3.0
2024-08-14 22:06:43,134 [INFO] ThirdParty:1030 - CMSIS Pack Vendor :STMicroelectronics X-CUBE-TOF1 3.4.2
2024-08-14 22:06:43,134 [INFO] ThirdParty:1030 - CMSIS Pack Vendor :STMicroelectronics X-CUBE-TOF1 3.4.1
2024-08-14 22:06:43,134 [INFO] ThirdParty:1030 - CMSIS Pack Vendor :STMicroelectronics X-CUBE-AZRTOS-H7 3.2.0
2024-08-14 22:06:43,134 [INFO] ThirdParty:1030 - CMSIS Pack Vendor :Infineon AIROC-Wi-Fi-Bluetooth-STM32 1.6.0
2024-08-14 22:06:43,135 [INFO] ThirdParty:1030 - CMSIS Pack Vendor :STMicroelectronics PDM2PCM 3.2.0
2024-08-14 22:06:43,135 [INFO] ThirdParty:1030 - CMSIS Pack Vendor :wolfSSL I-CUBE-wolfSSH 1.4.17
2024-08-14 22:06:43,135 [INFO] ThirdParty:841 - exiting critical section [change project]
2024-08-14 22:06:43,330 [INFO] PinOutPanel:1561 - setPackage(No Configuration,No Configuration)
2024-08-14 22:06:43,331 [INFO] PinOutPanel:1561 - setPackage(STM32F103C8Tx,LQFP48)
2024-08-14 22:06:43,713 [INFO] UtilMem:75 - Before build in PCC Used Memory: 862044960 Bytes (1073741824)
2024-08-14 22:06:44,192 [INFO] UtilMem:75 - After build in PCC Used Memory: 614009480 Bytes (1073741824)
2024-08-14 22:06:44,213 [INFO] IPUIPlugin:80 - create IPUIPlugin
2024-08-14 22:06:44,213 [INFO] IPUIPlugin:80 - create IPUIPlugin
2024-08-14 22:06:44,213 [INFO] IPUIPlugin:80 - create IPUIPlugin
2024-08-14 22:06:44,213 [INFO] IPUIPlugin:80 - create IPUIPlugin
2024-08-14 22:06:44,214 [INFO] IPUIPlugin:80 - create IPUIPlugin
2024-08-14 22:06:44,214 [INFO] IPUIPlugin:80 - create IPUIPlugin
2024-08-14 22:06:44,214 [INFO] IPUIPlugin:80 - create IPUIPlugin
2024-08-14 22:06:44,214 [INFO] IPUIPlugin:80 - create IPUIPlugin
2024-08-14 22:06:44,214 [INFO] IPUIPlugin:80 - create IPUIPlugin
2024-08-14 22:06:44,214 [INFO] IPUIPlugin:80 - create IPUIPlugin
2024-08-14 22:06:44,214 [INFO] IPUIPlugin:80 - create IPUIPlugin
2024-08-14 22:06:44,214 [INFO] IPUIPlugin:80 - create IPUIPlugin
2024-08-14 22:06:44,215 [INFO] IPUIPlugin:80 - create IPUIPlugin
2024-08-14 22:06:44,215 [INFO] IPUIPlugin:80 - create IPUIPlugin
2024-08-14 22:06:44,215 [INFO] IPUIPlugin:80 - create IPUIPlugin
2024-08-14 22:06:44,215 [INFO] IPUIPlugin:80 - create IPUIPlugin
2024-08-14 22:06:44,215 [INFO] IPUIPlugin:80 - create IPUIPlugin
2024-08-14 22:06:44,215 [INFO] IPUIPlugin:80 - create IPUIPlugin
2024-08-14 22:06:44,215 [INFO] IPUIPlugin:80 - create IPUIPlugin
2024-08-14 22:06:44,216 [INFO] IPUIPlugin:80 - create IPUIPlugin
2024-08-14 22:06:44,216 [INFO] IPUIPlugin:80 - create IPUIPlugin
2024-08-14 22:06:44,216 [INFO] IPUIPlugin:80 - create IPUIPlugin
2024-08-14 22:06:44,216 [INFO] IPUIPlugin:80 - create IPUIPlugin
2024-08-14 22:06:44,216 [INFO] IPUIPlugin:80 - create IPUIPlugin
2024-08-14 22:06:44,216 [INFO] IPUIPlugin:80 - create IPUIPlugin
2024-08-14 22:06:44,216 [INFO] IPUIPlugin:80 - create IPUIPlugin
2024-08-14 22:06:44,216 [INFO] IPUIPlugin:80 - create IPUIPlugin
2024-08-14 22:06:44,328 [INFO] CADModel:165 - CPN selected for project levelSTM32F103C8T6
2024-08-14 22:06:44,328 [INFO] CADModel:114 - Register for checkConnection events
2024-08-14 22:06:44,368 [INFO] OpenFileManager:343 - Restore cursor
2024-08-14 22:14:28,581 [ERROR] LogOutputStream:75 - [STDERR_REDIRECT] 
2024-08-14 22:20:31,091 [INFO] Activator:176 - 


2024-08-14 22:20:31,092 [INFO] Activator:177 - !SESSION log4j initialized
2024-08-14 22:20:35,783 [INFO] LogOutputStream:77 - [STDOUT_REDIRECT] 
2024-08-14 22:20:37,449 [INFO] ApplicationProperties:184 - Using Application install path: /opt/st/stm32cubeide_1.15.1/plugins/com.st.stm32cube.common.mx_6.11.1.202404110753
2024-08-14 22:20:37,462 [INFO] DbMcusXml:78 - Set database path to: /opt/st/stm32cubeide_1.15.1/plugins/com.st.stm32cube.common.mx_6.11.1.202404110753//db//mcu/
2024-08-14 22:20:37,462 [INFO] ApiDb:274 - Set plugin database path to: /opt/st/stm32cubeide_1.15.1/plugins/com.st.stm32cube.common.mx_6.11.1.202404110753//db//plugins/boardmanager/
2024-08-14 22:20:37,462 [WARN] ApiDb:259 - Overriding images path with different value:  => /opt/st/stm32cubeide_1.15.1/plugins/com.st.stm32cube.common.mx_6.11.1.202404110753//db//plugins/mcufinder/images/
2024-08-14 22:20:37,465 [INFO] ApiDb:250 - Set database path to: /home/wgg/.stmcufinder/plugins/mcufinder//mcu/
2024-08-14 22:20:37,466 [INFO] DbMcusAds:125 - Set database path to: /home/wgg/.stmcufinder/plugins/mcufinder//mcu/
2024-08-14 22:20:38,469 [INFO] CrossReferenceDbSqlite:203 - Set database path to: /home/wgg/.stmcufinder/plugins/mcufinder//mcu/cs/
2024-08-14 22:20:38,630 [INFO] RulesReader:64 - Compatibility file has been processed (297 Rules)
2024-08-14 22:20:38,725 [INFO] DbMcusXml:78 - Set database path to: /opt/st/stm32cubeide_1.15.1/plugins/com.st.stm32cube.common.mx_6.11.1.202404110753//db//mcu/
2024-08-14 22:20:38,726 [INFO] ApiDb:274 - Set plugin database path to: /opt/st/stm32cubeide_1.15.1/plugins/com.st.stm32cube.common.mx_6.11.1.202404110753//db//plugins/boardmanager/
2024-08-14 22:20:38,726 [INFO] ApiDb:261 - Set plugin images path to: /opt/st/stm32cubeide_1.15.1/plugins/com.st.stm32cube.common.mx_6.11.1.202404110753//db//plugins/mcufinder/images/
2024-08-14 22:20:38,726 [WARN] DbFile:41 - Overriding database path with different value: /home/wgg/.stmcufinder/plugins/mcufinder/ => /home/wgg/.stmcufinder/plugins/mcufinder
2024-08-14 22:20:38,727 [INFO] ApiDb:250 - Set database path to: /home/wgg/.stmcufinder/plugins/mcufinder//mcu/
2024-08-14 22:20:38,727 [WARN] DbFile:41 - Overriding database path with different value: /home/wgg/.stmcufinder/plugins/mcufinder/ => /home/wgg/.stmcufinder/plugins/mcufinder
2024-08-14 22:20:38,727 [INFO] DbMcusAds:125 - Set database path to: /home/wgg/.stmcufinder/plugins/mcufinder//mcu/
2024-08-14 22:20:38,727 [WARN] DbFile:41 - Overriding database path with different value: /home/wgg/.stmcufinder/plugins/mcufinder/ => /home/wgg/.stmcufinder/plugins/mcufinder
2024-08-14 22:20:38,727 [WARN] DbFile:41 - Overriding database path with different value: /home/wgg/.stmcufinder/plugins/mcufinder/ => /home/wgg/.stmcufinder/plugins/mcufinder
2024-08-14 22:20:39,729 [INFO] CrossReferenceDbSqlite:203 - Set database path to: /home/wgg/.stmcufinder/plugins/mcufinder//mcu/cs/
2024-08-14 22:20:39,795 [INFO] MainPanel:264 - HeapMemory: 268435456
2024-08-14 22:20:39,871 [INFO] DbMcusXml:78 - Set database path to: /opt/st/stm32cubeide_1.15.1/plugins/com.st.stm32cube.common.mx_6.11.1.202404110753//db//mcu/
2024-08-14 22:20:39,871 [INFO] ApiDb:274 - Set plugin database path to: /opt/st/stm32cubeide_1.15.1/plugins/com.st.stm32cube.common.mx_6.11.1.202404110753//db//plugins/boardmanager/
2024-08-14 22:20:39,872 [INFO] ApiDb:261 - Set plugin images path to: /opt/st/stm32cubeide_1.15.1/plugins/com.st.stm32cube.common.mx_6.11.1.202404110753//db//plugins/mcufinder/images/
2024-08-14 22:20:39,872 [WARN] DbFile:41 - Overriding database path with different value: /home/wgg/.stmcufinder/plugins/mcufinder/ => /home/wgg/.stmcufinder/plugins/mcufinder
2024-08-14 22:20:39,872 [INFO] ApiDb:250 - Set database path to: /home/wgg/.stmcufinder/plugins/mcufinder//mcu/
2024-08-14 22:20:39,872 [WARN] DbFile:41 - Overriding database path with different value: /home/wgg/.stmcufinder/plugins/mcufinder/ => /home/wgg/.stmcufinder/plugins/mcufinder
2024-08-14 22:20:39,872 [INFO] DbMcusAds:125 - Set database path to: /home/wgg/.stmcufinder/plugins/mcufinder//mcu/
2024-08-14 22:20:39,872 [WARN] DbFile:41 - Overriding database path with different value: /home/wgg/.stmcufinder/plugins/mcufinder/ => /home/wgg/.stmcufinder/plugins/mcufinder
2024-08-14 22:20:39,873 [WARN] DbFile:41 - Overriding database path with different value: /home/wgg/.stmcufinder/plugins/mcufinder/ => /home/wgg/.stmcufinder/plugins/mcufinder
2024-08-14 22:20:40,874 [INFO] CrossReferenceDbSqlite:203 - Set database path to: /home/wgg/.stmcufinder/plugins/mcufinder//mcu/cs/
2024-08-14 22:20:40,887 [INFO] ApplicationProperties:184 - Using Application install path: /opt/st/stm32cubeide_1.15.1/plugins/com.st.stm32cube.common.mx_6.11.1.202404110753
2024-08-14 22:20:40,888 [INFO] PluginManage:196 - Search for loadable plugins [exclusion list=, ]
2024-08-14 22:20:40,889 [INFO] PluginManage:310 - Check plugin analytics
2024-08-14 22:20:42,013 [INFO] AnalyticsPlugin:253 - Accepted Software Licenses: 
2024-08-14 22:20:42,013 [INFO] AnalyticsPlugin:255 - Accepted CMSIS Pack Licenses: 
2024-08-14 22:20:42,013 [INFO] AnalyticsPlugin:257 - Accepted Firmware Licenses: FW.F4.1.28.0
2024-08-14 22:20:42,015 [INFO] PluginManage:359 - Loaded plugin analytics (category:tool,tabindex:-1)
2024-08-14 22:20:42,015 [INFO] PluginManage:310 - Check plugin cadmodel
2024-08-14 22:20:42,028 [INFO] CADModel:105 - Init CAD model plugin
2024-08-14 22:20:42,028 [INFO] PluginManage:359 - Loaded plugin cadmodel (category:power,tabindex:5)
2024-08-14 22:20:42,029 [INFO] PluginManage:310 - Check plugin clock
2024-08-14 22:20:42,034 [INFO] PluginManage:359 - Loaded plugin clock (category:base,tabindex:2)
2024-08-14 22:20:42,034 [INFO] PluginManage:310 - Check plugin ddr
2024-08-14 22:20:42,035 [INFO] PluginManage:359 - Loaded plugin ddr (category:tool,tabindex:6)
2024-08-14 22:20:42,035 [INFO] PluginManage:310 - Check plugin filemanager
2024-08-14 22:20:42,123 [INFO] PluginManage:359 - Loaded plugin filemanager (category:base,tabindex:10)
2024-08-14 22:20:42,123 [INFO] PluginManage:310 - Check plugin ipmanager
2024-08-14 22:20:42,126 [INFO] PluginManage:359 - Loaded plugin ipmanager (category:base,tabindex:5)
2024-08-14 22:20:42,126 [INFO] PluginManage:310 - Check plugin lpbam
2024-08-14 22:20:42,132 [INFO] PluginManage:359 - Loaded plugin lpbam (category:base,tabindex:0)
2024-08-14 22:20:42,132 [INFO] PluginManage:310 - Check plugin memorymap
2024-08-14 22:20:42,138 [INFO] PluginManage:359 - Loaded plugin memorymap (category:base,tabindex:4)
2024-08-14 22:20:42,139 [INFO] PluginManage:310 - Check plugin pinoutandconfiguration
2024-08-14 22:20:42,143 [INFO] PluginManage:359 - Loaded plugin pinoutandconfiguration (category:base,tabindex:1)
2024-08-14 22:20:42,143 [INFO] PluginManage:310 - Check plugin pinoutconfig
2024-08-14 22:20:42,197 [WARN] SupportedApi:132 - Cannot load RTOS API schema: s4s-elt-must-match.1: The content of 'definitions' must match (annotation?, (simpleType | complexType)?, (unique | key | keyref)*)). A problem was found starting at: attribute.
2024-08-14 22:20:42,278 [INFO] PluginManage:359 - Loaded plugin pinoutconfig (category:base,tabindex:0)
2024-08-14 22:20:42,278 [INFO] PluginManage:310 - Check plugin power
2024-08-14 22:20:42,283 [INFO] PluginManage:359 - Loaded plugin power (category:power,tabindex:4)
2024-08-14 22:20:42,283 [INFO] PluginManage:310 - Check plugin projectmanager
2024-08-14 22:20:42,294 [INFO] PluginManage:359 - Loaded plugin projectmanager (category:projectmanager,tabindex:3)
2024-08-14 22:20:42,295 [INFO] PluginManage:310 - Check plugin thirdparty
2024-08-14 22:20:42,365 [INFO] PluginManage:359 - Loaded plugin thirdparty (category:base,tabindex:-1)
2024-08-14 22:20:42,365 [WARN] IntegrityCheckThread:84 - waiting for thirdparty lock release [integrity check]
2024-08-14 22:20:42,365 [INFO] PluginManage:310 - Check plugin tools
2024-08-14 22:20:42,365 [INFO] IntegrityCheckThread:86 - entering critical section [integrity check]
2024-08-14 22:20:42,366 [INFO] ThirdPartyUpdaterWithRetryManager:70 - Updater plugin not ready yet. [1/15]
2024-08-14 22:20:42,367 [INFO] PluginManage:359 - Loaded plugin tools (category:base,tabindex:7)
2024-08-14 22:20:42,367 [INFO] PluginManage:310 - Check plugin tutovideos
2024-08-14 22:20:42,532 [INFO] PluginManage:359 - Loaded plugin tutovideos (category:base,tabindex:-1)
2024-08-14 22:20:42,532 [INFO] PluginManage:310 - Check plugin updater
2024-08-14 22:20:42,538 [INFO] PluginManage:359 - Loaded plugin updater (category:base,tabindex:12)
2024-08-14 22:20:42,538 [INFO] PluginManage:310 - Check plugin userauth
2024-08-14 22:20:42,541 [INFO] UserAuth:114 - Init User Auth plugin
2024-08-14 22:20:42,542 [INFO] PluginManage:359 - Loaded plugin userauth (category:base,tabindex:14)
2024-08-14 22:20:42,542 [INFO] PluginManage:283 - PluginManage : Loaded plugins [17]
2024-08-14 22:20:42,660 [INFO] PinOutPanel:1561 - setPackage(No Configuration,No Configuration)
2024-08-14 22:20:42,699 [INFO] CADModel:165 - CPN selected for project level
2024-08-14 22:20:42,699 [INFO] CADModel:114 - Register for checkConnection events
2024-08-14 22:20:42,706 [INFO] IPUIPlugin:80 - create IPUIPlugin
2024-08-14 22:20:42,707 [INFO] PluginManager:220 - loadIPPluginJar : add dma
2024-08-14 22:20:42,711 [INFO] IPUIPlugin:80 - create IPUIPlugin
2024-08-14 22:20:42,711 [INFO] PluginManager:220 - loadIPPluginJar : add linkedlist
2024-08-14 22:20:42,713 [INFO] IPUIPlugin:80 - create IPUIPlugin
2024-08-14 22:20:42,713 [INFO] PluginManager:220 - loadIPPluginJar : add tracer_emb
2024-08-14 22:20:42,716 [INFO] IPUIPlugin:80 - create IPUIPlugin
2024-08-14 22:20:42,716 [INFO] PluginManager:220 - loadIPPluginJar : add ipddr
2024-08-14 22:20:42,718 [INFO] IPUIPlugin:80 - create IPUIPlugin
2024-08-14 22:20:42,718 [INFO] PluginManager:220 - loadIPPluginJar : add i2c
2024-08-14 22:20:42,722 [INFO] IPUIPlugin:80 - create IPUIPlugin
2024-08-14 22:20:42,722 [INFO] PluginManager:220 - loadIPPluginJar : add mdma
2024-08-14 22:20:42,723 [INFO] IPUIPlugin:80 - create IPUIPlugin
2024-08-14 22:20:42,723 [INFO] PluginManager:220 - loadIPPluginJar : add usart
2024-08-14 22:20:42,724 [INFO] IPUIPlugin:80 - create IPUIPlugin
2024-08-14 22:20:42,724 [INFO] PluginManager:220 - loadIPPluginJar : add gfxmmu
2024-08-14 22:20:42,725 [INFO] IPUIPlugin:80 - create IPUIPlugin
2024-08-14 22:20:42,726 [INFO] PluginManager:220 - loadIPPluginJar : add usbx
2024-08-14 22:20:42,726 [INFO] IPUIPlugin:80 - create IPUIPlugin
2024-08-14 22:20:42,726 [INFO] PluginManager:220 - loadIPPluginJar : add tsc
2024-08-14 22:20:42,727 [INFO] IPUIPlugin:80 - create IPUIPlugin
2024-08-14 22:20:42,728 [INFO] PluginManager:220 - loadIPPluginJar : add dma3
2024-08-14 22:20:42,731 [INFO] IPUIPlugin:80 - create IPUIPlugin
2024-08-14 22:20:42,731 [INFO] PluginManager:220 - loadIPPluginJar : add fmc
2024-08-14 22:20:42,732 [INFO] IPUIPlugin:80 - create IPUIPlugin
2024-08-14 22:20:42,732 [INFO] PluginManager:220 - loadIPPluginJar : add extmemmanager
2024-08-14 22:20:42,733 [INFO] IPUIPlugin:80 - create IPUIPlugin
2024-08-14 22:20:42,733 [INFO] PluginManager:220 - loadIPPluginJar : add comp
2024-08-14 22:20:42,734 [INFO] IPUIPlugin:80 - create IPUIPlugin
2024-08-14 22:20:42,734 [INFO] PluginManager:220 - loadIPPluginJar : add i3c
2024-08-14 22:20:42,736 [INFO] IPUIPlugin:80 - create IPUIPlugin
2024-08-14 22:20:42,736 [INFO] PluginManager:220 - loadIPPluginJar : add gtzc
2024-08-14 22:20:42,738 [INFO] IPUIPlugin:80 - create IPUIPlugin
2024-08-14 22:20:42,738 [INFO] PluginManager:220 - loadIPPluginJar : add touchsensing
2024-08-14 22:20:42,739 [INFO] IPUIPlugin:80 - create IPUIPlugin
2024-08-14 22:20:42,739 [INFO] PluginManager:220 - loadIPPluginJar : add ucpd
2024-08-14 22:20:42,740 [INFO] IPUIPlugin:80 - create IPUIPlugin
2024-08-14 22:20:42,740 [INFO] PluginManager:220 - loadIPPluginJar : add fatfs
2024-08-14 22:20:42,742 [INFO] IPUIPlugin:80 - create IPUIPlugin
2024-08-14 22:20:42,742 [INFO] PluginManager:220 - loadIPPluginJar : add stm32_wpan
2024-08-14 22:20:42,745 [INFO] IPUIPlugin:80 - create IPUIPlugin
2024-08-14 22:20:42,745 [INFO] PluginManager:220 - loadIPPluginJar : add gpio
2024-08-14 22:20:42,746 [INFO] IPUIPlugin:80 - create IPUIPlugin
2024-08-14 22:20:42,746 [INFO] PluginManager:220 - loadIPPluginJar : add i2s
2024-08-14 22:20:42,747 [INFO] IPUIPlugin:80 - create IPUIPlugin
2024-08-14 22:20:42,747 [INFO] PluginManager:220 - loadIPPluginJar : add tim
2024-08-14 22:20:42,750 [INFO] IPUIPlugin:80 - create IPUIPlugin
2024-08-14 22:20:42,750 [INFO] PluginManager:220 - loadIPPluginJar : add adc
2024-08-14 22:20:42,752 [INFO] IPUIPlugin:80 - create IPUIPlugin
2024-08-14 22:20:42,752 [INFO] PluginManager:220 - loadIPPluginJar : add pdm2pcm
2024-08-14 22:20:42,755 [INFO] IPUIPlugin:80 - create IPUIPlugin
2024-08-14 22:20:42,755 [INFO] PluginManager:220 - loadIPPluginJar : add gic
2024-08-14 22:20:42,756 [INFO] IPUIPlugin:80 - create IPUIPlugin
2024-08-14 22:20:42,756 [INFO] PluginManager:220 - loadIPPluginJar : add sai
2024-08-14 22:20:42,757 [INFO] IPUIPlugin:80 - create IPUIPlugin
2024-08-14 22:20:42,757 [INFO] PluginManager:220 - loadIPPluginJar : add spi
2024-08-14 22:20:42,759 [INFO] IPUIPlugin:80 - create IPUIPlugin
2024-08-14 22:20:42,759 [INFO] PluginManager:220 - loadIPPluginJar : add can
2024-08-14 22:20:42,760 [INFO] IPUIPlugin:80 - create IPUIPlugin
2024-08-14 22:20:42,760 [INFO] PluginManager:220 - loadIPPluginJar : add resmgrutility
2024-08-14 22:20:42,761 [INFO] IPUIPlugin:80 - create IPUIPlugin
2024-08-14 22:20:42,761 [INFO] PluginManager:220 - loadIPPluginJar : add quadspi
2024-08-14 22:20:42,764 [INFO] IPUIPlugin:80 - create IPUIPlugin
2024-08-14 22:20:42,764 [INFO] PluginManager:220 - loadIPPluginJar : add freertos
2024-08-14 22:20:42,765 [INFO] IPUIPlugin:80 - create IPUIPlugin
2024-08-14 22:20:42,765 [INFO] PluginManager:220 - loadIPPluginJar : add ts
2024-08-14 22:20:42,766 [INFO] IPUIPlugin:80 - create IPUIPlugin
2024-08-14 22:20:42,766 [INFO] PluginManager:220 - loadIPPluginJar : add aes
2024-08-14 22:20:42,768 [INFO] IPUIPlugin:80 - create IPUIPlugin
2024-08-14 22:20:42,768 [INFO] PluginManager:220 - loadIPPluginJar : add nvic
2024-08-14 22:20:42,769 [INFO] IPUIPlugin:80 - create IPUIPlugin
2024-08-14 22:20:42,770 [INFO] PluginManager:220 - loadIPPluginJar : add openamp
2024-08-14 22:20:42,771 [INFO] IPUIPlugin:80 - create IPUIPlugin
2024-08-14 22:20:42,771 [INFO] PluginManager:220 - loadIPPluginJar : add dfsdm
2024-08-14 22:20:42,772 [INFO] IPUIPlugin:80 - create IPUIPlugin
2024-08-14 22:20:42,772 [INFO] PluginManager:220 - loadIPPluginJar : add lorawan
2024-08-14 22:20:42,773 [INFO] IPUIPlugin:80 - create IPUIPlugin
2024-08-14 22:20:42,773 [INFO] PluginManager:220 - loadIPPluginJar : add genericplugin
2024-08-14 22:20:42,774 [INFO] IPUIPlugin:80 - create IPUIPlugin
2024-08-14 22:20:42,774 [INFO] PluginManager:220 - loadIPPluginJar : add hash
2024-08-14 22:20:42,774 [INFO] IPUIPlugin:80 - create IPUIPlugin
2024-08-14 22:20:42,774 [INFO] PluginManager:220 - loadIPPluginJar : add ltdc
2024-08-14 22:20:42,777 [INFO] IPUIPlugin:80 - create IPUIPlugin
2024-08-14 22:20:42,779 [INFO] PluginManager:220 - loadIPPluginJar : add plateformsettings
2024-08-14 22:20:42,780 [INFO] IPUIPlugin:80 - create IPUIPlugin
2024-08-14 22:20:42,780 [INFO] PluginManager:220 - loadIPPluginJar : add cryp
2024-08-14 22:20:42,782 [INFO] IPUIPlugin:80 - create IPUIPlugin
2024-08-14 22:20:42,782 [INFO] PluginManager:220 - loadIPPluginJar : add opamp
2024-08-14 22:20:42,878 [INFO] CADModel:165 - CPN selected for project level
2024-08-14 22:20:42,878 [INFO] CADModel:114 - Register for checkConnection events
2024-08-14 22:20:42,879 [FATAL] Updater:308 - Updater called before beeing initialized
2024-08-14 22:20:42,879 [ERROR] CADModel:125 - Updater not yet initialized, retry later 
2024-08-14 22:20:42,974 [INFO] CADModel:165 - CPN selected for project level
2024-08-14 22:20:42,974 [INFO] CADModel:114 - Register for checkConnection events
2024-08-14 22:20:42,974 [FATAL] Updater:308 - Updater called before beeing initialized
2024-08-14 22:20:42,974 [ERROR] CADModel:125 - Updater not yet initialized, retry later 
2024-08-14 22:20:42,976 [FATAL] Updater:308 - Updater called before beeing initialized
2024-08-14 22:20:43,036 [FATAL] Updater:308 - Updater called before beeing initialized
2024-08-14 22:20:43,039 [INFO] DbMcusAds:53 - JSON generation date=Thu May 16 16:22:00 WIB 2024 (1715851320667)
2024-08-14 22:20:43,039 [FATAL] Updater:308 - Updater called before beeing initialized
2024-08-14 22:20:43,067 [WARN] DetailPanel:346 - Failed to get advertising image, set to default
2024-08-14 22:20:43,137 [FATAL] Updater:308 - Updater called before beeing initialized
2024-08-14 22:20:43,138 [FATAL] Updater:308 - Updater called before beeing initialized
2024-08-14 22:20:43,138 [FATAL] Updater:308 - Updater called before beeing initialized
2024-08-14 22:20:43,138 [WARN] DetailPanel:346 - Failed to get advertising image, set to default
2024-08-14 22:20:43,138 [FATAL] Updater:308 - Updater called before beeing initialized
2024-08-14 22:20:43,159 [ERROR] Updater:1120 - MainUpdater not yet initialized. External WinMGr cannot be set.
2024-08-14 22:20:43,160 [INFO] Updater:1056 - Updater Version found : 6.11.1
2024-08-14 22:20:43,171 [INFO] ApplicationProperties:184 - Using Application install path: /opt/st/stm32cubeide_1.15.1/plugins/com.st.stm32cube.common.mx_6.11.1.202404110753
2024-08-14 22:20:43,363 [INFO] MainUpdater:2873 - connection check result : 10
2024-08-14 22:20:43,363 [INFO] MainUpdater:290 - Updater Check For Update Now.
2024-08-14 22:20:43,363 [INFO] MicroXplorer:498 - Change Database Version : DB.6.0.111
2024-08-14 22:20:43,366 [INFO] McuFinderGlobals:63 - Set McuFinder mode to 2 (CubeIDE integrated)
2024-08-14 22:20:43,370 [INFO] UserAuth:415 - Internet connection configuration mode: 1
2024-08-14 22:20:43,377 [INFO] JxBrowserEngine:152 - Initiate JxBrowser Engine with user profile folder
2024-08-14 22:20:43,518 [INFO] CheckServerUpdateThread:120 - End of CheckServer Thread
2024-08-14 22:20:43,919 [INFO] WebApp:161 - Instantiating new browser for Auth
2024-08-14 22:20:44,281 [INFO] WebApp:779 - Register for checkConnection events
2024-08-14 22:20:44,281 [INFO] WebApp:414 - Apply proxy settings
2024-08-14 22:20:44,282 [INFO] WebApp:499 - Chromium requires no authentication
2024-08-14 22:20:44,285 [INFO] WebApp:442 - Direct internet connection detected
2024-08-14 22:20:44,373 [INFO] WebApp:192 - Starting web application
2024-08-14 22:20:44,373 [INFO] WebApp:544 - Web application path used /opt/st/stm32cubeide_1.15.1/plugins/com.st.stm32cube.common.mx_6.11.1.202404110753/db/plugins/mcufinder/reactClient1/index.html
2024-08-14 22:20:45,443 [WARN] PackLoader:240 - Cannot read IP mode file for STMicroelectronics.X-CUBE-SMBUS.2.1.0
2024-08-14 22:20:45,530 [WARN] PackLoader:240 - Cannot read IP mode file for STMicroelectronics.X-CUBE-AZRTOS-F7.1.1.0
2024-08-14 22:20:45,546 [WARN] PackLoader:240 - Cannot read IP mode file for STMicroelectronics.FP-SNS-FLIGHT1.5.0.2
2024-08-14 22:20:45,560 [WARN] PackLoader:240 - Cannot read IP mode file for STMicroelectronics.X-CUBE-DISPLAY.3.0.0
2024-08-14 22:20:45,579 [WARN] PackLoader:240 - Cannot read IP mode file for STMicroelectronics.X-CUBE-BLE1.7.0.0
2024-08-14 22:20:45,586 [WARN] PackLoader:240 - Cannot read IP mode file for emotas.I-CUBE-CANOPEN.1.3.0
2024-08-14 22:20:45,599 [WARN] PackLoader:240 - Cannot read IP mode file for STMicroelectronics.X-CUBE-BLEMGR.3.1.0
2024-08-14 22:20:45,609 [WARN] PackLoader:240 - Cannot read IP mode file for STMicroelectronics.FP-SNS-SMARTAG2.1.2.0
2024-08-14 22:20:45,627 [INFO] LogOutputStream:77 - [STDOUT_REDIRECT] 1 : Invalid condition id : UX_CORESTACK_Condition cause : null
2024-08-14 22:20:45,628 [INFO] LogOutputStream:77 - [STDOUT_REDIRECT] 1 : Invalid condition id : UX_CORESTACK_Condition cause : null
2024-08-14 22:20:45,628 [INFO] LogOutputStream:77 - [STDOUT_REDIRECT] 1 : Invalid condition id : UX_CORESTACK_Condition cause : null
2024-08-14 22:20:45,628 [INFO] LogOutputStream:77 - [STDOUT_REDIRECT] 1 : Invalid condition id : UX_CORESTACK_Condition cause : null
2024-08-14 22:20:45,629 [INFO] LogOutputStream:77 - [STDOUT_REDIRECT] 1 : Invalid condition id : UX_CORESTACK_Condition cause : null
2024-08-14 22:20:45,635 [WARN] PackLoader:240 - Cannot read IP mode file for STMicroelectronics.X-CUBE-AZRTOS-WL.2.0.0
2024-08-14 22:20:45,649 [WARN] PackLoader:240 - Cannot read IP mode file for WES.I-CUBE-Cesium.1.3.0
2024-08-14 22:20:45,658 [WARN] PackLoader:240 - Cannot read IP mode file for STMicroelectronics.X-CUBE-BLE2.3.3.0
2024-08-14 22:20:45,683 [WARN] PackLoader:240 - Cannot read IP mode file for STMicroelectronics.X-CUBE-AZRTOS-G0.1.1.0
2024-08-14 22:20:45,689 [WARN] PackLoader:240 - Cannot read IP mode file for STMicroelectronics.X-CUBE-NFC4.3.0.0
2024-08-14 22:20:45,697 [WARN] PackLoader:240 - Cannot read IP mode file for EmbeddedOffice.I-CUBE-FS-RTOS.1.0.1
2024-08-14 22:20:45,698 [ERROR] ConditionMgr:805 - Attr not supported : Dmpu
2024-08-14 22:20:45,698 [ERROR] ConditionMgr:805 - Attr not supported : Dmpu
2024-08-14 22:20:45,698 [ERROR] ConditionMgr:805 - Attr not supported : Dmpu
2024-08-14 22:20:45,698 [ERROR] ConditionMgr:805 - Attr not supported : Dmpu
2024-08-14 22:20:45,698 [ERROR] ConditionMgr:805 - Attr not supported : Dmpu
2024-08-14 22:20:45,698 [ERROR] ConditionMgr:805 - Attr not supported : Dmpu
2024-08-14 22:20:45,698 [ERROR] ConditionMgr:805 - Attr not supported : Dmpu
2024-08-14 22:20:45,698 [ERROR] ConditionMgr:805 - Attr not supported : Dmpu
2024-08-14 22:20:45,698 [ERROR] ConditionMgr:805 - Attr not supported : Dmpu
2024-08-14 22:20:45,698 [ERROR] ConditionMgr:805 - Attr not supported : Dmpu
2024-08-14 22:20:45,698 [ERROR] ConditionMgr:805 - Attr not supported : Dmpu
2024-08-14 22:20:45,698 [ERROR] ConditionMgr:805 - Attr not supported : Dmpu
2024-08-14 22:20:45,699 [ERROR] ConditionMgr:805 - Attr not supported : Dmpu
2024-08-14 22:20:45,699 [ERROR] ConditionMgr:805 - Attr not supported : Dmpu
2024-08-14 22:20:45,699 [ERROR] ConditionMgr:805 - Attr not supported : Dmpu
2024-08-14 22:20:45,699 [ERROR] ConditionMgr:805 - Attr not supported : Dmpu
2024-08-14 22:20:45,699 [ERROR] ConditionMgr:805 - Attr not supported : Dmpu
2024-08-14 22:20:45,699 [ERROR] ConditionMgr:805 - Attr not supported : Dmpu
2024-08-14 22:20:45,699 [ERROR] ConditionMgr:805 - Attr not supported : Dmpu
2024-08-14 22:20:45,699 [ERROR] ConditionMgr:805 - Attr not supported : Dmpu
2024-08-14 22:20:45,699 [ERROR] ConditionMgr:805 - Attr not supported : Dmpu
2024-08-14 22:20:45,699 [ERROR] ConditionMgr:805 - Attr not supported : Dmpu
2024-08-14 22:20:45,699 [ERROR] ConditionMgr:805 - Attr not supported : Dmpu
2024-08-14 22:20:45,699 [ERROR] ConditionMgr:805 - Attr not supported : Dmpu
2024-08-14 22:20:45,699 [ERROR] ConditionMgr:805 - Attr not supported : Dmpu
2024-08-14 22:20:45,699 [ERROR] ConditionMgr:805 - Attr not supported : Dmpu
2024-08-14 22:20:45,699 [ERROR] ConditionMgr:805 - Attr not supported : Dmpu
2024-08-14 22:20:45,699 [ERROR] ConditionMgr:805 - Attr not supported : Dmpu
2024-08-14 22:20:45,699 [ERROR] ConditionMgr:805 - Attr not supported : Dmpu
2024-08-14 22:20:45,699 [ERROR] ConditionMgr:805 - Attr not supported : Dmpu
2024-08-14 22:20:45,699 [ERROR] ConditionMgr:805 - Attr not supported : Dmpu
2024-08-14 22:20:45,699 [ERROR] ConditionMgr:805 - Attr not supported : Dmpu
2024-08-14 22:20:45,700 [ERROR] ConditionMgr:805 - Attr not supported : Dmpu
2024-08-14 22:20:45,700 [ERROR] ConditionMgr:805 - Attr not supported : Dmpu
2024-08-14 22:20:45,700 [ERROR] ConditionMgr:805 - Attr not supported : Dmpu
2024-08-14 22:20:45,700 [ERROR] ConditionMgr:805 - Attr not supported : Dmpu
2024-08-14 22:20:45,700 [ERROR] ConditionMgr:805 - Attr not supported : Dmpu
2024-08-14 22:20:45,700 [ERROR] ConditionMgr:805 - Attr not supported : Dmpu
2024-08-14 22:20:45,700 [ERROR] ConditionMgr:805 - Attr not supported : Dmpu
2024-08-14 22:20:45,700 [ERROR] ConditionMgr:805 - Attr not supported : Dmpu
2024-08-14 22:20:45,700 [ERROR] ConditionMgr:805 - Attr not supported : Dmpu
2024-08-14 22:20:45,700 [ERROR] ConditionMgr:805 - Attr not supported : Dmpu
2024-08-14 22:20:45,701 [ERROR] ConditionMgr:805 - Attr not supported : Dmpu
2024-08-14 22:20:45,701 [ERROR] ConditionMgr:805 - Attr not supported : Dmpu
2024-08-14 22:20:45,701 [ERROR] ConditionMgr:805 - Attr not supported : Dmpu
2024-08-14 22:20:45,701 [ERROR] ConditionMgr:805 - Attr not supported : Dmpu
2024-08-14 22:20:45,701 [ERROR] ConditionMgr:805 - Attr not supported : Dmpu
2024-08-14 22:20:45,701 [ERROR] ConditionMgr:805 - Attr not supported : Dmpu
2024-08-14 22:20:45,701 [ERROR] ConditionMgr:805 - Attr not supported : Dmpu
2024-08-14 22:20:45,701 [ERROR] ConditionMgr:805 - Attr not supported : Dmpu
2024-08-14 22:20:45,701 [ERROR] ConditionMgr:805 - Attr not supported : Dmpu
2024-08-14 22:20:45,701 [ERROR] ConditionMgr:805 - Attr not supported : Dmpu
2024-08-14 22:20:45,701 [ERROR] ConditionMgr:805 - Attr not supported : Dmpu
2024-08-14 22:20:45,702 [ERROR] ConditionMgr:805 - Attr not supported : Dmpu
2024-08-14 22:20:45,702 [ERROR] ConditionMgr:805 - Attr not supported : Dmpu
2024-08-14 22:20:45,702 [ERROR] ConditionMgr:805 - Attr not supported : Dmpu
2024-08-14 22:20:45,702 [ERROR] ConditionMgr:805 - Attr not supported : Dmpu
2024-08-14 22:20:45,702 [ERROR] ConditionMgr:805 - Attr not supported : Dmpu
2024-08-14 22:20:45,702 [ERROR] ConditionMgr:805 - Attr not supported : Dmpu
2024-08-14 22:20:45,702 [ERROR] ConditionMgr:805 - Attr not supported : Dmpu
2024-08-14 22:20:45,702 [ERROR] ConditionMgr:805 - Attr not supported : Dmpu
2024-08-14 22:20:45,702 [ERROR] ConditionMgr:805 - Attr not supported : Dmpu
2024-08-14 22:20:45,702 [ERROR] ConditionMgr:805 - Attr not supported : Dmpu
2024-08-14 22:20:45,703 [ERROR] ConditionMgr:805 - Attr not supported : Dmpu
2024-08-14 22:20:45,705 [WARN] PackLoader:240 - Cannot read IP mode file for STMicroelectronics.FP-ATR-SIGFOX1.3.2.0
2024-08-14 22:20:45,710 [WARN] PackLoader:240 - Cannot read IP mode file for STMicroelectronics.X-CUBE-EEPRMA1.5.1.0
2024-08-14 22:20:45,715 [WARN] PackLoader:240 - Cannot read IP mode file for ITTIA_DB.I-CUBE-ITTIADB.8.9.0
2024-08-14 22:20:45,746 [WARN] PackLoader:240 - Cannot read IP mode file for SEGGER.I-CUBE-embOS.1.3.1
2024-08-14 22:20:45,787 [WARN] PackLoader:240 - Cannot read IP mode file for STMicroelectronics.X-CUBE-GNSS1.6.0.0
2024-08-14 22:20:45,800 [WARN] PackLoader:240 - Cannot read IP mode file for STMicroelectronics.X-CUBE-AZRTOS-F4.1.1.0
2024-08-14 22:20:45,815 [WARN] PackLoader:240 - Cannot read IP mode file for STMicroelectronics.X-CUBE-AZRTOS-L5.2.0.0
2024-08-14 22:20:45,821 [WARN] PackLoader:240 - Cannot read IP mode file for STMicroelectronics.X-CUBE-NFC7.1.0.1
2024-08-14 22:20:45,839 [WARN] ConditionMgr:438 - getConditionDescription Invalid condition id : LAN8742 Phy interface Condition cause : null
2024-08-14 22:20:45,840 [WARN] PackLoader:240 - Cannot read IP mode file for STMicroelectronics.X-CUBE-AZRTOS-L4.2.0.0
2024-08-14 22:20:45,842 [WARN] ConditionMgr:1039 - genDependencies : Invalid condition id : LAN8742 Phy interface Condition cause : null
2024-08-14 22:20:45,842 [WARN] ConditionMgr:1039 - genDependencies : Invalid condition id : LAN8742 Phy interface Condition cause : null
2024-08-14 22:20:45,843 [WARN] ConditionMgr:1039 - genDependencies : Invalid condition id : LAN8742 Phy interface Condition cause : null
2024-08-14 22:20:45,852 [WARN] PackLoader:240 - Cannot read IP mode file for STMicroelectronics.X-CUBE-SFXS2LP1.4.0.0
2024-08-14 22:20:45,882 [WARN] PackLoader:240 - Cannot read IP mode file for STMicroelectronics.X-CUBE-AZRTOS-H7.3.3.0
2024-08-14 22:20:45,903 [WARN] ConditionMgr:438 - getConditionDescription Invalid condition id : UX DEVICE CLASS RTOS Condition cause : null
2024-08-14 22:20:45,908 [WARN] ConditionMgr:438 - getConditionDescription Invalid condition id : UX DEVICE CLASS RTOS Condition cause : null
2024-08-14 22:20:45,912 [WARN] PackLoader:240 - Cannot read IP mode file for STMicroelectronics.X-CUBE-AZRTOS-WB.2.0.0
2024-08-14 22:20:45,913 [WARN] ConditionMgr:1039 - genDependencies : Invalid condition id : UX DEVICE CLASS RTOS Condition cause : null
2024-08-14 22:20:45,913 [WARN] ConditionMgr:1039 - genDependencies : Invalid condition id : UX DEVICE CLASS RTOS Condition cause : null
2024-08-14 22:20:45,913 [WARN] ConditionMgr:1039 - genDependencies : Invalid condition id : UX DEVICE CLASS RTOS Condition cause : null
2024-08-14 22:20:45,914 [WARN] ConditionMgr:1039 - genDependencies : Invalid condition id : UX DEVICE CLASS RTOS Condition cause : null
2024-08-14 22:20:45,914 [WARN] ConditionMgr:1039 - genDependencies : Invalid condition id : UX DEVICE CLASS RTOS Condition cause : null
2024-08-14 22:20:45,922 [WARN] PackLoader:240 - Cannot read IP mode file for STMicroelectronics.FP-SNS-STBOX1.2.0.0
2024-08-14 22:20:45,937 [WARN] PackLoader:240 - Cannot read IP mode file for STMicroelectronics.X-CUBE-SUBG2.5.0.0
2024-08-14 22:20:45,948 [WARN] PackLoader:240 - Cannot read IP mode file for Cesanta.I-CUBE-Mongoose.7.13.0
2024-08-14 22:20:45,959 [WARN] PackLoader:240 - Cannot read IP mode file for STMicroelectronics.X-CUBE-AZRTOS-G4.2.0.0
2024-08-14 22:20:45,962 [WARN] PackLoader:240 - Cannot read IP mode file for STMicroelectronics.X-CUBE-ISPU.2.0.0
2024-08-14 22:20:45,991 [WARN] PackLoader:240 - Cannot read IP mode file for STMicroelectronics.X-CUBE-MEMS1.10.0.0
2024-08-14 22:20:46,133 [WARN] PackLoader:240 - Cannot read IP mode file for portGmbH.I-Cube-SoM-uGOAL.1.1.0
2024-08-14 22:20:46,135 [WARN] PackLoader:240 - Cannot read IP mode file for STMicroelectronics.FP-ATR-ASTRA1.2.0.0
2024-08-14 22:20:46,141 [WARN] PackLoader:240 - Cannot read IP mode file for STMicroelectronics.X-CUBE-TOF1.3.4.2
2024-08-14 22:20:46,161 [WARN] PackLoader:240 - Cannot read IP mode file for STMicroelectronics.X-CUBE-TOF1.3.4.1
2024-08-14 22:20:46,184 [WARN] PackLoader:240 - Cannot read IP mode file for STMicroelectronics.X-CUBE-AZRTOS-H7.3.2.0
2024-08-14 22:20:46,200 [WARN] PackLoader:240 - Cannot read IP mode file for Infineon.AIROC-Wi-Fi-Bluetooth-STM32.1.6.0
2024-08-14 22:20:46,209 [WARN] PackLoader:240 - Cannot read IP mode file for wolfSSL.I-CUBE-wolfSSH.1.4.17
2024-08-14 22:20:46,209 [INFO] ThirdParty:978 - Integrity check success = true
2024-08-14 22:20:46,209 [INFO] IntegrityCheckThread:100 - exiting critical section [integrity check]
2024-08-14 22:20:46,209 [INFO] IntegrityCheckThread:103 - End integrity checks thread
2024-08-14 22:50:09,362 [ERROR] LogOutputStream:75 - [STDERR_REDIRECT] 
