2024-08-05 18:04:18,930 [INFO] Activator:176 - 


2024-08-05 18:04:18,934 [INFO] Activator:177 - !SESSION log4j initialized
2024-08-05 18:04:22,350 [INFO] LogOutputStream:77 - [STDOUT_REDIRECT] 
2024-08-05 18:04:24,159 [INFO] ApplicationProperties:184 - Using Application install path: /opt/st/stm32cubeide_1.15.1/plugins/com.st.stm32cube.common.mx_6.11.1.202404110753
2024-08-05 18:04:24,188 [INFO] DbMcusXml:78 - Set database path to: /opt/st/stm32cubeide_1.15.1/plugins/com.st.stm32cube.common.mx_6.11.1.202404110753//db//mcu/
2024-08-05 18:04:24,188 [INFO] ApiDb:274 - Set plugin database path to: /opt/st/stm32cubeide_1.15.1/plugins/com.st.stm32cube.common.mx_6.11.1.202404110753//db//plugins/boardmanager/
2024-08-05 18:04:24,189 [WARN] ApiDb:259 - Overriding images path with different value:  => /opt/st/stm32cubeide_1.15.1/plugins/com.st.stm32cube.common.mx_6.11.1.202404110753//db//plugins/mcufinder/images/
2024-08-05 18:04:24,197 [INFO] ApiDb:250 - Set database path to: /home/wgg/.stmcufinder/plugins/mcufinder//mcu/
2024-08-05 18:04:24,198 [INFO] DbMcusAds:125 - Set database path to: /home/wgg/.stmcufinder/plugins/mcufinder//mcu/
2024-08-05 18:04:25,202 [INFO] CrossReferenceDbSqlite:203 - Set database path to: /home/wgg/.stmcufinder/plugins/mcufinder//mcu/cs/
2024-08-05 18:04:25,301 [INFO] RulesReader:64 - Compatibility file has been processed (297 Rules)
2024-08-05 18:04:25,357 [INFO] DbMcusXml:78 - Set database path to: /opt/st/stm32cubeide_1.15.1/plugins/com.st.stm32cube.common.mx_6.11.1.202404110753//db//mcu/
2024-08-05 18:04:25,357 [INFO] ApiDb:274 - Set plugin database path to: /opt/st/stm32cubeide_1.15.1/plugins/com.st.stm32cube.common.mx_6.11.1.202404110753//db//plugins/boardmanager/
2024-08-05 18:04:25,357 [INFO] ApiDb:261 - Set plugin images path to: /opt/st/stm32cubeide_1.15.1/plugins/com.st.stm32cube.common.mx_6.11.1.202404110753//db//plugins/mcufinder/images/
2024-08-05 18:04:25,357 [WARN] DbFile:41 - Overriding database path with different value: /home/wgg/.stmcufinder/plugins/mcufinder/ => /home/wgg/.stmcufinder/plugins/mcufinder
2024-08-05 18:04:25,358 [INFO] ApiDb:250 - Set database path to: /home/wgg/.stmcufinder/plugins/mcufinder//mcu/
2024-08-05 18:04:25,358 [WARN] DbFile:41 - Overriding database path with different value: /home/wgg/.stmcufinder/plugins/mcufinder/ => /home/wgg/.stmcufinder/plugins/mcufinder
2024-08-05 18:04:25,358 [INFO] DbMcusAds:125 - Set database path to: /home/wgg/.stmcufinder/plugins/mcufinder//mcu/
2024-08-05 18:04:25,358 [WARN] DbFile:41 - Overriding database path with different value: /home/wgg/.stmcufinder/plugins/mcufinder/ => /home/wgg/.stmcufinder/plugins/mcufinder
2024-08-05 18:04:25,358 [WARN] DbFile:41 - Overriding database path with different value: /home/wgg/.stmcufinder/plugins/mcufinder/ => /home/wgg/.stmcufinder/plugins/mcufinder
2024-08-05 11:04:25,957 [INFO] CrossReferenceDbSqlite:203 - Set database path to: /home/wgg/.stmcufinder/plugins/mcufinder//mcu/cs/
2024-08-05 11:04:26,019 [INFO] MainPanel:264 - HeapMemory: 268435456
2024-08-05 11:04:26,084 [INFO] DbMcusXml:78 - Set database path to: /opt/st/stm32cubeide_1.15.1/plugins/com.st.stm32cube.common.mx_6.11.1.202404110753//db//mcu/
2024-08-05 11:04:26,084 [INFO] ApiDb:274 - Set plugin database path to: /opt/st/stm32cubeide_1.15.1/plugins/com.st.stm32cube.common.mx_6.11.1.202404110753//db//plugins/boardmanager/
2024-08-05 11:04:26,084 [INFO] ApiDb:261 - Set plugin images path to: /opt/st/stm32cubeide_1.15.1/plugins/com.st.stm32cube.common.mx_6.11.1.202404110753//db//plugins/mcufinder/images/
2024-08-05 11:04:26,084 [WARN] DbFile:41 - Overriding database path with different value: /home/wgg/.stmcufinder/plugins/mcufinder/ => /home/wgg/.stmcufinder/plugins/mcufinder
2024-08-05 11:04:26,084 [INFO] ApiDb:250 - Set database path to: /home/wgg/.stmcufinder/plugins/mcufinder//mcu/
2024-08-05 11:04:26,084 [WARN] DbFile:41 - Overriding database path with different value: /home/wgg/.stmcufinder/plugins/mcufinder/ => /home/wgg/.stmcufinder/plugins/mcufinder
2024-08-05 11:04:26,084 [INFO] DbMcusAds:125 - Set database path to: /home/wgg/.stmcufinder/plugins/mcufinder//mcu/
2024-08-05 11:04:26,084 [WARN] DbFile:41 - Overriding database path with different value: /home/wgg/.stmcufinder/plugins/mcufinder/ => /home/wgg/.stmcufinder/plugins/mcufinder
2024-08-05 11:04:26,085 [WARN] DbFile:41 - Overriding database path with different value: /home/wgg/.stmcufinder/plugins/mcufinder/ => /home/wgg/.stmcufinder/plugins/mcufinder
2024-08-05 11:04:26,115 [INFO] CrossReferenceDbSqlite:203 - Set database path to: /home/wgg/.stmcufinder/plugins/mcufinder//mcu/cs/
2024-08-05 11:04:26,125 [INFO] ApplicationProperties:184 - Using Application install path: /opt/st/stm32cubeide_1.15.1/plugins/com.st.stm32cube.common.mx_6.11.1.202404110753
2024-08-05 11:04:26,126 [INFO] PluginManage:196 - Search for loadable plugins [exclusion list=, ]
2024-08-05 11:04:26,127 [INFO] PluginManage:310 - Check plugin analytics
2024-08-05 11:04:26,244 [INFO] AnalyticsPlugin:253 - Accepted Software Licenses: 
2024-08-05 11:04:26,245 [INFO] AnalyticsPlugin:255 - Accepted CMSIS Pack Licenses: 
2024-08-05 11:04:26,245 [INFO] AnalyticsPlugin:257 - Accepted Firmware Licenses: FW.F4.1.28.0
2024-08-05 11:04:26,246 [INFO] PluginManage:359 - Loaded plugin analytics (category:tool,tabindex:-1)
2024-08-05 11:04:26,246 [INFO] PluginManage:310 - Check plugin cadmodel
2024-08-05 11:04:26,264 [INFO] CADModel:105 - Init CAD model plugin
2024-08-05 11:04:26,264 [INFO] PluginManage:359 - Loaded plugin cadmodel (category:power,tabindex:5)
2024-08-05 11:04:26,264 [INFO] PluginManage:310 - Check plugin clock
2024-08-05 11:04:26,270 [INFO] PluginManage:359 - Loaded plugin clock (category:base,tabindex:2)
2024-08-05 11:04:26,271 [INFO] PluginManage:310 - Check plugin ddr
2024-08-05 11:04:26,272 [INFO] PluginManage:359 - Loaded plugin ddr (category:tool,tabindex:6)
2024-08-05 11:04:26,272 [INFO] PluginManage:310 - Check plugin filemanager
2024-08-05 11:04:26,367 [INFO] PluginManage:359 - Loaded plugin filemanager (category:base,tabindex:10)
2024-08-05 11:04:26,367 [INFO] PluginManage:310 - Check plugin ipmanager
2024-08-05 11:04:26,371 [INFO] PluginManage:359 - Loaded plugin ipmanager (category:base,tabindex:5)
2024-08-05 11:04:26,371 [INFO] PluginManage:310 - Check plugin lpbam
2024-08-05 11:04:26,378 [INFO] PluginManage:359 - Loaded plugin lpbam (category:base,tabindex:0)
2024-08-05 11:04:26,378 [INFO] PluginManage:310 - Check plugin memorymap
2024-08-05 11:04:26,386 [INFO] PluginManage:359 - Loaded plugin memorymap (category:base,tabindex:4)
2024-08-05 11:04:26,386 [INFO] PluginManage:310 - Check plugin pinoutandconfiguration
2024-08-05 11:04:26,391 [INFO] PluginManage:359 - Loaded plugin pinoutandconfiguration (category:base,tabindex:1)
2024-08-05 11:04:26,392 [INFO] PluginManage:310 - Check plugin pinoutconfig
2024-08-05 11:04:26,446 [WARN] SupportedApi:132 - Cannot load RTOS API schema: s4s-elt-must-match.1: The content of 'definitions' must match (annotation?, (simpleType | complexType)?, (unique | key | keyref)*)). A problem was found starting at: attribute.
2024-08-05 11:04:26,530 [INFO] PluginManage:359 - Loaded plugin pinoutconfig (category:base,tabindex:0)
2024-08-05 11:04:26,531 [INFO] PluginManage:310 - Check plugin power
2024-08-05 11:04:26,537 [INFO] PluginManage:359 - Loaded plugin power (category:power,tabindex:4)
2024-08-05 11:04:26,538 [INFO] PluginManage:310 - Check plugin projectmanager
2024-08-05 11:04:26,548 [INFO] PluginManage:359 - Loaded plugin projectmanager (category:projectmanager,tabindex:3)
2024-08-05 11:04:26,548 [INFO] PluginManage:310 - Check plugin thirdparty
2024-08-05 11:04:26,630 [INFO] PluginManage:359 - Loaded plugin thirdparty (category:base,tabindex:-1)
2024-08-05 11:04:26,630 [WARN] IntegrityCheckThread:84 - waiting for thirdparty lock release [integrity check]
2024-08-05 11:04:26,630 [INFO] PluginManage:310 - Check plugin tools
2024-08-05 11:04:26,630 [INFO] IntegrityCheckThread:86 - entering critical section [integrity check]
2024-08-05 11:04:26,630 [INFO] ThirdPartyUpdaterWithRetryManager:70 - Updater plugin not ready yet. [1/15]
2024-08-05 11:04:26,632 [INFO] PluginManage:359 - Loaded plugin tools (category:base,tabindex:7)
2024-08-05 11:04:26,632 [INFO] PluginManage:310 - Check plugin tutovideos
2024-08-05 11:04:26,750 [INFO] PluginManage:359 - Loaded plugin tutovideos (category:base,tabindex:-1)
2024-08-05 11:04:26,750 [INFO] PluginManage:310 - Check plugin updater
2024-08-05 11:04:26,758 [INFO] PluginManage:359 - Loaded plugin updater (category:base,tabindex:12)
2024-08-05 11:04:26,758 [INFO] PluginManage:310 - Check plugin userauth
2024-08-05 11:04:26,762 [INFO] UserAuth:114 - Init User Auth plugin
2024-08-05 11:04:26,762 [INFO] PluginManage:359 - Loaded plugin userauth (category:base,tabindex:14)
2024-08-05 11:04:26,762 [INFO] PluginManage:283 - PluginManage : Loaded plugins [17]
2024-08-05 11:04:26,886 [INFO] PinOutPanel:1561 - setPackage(No Configuration,No Configuration)
2024-08-05 11:04:26,930 [INFO] CADModel:165 - CPN selected for project level
2024-08-05 11:04:26,930 [INFO] CADModel:114 - Register for checkConnection events
2024-08-05 11:04:26,940 [INFO] IPUIPlugin:80 - create IPUIPlugin
2024-08-05 11:04:26,940 [INFO] PluginManager:220 - loadIPPluginJar : add dma
2024-08-05 11:04:26,946 [INFO] IPUIPlugin:80 - create IPUIPlugin
2024-08-05 11:04:26,946 [INFO] PluginManager:220 - loadIPPluginJar : add linkedlist
2024-08-05 11:04:26,949 [INFO] IPUIPlugin:80 - create IPUIPlugin
2024-08-05 11:04:26,949 [INFO] PluginManager:220 - loadIPPluginJar : add tracer_emb
2024-08-05 11:04:26,953 [INFO] IPUIPlugin:80 - create IPUIPlugin
2024-08-05 11:04:26,953 [INFO] PluginManager:220 - loadIPPluginJar : add ipddr
2024-08-05 11:04:26,955 [INFO] IPUIPlugin:80 - create IPUIPlugin
2024-08-05 11:04:26,955 [INFO] PluginManager:220 - loadIPPluginJar : add i2c
2024-08-05 11:04:26,960 [INFO] IPUIPlugin:80 - create IPUIPlugin
2024-08-05 11:04:26,960 [INFO] PluginManager:220 - loadIPPluginJar : add mdma
2024-08-05 11:04:26,962 [INFO] IPUIPlugin:80 - create IPUIPlugin
2024-08-05 11:04:26,962 [INFO] PluginManager:220 - loadIPPluginJar : add usart
2024-08-05 11:04:26,965 [INFO] IPUIPlugin:80 - create IPUIPlugin
2024-08-05 11:04:26,965 [INFO] PluginManager:220 - loadIPPluginJar : add gfxmmu
2024-08-05 11:04:26,967 [INFO] IPUIPlugin:80 - create IPUIPlugin
2024-08-05 11:04:26,967 [INFO] PluginManager:220 - loadIPPluginJar : add usbx
2024-08-05 11:04:26,968 [INFO] IPUIPlugin:80 - create IPUIPlugin
2024-08-05 11:04:26,968 [INFO] PluginManager:220 - loadIPPluginJar : add tsc
2024-08-05 11:04:26,970 [INFO] IPUIPlugin:80 - create IPUIPlugin
2024-08-05 11:04:26,970 [INFO] PluginManager:220 - loadIPPluginJar : add dma3
2024-08-05 11:04:26,974 [INFO] IPUIPlugin:80 - create IPUIPlugin
2024-08-05 11:04:26,974 [INFO] PluginManager:220 - loadIPPluginJar : add fmc
2024-08-05 11:04:26,976 [INFO] IPUIPlugin:80 - create IPUIPlugin
2024-08-05 11:04:26,977 [INFO] PluginManager:220 - loadIPPluginJar : add extmemmanager
2024-08-05 11:04:26,978 [INFO] IPUIPlugin:80 - create IPUIPlugin
2024-08-05 11:04:26,978 [INFO] PluginManager:220 - loadIPPluginJar : add comp
2024-08-05 11:04:26,980 [INFO] IPUIPlugin:80 - create IPUIPlugin
2024-08-05 11:04:26,980 [INFO] PluginManager:220 - loadIPPluginJar : add i3c
2024-08-05 11:04:26,982 [INFO] IPUIPlugin:80 - create IPUIPlugin
2024-08-05 11:04:26,982 [INFO] PluginManager:220 - loadIPPluginJar : add gtzc
2024-08-05 11:04:26,984 [INFO] IPUIPlugin:80 - create IPUIPlugin
2024-08-05 11:04:26,984 [INFO] PluginManager:220 - loadIPPluginJar : add touchsensing
2024-08-05 11:04:26,986 [INFO] IPUIPlugin:80 - create IPUIPlugin
2024-08-05 11:04:26,986 [INFO] PluginManager:220 - loadIPPluginJar : add ucpd
2024-08-05 11:04:26,986 [INFO] IPUIPlugin:80 - create IPUIPlugin
2024-08-05 11:04:26,987 [INFO] PluginManager:220 - loadIPPluginJar : add fatfs
2024-08-05 11:04:26,990 [INFO] IPUIPlugin:80 - create IPUIPlugin
2024-08-05 11:04:26,990 [INFO] PluginManager:220 - loadIPPluginJar : add stm32_wpan
2024-08-05 11:04:26,994 [INFO] IPUIPlugin:80 - create IPUIPlugin
2024-08-05 11:04:26,994 [INFO] PluginManager:220 - loadIPPluginJar : add gpio
2024-08-05 11:04:26,996 [INFO] IPUIPlugin:80 - create IPUIPlugin
2024-08-05 11:04:26,996 [INFO] PluginManager:220 - loadIPPluginJar : add i2s
2024-08-05 11:04:26,997 [INFO] IPUIPlugin:80 - create IPUIPlugin
2024-08-05 11:04:26,997 [INFO] PluginManager:220 - loadIPPluginJar : add tim
2024-08-05 11:04:27,001 [INFO] IPUIPlugin:80 - create IPUIPlugin
2024-08-05 11:04:27,001 [INFO] PluginManager:220 - loadIPPluginJar : add adc
2024-08-05 11:04:27,003 [INFO] IPUIPlugin:80 - create IPUIPlugin
2024-08-05 11:04:27,003 [INFO] PluginManager:220 - loadIPPluginJar : add pdm2pcm
2024-08-05 11:04:27,007 [INFO] IPUIPlugin:80 - create IPUIPlugin
2024-08-05 11:04:27,007 [INFO] PluginManager:220 - loadIPPluginJar : add gic
2024-08-05 11:04:27,009 [INFO] IPUIPlugin:80 - create IPUIPlugin
2024-08-05 11:04:27,009 [INFO] PluginManager:220 - loadIPPluginJar : add sai
2024-08-05 11:04:27,010 [INFO] IPUIPlugin:80 - create IPUIPlugin
2024-08-05 11:04:27,011 [INFO] PluginManager:220 - loadIPPluginJar : add spi
2024-08-05 11:04:27,012 [INFO] IPUIPlugin:80 - create IPUIPlugin
2024-08-05 11:04:27,013 [INFO] PluginManager:220 - loadIPPluginJar : add can
2024-08-05 11:04:27,015 [INFO] IPUIPlugin:80 - create IPUIPlugin
2024-08-05 11:04:27,015 [INFO] PluginManager:220 - loadIPPluginJar : add resmgrutility
2024-08-05 11:04:27,016 [INFO] IPUIPlugin:80 - create IPUIPlugin
2024-08-05 11:04:27,016 [INFO] PluginManager:220 - loadIPPluginJar : add quadspi
2024-08-05 11:04:27,021 [INFO] IPUIPlugin:80 - create IPUIPlugin
2024-08-05 11:04:27,021 [INFO] PluginManager:220 - loadIPPluginJar : add freertos
2024-08-05 11:04:27,022 [INFO] IPUIPlugin:80 - create IPUIPlugin
2024-08-05 11:04:27,022 [INFO] PluginManager:220 - loadIPPluginJar : add ts
2024-08-05 11:04:27,024 [INFO] IPUIPlugin:80 - create IPUIPlugin
2024-08-05 11:04:27,024 [INFO] PluginManager:220 - loadIPPluginJar : add aes
2024-08-05 11:04:27,027 [INFO] IPUIPlugin:80 - create IPUIPlugin
2024-08-05 11:04:27,027 [INFO] PluginManager:220 - loadIPPluginJar : add nvic
2024-08-05 11:04:27,029 [INFO] IPUIPlugin:80 - create IPUIPlugin
2024-08-05 11:04:27,029 [INFO] PluginManager:220 - loadIPPluginJar : add openamp
2024-08-05 11:04:27,030 [INFO] IPUIPlugin:80 - create IPUIPlugin
2024-08-05 11:04:27,030 [INFO] PluginManager:220 - loadIPPluginJar : add dfsdm
2024-08-05 11:04:27,032 [INFO] IPUIPlugin:80 - create IPUIPlugin
2024-08-05 11:04:27,032 [INFO] PluginManager:220 - loadIPPluginJar : add lorawan
2024-08-05 11:04:27,032 [INFO] IPUIPlugin:80 - create IPUIPlugin
2024-08-05 11:04:27,032 [INFO] PluginManager:220 - loadIPPluginJar : add genericplugin
2024-08-05 11:04:27,034 [INFO] IPUIPlugin:80 - create IPUIPlugin
2024-08-05 11:04:27,034 [INFO] PluginManager:220 - loadIPPluginJar : add hash
2024-08-05 11:04:27,035 [INFO] IPUIPlugin:80 - create IPUIPlugin
2024-08-05 11:04:27,035 [INFO] PluginManager:220 - loadIPPluginJar : add ltdc
2024-08-05 11:04:27,039 [INFO] IPUIPlugin:80 - create IPUIPlugin
2024-08-05 11:04:27,040 [INFO] PluginManager:220 - loadIPPluginJar : add plateformsettings
2024-08-05 11:04:27,042 [INFO] IPUIPlugin:80 - create IPUIPlugin
2024-08-05 11:04:27,042 [INFO] PluginManager:220 - loadIPPluginJar : add cryp
2024-08-05 11:04:27,044 [INFO] IPUIPlugin:80 - create IPUIPlugin
2024-08-05 11:04:27,044 [INFO] PluginManager:220 - loadIPPluginJar : add opamp
2024-08-05 11:04:27,139 [INFO] CADModel:165 - CPN selected for project level
2024-08-05 11:04:27,140 [INFO] CADModel:114 - Register for checkConnection events
2024-08-05 11:04:27,140 [FATAL] Updater:308 - Updater called before beeing initialized
2024-08-05 11:04:27,140 [ERROR] CADModel:125 - Updater not yet initialized, retry later 
2024-08-05 11:04:27,254 [INFO] CADModel:165 - CPN selected for project level
2024-08-05 11:04:27,254 [INFO] CADModel:114 - Register for checkConnection events
2024-08-05 11:04:27,255 [FATAL] Updater:308 - Updater called before beeing initialized
2024-08-05 11:04:27,255 [ERROR] CADModel:125 - Updater not yet initialized, retry later 
2024-08-05 11:04:27,257 [FATAL] Updater:308 - Updater called before beeing initialized
2024-08-05 11:04:27,311 [FATAL] Updater:308 - Updater called before beeing initialized
2024-08-05 11:04:27,314 [INFO] DbMcusAds:53 - JSON generation date=Thu May 16 16:22:00 WIB 2024 (1715851320667)
2024-08-05 11:04:27,314 [FATAL] Updater:308 - Updater called before beeing initialized
2024-08-05 11:04:27,342 [WARN] DetailPanel:346 - Failed to get advertising image, set to default
2024-08-05 11:04:27,410 [FATAL] Updater:308 - Updater called before beeing initialized
2024-08-05 11:04:27,411 [FATAL] Updater:308 - Updater called before beeing initialized
2024-08-05 11:04:27,411 [FATAL] Updater:308 - Updater called before beeing initialized
2024-08-05 11:04:27,411 [WARN] DetailPanel:346 - Failed to get advertising image, set to default
2024-08-05 11:04:27,412 [FATAL] Updater:308 - Updater called before beeing initialized
2024-08-05 11:04:27,442 [ERROR] Updater:1120 - MainUpdater not yet initialized. External WinMGr cannot be set.
2024-08-05 11:04:27,444 [INFO] Updater:1056 - Updater Version found : 6.11.1
2024-08-05 11:04:27,461 [INFO] ApplicationProperties:184 - Using Application install path: /opt/st/stm32cubeide_1.15.1/plugins/com.st.stm32cube.common.mx_6.11.1.202404110753
2024-08-05 11:04:27,668 [INFO] MainUpdater:2873 - connection check result : 10
2024-08-05 11:04:27,668 [INFO] MainUpdater:290 - Updater Check For Update Now.
2024-08-05 11:04:27,669 [INFO] MicroXplorer:498 - Change Database Version : DB.6.0.111
2024-08-05 11:04:27,672 [INFO] McuFinderGlobals:63 - Set McuFinder mode to 2 (CubeIDE integrated)
2024-08-05 11:04:27,676 [INFO] UserAuth:415 - Internet connection configuration mode: 1
2024-08-05 11:04:27,687 [INFO] JxBrowserEngine:152 - Initiate JxBrowser Engine with user profile folder
2024-08-05 11:04:27,822 [INFO] CheckServerUpdateThread:120 - End of CheckServer Thread
2024-08-05 11:04:28,576 [INFO] WebApp:161 - Instantiating new browser for Auth
2024-08-05 11:04:29,067 [INFO] WebApp:779 - Register for checkConnection events
2024-08-05 11:04:29,067 [INFO] WebApp:414 - Apply proxy settings
2024-08-05 11:04:29,068 [INFO] WebApp:499 - Chromium requires no authentication
2024-08-05 11:04:29,072 [INFO] WebApp:442 - Direct internet connection detected
2024-08-05 11:04:29,164 [INFO] WebApp:192 - Starting web application
2024-08-05 11:04:29,164 [INFO] WebApp:544 - Web application path used /opt/st/stm32cubeide_1.15.1/plugins/com.st.stm32cube.common.mx_6.11.1.202404110753/db/plugins/mcufinder/reactClient1/index.html
2024-08-05 11:04:29,728 [WARN] PackLoader:240 - Cannot read IP mode file for STMicroelectronics.X-CUBE-SMBUS.2.1.0
2024-08-05 11:04:29,750 [WARN] PackLoader:240 - Cannot read IP mode file for STMicroelectronics.X-CUBE-AZRTOS-F7.1.1.0
2024-08-05 11:04:29,757 [WARN] PackLoader:240 - Cannot read IP mode file for STMicroelectronics.FP-SNS-FLIGHT1.5.0.2
2024-08-05 11:04:29,763 [WARN] PackLoader:240 - Cannot read IP mode file for STMicroelectronics.X-CUBE-DISPLAY.3.0.0
2024-08-05 11:04:29,772 [WARN] PackLoader:240 - Cannot read IP mode file for STMicroelectronics.X-CUBE-BLE1.7.0.0
2024-08-05 11:04:29,775 [WARN] PackLoader:240 - Cannot read IP mode file for emotas.I-CUBE-CANOPEN.1.3.0
2024-08-05 11:04:29,784 [WARN] PackLoader:240 - Cannot read IP mode file for STMicroelectronics.X-CUBE-BLEMGR.3.1.0
2024-08-05 11:04:29,790 [WARN] PackLoader:240 - Cannot read IP mode file for STMicroelectronics.FP-SNS-SMARTAG2.1.2.0
2024-08-05 11:04:29,798 [INFO] LogOutputStream:77 - [STDOUT_REDIRECT] 1 : Invalid condition id : UX_CORESTACK_Condition cause : null
2024-08-05 11:04:29,799 [INFO] LogOutputStream:77 - [STDOUT_REDIRECT] 1 : Invalid condition id : UX_CORESTACK_Condition cause : null
2024-08-05 11:04:29,799 [INFO] LogOutputStream:77 - [STDOUT_REDIRECT] 1 : Invalid condition id : UX_CORESTACK_Condition cause : null
2024-08-05 11:04:29,799 [INFO] LogOutputStream:77 - [STDOUT_REDIRECT] 1 : Invalid condition id : UX_CORESTACK_Condition cause : null
2024-08-05 11:04:29,799 [INFO] LogOutputStream:77 - [STDOUT_REDIRECT] 1 : Invalid condition id : UX_CORESTACK_Condition cause : null
2024-08-05 11:04:29,803 [WARN] PackLoader:240 - Cannot read IP mode file for STMicroelectronics.X-CUBE-AZRTOS-WL.2.0.0
2024-08-05 11:04:29,808 [WARN] PackLoader:240 - Cannot read IP mode file for WES.I-CUBE-Cesium.1.3.0
2024-08-05 11:04:29,812 [WARN] PackLoader:240 - Cannot read IP mode file for STMicroelectronics.X-CUBE-BLE2.3.3.0
2024-08-05 11:04:29,831 [WARN] PackLoader:240 - Cannot read IP mode file for STMicroelectronics.X-CUBE-AZRTOS-G0.1.1.0
2024-08-05 11:04:29,839 [WARN] PackLoader:240 - Cannot read IP mode file for STMicroelectronics.X-CUBE-NFC4.3.0.0
2024-08-05 11:04:29,852 [WARN] PackLoader:240 - Cannot read IP mode file for EmbeddedOffice.I-CUBE-FS-RTOS.1.0.1
2024-08-05 11:04:29,853 [ERROR] ConditionMgr:805 - Attr not supported : Dmpu
2024-08-05 11:04:29,853 [ERROR] ConditionMgr:805 - Attr not supported : Dmpu
2024-08-05 11:04:29,853 [ERROR] ConditionMgr:805 - Attr not supported : Dmpu
2024-08-05 11:04:29,853 [ERROR] ConditionMgr:805 - Attr not supported : Dmpu
2024-08-05 11:04:29,853 [ERROR] ConditionMgr:805 - Attr not supported : Dmpu
2024-08-05 11:04:29,853 [ERROR] ConditionMgr:805 - Attr not supported : Dmpu
2024-08-05 11:04:29,853 [ERROR] ConditionMgr:805 - Attr not supported : Dmpu
2024-08-05 11:04:29,853 [ERROR] ConditionMgr:805 - Attr not supported : Dmpu
2024-08-05 11:04:29,853 [ERROR] ConditionMgr:805 - Attr not supported : Dmpu
2024-08-05 11:04:29,853 [ERROR] ConditionMgr:805 - Attr not supported : Dmpu
2024-08-05 11:04:29,853 [ERROR] ConditionMgr:805 - Attr not supported : Dmpu
2024-08-05 11:04:29,853 [ERROR] ConditionMgr:805 - Attr not supported : Dmpu
2024-08-05 11:04:29,853 [ERROR] ConditionMgr:805 - Attr not supported : Dmpu
2024-08-05 11:04:29,853 [ERROR] ConditionMgr:805 - Attr not supported : Dmpu
2024-08-05 11:04:29,853 [ERROR] ConditionMgr:805 - Attr not supported : Dmpu
2024-08-05 11:04:29,853 [ERROR] ConditionMgr:805 - Attr not supported : Dmpu
2024-08-05 11:04:29,854 [ERROR] ConditionMgr:805 - Attr not supported : Dmpu
2024-08-05 11:04:29,854 [ERROR] ConditionMgr:805 - Attr not supported : Dmpu
2024-08-05 11:04:29,854 [ERROR] ConditionMgr:805 - Attr not supported : Dmpu
2024-08-05 11:04:29,854 [ERROR] ConditionMgr:805 - Attr not supported : Dmpu
2024-08-05 11:04:29,854 [ERROR] ConditionMgr:805 - Attr not supported : Dmpu
2024-08-05 11:04:29,854 [ERROR] ConditionMgr:805 - Attr not supported : Dmpu
2024-08-05 11:04:29,854 [ERROR] ConditionMgr:805 - Attr not supported : Dmpu
2024-08-05 11:04:29,854 [ERROR] ConditionMgr:805 - Attr not supported : Dmpu
2024-08-05 11:04:29,854 [ERROR] ConditionMgr:805 - Attr not supported : Dmpu
2024-08-05 11:04:29,854 [ERROR] ConditionMgr:805 - Attr not supported : Dmpu
2024-08-05 11:04:29,854 [ERROR] ConditionMgr:805 - Attr not supported : Dmpu
2024-08-05 11:04:29,854 [ERROR] ConditionMgr:805 - Attr not supported : Dmpu
2024-08-05 11:04:29,854 [ERROR] ConditionMgr:805 - Attr not supported : Dmpu
2024-08-05 11:04:29,854 [ERROR] ConditionMgr:805 - Attr not supported : Dmpu
2024-08-05 11:04:29,854 [ERROR] ConditionMgr:805 - Attr not supported : Dmpu
2024-08-05 11:04:29,854 [ERROR] ConditionMgr:805 - Attr not supported : Dmpu
2024-08-05 11:04:29,854 [ERROR] ConditionMgr:805 - Attr not supported : Dmpu
2024-08-05 11:04:29,854 [ERROR] ConditionMgr:805 - Attr not supported : Dmpu
2024-08-05 11:04:29,855 [ERROR] ConditionMgr:805 - Attr not supported : Dmpu
2024-08-05 11:04:29,855 [ERROR] ConditionMgr:805 - Attr not supported : Dmpu
2024-08-05 11:04:29,855 [ERROR] ConditionMgr:805 - Attr not supported : Dmpu
2024-08-05 11:04:29,855 [ERROR] ConditionMgr:805 - Attr not supported : Dmpu
2024-08-05 11:04:29,855 [ERROR] ConditionMgr:805 - Attr not supported : Dmpu
2024-08-05 11:04:29,855 [ERROR] ConditionMgr:805 - Attr not supported : Dmpu
2024-08-05 11:04:29,855 [ERROR] ConditionMgr:805 - Attr not supported : Dmpu
2024-08-05 11:04:29,855 [ERROR] ConditionMgr:805 - Attr not supported : Dmpu
2024-08-05 11:04:29,855 [ERROR] ConditionMgr:805 - Attr not supported : Dmpu
2024-08-05 11:04:29,855 [ERROR] ConditionMgr:805 - Attr not supported : Dmpu
2024-08-05 11:04:29,855 [ERROR] ConditionMgr:805 - Attr not supported : Dmpu
2024-08-05 11:04:29,855 [ERROR] ConditionMgr:805 - Attr not supported : Dmpu
2024-08-05 11:04:29,856 [ERROR] ConditionMgr:805 - Attr not supported : Dmpu
2024-08-05 11:04:29,856 [ERROR] ConditionMgr:805 - Attr not supported : Dmpu
2024-08-05 11:04:29,856 [ERROR] ConditionMgr:805 - Attr not supported : Dmpu
2024-08-05 11:04:29,856 [ERROR] ConditionMgr:805 - Attr not supported : Dmpu
2024-08-05 11:04:29,856 [ERROR] ConditionMgr:805 - Attr not supported : Dmpu
2024-08-05 11:04:29,856 [ERROR] ConditionMgr:805 - Attr not supported : Dmpu
2024-08-05 11:04:29,856 [ERROR] ConditionMgr:805 - Attr not supported : Dmpu
2024-08-05 11:04:29,856 [ERROR] ConditionMgr:805 - Attr not supported : Dmpu
2024-08-05 11:04:29,856 [ERROR] ConditionMgr:805 - Attr not supported : Dmpu
2024-08-05 11:04:29,856 [ERROR] ConditionMgr:805 - Attr not supported : Dmpu
2024-08-05 11:04:29,856 [ERROR] ConditionMgr:805 - Attr not supported : Dmpu
2024-08-05 11:04:29,856 [ERROR] ConditionMgr:805 - Attr not supported : Dmpu
2024-08-05 11:04:29,857 [ERROR] ConditionMgr:805 - Attr not supported : Dmpu
2024-08-05 11:04:29,857 [ERROR] ConditionMgr:805 - Attr not supported : Dmpu
2024-08-05 11:04:29,857 [ERROR] ConditionMgr:805 - Attr not supported : Dmpu
2024-08-05 11:04:29,857 [ERROR] ConditionMgr:805 - Attr not supported : Dmpu
2024-08-05 11:04:29,857 [ERROR] ConditionMgr:805 - Attr not supported : Dmpu
2024-08-05 11:04:29,857 [ERROR] ConditionMgr:805 - Attr not supported : Dmpu
2024-08-05 11:04:29,860 [WARN] PackLoader:240 - Cannot read IP mode file for STMicroelectronics.FP-ATR-SIGFOX1.3.2.0
2024-08-05 11:04:29,863 [WARN] PackLoader:240 - Cannot read IP mode file for STMicroelectronics.X-CUBE-EEPRMA1.5.1.0
2024-08-05 11:04:29,868 [WARN] PackLoader:240 - Cannot read IP mode file for ITTIA_DB.I-CUBE-ITTIADB.8.9.0
2024-08-05 11:04:29,895 [WARN] PackLoader:240 - Cannot read IP mode file for SEGGER.I-CUBE-embOS.1.3.1
2024-08-05 11:04:29,935 [WARN] PackLoader:240 - Cannot read IP mode file for STMicroelectronics.X-CUBE-GNSS1.6.0.0
2024-08-05 11:04:29,947 [WARN] PackLoader:240 - Cannot read IP mode file for STMicroelectronics.X-CUBE-AZRTOS-F4.1.1.0
2024-08-05 11:04:29,960 [WARN] PackLoader:240 - Cannot read IP mode file for STMicroelectronics.X-CUBE-AZRTOS-L5.2.0.0
2024-08-05 11:04:29,965 [WARN] PackLoader:240 - Cannot read IP mode file for STMicroelectronics.X-CUBE-NFC7.1.0.1
2024-08-05 11:04:29,978 [WARN] ConditionMgr:438 - getConditionDescription Invalid condition id : LAN8742 Phy interface Condition cause : null
2024-08-05 11:04:29,978 [WARN] PackLoader:240 - Cannot read IP mode file for STMicroelectronics.X-CUBE-AZRTOS-L4.2.0.0
2024-08-05 11:04:29,979 [WARN] ConditionMgr:1039 - genDependencies : Invalid condition id : LAN8742 Phy interface Condition cause : null
2024-08-05 11:04:29,979 [WARN] ConditionMgr:1039 - genDependencies : Invalid condition id : LAN8742 Phy interface Condition cause : null
2024-08-05 11:04:29,980 [WARN] ConditionMgr:1039 - genDependencies : Invalid condition id : LAN8742 Phy interface Condition cause : null
2024-08-05 11:04:29,984 [WARN] PackLoader:240 - Cannot read IP mode file for STMicroelectronics.X-CUBE-SFXS2LP1.4.0.0
2024-08-05 11:04:29,994 [WARN] ConditionMgr:438 - getConditionDescription Invalid condition id : UX DEVICE CLASS RTOS Condition cause : null
2024-08-05 11:04:29,994 [WARN] ConditionMgr:438 - getConditionDescription Invalid condition id : UX DEVICE CLASS RTOS Condition cause : null
2024-08-05 11:04:29,996 [WARN] PackLoader:240 - Cannot read IP mode file for STMicroelectronics.X-CUBE-AZRTOS-WB.2.0.0
2024-08-05 11:04:29,996 [WARN] ConditionMgr:1039 - genDependencies : Invalid condition id : UX DEVICE CLASS RTOS Condition cause : null
2024-08-05 11:04:29,996 [WARN] ConditionMgr:1039 - genDependencies : Invalid condition id : UX DEVICE CLASS RTOS Condition cause : null
2024-08-05 11:04:29,996 [WARN] ConditionMgr:1039 - genDependencies : Invalid condition id : UX DEVICE CLASS RTOS Condition cause : null
2024-08-05 11:04:29,996 [WARN] ConditionMgr:1039 - genDependencies : Invalid condition id : UX DEVICE CLASS RTOS Condition cause : null
2024-08-05 11:04:29,997 [WARN] ConditionMgr:1039 - genDependencies : Invalid condition id : UX DEVICE CLASS RTOS Condition cause : null
2024-08-05 11:04:30,000 [WARN] PackLoader:240 - Cannot read IP mode file for STMicroelectronics.FP-SNS-STBOX1.2.0.0
2024-08-05 11:04:30,008 [WARN] PackLoader:240 - Cannot read IP mode file for STMicroelectronics.X-CUBE-SUBG2.5.0.0
2024-08-05 11:04:30,014 [WARN] PackLoader:240 - Cannot read IP mode file for Cesanta.I-CUBE-Mongoose.7.13.0
2024-08-05 11:04:30,023 [WARN] PackLoader:240 - Cannot read IP mode file for STMicroelectronics.X-CUBE-AZRTOS-G4.2.0.0
2024-08-05 11:04:30,027 [WARN] PackLoader:240 - Cannot read IP mode file for STMicroelectronics.X-CUBE-ISPU.2.0.0
2024-08-05 11:04:30,059 [WARN] PackLoader:240 - Cannot read IP mode file for STMicroelectronics.X-CUBE-MEMS1.10.0.0
2024-08-05 11:04:30,169 [WARN] PackLoader:240 - Cannot read IP mode file for portGmbH.I-Cube-SoM-uGOAL.1.1.0
2024-08-05 11:04:30,171 [WARN] PackLoader:240 - Cannot read IP mode file for STMicroelectronics.FP-ATR-ASTRA1.2.0.0
2024-08-05 11:04:30,177 [WARN] PackLoader:240 - Cannot read IP mode file for STMicroelectronics.X-CUBE-TOF1.3.4.2
2024-08-05 11:04:30,194 [WARN] PackLoader:240 - Cannot read IP mode file for STMicroelectronics.X-CUBE-TOF1.3.4.1
2024-08-05 11:04:30,219 [WARN] PackLoader:240 - Cannot read IP mode file for STMicroelectronics.X-CUBE-AZRTOS-H7.3.2.0
2024-08-05 11:04:30,229 [WARN] PackLoader:240 - Cannot read IP mode file for Infineon.AIROC-Wi-Fi-Bluetooth-STM32.1.6.0
2024-08-05 11:04:30,233 [WARN] PackLoader:240 - Cannot read IP mode file for wolfSSL.I-CUBE-wolfSSH.1.4.17
2024-08-05 11:04:30,233 [INFO] ThirdParty:978 - Integrity check success = true
2024-08-05 11:04:30,234 [INFO] IntegrityCheckThread:100 - exiting critical section [integrity check]
2024-08-05 11:04:30,234 [INFO] IntegrityCheckThread:103 - End integrity checks thread
2024-08-05 11:06:02,542 [INFO] McuFinderGlobals:63 - Set McuFinder mode to 2 (CubeIDE integrated)
2024-08-05 11:06:02,544 [INFO] MainUpdater:2873 - connection check result : 10
2024-08-05 11:06:02,544 [INFO] McuFinderGlobals:76 - Set McuFinderConnectedMode to true
2024-08-05 11:06:03,465 [INFO] ServerAccessManage:473 - Download File mcusAds.json._tmp_
2024-08-05 11:06:03,607 [INFO] LoadUrlFilesThread:156 - End of LoadUrlFiles Thread
2024-08-05 11:06:04,090 [INFO] ServerAccessManage:473 - Download File cube-finder-db.zip
2024-08-05 11:06:14,062 [INFO] FileExtend:240 - Unzip File : cube-finder-db.zip
2024-08-05 11:06:14,063 [INFO] FileExtend:255 - Standard Zip Deflate
2024-08-05 11:06:14,650 [INFO] LoadUrlFilesThread:156 - End of LoadUrlFiles Thread
2024-08-05 11:06:18,195 [INFO] ServerAccessManage:473 - Download File crdb.zip
2024-08-05 11:06:20,444 [INFO] FileExtend:240 - Unzip File : crdb.zip
2024-08-05 11:06:20,444 [INFO] FileExtend:255 - Standard Zip Deflate
2024-08-05 11:06:20,623 [INFO] LoadUrlFilesThread:156 - End of LoadUrlFiles Thread
2024-08-05 11:06:20,864 [INFO] ServerAccessManage:473 - Download File tutoVideoDB.zip
2024-08-05 11:06:20,888 [INFO] FileExtend:240 - Unzip File : tutoVideoDB.zip
2024-08-05 11:06:20,888 [INFO] FileExtend:255 - Standard Zip Deflate
2024-08-05 11:06:20,991 [INFO] LoadUrlFilesThread:156 - End of LoadUrlFiles Thread
2024-08-05 11:06:20,992 [WARN] DbFile:41 - Overriding database path with different value: /home/wgg/.stmcufinder/plugins/mcufinder/ => /home/wgg/.stmcufinder/plugins/mcufinder
2024-08-05 11:06:21,171 [INFO] ServerAccessManage:473 - Download File api_config.json
2024-08-05 11:06:21,277 [INFO] LoadUrlFilesThread:156 - End of LoadUrlFiles Thread
2024-08-05 11:06:21,280 [INFO] DbMcusAds:53 - JSON generation date=Thu May 16 16:22:00 WIB 2024 (1715851320667)
2024-08-05 11:06:21,358 [INFO] LoadUrlFilesThread:185 - End of LoadServerUrlFiles without Thread
2024-08-05 11:06:21,358 [INFO] TargetSelectorAdapter:259 - Refresh data is successful
2024-08-05 11:06:21,451 [INFO] ApiDb:581 - Connected to CubeFinder SQLite database (/home/wgg/.stmcufinder/plugins/mcufinder/mcu/cube-finder-db.db)
2024-08-05 11:06:21,506 [INFO] ApiDb:668 - CubeFinder database Data Model version=2.1
2024-08-05 11:06:21,506 [INFO] ApiDb:669 - CubeFinder database Configuration version=3.0.39
2024-08-05 11:06:21,506 [INFO] ApiDb:670 - CubeFinder database generation date=2024-06-20 (1718880634)
2024-08-05 11:06:21,506 [INFO] ApiDb:671 - CubeFinder database FW Pack versions=[FP-ATR-ASTRA1_V2.0.0, FP-SNS-FLIGHT1_V5.0.2, FP-SNS-MOTENV1_V5.0.0, FP-SNS-MOTENVWB1_V1.4.0, FP-SNS-SMARTAG2_V1.2.0, STM32Cube_FW_C0_V1.2.0, STM32Cube_FW_F4_V1.28.0, STM32Cube_FW_F7_V1.17.2, STM32Cube_FW_G0_V1.6.2, STM32Cube_FW_G4_V1.6.0, STM32Cube_FW_H5_V1.3.0, STM32Cube_FW_H7RS_V1.1.0, STM32Cube_FW_H7_V1.11.2, STM32Cube_FW_L0_V1.12.2, STM32Cube_FW_L5_V1.5.1, STM32Cube_FW_U0_V1.1.0, STM32Cube_FW_U5_V1.6.0, STM32Cube_FW_WB0_V1.0.0, STM32Cube_FW_WBA_V1.4.0, STM32Cube_FW_WB_V1.20.0, STM32Cube_FW_WL_V1.3.0, X-CUBE-ALGOBUILD_V1.4.0, X-CUBE-ALS_V1.0.2, X-CUBE-AZRTOS-F4_V1.1.0, X-CUBE-AZRTOS-F7_V1.1.0, X-CUBE-AZRTOS-G0_V1.1.0, X-CUBE-AZRTOS-G4_V2.0.0, X-CUBE-AZRTOS-H7RS_V1.0.0, X-CUBE-AZRTOS-H7_V3.2.0, X-CUBE-AZRTOS-L4_V2.0.0, X-CUBE-AZRTOS-L5_V1.1.0, X-CUBE-AZRTOS-WB_V2.0.0, X-CUBE-AZRTOS-WL_V2.0.0, X-CUBE-BLE1_V7.0.0, X-CUBE-BLE2_V3.3.0, X-CUBE-BLEMGR_V3.1.0, X-CUBE-EEPRMA1_V5.1.0, X-CUBE-FREERTOS_V1.2.0, X-CUBE-GNSS1_V6.0.0, X-CUBE-MEMS1_V10.0.0, X-CUBE-NFC4_V3.0.0, X-CUBE-NFC7_V1.0.1, X-CUBE-SFXS2LP1_V4.0.0, X-CUBE-SUBG2_V5.0.0, X-CUBE-TOF1_V3.4.1]
2024-08-05 11:06:23,587 [INFO] ApiDb:240 - Found 483 in-development CPN: [B-G473E-ZEST1S, B-WB1M-WPAN1, B-WL5M-SUBG1, NUCLEO-C031C6, NUCLEO-H503RB, NUCLEO-H533RE, NUCLEO-H563ZI, NUCLEO-H7S3L8, NUCLEO-U031R8, NUCLEO-U083RC, NUCLEO-U545RE-Q, NUCLEO-U5A5ZJ-Q, NUCLEO-WBA52CG, NUCLEO-WBA55CG, STEVAL-PROTEUS1, STEVAL-SMARTAG2, STEVAL-STWINBX1, STM320518-EVAL, STM32C0116-DK, STM32C011D6Y3TR, STM32C011D6Y6TR, STM32C011F4P3, STM32C011F4P6, STM32C011F4U3, STM32C011F4U6TR, STM32C011F6P3, STM32C011F6P6, STM32C011F6U3, STM32C011F6U6TR, STM32C011J4M3, STM32C011J4M6, STM32C011J6M3, STM32C011J6M6, STM32C0316-DK, STM32C031C4T3, STM32C031C4T6, STM32C031C4U3, STM32C031C4U6, STM32C031C6T3, STM32C031C6T6, STM32C031C6U3, STM32C031C6U6, STM32C031F4P3, STM32C031F4P6, STM32C031F6P3, STM32C031F6P6, STM32C031G4U3, STM32C031G4U6, STM32C031G6U3, STM32C031G6U6, STM32C031K4T3, STM32C031K4T6, STM32C031K4U3, STM32C031K4U6, STM32C031K6T3, STM32C031K6T6, STM32C031K6U3, STM32C031K6U6, STM32G071K8TXN, STM32G071K8UXN, STM32G081GBU6N, STM32G081KBT6N, STM32G081KBUXN, STM32G0B1CCT6N, STM32G0B1KCT6, STM32G0B1NEY6TR, STM32G0B1RCT6N, STM32G0C1CCT6, STM32G0C1CCT6N, STM32G0C1CCU6N, STM32G0C1CET6N, STM32G0C1CEU6N, STM32G0C1KCT6, STM32G0C1NEY6TR, STM32G0C1RCI6N, STM32G0C1RCT6N, STM32G0C1REI6N, STM32G0C1RET6N, STM32G0C1VCI6, STM32G0C1VEI6, STM32G471CCT6, STM32G471CCU6, STM32G471CET3, STM32G471CET6, STM32G471CEU3, STM32G471CEU6, STM32G471MCT6, STM32G471MET3, STM32G471MET6, STM32G471MEY6TR, STM32G471QCT6, STM32G471QET3, STM32G471RCT6, STM32G471RET3, STM32G471RET6, STM32G471VCH6, STM32G471VCI6, STM32G471VCT6, STM32G471VEH3, STM32G471VEH6, STM32G471VEI3, STM32G471VEI6, STM32G471VET3, STM32G471VET6, STM32G474CCT6, STM32H503CBT6, STM32H503CBU6, STM32H503EBY6TR, STM32H503KBU6, STM32H503RBT6, STM32H523CCT6, STM32H523CCU6, STM32H523CET6, STM32H523CEU6, STM32H523HEY6TR, STM32H523RCT6, STM32H523RET6, STM32H523VCI6, STM32H523VCT6, STM32H523VEI6, STM32H523VET6, STM32H523ZCJ6, STM32H523ZCT6, STM32H523ZEJ6, STM32H523ZET6, STM32H533CET6, STM32H533CEU6, STM32H533HEY6TR, STM32H533RET6, STM32H533VEI6, STM32H533VET6, STM32H533ZEJ6, STM32H533ZET6, STM32H562AGI6, STM32H562AII6, STM32H562IGK6, STM32H562IGT6, STM32H562IIK6, STM32H562IIT6, STM32H562RGT6, STM32H562RGV6, STM32H562RIT6, STM32H562RIV6, STM32H562VGT6, STM32H562VIT6, STM32H562ZGT6, STM32H562ZIT6, STM32H563AGI6, STM32H563AII3Q, STM32H563AII6, STM32H563IGK6, STM32H563IGT6, STM32H563IIK3Q, STM32H563IIK6, STM32H563IIT3Q, STM32H563IIT6, STM32H563MIY3QTR, STM32H563RGT6, STM32H563RGV6, STM32H563RIT6, STM32H563RIV6, STM32H563VGT6, STM32H563VIT3Q, STM32H563VIT6, STM32H563ZGT6, STM32H563ZIT3Q, STM32H563ZIT6, STM32H573AII3Q, STM32H573AII6, STM32H573I-DK, STM32H573IIK3Q, STM32H573IIK6, STM32H573IIT3Q, STM32H573IIT6, STM32H573MIY3QTR, STM32H573RIT6, STM32H573RIV6, STM32H573VIT3Q, STM32H573VIT6, STM32H573ZIT3Q, STM32H573ZIT6, STM32H7R3A8I6, STM32H7R3I8K6, STM32H7R3I8T6, STM32H7R3L8H6, STM32H7R3L8H6H, STM32H7R3R8V6, STM32H7R3V8H6, STM32H7R3V8T6, STM32H7R3V8Y6, STM32H7R3Z8J6, STM32H7R3Z8T6, STM32H7R7A8I6, STM32H7R7I8K6, STM32H7R7I8T6, STM32H7R7L8H6, STM32H7R7L8H6H, STM32H7R7Z8J6, STM32H7S3A8I6, STM32H7S3I8K6, STM32H7S3I8T6, STM32H7S3L8H6, STM32H7S3L8H6H, STM32H7S3R8V6, STM32H7S3V8H6, STM32H7S3V8T6, STM32H7S3V8Y6, STM32H7S3Z8J6, STM32H7S3Z8T6, STM32H7S78-DK, STM32H7S7A8I6, STM32H7S7I8K6, STM32H7S7I8T6, STM32H7S7L8H6, STM32H7S7L8H6H, STM32H7S7Z8J6, STM32L4R5QGI6STR, STM32MP131AAE3, STM32MP131AAF3, STM32MP131AAG3, STM32MP131CAE3, STM32MP131CAF3, STM32MP131CAG3, STM32MP131DAE7, STM32MP131DAF7, STM32MP131DAG7, STM32MP131FAE7, STM32MP131FAF7, STM32MP131FAG7, STM32MP133AAE3, STM32MP133AAF3, STM32MP133AAG3, STM32MP133CAE3, STM32MP133CAF3, STM32MP133CAG3, STM32MP133DAE7, STM32MP133DAF7, STM32MP133DAG7, STM32MP133FAE7, STM32MP133FAF7, STM32MP133FAG7, STM32MP135AAE3, STM32MP135AAF3, STM32MP135AAG3, STM32MP135CAE3, STM32MP135CAF3, STM32MP135CAG3, STM32MP135DAE7, STM32MP135DAF7, STM32MP135DAG7, STM32MP135F-DK, STM32MP135FAE7, STM32MP135FAF7, STM32MP135FAF7T, STM32MP135FAF7U, STM32MP135FAG7, STM32U031C6T6, STM32U031C6U6, STM32U031C8T6, STM32U031C8U6, STM32U031F4P6, STM32U031F6P6, STM32U031F8P6, STM32U031G6Y6TR, STM32U031G8Y6TR, STM32U031K4U6, STM32U031K6U6, STM32U031K8U6, STM32U031R6I6, STM32U031R6T6, STM32U031R8I6, STM32U031R8T6, STM32U073C8T6, STM32U073C8U6, STM32U073CBT6, STM32U073CBU6, STM32U073CCT6, STM32U073CCU6, STM32U073H8Y6TR, STM32U073HBY6TR, STM32U073HCY6TR, STM32U073K8U6, STM32U073KBU6, STM32U073KCU6, STM32U073M8I6, STM32U073M8T6, STM32U073MBI6, STM32U073MBT6, STM32U073MCI6, STM32U073MCT6, STM32U073R8I6, STM32U073R8T6, STM32U073RBI6, STM32U073RBT6, STM32U073RCI6, STM32U073RCT6, STM32U083C-DK, STM32U083CCT6, STM32U083CCU6, STM32U083HCY6TR, STM32U083KCU6, STM32U083MCI6, STM32U083MCT6, STM32U083RCI6, STM32U083RCT6, STM32U535CBT6, STM32U535CBT6Q, STM32U535CBU6, STM32U535CBU6Q, STM32U535CCT6, STM32U535CCT6Q, STM32U535CCU6, STM32U535CCU6Q, STM32U535CET6, STM32U535CET6Q, STM32U535CEU6, STM32U535CEU6Q, STM32U535JEY6QTR, STM32U535NCY6QTR, STM32U535NEY6QTR, STM32U535RBI6, STM32U535RBI6Q, STM32U535RBT6, STM32U535RBT6Q, STM32U535RCI6, STM32U535RCI6Q, STM32U535RCT6, STM32U535RCT6Q, STM32U535REI6, STM32U535REI6Q, STM32U535RET6, STM32U535RET6Q, STM32U535VCI6, STM32U535VCI6Q, STM32U535VCT6, STM32U535VCT6Q, STM32U535VEI6, STM32U535VEI6Q, STM32U535VET6, STM32U535VET6Q, STM32U545CET6, STM32U545CET6Q, STM32U545CEU6, STM32U545CEU6Q, STM32U545JEY6QTR, STM32U545NEY6QTR, STM32U545REI6, STM32U545REI6Q, STM32U545RET6, STM32U545RET6Q, STM32U545VEI6, STM32U545VEI6Q, STM32U545VET6, STM32U545VET6Q, STM32U595AIH6, STM32U595AIH6Q, STM32U595AJH6, STM32U595AJH6Q, STM32U595QII6, STM32U595QII6Q, STM32U595QJI6, STM32U595QJI6Q, STM32U595RIT6, STM32U595RIT6Q, STM32U595RJT6, STM32U595RJT6Q, STM32U595VIT6, STM32U595VIT6Q, STM32U595VJT6, STM32U595VJT6Q, STM32U595ZIT6, STM32U595ZIT6Q, STM32U595ZIY6QTR, STM32U595ZJT6, STM32U595ZJT6Q, STM32U595ZJY6QTR, STM32U599BJY6QTR, STM32U599NIH6Q, STM32U599NJH6Q, STM32U599VIT6Q, STM32U599VJT6, STM32U599VJT6Q, STM32U599ZIT6Q, STM32U599ZIY6QTR, STM32U599ZJT6Q, STM32U599ZJY6QTR, STM32U5A5AJH6, STM32U5A5AJH6Q, STM32U5A5QII3Q , STM32U5A5QJI6, STM32U5A5QJI6Q, STM32U5A5RJT6, STM32U5A5RJT6Q, STM32U5A5VJT6, STM32U5A5VJT6Q, STM32U5A5ZJT6, STM32U5A5ZJT6Q, STM32U5A5ZJY6QTR, STM32U5A9BJY6QTR, STM32U5A9J-DK, STM32U5A9NJH6Q, STM32U5A9VJT6Q, STM32U5A9ZJT6Q, STM32U5A9ZJY6QTR, STM32U5F7VIT6, STM32U5F7VIT6Q, STM32U5F7VJT6, STM32U5F7VJT6Q, STM32U5F9BJY6QTR, STM32U5F9NJH6Q, STM32U5F9VIT6Q, STM32U5F9VJT6Q, STM32U5F9ZIJ6QTR, STM32U5F9ZIT6Q, STM32U5F9ZJJ6QTR, STM32U5F9ZJT6Q, STM32U5G7VJT6, STM32U5G7VJT6Q, STM32U5G9BJY6QTR, STM32U5G9J-DK1, STM32U5G9J-DK2, STM32U5G9NJH6Q, STM32U5G9VJT6Q, STM32U5G9ZJJ6QTR, STM32U5G9ZJT6Q, STM32WB1MMCH6, STM32WBA50KEU6, STM32WBA50KEU6TR, STM32WBA50KGU6, STM32WBA50KGU6TR, STM32WBA52CEU6, STM32WBA52CEU6TR, STM32WBA52CEU7, STM32WBA52CEU7TR, STM32WBA52CGU6, STM32WBA52CGU6TR, STM32WBA52CGU6U, STM32WBA52CGU7, STM32WBA52CGU7TR, STM32WBA52KEU6, STM32WBA52KEU6TR, STM32WBA52KGU6, STM32WBA52KGU6TR, STM32WBA54CEU6, STM32WBA54CEU6TR, STM32WBA54CEU7, STM32WBA54CEU7TR, STM32WBA54CGU6, STM32WBA54CGU6TR, STM32WBA54CGU7, STM32WBA54CGU7TR, STM32WBA54KEU6, STM32WBA54KEU6TR, STM32WBA54KEU7, STM32WBA54KEU7TR, STM32WBA54KGU6, STM32WBA54KGU6TR, STM32WBA54KGU7, STM32WBA54KGU7TR, STM32WBA55CEU6, STM32WBA55CEU6TR, STM32WBA55CEU7, STM32WBA55CEU7TR, STM32WBA55CGU6, STM32WBA55CGU6TR, STM32WBA55CGU6U, STM32WBA55CGU7, STM32WBA55CGU7TR, STM32WBA55G-DK1, STM32WBA55HEF6, STM32WBA55HEF7, STM32WBA55HGF6, STM32WBA55HGF7, STM32WBA55UEI6, STM32WBA55UEI6TR, STM32WBA55UEI7, STM32WBA55UEI7TR, STM32WBA55UGI6, STM32WBA55UGI6TR, STM32WBA55UGI7, STM32WBA55UGI7TR, STM32WL5MOCH6, STM32WL5MOCH6TR]
2024-08-05 11:06:23,590 [INFO] DbMcus:218 - Found 4203 MCUs, 4203 are supported
2024-08-05 11:06:23,590 [INFO] ApiDb:423 - Load user favorites file /home/wgg/.stm32cubeide/favorites.mcus.txt: 0 item(s)
2024-08-05 11:06:23,590 [INFO] ApiDb:427 - User favorites MCUs=[]
2024-08-05 11:06:23,591 [INFO] DbMcus:224 - Set 0 / 0 favorites MCUs
2024-08-05 11:06:23,909 [INFO] ApiDb:668 - CubeFinder database Data Model version=2.1
2024-08-05 11:06:23,909 [INFO] ApiDb:669 - CubeFinder database Configuration version=3.0.39
2024-08-05 11:06:23,909 [INFO] ApiDb:670 - CubeFinder database generation date=2024-06-20 (1718880634)
2024-08-05 11:06:23,909 [INFO] ApiDb:671 - CubeFinder database FW Pack versions=[FP-ATR-ASTRA1_V2.0.0, FP-SNS-FLIGHT1_V5.0.2, FP-SNS-MOTENV1_V5.0.0, FP-SNS-MOTENVWB1_V1.4.0, FP-SNS-SMARTAG2_V1.2.0, STM32Cube_FW_C0_V1.2.0, STM32Cube_FW_F4_V1.28.0, STM32Cube_FW_F7_V1.17.2, STM32Cube_FW_G0_V1.6.2, STM32Cube_FW_G4_V1.6.0, STM32Cube_FW_H5_V1.3.0, STM32Cube_FW_H7RS_V1.1.0, STM32Cube_FW_H7_V1.11.2, STM32Cube_FW_L0_V1.12.2, STM32Cube_FW_L5_V1.5.1, STM32Cube_FW_U0_V1.1.0, STM32Cube_FW_U5_V1.6.0, STM32Cube_FW_WB0_V1.0.0, STM32Cube_FW_WBA_V1.4.0, STM32Cube_FW_WB_V1.20.0, STM32Cube_FW_WL_V1.3.0, X-CUBE-ALGOBUILD_V1.4.0, X-CUBE-ALS_V1.0.2, X-CUBE-AZRTOS-F4_V1.1.0, X-CUBE-AZRTOS-F7_V1.1.0, X-CUBE-AZRTOS-G0_V1.1.0, X-CUBE-AZRTOS-G4_V2.0.0, X-CUBE-AZRTOS-H7RS_V1.0.0, X-CUBE-AZRTOS-H7_V3.2.0, X-CUBE-AZRTOS-L4_V2.0.0, X-CUBE-AZRTOS-L5_V1.1.0, X-CUBE-AZRTOS-WB_V2.0.0, X-CUBE-AZRTOS-WL_V2.0.0, X-CUBE-BLE1_V7.0.0, X-CUBE-BLE2_V3.3.0, X-CUBE-BLEMGR_V3.1.0, X-CUBE-EEPRMA1_V5.1.0, X-CUBE-FREERTOS_V1.2.0, X-CUBE-GNSS1_V6.0.0, X-CUBE-MEMS1_V10.0.0, X-CUBE-NFC4_V3.0.0, X-CUBE-NFC7_V1.0.1, X-CUBE-SFXS2LP1_V4.0.0, X-CUBE-SUBG2_V5.0.0, X-CUBE-TOF1_V3.4.1]
2024-08-05 11:06:23,956 [INFO] DbBoardsSqlite:226 - include board P-NUCLEO-WB55-NUCLEO as a kit item of type 'Nucleo-64'
2024-08-05 11:06:23,956 [INFO] DbBoardsSqlite:226 - include board P-NUCLEO-WB55-USBDONGLE as a kit item of type 'Nucleo USB Dongle'
2024-08-05 11:06:23,956 [INFO] DbBoardsSqlite:226 - include board STEVAL-IDP005V1 as a kit item of type 'Evaluation Board'
2024-08-05 11:06:23,957 [INFO] DbBoardsSqlite:226 - include board STEVAL-IDP005V2 as a kit item of type 'Evaluation Board'
2024-08-05 11:06:23,992 [INFO] ApiDb:240 - Found 483 in-development CPN: [B-G473E-ZEST1S, B-WB1M-WPAN1, B-WL5M-SUBG1, NUCLEO-C031C6, NUCLEO-H503RB, NUCLEO-H533RE, NUCLEO-H563ZI, NUCLEO-H7S3L8, NUCLEO-U031R8, NUCLEO-U083RC, NUCLEO-U545RE-Q, NUCLEO-U5A5ZJ-Q, NUCLEO-WBA52CG, NUCLEO-WBA55CG, STEVAL-PROTEUS1, STEVAL-SMARTAG2, STEVAL-STWINBX1, STM320518-EVAL, STM32C0116-DK, STM32C011D6Y3TR, STM32C011D6Y6TR, STM32C011F4P3, STM32C011F4P6, STM32C011F4U3, STM32C011F4U6TR, STM32C011F6P3, STM32C011F6P6, STM32C011F6U3, STM32C011F6U6TR, STM32C011J4M3, STM32C011J4M6, STM32C011J6M3, STM32C011J6M6, STM32C0316-DK, STM32C031C4T3, STM32C031C4T6, STM32C031C4U3, STM32C031C4U6, STM32C031C6T3, STM32C031C6T6, STM32C031C6U3, STM32C031C6U6, STM32C031F4P3, STM32C031F4P6, STM32C031F6P3, STM32C031F6P6, STM32C031G4U3, STM32C031G4U6, STM32C031G6U3, STM32C031G6U6, STM32C031K4T3, STM32C031K4T6, STM32C031K4U3, STM32C031K4U6, STM32C031K6T3, STM32C031K6T6, STM32C031K6U3, STM32C031K6U6, STM32G071K8TXN, STM32G071K8UXN, STM32G081GBU6N, STM32G081KBT6N, STM32G081KBUXN, STM32G0B1CCT6N, STM32G0B1KCT6, STM32G0B1NEY6TR, STM32G0B1RCT6N, STM32G0C1CCT6, STM32G0C1CCT6N, STM32G0C1CCU6N, STM32G0C1CET6N, STM32G0C1CEU6N, STM32G0C1KCT6, STM32G0C1NEY6TR, STM32G0C1RCI6N, STM32G0C1RCT6N, STM32G0C1REI6N, STM32G0C1RET6N, STM32G0C1VCI6, STM32G0C1VEI6, STM32G471CCT6, STM32G471CCU6, STM32G471CET3, STM32G471CET6, STM32G471CEU3, STM32G471CEU6, STM32G471MCT6, STM32G471MET3, STM32G471MET6, STM32G471MEY6TR, STM32G471QCT6, STM32G471QET3, STM32G471RCT6, STM32G471RET3, STM32G471RET6, STM32G471VCH6, STM32G471VCI6, STM32G471VCT6, STM32G471VEH3, STM32G471VEH6, STM32G471VEI3, STM32G471VEI6, STM32G471VET3, STM32G471VET6, STM32G474CCT6, STM32H503CBT6, STM32H503CBU6, STM32H503EBY6TR, STM32H503KBU6, STM32H503RBT6, STM32H523CCT6, STM32H523CCU6, STM32H523CET6, STM32H523CEU6, STM32H523HEY6TR, STM32H523RCT6, STM32H523RET6, STM32H523VCI6, STM32H523VCT6, STM32H523VEI6, STM32H523VET6, STM32H523ZCJ6, STM32H523ZCT6, STM32H523ZEJ6, STM32H523ZET6, STM32H533CET6, STM32H533CEU6, STM32H533HEY6TR, STM32H533RET6, STM32H533VEI6, STM32H533VET6, STM32H533ZEJ6, STM32H533ZET6, STM32H562AGI6, STM32H562AII6, STM32H562IGK6, STM32H562IGT6, STM32H562IIK6, STM32H562IIT6, STM32H562RGT6, STM32H562RGV6, STM32H562RIT6, STM32H562RIV6, STM32H562VGT6, STM32H562VIT6, STM32H562ZGT6, STM32H562ZIT6, STM32H563AGI6, STM32H563AII3Q, STM32H563AII6, STM32H563IGK6, STM32H563IGT6, STM32H563IIK3Q, STM32H563IIK6, STM32H563IIT3Q, STM32H563IIT6, STM32H563MIY3QTR, STM32H563RGT6, STM32H563RGV6, STM32H563RIT6, STM32H563RIV6, STM32H563VGT6, STM32H563VIT3Q, STM32H563VIT6, STM32H563ZGT6, STM32H563ZIT3Q, STM32H563ZIT6, STM32H573AII3Q, STM32H573AII6, STM32H573I-DK, STM32H573IIK3Q, STM32H573IIK6, STM32H573IIT3Q, STM32H573IIT6, STM32H573MIY3QTR, STM32H573RIT6, STM32H573RIV6, STM32H573VIT3Q, STM32H573VIT6, STM32H573ZIT3Q, STM32H573ZIT6, STM32H7R3A8I6, STM32H7R3I8K6, STM32H7R3I8T6, STM32H7R3L8H6, STM32H7R3L8H6H, STM32H7R3R8V6, STM32H7R3V8H6, STM32H7R3V8T6, STM32H7R3V8Y6, STM32H7R3Z8J6, STM32H7R3Z8T6, STM32H7R7A8I6, STM32H7R7I8K6, STM32H7R7I8T6, STM32H7R7L8H6, STM32H7R7L8H6H, STM32H7R7Z8J6, STM32H7S3A8I6, STM32H7S3I8K6, STM32H7S3I8T6, STM32H7S3L8H6, STM32H7S3L8H6H, STM32H7S3R8V6, STM32H7S3V8H6, STM32H7S3V8T6, STM32H7S3V8Y6, STM32H7S3Z8J6, STM32H7S3Z8T6, STM32H7S78-DK, STM32H7S7A8I6, STM32H7S7I8K6, STM32H7S7I8T6, STM32H7S7L8H6, STM32H7S7L8H6H, STM32H7S7Z8J6, STM32L4R5QGI6STR, STM32MP131AAE3, STM32MP131AAF3, STM32MP131AAG3, STM32MP131CAE3, STM32MP131CAF3, STM32MP131CAG3, STM32MP131DAE7, STM32MP131DAF7, STM32MP131DAG7, STM32MP131FAE7, STM32MP131FAF7, STM32MP131FAG7, STM32MP133AAE3, STM32MP133AAF3, STM32MP133AAG3, STM32MP133CAE3, STM32MP133CAF3, STM32MP133CAG3, STM32MP133DAE7, STM32MP133DAF7, STM32MP133DAG7, STM32MP133FAE7, STM32MP133FAF7, STM32MP133FAG7, STM32MP135AAE3, STM32MP135AAF3, STM32MP135AAG3, STM32MP135CAE3, STM32MP135CAF3, STM32MP135CAG3, STM32MP135DAE7, STM32MP135DAF7, STM32MP135DAG7, STM32MP135F-DK, STM32MP135FAE7, STM32MP135FAF7, STM32MP135FAF7T, STM32MP135FAF7U, STM32MP135FAG7, STM32U031C6T6, STM32U031C6U6, STM32U031C8T6, STM32U031C8U6, STM32U031F4P6, STM32U031F6P6, STM32U031F8P6, STM32U031G6Y6TR, STM32U031G8Y6TR, STM32U031K4U6, STM32U031K6U6, STM32U031K8U6, STM32U031R6I6, STM32U031R6T6, STM32U031R8I6, STM32U031R8T6, STM32U073C8T6, STM32U073C8U6, STM32U073CBT6, STM32U073CBU6, STM32U073CCT6, STM32U073CCU6, STM32U073H8Y6TR, STM32U073HBY6TR, STM32U073HCY6TR, STM32U073K8U6, STM32U073KBU6, STM32U073KCU6, STM32U073M8I6, STM32U073M8T6, STM32U073MBI6, STM32U073MBT6, STM32U073MCI6, STM32U073MCT6, STM32U073R8I6, STM32U073R8T6, STM32U073RBI6, STM32U073RBT6, STM32U073RCI6, STM32U073RCT6, STM32U083C-DK, STM32U083CCT6, STM32U083CCU6, STM32U083HCY6TR, STM32U083KCU6, STM32U083MCI6, STM32U083MCT6, STM32U083RCI6, STM32U083RCT6, STM32U535CBT6, STM32U535CBT6Q, STM32U535CBU6, STM32U535CBU6Q, STM32U535CCT6, STM32U535CCT6Q, STM32U535CCU6, STM32U535CCU6Q, STM32U535CET6, STM32U535CET6Q, STM32U535CEU6, STM32U535CEU6Q, STM32U535JEY6QTR, STM32U535NCY6QTR, STM32U535NEY6QTR, STM32U535RBI6, STM32U535RBI6Q, STM32U535RBT6, STM32U535RBT6Q, STM32U535RCI6, STM32U535RCI6Q, STM32U535RCT6, STM32U535RCT6Q, STM32U535REI6, STM32U535REI6Q, STM32U535RET6, STM32U535RET6Q, STM32U535VCI6, STM32U535VCI6Q, STM32U535VCT6, STM32U535VCT6Q, STM32U535VEI6, STM32U535VEI6Q, STM32U535VET6, STM32U535VET6Q, STM32U545CET6, STM32U545CET6Q, STM32U545CEU6, STM32U545CEU6Q, STM32U545JEY6QTR, STM32U545NEY6QTR, STM32U545REI6, STM32U545REI6Q, STM32U545RET6, STM32U545RET6Q, STM32U545VEI6, STM32U545VEI6Q, STM32U545VET6, STM32U545VET6Q, STM32U595AIH6, STM32U595AIH6Q, STM32U595AJH6, STM32U595AJH6Q, STM32U595QII6, STM32U595QII6Q, STM32U595QJI6, STM32U595QJI6Q, STM32U595RIT6, STM32U595RIT6Q, STM32U595RJT6, STM32U595RJT6Q, STM32U595VIT6, STM32U595VIT6Q, STM32U595VJT6, STM32U595VJT6Q, STM32U595ZIT6, STM32U595ZIT6Q, STM32U595ZIY6QTR, STM32U595ZJT6, STM32U595ZJT6Q, STM32U595ZJY6QTR, STM32U599BJY6QTR, STM32U599NIH6Q, STM32U599NJH6Q, STM32U599VIT6Q, STM32U599VJT6, STM32U599VJT6Q, STM32U599ZIT6Q, STM32U599ZIY6QTR, STM32U599ZJT6Q, STM32U599ZJY6QTR, STM32U5A5AJH6, STM32U5A5AJH6Q, STM32U5A5QII3Q , STM32U5A5QJI6, STM32U5A5QJI6Q, STM32U5A5RJT6, STM32U5A5RJT6Q, STM32U5A5VJT6, STM32U5A5VJT6Q, STM32U5A5ZJT6, STM32U5A5ZJT6Q, STM32U5A5ZJY6QTR, STM32U5A9BJY6QTR, STM32U5A9J-DK, STM32U5A9NJH6Q, STM32U5A9VJT6Q, STM32U5A9ZJT6Q, STM32U5A9ZJY6QTR, STM32U5F7VIT6, STM32U5F7VIT6Q, STM32U5F7VJT6, STM32U5F7VJT6Q, STM32U5F9BJY6QTR, STM32U5F9NJH6Q, STM32U5F9VIT6Q, STM32U5F9VJT6Q, STM32U5F9ZIJ6QTR, STM32U5F9ZIT6Q, STM32U5F9ZJJ6QTR, STM32U5F9ZJT6Q, STM32U5G7VJT6, STM32U5G7VJT6Q, STM32U5G9BJY6QTR, STM32U5G9J-DK1, STM32U5G9J-DK2, STM32U5G9NJH6Q, STM32U5G9VJT6Q, STM32U5G9ZJJ6QTR, STM32U5G9ZJT6Q, STM32WB1MMCH6, STM32WBA50KEU6, STM32WBA50KEU6TR, STM32WBA50KGU6, STM32WBA50KGU6TR, STM32WBA52CEU6, STM32WBA52CEU6TR, STM32WBA52CEU7, STM32WBA52CEU7TR, STM32WBA52CGU6, STM32WBA52CGU6TR, STM32WBA52CGU6U, STM32WBA52CGU7, STM32WBA52CGU7TR, STM32WBA52KEU6, STM32WBA52KEU6TR, STM32WBA52KGU6, STM32WBA52KGU6TR, STM32WBA54CEU6, STM32WBA54CEU6TR, STM32WBA54CEU7, STM32WBA54CEU7TR, STM32WBA54CGU6, STM32WBA54CGU6TR, STM32WBA54CGU7, STM32WBA54CGU7TR, STM32WBA54KEU6, STM32WBA54KEU6TR, STM32WBA54KEU7, STM32WBA54KEU7TR, STM32WBA54KGU6, STM32WBA54KGU6TR, STM32WBA54KGU7, STM32WBA54KGU7TR, STM32WBA55CEU6, STM32WBA55CEU6TR, STM32WBA55CEU7, STM32WBA55CEU7TR, STM32WBA55CGU6, STM32WBA55CGU6TR, STM32WBA55CGU6U, STM32WBA55CGU7, STM32WBA55CGU7TR, STM32WBA55G-DK1, STM32WBA55HEF6, STM32WBA55HEF7, STM32WBA55HGF6, STM32WBA55HGF7, STM32WBA55UEI6, STM32WBA55UEI6TR, STM32WBA55UEI7, STM32WBA55UEI7TR, STM32WBA55UGI6, STM32WBA55UGI6TR, STM32WBA55UGI7, STM32WBA55UGI7TR, STM32WL5MOCH6, STM32WL5MOCH6TR]
2024-08-05 11:06:24,107 [INFO] BoardInfo:889 - No configuration file found for board P-NUCLEO-WB55
2024-08-05 11:06:24,108 [INFO] DbBoards:161 - Kit is not supported: P-NUCLEO-WB55
2024-08-05 11:06:24,111 [INFO] BoardInfo:889 - No configuration file found for board STEVAL-BFA001V1B
2024-08-05 11:06:24,111 [INFO] DbBoards:161 - Kit is not supported: STEVAL-BFA001V1B
2024-08-05 11:06:24,111 [INFO] BoardInfo:889 - No configuration file found for board STEVAL-BFA001V2B
2024-08-05 11:06:24,112 [INFO] DbBoards:161 - Kit is not supported: STEVAL-BFA001V2B
2024-08-05 11:06:24,201 [INFO] DbBoards:168 - Found 195 boards, 192 are supported
2024-08-05 11:06:24,201 [INFO] DbBoards:169 - Found 195 boards, 8 of them is supported for  Bsp
2024-08-05 11:06:24,203 [INFO] ApiDb:423 - Load user favorites file /home/wgg/.stm32cubeide/favorites.boards.txt: 0 item(s)
2024-08-05 11:06:24,203 [INFO] ApiDb:427 - User favorites Boards=[]
2024-08-05 11:06:24,203 [INFO] DbBoards:198 - Set 0 / 0 favorites Boards
2024-08-05 11:06:24,205 [INFO] ApiDb:668 - CubeFinder database Data Model version=2.1
2024-08-05 11:06:24,205 [INFO] ApiDb:669 - CubeFinder database Configuration version=3.0.39
2024-08-05 11:06:24,205 [INFO] ApiDb:670 - CubeFinder database generation date=2024-06-20 (1718880634)
2024-08-05 11:06:24,205 [INFO] ApiDb:671 - CubeFinder database FW Pack versions=[FP-ATR-ASTRA1_V2.0.0, FP-SNS-FLIGHT1_V5.0.2, FP-SNS-MOTENV1_V5.0.0, FP-SNS-MOTENVWB1_V1.4.0, FP-SNS-SMARTAG2_V1.2.0, STM32Cube_FW_C0_V1.2.0, STM32Cube_FW_F4_V1.28.0, STM32Cube_FW_F7_V1.17.2, STM32Cube_FW_G0_V1.6.2, STM32Cube_FW_G4_V1.6.0, STM32Cube_FW_H5_V1.3.0, STM32Cube_FW_H7RS_V1.1.0, STM32Cube_FW_H7_V1.11.2, STM32Cube_FW_L0_V1.12.2, STM32Cube_FW_L5_V1.5.1, STM32Cube_FW_U0_V1.1.0, STM32Cube_FW_U5_V1.6.0, STM32Cube_FW_WB0_V1.0.0, STM32Cube_FW_WBA_V1.4.0, STM32Cube_FW_WB_V1.20.0, STM32Cube_FW_WL_V1.3.0, X-CUBE-ALGOBUILD_V1.4.0, X-CUBE-ALS_V1.0.2, X-CUBE-AZRTOS-F4_V1.1.0, X-CUBE-AZRTOS-F7_V1.1.0, X-CUBE-AZRTOS-G0_V1.1.0, X-CUBE-AZRTOS-G4_V2.0.0, X-CUBE-AZRTOS-H7RS_V1.0.0, X-CUBE-AZRTOS-H7_V3.2.0, X-CUBE-AZRTOS-L4_V2.0.0, X-CUBE-AZRTOS-L5_V1.1.0, X-CUBE-AZRTOS-WB_V2.0.0, X-CUBE-AZRTOS-WL_V2.0.0, X-CUBE-BLE1_V7.0.0, X-CUBE-BLE2_V3.3.0, X-CUBE-BLEMGR_V3.1.0, X-CUBE-EEPRMA1_V5.1.0, X-CUBE-FREERTOS_V1.2.0, X-CUBE-GNSS1_V6.0.0, X-CUBE-MEMS1_V10.0.0, X-CUBE-NFC4_V3.0.0, X-CUBE-NFC7_V1.0.1, X-CUBE-SFXS2LP1_V4.0.0, X-CUBE-SUBG2_V5.0.0, X-CUBE-TOF1_V3.4.1]
2024-08-05 11:06:25,014 [ERROR] DbExamplesSqlite:437 - Missing JSON key: board_cpn
2024-08-05 11:06:25,014 [ERROR] DbExamplesSqlite:437 - Missing JSON key: board_cpn
2024-08-05 11:06:25,015 [ERROR] DbExamplesSqlite:437 - Missing JSON key: board_cpn
2024-08-05 11:06:25,015 [ERROR] DbExamplesSqlite:437 - Missing JSON key: board_cpn
2024-08-05 11:06:25,191 [INFO] DbExamplesSqlite:395 - Ignored 28 examples not supported by CubeIDE
2024-08-05 11:06:25,191 [INFO] DbExamplesSqlite:396 - Found 8590 examples active
2024-08-05 11:06:25,191 [INFO] DbExamplesSqlite:397 - Found 0 examples obsolete
2024-08-05 11:06:25,191 [INFO] DbExamplesSqlite:398 - Found 0 examples under development
2024-08-05 11:06:25,192 [INFO] DbExamplesSqlite:399 - Found 10 examples not building
2024-08-05 11:06:25,193 [INFO] DbExamples:125 - Found 8572 examples
2024-08-05 11:06:25,297 [ERROR] DbExamples:208 - Found 308 examples with invalid data (board or MCU)
2024-08-05 11:06:25,297 [INFO] DbExamples:222 - Found 102 boards with related examples
2024-08-05 11:06:25,298 [INFO] DbExamples:235 - Found 86 MCUs with related examples
2024-08-05 11:06:25,314 [INFO] ApiDb:414 - User favorites file not found: /home/wgg/.stm32cubeide/favorites.examples.txt
2024-08-05 11:06:25,314 [INFO] DbExamples:250 - Set 0 / 0 favorites Examples
2024-08-05 11:06:25,462 [INFO] McuFinderGlobals:76 - Set McuFinderConnectedMode to true
2024-08-05 11:06:25,466 [INFO] MultiScanPanel:200 - Auto-refresh data requested => check proxy status ongoing
2024-08-05 11:06:25,467 [INFO] FinderPluginLoader:95 - Searching for filters in installed packs
2024-08-05 11:06:26,575 [INFO] LoadUrlFilesThread:185 - End of LoadServerUrlFiles without Thread
2024-08-05 11:06:26,632 [INFO] DetailPanel:341 - Set advertising image to /home/wgg/STM32Cube/Repository//en.prom-stm32h7rs-mcu-finder.jpg
2024-08-05 11:06:56,728 [INFO] MainUpdater:2873 - connection check result : 10
2024-08-05 11:06:56,728 [INFO] MainUpdater:2873 - connection check result : 10
2024-08-05 11:06:56,735 [INFO] MicroXplorer:468 - Change Database Path : 
2024-08-05 11:06:56,735 [INFO] MicroXplorer:498 - Change Database Version : DB.6.0.111
2024-08-05 11:06:56,739 [WARN] ThirdParty:871 - waiting for thirdparty lock release [close project]
2024-08-05 11:06:56,739 [INFO] ThirdParty:873 - entering critical section [close project]
2024-08-05 11:06:56,739 [INFO] ThirdParty:883 - exiting critical section [close project]
2024-08-05 11:06:56,740 [INFO] PinOutPanel:1561 - setPackage(No Configuration,No Configuration)
2024-08-05 11:06:56,743 [INFO] UtilMem:75 - Begin LoadConfig() Used Memory: 656987224 Bytes (1073741824)
2024-08-05 11:06:56,743 [INFO] MicroXplorer:468 - Change Database Path : 
2024-08-05 11:06:56,743 [INFO] MicroXplorer:498 - Change Database Version : DB.6.0.111
2024-08-05 11:06:56,743 [INFO] OpenFileManager:312 - Change cursor
2024-08-05 11:06:56,774 [INFO] Mcu:2021 - Initializing MCU STM32F103C8Tx STM32F103C8Tx STM32F103C8T6
2024-08-05 11:06:57,415 [INFO] Context:663 - Trying to add GPIOservice into a context  which must be forbidden
2024-08-05 11:06:57,724 [INFO] ImportTextPane:194 - (OptionalMessage_ERROR) Unable to find key (Mcu.ThirdPartyNb) in loaded IOC file
2024-08-05 11:06:57,724 [INFO] ImportTextPane:194 - (OptionalMessage_ERROR) Unable to find key (Mcu.PinsNb) in loaded IOC file
2024-08-05 11:06:57,724 [INFO] ImportTextPane:194 - (OptionalMessage_ERROR) Unable to find key (Mcu.IPNb) in loaded IOC file
2024-08-05 11:06:57,792 [INFO] RtosManager:555 - Registered RTOS mode: class=CMSIS, group=RTOS, mode=CMSIS_V1, owner=FREERTOS
2024-08-05 11:06:57,793 [INFO] RtosManager:555 - Registered RTOS mode: class=CMSIS, group=RTOS2, mode=CMSIS_V2, owner=FREERTOS
2024-08-05 11:06:57,793 [INFO] RtosManager:555 - Registered RTOS mode: class=RTOS, group=Core, mode=CMSIS_V1, owner=FREERTOS
2024-08-05 11:06:57,793 [INFO] RtosManager:555 - Registered RTOS mode: class=RTOS, group=Core, mode=CMSIS_V2, owner=FREERTOS
2024-08-05 11:06:57,793 [WARN] ModelIntegratedComponent:184 - Missing modes for component STMicroelectronics:FreeRTOS:0.0.1:STMicroelectronics:RTOS:FreeRTOS:Core:::10.2.0:
2024-08-05 11:06:57,806 [WARN] ModelIntegratedComponent:63 - No mode defined for component null
2024-08-05 11:06:57,806 [WARN] ModelIntegratedComponent:63 - No mode defined for component null
2024-08-05 11:06:57,806 [WARN] ModelIntegratedComponent:63 - No mode defined for component null
2024-08-05 11:06:57,806 [WARN] ModelIntegratedComponent:63 - No mode defined for component null
2024-08-05 11:06:57,806 [WARN] ModelIntegratedComponent:63 - No mode defined for component null
2024-08-05 11:06:57,807 [WARN] ModelIntegratedComponent:63 - No mode defined for component null
2024-08-05 11:06:57,807 [WARN] ModelIntegratedComponent:63 - No mode defined for component null
2024-08-05 11:06:57,807 [WARN] ModelIntegratedComponent:63 - No mode defined for component null
2024-08-05 11:06:57,807 [WARN] ModelIntegratedComponent:63 - No mode defined for component null
2024-08-05 11:06:57,807 [WARN] ModelIntegratedComponent:63 - No mode defined for component null
2024-08-05 11:06:57,807 [WARN] ModelIntegratedComponent:63 - No mode defined for component null
2024-08-05 11:06:57,807 [WARN] ModelIntegratedComponent:63 - No mode defined for component null
2024-08-05 11:06:57,807 [WARN] ModelIntegratedComponent:63 - No mode defined for component null
2024-08-05 11:06:57,807 [WARN] ModelIntegratedComponent:63 - No mode defined for component null
2024-08-05 11:06:57,807 [WARN] ModelIntegratedComponent:63 - No mode defined for component null
2024-08-05 11:06:57,807 [WARN] ModelIntegratedComponent:63 - No mode defined for component null
2024-08-05 11:06:57,807 [WARN] ModelIntegratedComponent:63 - No mode defined for component null
2024-08-05 11:06:57,808 [WARN] ModelIntegratedComponent:63 - No mode defined for component null
2024-08-05 11:06:57,808 [WARN] ModelIntegratedComponent:63 - No mode defined for component null
2024-08-05 11:06:57,808 [WARN] ModelIntegratedComponent:63 - No mode defined for component null
2024-08-05 11:06:57,808 [WARN] ModelIntegratedComponent:63 - No mode defined for component null
2024-08-05 11:06:57,808 [WARN] ModelIntegratedComponent:63 - No mode defined for component null
2024-08-05 11:06:57,808 [WARN] ModelIntegratedComponent:63 - No mode defined for component null
2024-08-05 11:06:57,808 [WARN] ModelIntegratedComponent:63 - No mode defined for component null
2024-08-05 11:06:57,808 [WARN] ModelIntegratedComponent:63 - No mode defined for component null
2024-08-05 11:06:57,808 [WARN] ModelIntegratedComponent:63 - No mode defined for component null
2024-08-05 11:06:57,808 [WARN] ModelIntegratedComponent:63 - No mode defined for component null
2024-08-05 11:06:57,808 [WARN] ModelIntegratedComponent:63 - No mode defined for component null
2024-08-05 11:06:57,808 [WARN] ModelIntegratedComponent:63 - No mode defined for component null
2024-08-05 11:06:57,808 [WARN] ModelIntegratedComponent:63 - No mode defined for component null
2024-08-05 11:06:57,808 [WARN] ModelIntegratedComponent:63 - No mode defined for component null
2024-08-05 11:06:57,808 [WARN] ModelIntegratedComponent:63 - No mode defined for component null
2024-08-05 11:06:57,809 [WARN] ModelIntegratedComponent:63 - No mode defined for component null
2024-08-05 11:06:57,809 [WARN] ModelIntegratedComponent:63 - No mode defined for component null
2024-08-05 11:06:58,030 [INFO] ThirdPartyModel:298 - Start build external matchings
2024-08-05 11:06:58,486 [INFO] ThirdPartyModel:316 - End build external matchings
2024-08-05 11:06:58,666 [INFO] UtilMem:75 - End LoadConfig() Used Memory: 666216112 Bytes (1073741824)
2024-08-05 11:06:58,675 [WARN] ThirdParty:833 - waiting for thirdparty lock release [change project]
2024-08-05 11:06:58,676 [INFO] ThirdParty:835 - entering critical section [change project]
2024-08-05 11:06:58,676 [INFO] ThirdParty:1030 - CMSIS Pack Vendor :STMicroelectronics USBPD 4.1
2024-08-05 11:06:58,676 [INFO] ThirdParty:1030 - CMSIS Pack Vendor :STMicroelectronics X-CUBE-GNSS1 6.0.0
2024-08-05 11:06:58,676 [INFO] ThirdParty:1030 - CMSIS Pack Vendor :STMicroelectronics USB_HOST 2.0.0
2024-08-05 11:06:58,676 [INFO] ThirdParty:1030 - CMSIS Pack Vendor :STMicroelectronics X-CUBE-AZRTOS-F4 1.1.0
2024-08-05 11:06:58,676 [INFO] ThirdParty:1030 - CMSIS Pack Vendor :STMicroelectronics LIBJPEG 8.0.0
2024-08-05 11:06:58,676 [INFO] ThirdParty:1030 - CMSIS Pack Vendor :STMicroelectronics X-CUBE-SMBUS 2.1.0
2024-08-05 11:06:58,676 [INFO] ThirdParty:1030 - CMSIS Pack Vendor :STMicroelectronics USB_DEVICE 3.0.0
2024-08-05 11:06:58,676 [INFO] ThirdParty:1030 - CMSIS Pack Vendor :STMicroelectronics X-CUBE-AZRTOS-WB 2.0.0
2024-08-05 11:06:58,677 [INFO] ThirdParty:1030 - CMSIS Pack Vendor :STMicroelectronics X-CUBE-AZRTOS-F7 1.1.0
2024-08-05 11:06:58,677 [INFO] ThirdParty:1030 - CMSIS Pack Vendor :STMicroelectronics X-CUBE-AZRTOS-L5 2.0.0
2024-08-05 11:06:58,677 [INFO] ThirdParty:1030 - CMSIS Pack Vendor :STMicroelectronics USB_DEVICE 2.0.0
2024-08-05 11:06:58,677 [INFO] ThirdParty:1030 - CMSIS Pack Vendor :STMicroelectronics FP-SNS-STBOX1 2.0.0
2024-08-05 11:06:58,677 [INFO] ThirdParty:1030 - CMSIS Pack Vendor :STMicroelectronics FreeRTOS 0.0.1
2024-08-05 11:06:58,677 [INFO] ThirdParty:1030 - CMSIS Pack Vendor :STMicroelectronics X-CUBE-AZRTOS-G0 1.1.0
2024-08-05 11:06:58,677 [INFO] ThirdParty:1030 - CMSIS Pack Vendor :STMicroelectronics X-CUBE-NFC4 3.0.0
2024-08-05 11:06:58,677 [INFO] ThirdParty:1030 - CMSIS Pack Vendor :STMicroelectronics X-CUBE-SUBG2 5.0.0
2024-08-05 11:06:58,677 [INFO] ThirdParty:1030 - CMSIS Pack Vendor :STMicroelectronics STM32_WPAN 1.0.0
2024-08-05 11:06:58,677 [INFO] ThirdParty:1030 - CMSIS Pack Vendor :EmbeddedOffice I-CUBE-FS-RTOS 1.0.1
2024-08-05 11:06:58,677 [INFO] ThirdParty:1030 - CMSIS Pack Vendor :STMicroelectronics lwIP 2.0.3
2024-08-05 11:06:58,677 [INFO] ThirdParty:1030 - CMSIS Pack Vendor :STMicroelectronics FP-SNS-FLIGHT1 5.0.2
2024-08-05 11:06:58,677 [INFO] ThirdParty:1030 - CMSIS Pack Vendor :Cesanta I-CUBE-Mongoose 7.13.0
2024-08-05 11:06:58,677 [INFO] ThirdParty:1030 - CMSIS Pack Vendor :STMicroelectronics USB_HOST 1.0.0
2024-08-05 11:06:58,677 [INFO] ThirdParty:1030 - CMSIS Pack Vendor :STMicroelectronics X-CUBE-AZRTOS-G4 2.0.0
2024-08-05 11:06:58,678 [INFO] ThirdParty:1030 - CMSIS Pack Vendor :STMicroelectronics PDM2PCM 3.1.0
2024-08-05 11:06:58,678 [INFO] ThirdParty:1030 - CMSIS Pack Vendor :STMicroelectronics PDM2PCM 3.3.0
2024-08-05 11:06:58,678 [INFO] ThirdParty:1030 - CMSIS Pack Vendor :STMicroelectronics X-CUBE-DISPLAY 3.0.0
2024-08-05 11:06:58,678 [INFO] ThirdParty:1030 - CMSIS Pack Vendor :STMicroelectronics X-CUBE-BLE1 7.0.0
2024-08-05 11:06:58,678 [INFO] ThirdParty:1030 - CMSIS Pack Vendor :STMicroelectronics FP-ATR-SIGFOX1 3.2.0
2024-08-05 11:06:58,678 [INFO] ThirdParty:1030 - CMSIS Pack Vendor :STMicroelectronics X-CUBE-ISPU 2.0.0
2024-08-05 11:06:58,678 [INFO] ThirdParty:1030 - CMSIS Pack Vendor :STMicroelectronics X-CUBE-EEPRMA1 5.1.0
2024-08-05 11:06:58,678 [INFO] ThirdParty:1030 - CMSIS Pack Vendor :STMicroelectronics HAL Drivers 0.0.0
2024-08-05 11:06:58,678 [INFO] ThirdParty:1030 - CMSIS Pack Vendor :STMicroelectronics MBEDTLS 2.16.2
2024-08-05 11:06:58,678 [INFO] ThirdParty:1030 - CMSIS Pack Vendor :emotas I-CUBE-CANOPEN 1.3.0
2024-08-05 11:06:58,678 [INFO] ThirdParty:1030 - CMSIS Pack Vendor :STMicroelectronics X-CUBE-MEMS1 10.0.0
2024-08-05 11:06:58,678 [INFO] ThirdParty:1030 - CMSIS Pack Vendor :STMicroelectronics X-CUBE-NFC7 1.0.1
2024-08-05 11:06:58,678 [INFO] ThirdParty:1030 - CMSIS Pack Vendor :STMicroelectronics MBEDTLS 2.14.1
2024-08-05 11:06:58,678 [INFO] ThirdParty:1030 - CMSIS Pack Vendor :ITTIA_DB I-CUBE-ITTIADB 8.9.0
2024-08-05 11:06:58,678 [INFO] ThirdParty:1030 - CMSIS Pack Vendor :portGmbH I-Cube-SoM-uGOAL 1.1.0
2024-08-05 11:06:58,678 [INFO] ThirdParty:1030 - CMSIS Pack Vendor :STMicroelectronics X-CUBE-BLEMGR 3.1.0
2024-08-05 11:06:58,679 [INFO] ThirdParty:1030 - CMSIS Pack Vendor :STMicroelectronics ThreadX 1.0.0
2024-08-05 11:06:58,679 [INFO] ThirdParty:1030 - CMSIS Pack Vendor :STMicroelectronics FP-SNS-SMARTAG2 1.2.0
2024-08-05 11:06:58,679 [INFO] ThirdParty:1030 - CMSIS Pack Vendor :STMicroelectronics X-CUBE-AZRTOS-WL 2.0.0
2024-08-05 11:06:58,679 [INFO] ThirdParty:1030 - CMSIS Pack Vendor :SEGGER I-CUBE-embOS 1.3.1
2024-08-05 11:06:58,679 [INFO] ThirdParty:1030 - CMSIS Pack Vendor :STMicroelectronics USB_DEVICE 1.0.0
2024-08-05 11:06:58,679 [INFO] ThirdParty:1030 - CMSIS Pack Vendor :STMicroelectronics X-CUBE-AZRTOS-L4 2.0.0
2024-08-05 11:06:58,679 [INFO] ThirdParty:1030 - CMSIS Pack Vendor :STMicroelectronics ThreadX 0.0.2
2024-08-05 11:06:58,679 [INFO] ThirdParty:1030 - CMSIS Pack Vendor :WES I-CUBE-Cesium 1.3.0
2024-08-05 11:06:58,679 [INFO] ThirdParty:1030 - CMSIS Pack Vendor :STMicroelectronics FP-ATR-ASTRA1 2.0.0
2024-08-05 11:06:58,679 [INFO] ThirdParty:1030 - CMSIS Pack Vendor :STMicroelectronics lwIP 2.1.2
2024-08-05 11:06:58,679 [INFO] ThirdParty:1030 - CMSIS Pack Vendor :STMicroelectronics X-CUBE-SFXS2LP1 4.0.0
2024-08-05 11:06:58,679 [INFO] ThirdParty:1030 - CMSIS Pack Vendor :STMicroelectronics X-CUBE-BLE2 3.3.0
2024-08-05 11:06:58,679 [INFO] ThirdParty:1030 - CMSIS Pack Vendor :STMicroelectronics X-CUBE-TOF1 3.4.2
2024-08-05 11:06:58,679 [INFO] ThirdParty:1030 - CMSIS Pack Vendor :STMicroelectronics X-CUBE-TOF1 3.4.1
2024-08-05 11:06:58,679 [INFO] ThirdParty:1030 - CMSIS Pack Vendor :STMicroelectronics X-CUBE-AZRTOS-H7 3.2.0
2024-08-05 11:06:58,679 [INFO] ThirdParty:1030 - CMSIS Pack Vendor :Infineon AIROC-Wi-Fi-Bluetooth-STM32 1.6.0
2024-08-05 11:06:58,680 [INFO] ThirdParty:1030 - CMSIS Pack Vendor :STMicroelectronics PDM2PCM 3.2.0
2024-08-05 11:06:58,680 [INFO] ThirdParty:1030 - CMSIS Pack Vendor :wolfSSL I-CUBE-wolfSSH 1.4.17
2024-08-05 11:06:58,680 [INFO] ThirdParty:841 - exiting critical section [change project]
2024-08-05 11:06:59,064 [INFO] PinOutPanel:1561 - setPackage(No Configuration,No Configuration)
2024-08-05 11:06:59,066 [INFO] PinOutPanel:1561 - setPackage(STM32F103C8Tx,LQFP48)
2024-08-05 11:06:59,501 [INFO] UtilMem:75 - Before build in PCC Used Memory: 799878832 Bytes (1073741824)
2024-08-05 11:06:59,957 [INFO] UtilMem:75 - After build in PCC Used Memory: 597913312 Bytes (1073741824)
2024-08-05 11:06:59,985 [INFO] IPUIPlugin:80 - create IPUIPlugin
2024-08-05 11:06:59,985 [INFO] IPUIPlugin:80 - create IPUIPlugin
2024-08-05 11:06:59,985 [INFO] IPUIPlugin:80 - create IPUIPlugin
2024-08-05 11:06:59,985 [INFO] IPUIPlugin:80 - create IPUIPlugin
2024-08-05 11:06:59,985 [INFO] IPUIPlugin:80 - create IPUIPlugin
2024-08-05 11:06:59,985 [INFO] IPUIPlugin:80 - create IPUIPlugin
2024-08-05 11:06:59,986 [INFO] IPUIPlugin:80 - create IPUIPlugin
2024-08-05 11:06:59,986 [INFO] IPUIPlugin:80 - create IPUIPlugin
2024-08-05 11:06:59,986 [INFO] IPUIPlugin:80 - create IPUIPlugin
2024-08-05 11:06:59,986 [INFO] IPUIPlugin:80 - create IPUIPlugin
2024-08-05 11:06:59,986 [INFO] IPUIPlugin:80 - create IPUIPlugin
2024-08-05 11:06:59,986 [INFO] IPUIPlugin:80 - create IPUIPlugin
2024-08-05 11:06:59,987 [INFO] IPUIPlugin:80 - create IPUIPlugin
2024-08-05 11:06:59,987 [INFO] IPUIPlugin:80 - create IPUIPlugin
2024-08-05 11:06:59,987 [INFO] IPUIPlugin:80 - create IPUIPlugin
2024-08-05 11:06:59,988 [INFO] IPUIPlugin:80 - create IPUIPlugin
2024-08-05 11:06:59,988 [INFO] IPUIPlugin:80 - create IPUIPlugin
2024-08-05 11:06:59,988 [INFO] IPUIPlugin:80 - create IPUIPlugin
2024-08-05 11:06:59,988 [INFO] IPUIPlugin:80 - create IPUIPlugin
2024-08-05 11:06:59,989 [INFO] IPUIPlugin:80 - create IPUIPlugin
2024-08-05 11:06:59,989 [INFO] IPUIPlugin:80 - create IPUIPlugin
2024-08-05 11:06:59,989 [INFO] IPUIPlugin:80 - create IPUIPlugin
2024-08-05 11:06:59,989 [INFO] IPUIPlugin:80 - create IPUIPlugin
2024-08-05 11:06:59,989 [INFO] IPUIPlugin:80 - create IPUIPlugin
2024-08-05 11:06:59,989 [INFO] IPUIPlugin:80 - create IPUIPlugin
2024-08-05 11:06:59,989 [INFO] IPUIPlugin:80 - create IPUIPlugin
2024-08-05 11:06:59,990 [INFO] IPUIPlugin:80 - create IPUIPlugin
2024-08-05 11:07:00,095 [INFO] CADModel:165 - CPN selected for project levelSTM32F103C8T6
2024-08-05 11:07:00,095 [INFO] CADModel:114 - Register for checkConnection events
2024-08-05 11:07:00,145 [INFO] OpenFileManager:343 - Restore cursor
2024-08-05 11:07:00,553 [INFO] UtilMem:75 - End SaveConfig() Used Memory: 634473976 Bytes (1073741824)
2024-08-05 11:07:00,589 [INFO] UtilMem:75 - End SaveConfig() Used Memory: 648103416 Bytes (1073741824)
2024-08-05 11:07:01,258 [INFO] BlockDiagram:2759 - set Specific Code input for plugin: NVIC
2024-08-05 11:07:01,259 [INFO] BlockDiagram:2759 - set Specific Code input for plugin: RCC
2024-08-05 11:07:01,259 [INFO] CodeGenerator:807 - code generatio: config db path: /opt/st/stm32cubeide_1.15.1/plugins/com.st.stm32cube.common.mx_6.11.1.202404110753//db/
2024-08-05 11:07:01,545 [INFO] CodeEngine:255 - oldGeneratedFile, /home/wgg/STM32CubeIDE/lcd_i2c_2x16/MXTmpFiles/license.tmp_save
2024-08-05 11:07:01,937 [INFO] CodeEngine:279 - Generated code: /home/wgg/STM32CubeIDE/lcd_i2c_2x16/MXTmpFiles/license.tmp
2024-08-05 11:07:01,943 [INFO] CodeEngine:255 - oldGeneratedFile, /home/wgg/STM32CubeIDE/lcd_i2c_2x16/Core/Src/stm32f1xx_it.c_save
2024-08-05 11:07:02,083 [INFO] CodeEngine:279 - Generated code: /home/wgg/STM32CubeIDE/lcd_i2c_2x16/Core/Src/stm32f1xx_it.c
2024-08-05 11:07:02,136 [INFO] CodeEngine:255 - oldGeneratedFile, /home/wgg/STM32CubeIDE/lcd_i2c_2x16/Core/Inc/stm32f1xx_it.h_save
2024-08-05 11:07:02,214 [INFO] CodeEngine:279 - Generated code: /home/wgg/STM32CubeIDE/lcd_i2c_2x16/Core/Inc/stm32f1xx_it.h
2024-08-05 11:07:02,283 [INFO] CodeEngine:255 - oldGeneratedFile, /home/wgg/STM32CubeIDE/lcd_i2c_2x16/Core/Src/stm32f1xx_hal_msp.c_save
2024-08-05 11:07:02,451 [INFO] CodeEngine:279 - Generated code: /home/wgg/STM32CubeIDE/lcd_i2c_2x16/Core/Src/stm32f1xx_hal_msp.c
2024-08-05 11:07:02,453 [INFO] CodeEngine:255 - oldGeneratedFile, /home/wgg/STM32CubeIDE/lcd_i2c_2x16/MXTmpFiles/system.tmp_save
2024-08-05 11:07:02,530 [INFO] CodeEngine:279 - Generated code: /home/wgg/STM32CubeIDE/lcd_i2c_2x16/MXTmpFiles/system.tmp
2024-08-05 11:07:02,533 [INFO] CodeEngine:311 - oldGeneratedFile, /home/wgg/STM32CubeIDE/lcd_i2c_2x16/Core/Inc/stm32f1xx_hal_conf.h_save
2024-08-05 11:07:02,618 [INFO] CodeEngine:335 - Generated code: /home/wgg/STM32CubeIDE/lcd_i2c_2x16/Core/Inc/stm32f1xx_hal_conf.h
2024-08-05 11:07:02,649 [INFO] CodeEngine:255 - oldGeneratedFile, /home/wgg/STM32CubeIDE/lcd_i2c_2x16/Core/Inc/main.h_save
2024-08-05 11:07:02,759 [INFO] CodeEngine:279 - Generated code: /home/wgg/STM32CubeIDE/lcd_i2c_2x16/Core/Inc/main.h
2024-08-05 11:07:02,772 [INFO] CodeEngine:255 - oldGeneratedFile, /home/wgg/STM32CubeIDE/lcd_i2c_2x16/Core/Src/main.c_save
2024-08-05 11:07:02,876 [INFO] CodeEngine:279 - Generated code: /home/wgg/STM32CubeIDE/lcd_i2c_2x16/Core/Src/main.c
2024-08-05 11:07:03,130 [INFO] ProjectBuilder:3163 - Time for Copy HAL[1] : 28mS.
2024-08-05 11:07:03,133 [INFO] ProjectBuilder:4736 - Project Generator version: 4.3.0-B58
2024-08-05 11:07:03,208 [INFO] ConfigFileManager:1503 - The Die is : DIE410
2024-08-05 11:07:03,220 [INFO] ApiDbMcu:508 - Load IP Config File for FATFS
2024-08-05 11:07:03,253 [INFO] ApiDbMcu:508 - Load IP Config File for FREERTOS
2024-08-05 11:07:03,276 [INFO] ApiDbMcu:508 - Load IP Config File for USB_DEVICE
2024-08-05 11:07:03,759 [INFO] LogOutputStream:77 - [STDOUT_REDIRECT] 
2024-08-05 11:07:08,417 [INFO] ProjectBuilder:5002 - Time for Generating toolchain IDE Files: 5284mS.
2024-08-05 11:07:08,418 [INFO] ProjectBuilder:3034 - Time for Copy CMSIS : 0mS.
2024-08-05 11:07:08,418 [INFO] ProjectBuilder:3034 - Time for Copy CMSIS : 0mS.
2024-08-05 11:07:08,998 [INFO] McuFinderGlobals:76 - Set McuFinderConnectedMode to true
2024-08-05 11:07:09,000 [INFO] ApiDb:448 - Save user favorites file /home/wgg/.stm32cubeide/favorites.mcus.txt: 0 item(s)
2024-08-05 11:07:09,000 [INFO] ApiDb:452 - User favorites MCUs=[]
2024-08-05 11:07:16,988 [INFO] NvicIntPanel:101 - NVIC parent = com.st.microxplorer.plugins.ip.nvic.MultiNvicIntPanel[,0,0,0x0,invalid,layout=javax.swing.BoxLayout,alignmentX=0.0,alignmentY=0.0,border=,flags=9,maximumSize=,minimumSize=,preferredSize=]
2024-08-05 11:07:18,511 [INFO] NvicIntPanel:101 - NVIC parent = com.st.microxplorer.plugins.ip.nvic.MultiNvicIntPanel[,0,0,0x0,invalid,layout=javax.swing.BoxLayout,alignmentX=0.0,alignmentY=0.0,border=,flags=9,maximumSize=,minimumSize=,preferredSize=]
2024-08-05 11:07:31,243 [INFO] NvicIntPanel:101 - NVIC parent = com.st.microxplorer.plugins.ip.nvic.MultiNvicIntPanel[,0,0,450x210,layout=javax.swing.BoxLayout,alignmentX=0.0,alignmentY=0.0,border=,flags=9,maximumSize=,minimumSize=,preferredSize=]
2024-08-05 11:07:56,817 [WARN] IP:2120 - I2C_Coeff_DF not found: check if there is a RefParameter without a condition.
2024-08-05 11:07:56,817 [WARN] IP:2120 - Analog_Filter not found: check if there is a RefParameter without a condition.
2024-08-05 11:07:56,826 [WARN] IP:2120 - I2C_Coeff_DF not found: check if there is a RefParameter without a condition.
2024-08-05 11:07:56,826 [WARN] IP:2120 - Analog_Filter not found: check if there is a RefParameter without a condition.
2024-08-05 11:07:56,826 [WARN] IP:2120 - I2C_Coeff_DF not found: check if there is a RefParameter without a condition.
2024-08-05 11:07:56,826 [WARN] IP:2120 - Analog_Filter not found: check if there is a RefParameter without a condition.
2024-08-05 11:07:56,871 [WARN] IP:2120 - I2C_Coeff_DF not found: check if there is a RefParameter without a condition.
2024-08-05 11:07:56,871 [WARN] IP:2120 - Analog_Filter not found: check if there is a RefParameter without a condition.
2024-08-05 11:07:56,872 [WARN] IP:2120 - I2C_Coeff_DF not found: check if there is a RefParameter without a condition.
2024-08-05 11:07:56,872 [WARN] IP:2120 - Analog_Filter not found: check if there is a RefParameter without a condition.
2024-08-05 11:07:56,877 [INFO] NvicIntPanel:101 - NVIC parent = com.st.microxplorer.plugins.ip.nvic.MultiNvicIntPanel[,0,0,0x0,invalid,layout=javax.swing.BoxLayout,alignmentX=0.0,alignmentY=0.0,border=,flags=9,maximumSize=,minimumSize=,preferredSize=]
2024-08-05 11:08:08,093 [WARN] IP:2120 - I2C_Coeff_DF not found: check if there is a RefParameter without a condition.
2024-08-05 11:08:08,093 [WARN] IP:2120 - Analog_Filter not found: check if there is a RefParameter without a condition.
2024-08-05 11:08:08,114 [WARN] IP:2120 - I2C_Coeff_DF not found: check if there is a RefParameter without a condition.
2024-08-05 11:08:08,114 [WARN] IP:2120 - Analog_Filter not found: check if there is a RefParameter without a condition.
2024-08-05 11:08:08,114 [WARN] IP:2120 - I2C_Coeff_DF not found: check if there is a RefParameter without a condition.
2024-08-05 11:08:08,114 [WARN] IP:2120 - Analog_Filter not found: check if there is a RefParameter without a condition.
2024-08-05 11:08:08,149 [INFO] NvicIntPanel:101 - NVIC parent = com.st.microxplorer.plugins.ip.nvic.MultiNvicIntPanel[,0,0,0x0,invalid,layout=javax.swing.BoxLayout,alignmentX=0.0,alignmentY=0.0,border=,flags=9,maximumSize=,minimumSize=,preferredSize=]
2024-08-05 11:08:08,177 [WARN] IP:2120 - I2C_Coeff_DF not found: check if there is a RefParameter without a condition.
2024-08-05 11:08:08,177 [WARN] IP:2120 - Analog_Filter not found: check if there is a RefParameter without a condition.
2024-08-05 11:08:08,178 [WARN] IP:2120 - I2C_Coeff_DF not found: check if there is a RefParameter without a condition.
2024-08-05 11:08:08,178 [WARN] IP:2120 - Analog_Filter not found: check if there is a RefParameter without a condition.
2024-08-05 11:08:08,185 [WARN] IP:2120 - I2C_Coeff_DF not found: check if there is a RefParameter without a condition.
2024-08-05 11:08:08,186 [WARN] IP:2120 - Analog_Filter not found: check if there is a RefParameter without a condition.
2024-08-05 11:08:08,193 [WARN] IP:2120 - I2C_Coeff_DF not found: check if there is a RefParameter without a condition.
2024-08-05 11:08:08,193 [WARN] IP:2120 - Analog_Filter not found: check if there is a RefParameter without a condition.
2024-08-05 11:08:08,223 [INFO] NvicIntPanel:101 - NVIC parent = com.st.microxplorer.plugins.ip.nvic.MultiNvicIntPanel[,0,0,0x0,invalid,layout=javax.swing.BoxLayout,alignmentX=0.0,alignmentY=0.0,border=,flags=9,maximumSize=,minimumSize=,preferredSize=]
2024-08-05 11:08:15,374 [WARN] IP:2120 - I2C_Coeff_DF not found: check if there is a RefParameter without a condition.
2024-08-05 11:08:15,374 [WARN] IP:2120 - Analog_Filter not found: check if there is a RefParameter without a condition.
2024-08-05 11:08:15,396 [WARN] IP:2120 - I2C_Coeff_DF not found: check if there is a RefParameter without a condition.
2024-08-05 11:08:15,397 [WARN] IP:2120 - Analog_Filter not found: check if there is a RefParameter without a condition.
2024-08-05 11:08:15,397 [WARN] IP:2120 - I2C_Coeff_DF not found: check if there is a RefParameter without a condition.
2024-08-05 11:08:15,397 [WARN] IP:2120 - Analog_Filter not found: check if there is a RefParameter without a condition.
2024-08-05 11:08:15,431 [INFO] NvicIntPanel:101 - NVIC parent = com.st.microxplorer.plugins.ip.nvic.MultiNvicIntPanel[,0,0,0x0,invalid,layout=javax.swing.BoxLayout,alignmentX=0.0,alignmentY=0.0,border=,flags=9,maximumSize=,minimumSize=,preferredSize=]
2024-08-05 11:08:15,458 [WARN] IP:2120 - I2C_Coeff_DF not found: check if there is a RefParameter without a condition.
2024-08-05 11:08:15,458 [WARN] IP:2120 - Analog_Filter not found: check if there is a RefParameter without a condition.
2024-08-05 11:08:15,458 [WARN] IP:2120 - I2C_Coeff_DF not found: check if there is a RefParameter without a condition.
2024-08-05 11:08:15,458 [WARN] IP:2120 - Analog_Filter not found: check if there is a RefParameter without a condition.
2024-08-05 11:08:15,465 [WARN] IP:2120 - I2C_Coeff_DF not found: check if there is a RefParameter without a condition.
2024-08-05 11:08:15,465 [WARN] IP:2120 - Analog_Filter not found: check if there is a RefParameter without a condition.
2024-08-05 11:08:15,473 [WARN] IP:2120 - I2C_Coeff_DF not found: check if there is a RefParameter without a condition.
2024-08-05 11:08:15,473 [WARN] IP:2120 - Analog_Filter not found: check if there is a RefParameter without a condition.
2024-08-05 11:08:15,503 [INFO] NvicIntPanel:101 - NVIC parent = com.st.microxplorer.plugins.ip.nvic.MultiNvicIntPanel[,0,0,0x0,invalid,layout=javax.swing.BoxLayout,alignmentX=0.0,alignmentY=0.0,border=,flags=9,maximumSize=,minimumSize=,preferredSize=]
2024-08-05 11:08:18,746 [INFO] UtilMem:75 - End SaveConfig() Used Memory: 853651008 Bytes (1073741824)
2024-08-05 11:08:18,857 [INFO] UtilMem:75 - End SaveConfig() Used Memory: 867490048 Bytes (1073741824)
2024-08-05 11:08:19,731 [INFO] UtilMem:75 - End SaveConfig() Used Memory: 944233456 Bytes (1073741824)
2024-08-05 11:08:19,899 [INFO] BlockDiagram:2759 - set Specific Code input for plugin: NVIC
2024-08-05 11:08:19,899 [INFO] BlockDiagram:2759 - set Specific Code input for plugin: SYS
2024-08-05 11:08:19,900 [INFO] BlockDiagram:2759 - set Specific Code input for plugin: GPIO
2024-08-05 11:08:19,900 [INFO] BlockDiagram:2759 - set Specific Code input for plugin: RCC
2024-08-05 11:08:19,900 [INFO] BlockDiagram:2759 - set Specific Code input for plugin: I2C
2024-08-05 11:08:19,900 [INFO] CodeGenerator:807 - code generatio: config db path: /opt/st/stm32cubeide_1.15.1/plugins/com.st.stm32cube.common.mx_6.11.1.202404110753//db/
2024-08-05 11:08:19,901 [WARN] IP:2120 - I2C_Coeff_DF not found: check if there is a RefParameter without a condition.
2024-08-05 11:08:19,901 [WARN] IP:2120 - Analog_Filter not found: check if there is a RefParameter without a condition.
2024-08-05 11:08:20,022 [INFO] CodeEngine:255 - oldGeneratedFile, /home/wgg/STM32CubeIDE/lcd_i2c_2x16/MXTmpFiles/license.tmp_save
2024-08-05 11:08:20,120 [INFO] CodeEngine:279 - Generated code: /home/wgg/STM32CubeIDE/lcd_i2c_2x16/MXTmpFiles/license.tmp
2024-08-05 11:08:20,185 [INFO] CodeEngine:255 - oldGeneratedFile, /home/wgg/STM32CubeIDE/lcd_i2c_2x16/Core/Src/gpio.c_save
2024-08-05 11:08:20,287 [INFO] CodeEngine:279 - Generated code: /home/wgg/STM32CubeIDE/lcd_i2c_2x16/Core/Src/gpio.c
2024-08-05 11:08:20,302 [INFO] CodeEngine:255 - oldGeneratedFile, /home/wgg/STM32CubeIDE/lcd_i2c_2x16/Core/Inc/gpio.h_save
2024-08-05 11:08:20,371 [INFO] CodeEngine:279 - Generated code: /home/wgg/STM32CubeIDE/lcd_i2c_2x16/Core/Inc/gpio.h
2024-08-05 11:08:20,412 [INFO] CodeEngine:255 - oldGeneratedFile, /home/wgg/STM32CubeIDE/lcd_i2c_2x16/Core/Src/i2c.c_save
2024-08-05 11:08:20,546 [INFO] CodeEngine:279 - Generated code: /home/wgg/STM32CubeIDE/lcd_i2c_2x16/Core/Src/i2c.c
2024-08-05 11:08:20,606 [INFO] CodeEngine:255 - oldGeneratedFile, /home/wgg/STM32CubeIDE/lcd_i2c_2x16/Core/Inc/i2c.h_save
2024-08-05 11:08:20,669 [INFO] CodeEngine:279 - Generated code: /home/wgg/STM32CubeIDE/lcd_i2c_2x16/Core/Inc/i2c.h
2024-08-05 11:08:20,671 [INFO] CodeEngine:255 - oldGeneratedFile, /home/wgg/STM32CubeIDE/lcd_i2c_2x16/Core/Src/stm32f1xx_it.c_save
2024-08-05 11:08:20,802 [INFO] CodeEngine:279 - Generated code: /home/wgg/STM32CubeIDE/lcd_i2c_2x16/Core/Src/stm32f1xx_it.c
2024-08-05 11:08:20,807 [INFO] CodeEngine:255 - oldGeneratedFile, /home/wgg/STM32CubeIDE/lcd_i2c_2x16/Core/Inc/stm32f1xx_it.h_save
2024-08-05 11:08:20,924 [INFO] CodeEngine:279 - Generated code: /home/wgg/STM32CubeIDE/lcd_i2c_2x16/Core/Inc/stm32f1xx_it.h
2024-08-05 11:08:20,927 [INFO] CodeEngine:255 - oldGeneratedFile, /home/wgg/STM32CubeIDE/lcd_i2c_2x16/Core/Src/stm32f1xx_hal_msp.c_save
2024-08-05 11:08:20,987 [INFO] CodeEngine:279 - Generated code: /home/wgg/STM32CubeIDE/lcd_i2c_2x16/Core/Src/stm32f1xx_hal_msp.c
2024-08-05 11:08:20,988 [INFO] CodeEngine:255 - oldGeneratedFile, /home/wgg/STM32CubeIDE/lcd_i2c_2x16/MXTmpFiles/system.tmp_save
2024-08-05 11:08:21,030 [INFO] CodeEngine:279 - Generated code: /home/wgg/STM32CubeIDE/lcd_i2c_2x16/MXTmpFiles/system.tmp
2024-08-05 11:08:21,032 [INFO] CodeEngine:311 - oldGeneratedFile, /home/wgg/STM32CubeIDE/lcd_i2c_2x16/Core/Inc/stm32f1xx_hal_conf.h_save
2024-08-05 11:08:21,080 [INFO] CodeEngine:335 - Generated code: /home/wgg/STM32CubeIDE/lcd_i2c_2x16/Core/Inc/stm32f1xx_hal_conf.h
2024-08-05 11:08:21,095 [INFO] CodeEngine:255 - oldGeneratedFile, /home/wgg/STM32CubeIDE/lcd_i2c_2x16/Core/Inc/main.h_save
2024-08-05 11:08:21,144 [INFO] CodeEngine:279 - Generated code: /home/wgg/STM32CubeIDE/lcd_i2c_2x16/Core/Inc/main.h
2024-08-05 11:08:21,145 [INFO] CodeEngine:255 - oldGeneratedFile, /home/wgg/STM32CubeIDE/lcd_i2c_2x16/Core/Src/main.c_save
2024-08-05 11:08:21,215 [INFO] CodeEngine:279 - Generated code: /home/wgg/STM32CubeIDE/lcd_i2c_2x16/Core/Src/main.c
2024-08-05 11:08:21,425 [INFO] ProjectBuilder:3163 - Time for Copy HAL[1] : 68mS.
2024-08-05 11:08:21,426 [INFO] ProjectBuilder:4736 - Project Generator version: 4.3.0-B58
2024-08-05 11:08:21,488 [INFO] ConfigFileManager:1503 - The Die is : DIE410
2024-08-05 11:08:22,056 [INFO] ProjectBuilder:5002 - Time for Generating toolchain IDE Files: 630mS.
2024-08-05 11:08:22,056 [INFO] ProjectBuilder:3034 - Time for Copy CMSIS : 0mS.
2024-08-05 11:08:22,057 [INFO] ProjectBuilder:3034 - Time for Copy CMSIS : 0mS.
2024-08-05 11:27:15,544 [ERROR] LogOutputStream:75 - [STDERR_REDIRECT] 
