2024-10-03 19:52:17,225 [INFO] Activator:176 - 


2024-10-03 19:52:17,229 [INFO] Activator:177 - !SESSION log4j initialized
2024-10-03 19:52:21,550 [INFO] LogOutputStream:77 - [STDOUT_REDIRECT] 
2024-10-03 19:52:21,809 [ERROR] ConfigurationRetriever:142 - IOException on connection: sw-center.st.com
2024-10-03 19:52:21,810 [ERROR] ConfigurationRetriever:142 - IOException on connection: sw-center.st.com
2024-10-03 19:52:21,810 [ERROR] ConfigurationRetriever:142 - IOException on connection: sw-center.st.com
2024-10-03 19:52:22,559 [INFO] ApplicationProperties:184 - Using Application install path: /opt/st/stm32cubeide_1.15.1/plugins/com.st.stm32cube.common.mx_6.11.1.202404110753
2024-10-03 19:52:22,610 [INFO] DbMcusXml:78 - Set database path to: /opt/st/stm32cubeide_1.15.1/plugins/com.st.stm32cube.common.mx_6.11.1.202404110753//db//mcu/
2024-10-03 19:52:22,610 [INFO] ApiDb:274 - Set plugin database path to: /opt/st/stm32cubeide_1.15.1/plugins/com.st.stm32cube.common.mx_6.11.1.202404110753//db//plugins/boardmanager/
2024-10-03 19:52:22,611 [WARN] ApiDb:259 - Overriding images path with different value:  => /opt/st/stm32cubeide_1.15.1/plugins/com.st.stm32cube.common.mx_6.11.1.202404110753//db//plugins/mcufinder/images/
2024-10-03 19:52:22,629 [INFO] ApiDb:250 - Set database path to: /home/wgg/.stmcufinder/plugins/mcufinder//mcu/
2024-10-03 19:52:22,630 [INFO] DbMcusAds:125 - Set database path to: /home/wgg/.stmcufinder/plugins/mcufinder//mcu/
2024-10-03 19:52:22,639 [INFO] CrossReferenceDbSqlite:203 - Set database path to: /home/wgg/.stmcufinder/plugins/mcufinder//mcu/cs/
2024-10-03 19:52:22,817 [INFO] RulesReader:64 - Compatibility file has been processed (297 Rules)
2024-10-03 19:52:22,895 [INFO] DbMcusXml:78 - Set database path to: /opt/st/stm32cubeide_1.15.1/plugins/com.st.stm32cube.common.mx_6.11.1.202404110753//db//mcu/
2024-10-03 19:52:22,895 [INFO] ApiDb:274 - Set plugin database path to: /opt/st/stm32cubeide_1.15.1/plugins/com.st.stm32cube.common.mx_6.11.1.202404110753//db//plugins/boardmanager/
2024-10-03 19:52:22,895 [INFO] ApiDb:261 - Set plugin images path to: /opt/st/stm32cubeide_1.15.1/plugins/com.st.stm32cube.common.mx_6.11.1.202404110753//db//plugins/mcufinder/images/
2024-10-03 19:52:22,896 [WARN] DbFile:41 - Overriding database path with different value: /home/wgg/.stmcufinder/plugins/mcufinder/ => /home/wgg/.stmcufinder/plugins/mcufinder
2024-10-03 19:52:22,896 [INFO] ApiDb:250 - Set database path to: /home/wgg/.stmcufinder/plugins/mcufinder//mcu/
2024-10-03 19:52:22,896 [WARN] DbFile:41 - Overriding database path with different value: /home/wgg/.stmcufinder/plugins/mcufinder/ => /home/wgg/.stmcufinder/plugins/mcufinder
2024-10-03 19:52:22,896 [INFO] DbMcusAds:125 - Set database path to: /home/wgg/.stmcufinder/plugins/mcufinder//mcu/
2024-10-03 19:52:22,896 [WARN] DbFile:41 - Overriding database path with different value: /home/wgg/.stmcufinder/plugins/mcufinder/ => /home/wgg/.stmcufinder/plugins/mcufinder
2024-10-03 19:52:22,896 [WARN] DbFile:41 - Overriding database path with different value: /home/wgg/.stmcufinder/plugins/mcufinder/ => /home/wgg/.stmcufinder/plugins/mcufinder
2024-10-03 19:52:22,896 [INFO] CrossReferenceDbSqlite:203 - Set database path to: /home/wgg/.stmcufinder/plugins/mcufinder//mcu/cs/
2024-10-03 19:52:22,985 [INFO] MainPanel:264 - HeapMemory: 268435456
2024-10-03 19:52:23,081 [INFO] DbMcusXml:78 - Set database path to: /opt/st/stm32cubeide_1.15.1/plugins/com.st.stm32cube.common.mx_6.11.1.202404110753//db//mcu/
2024-10-03 19:52:23,081 [INFO] ApiDb:274 - Set plugin database path to: /opt/st/stm32cubeide_1.15.1/plugins/com.st.stm32cube.common.mx_6.11.1.202404110753//db//plugins/boardmanager/
2024-10-03 19:52:23,082 [INFO] ApiDb:261 - Set plugin images path to: /opt/st/stm32cubeide_1.15.1/plugins/com.st.stm32cube.common.mx_6.11.1.202404110753//db//plugins/mcufinder/images/
2024-10-03 19:52:23,082 [WARN] DbFile:41 - Overriding database path with different value: /home/wgg/.stmcufinder/plugins/mcufinder/ => /home/wgg/.stmcufinder/plugins/mcufinder
2024-10-03 19:52:23,082 [INFO] ApiDb:250 - Set database path to: /home/wgg/.stmcufinder/plugins/mcufinder//mcu/
2024-10-03 19:52:23,082 [WARN] DbFile:41 - Overriding database path with different value: /home/wgg/.stmcufinder/plugins/mcufinder/ => /home/wgg/.stmcufinder/plugins/mcufinder
2024-10-03 19:52:23,082 [INFO] DbMcusAds:125 - Set database path to: /home/wgg/.stmcufinder/plugins/mcufinder//mcu/
2024-10-03 19:52:23,083 [WARN] DbFile:41 - Overriding database path with different value: /home/wgg/.stmcufinder/plugins/mcufinder/ => /home/wgg/.stmcufinder/plugins/mcufinder
2024-10-03 19:52:23,083 [WARN] DbFile:41 - Overriding database path with different value: /home/wgg/.stmcufinder/plugins/mcufinder/ => /home/wgg/.stmcufinder/plugins/mcufinder
2024-10-03 19:52:23,083 [INFO] CrossReferenceDbSqlite:203 - Set database path to: /home/wgg/.stmcufinder/plugins/mcufinder//mcu/cs/
2024-10-03 19:52:23,099 [INFO] ApplicationProperties:184 - Using Application install path: /opt/st/stm32cubeide_1.15.1/plugins/com.st.stm32cube.common.mx_6.11.1.202404110753
2024-10-03 19:52:23,101 [INFO] PluginManage:196 - Search for loadable plugins [exclusion list=, ]
2024-10-03 19:52:23,102 [INFO] PluginManage:310 - Check plugin analytics
2024-10-03 19:52:23,269 [INFO] AnalyticsPlugin:253 - Accepted Software Licenses: 
2024-10-03 19:52:23,269 [INFO] AnalyticsPlugin:255 - Accepted CMSIS Pack Licenses: 
2024-10-03 19:52:23,269 [INFO] AnalyticsPlugin:257 - Accepted Firmware Licenses: FW.F4.1.28.0
2024-10-03 19:52:23,271 [INFO] PluginManage:359 - Loaded plugin analytics (category:tool,tabindex:-1)
2024-10-03 19:52:23,272 [INFO] PluginManage:310 - Check plugin cadmodel
2024-10-03 19:52:23,271 [ERROR] ConfigurationRetriever:142 - IOException on connection: sw-center.st.com
2024-10-03 19:52:23,272 [ERROR] ConfigurationRetriever:142 - IOException on connection: sw-center.st.com
2024-10-03 19:52:23,272 [ERROR] ConfigurationRetriever:142 - IOException on connection: sw-center.st.com
2024-10-03 19:52:23,309 [INFO] CADModel:105 - Init CAD model plugin
2024-10-03 19:52:23,309 [INFO] PluginManage:359 - Loaded plugin cadmodel (category:power,tabindex:5)
2024-10-03 19:52:23,310 [INFO] PluginManage:310 - Check plugin clock
2024-10-03 19:52:23,321 [INFO] PluginManage:359 - Loaded plugin clock (category:base,tabindex:2)
2024-10-03 19:52:23,322 [INFO] PluginManage:310 - Check plugin ddr
2024-10-03 19:52:23,324 [INFO] PluginManage:359 - Loaded plugin ddr (category:tool,tabindex:6)
2024-10-03 19:52:23,324 [INFO] PluginManage:310 - Check plugin filemanager
2024-10-03 19:52:23,505 [INFO] PluginManage:359 - Loaded plugin filemanager (category:base,tabindex:10)
2024-10-03 19:52:23,505 [INFO] PluginManage:310 - Check plugin ipmanager
2024-10-03 19:52:23,513 [INFO] PluginManage:359 - Loaded plugin ipmanager (category:base,tabindex:5)
2024-10-03 19:52:23,513 [INFO] PluginManage:310 - Check plugin lpbam
2024-10-03 19:52:23,523 [INFO] PluginManage:359 - Loaded plugin lpbam (category:base,tabindex:0)
2024-10-03 19:52:23,523 [INFO] PluginManage:310 - Check plugin memorymap
2024-10-03 19:52:23,537 [INFO] PluginManage:359 - Loaded plugin memorymap (category:base,tabindex:4)
2024-10-03 19:52:23,537 [INFO] PluginManage:310 - Check plugin pinoutandconfiguration
2024-10-03 19:52:23,553 [INFO] PluginManage:359 - Loaded plugin pinoutandconfiguration (category:base,tabindex:1)
2024-10-03 19:52:23,553 [INFO] PluginManage:310 - Check plugin pinoutconfig
2024-10-03 19:52:23,635 [WARN] SupportedApi:132 - Cannot load RTOS API schema: s4s-elt-must-match.1: The content of 'definitions' must match (annotation?, (simpleType | complexType)?, (unique | key | keyref)*)). A problem was found starting at: attribute.
2024-10-03 19:52:23,779 [INFO] PluginManage:359 - Loaded plugin pinoutconfig (category:base,tabindex:0)
2024-10-03 19:52:23,780 [INFO] PluginManage:310 - Check plugin power
2024-10-03 19:52:23,789 [INFO] PluginManage:359 - Loaded plugin power (category:power,tabindex:4)
2024-10-03 19:52:23,789 [INFO] PluginManage:310 - Check plugin projectmanager
2024-10-03 19:52:23,802 [INFO] PluginManage:359 - Loaded plugin projectmanager (category:projectmanager,tabindex:3)
2024-10-03 19:52:23,803 [INFO] PluginManage:310 - Check plugin thirdparty
2024-10-03 19:52:23,922 [INFO] PluginManage:359 - Loaded plugin thirdparty (category:base,tabindex:-1)
2024-10-03 19:52:23,922 [WARN] IntegrityCheckThread:84 - waiting for thirdparty lock release [integrity check]
2024-10-03 19:52:23,922 [INFO] PluginManage:310 - Check plugin tools
2024-10-03 19:52:23,922 [INFO] IntegrityCheckThread:86 - entering critical section [integrity check]
2024-10-03 19:52:23,923 [INFO] ThirdPartyUpdaterWithRetryManager:70 - Updater plugin not ready yet. [1/15]
2024-10-03 19:52:23,924 [INFO] PluginManage:359 - Loaded plugin tools (category:base,tabindex:7)
2024-10-03 19:52:23,925 [INFO] PluginManage:310 - Check plugin tutovideos
2024-10-03 19:52:24,115 [INFO] PluginManage:359 - Loaded plugin tutovideos (category:base,tabindex:-1)
2024-10-03 19:52:24,115 [INFO] PluginManage:310 - Check plugin updater
2024-10-03 19:52:24,127 [INFO] PluginManage:359 - Loaded plugin updater (category:base,tabindex:12)
2024-10-03 19:52:24,127 [INFO] PluginManage:310 - Check plugin userauth
2024-10-03 19:52:24,133 [INFO] UserAuth:114 - Init User Auth plugin
2024-10-03 19:52:24,133 [INFO] PluginManage:359 - Loaded plugin userauth (category:base,tabindex:14)
2024-10-03 19:52:24,134 [INFO] PluginManage:283 - PluginManage : Loaded plugins [17]
2024-10-03 19:52:24,328 [INFO] PinOutPanel:1561 - setPackage(No Configuration,No Configuration)
2024-10-03 19:52:24,382 [INFO] CADModel:165 - CPN selected for project level
2024-10-03 19:52:24,383 [INFO] CADModel:114 - Register for checkConnection events
2024-10-03 19:52:24,394 [INFO] IPUIPlugin:80 - create IPUIPlugin
2024-10-03 19:52:24,395 [INFO] PluginManager:220 - loadIPPluginJar : add dma
2024-10-03 19:52:24,402 [INFO] IPUIPlugin:80 - create IPUIPlugin
2024-10-03 19:52:24,402 [INFO] PluginManager:220 - loadIPPluginJar : add linkedlist
2024-10-03 19:52:24,407 [INFO] IPUIPlugin:80 - create IPUIPlugin
2024-10-03 19:52:24,407 [INFO] PluginManager:220 - loadIPPluginJar : add tracer_emb
2024-10-03 19:52:24,416 [INFO] IPUIPlugin:80 - create IPUIPlugin
2024-10-03 19:52:24,417 [INFO] PluginManager:220 - loadIPPluginJar : add ipddr
2024-10-03 19:52:24,420 [INFO] IPUIPlugin:80 - create IPUIPlugin
2024-10-03 19:52:24,420 [INFO] PluginManager:220 - loadIPPluginJar : add i2c
2024-10-03 19:52:24,430 [INFO] IPUIPlugin:80 - create IPUIPlugin
2024-10-03 19:52:24,430 [INFO] PluginManager:220 - loadIPPluginJar : add mdma
2024-10-03 19:52:24,433 [INFO] IPUIPlugin:80 - create IPUIPlugin
2024-10-03 19:52:24,434 [INFO] PluginManager:220 - loadIPPluginJar : add usart
2024-10-03 19:52:24,438 [INFO] IPUIPlugin:80 - create IPUIPlugin
2024-10-03 19:52:24,438 [INFO] PluginManager:220 - loadIPPluginJar : add gfxmmu
2024-10-03 19:52:24,441 [INFO] IPUIPlugin:80 - create IPUIPlugin
2024-10-03 19:52:24,442 [INFO] PluginManager:220 - loadIPPluginJar : add usbx
2024-10-03 19:52:24,443 [INFO] IPUIPlugin:80 - create IPUIPlugin
2024-10-03 19:52:24,443 [INFO] PluginManager:220 - loadIPPluginJar : add tsc
2024-10-03 19:52:24,444 [INFO] IPUIPlugin:80 - create IPUIPlugin
2024-10-03 19:52:24,445 [INFO] PluginManager:220 - loadIPPluginJar : add dma3
2024-10-03 19:52:24,452 [INFO] IPUIPlugin:80 - create IPUIPlugin
2024-10-03 19:52:24,452 [INFO] PluginManager:220 - loadIPPluginJar : add fmc
2024-10-03 19:52:24,454 [INFO] IPUIPlugin:80 - create IPUIPlugin
2024-10-03 19:52:24,455 [INFO] PluginManager:220 - loadIPPluginJar : add extmemmanager
2024-10-03 19:52:24,457 [INFO] IPUIPlugin:80 - create IPUIPlugin
2024-10-03 19:52:24,457 [INFO] PluginManager:220 - loadIPPluginJar : add comp
2024-10-03 19:52:24,460 [INFO] IPUIPlugin:80 - create IPUIPlugin
2024-10-03 19:52:24,460 [INFO] PluginManager:220 - loadIPPluginJar : add i3c
2024-10-03 19:52:24,464 [INFO] IPUIPlugin:80 - create IPUIPlugin
2024-10-03 19:52:24,464 [INFO] PluginManager:220 - loadIPPluginJar : add gtzc
2024-10-03 19:52:24,468 [INFO] IPUIPlugin:80 - create IPUIPlugin
2024-10-03 19:52:24,469 [INFO] PluginManager:220 - loadIPPluginJar : add touchsensing
2024-10-03 19:52:24,470 [INFO] IPUIPlugin:80 - create IPUIPlugin
2024-10-03 19:52:24,470 [INFO] PluginManager:220 - loadIPPluginJar : add ucpd
2024-10-03 19:52:24,472 [INFO] IPUIPlugin:80 - create IPUIPlugin
2024-10-03 19:52:24,472 [INFO] PluginManager:220 - loadIPPluginJar : add fatfs
2024-10-03 19:52:24,476 [INFO] IPUIPlugin:80 - create IPUIPlugin
2024-10-03 19:52:24,477 [INFO] PluginManager:220 - loadIPPluginJar : add stm32_wpan
2024-10-03 19:52:24,483 [INFO] IPUIPlugin:80 - create IPUIPlugin
2024-10-03 19:52:24,483 [INFO] PluginManager:220 - loadIPPluginJar : add gpio
2024-10-03 19:52:24,486 [INFO] IPUIPlugin:80 - create IPUIPlugin
2024-10-03 19:52:24,486 [INFO] PluginManager:220 - loadIPPluginJar : add i2s
2024-10-03 19:52:24,487 [INFO] IPUIPlugin:80 - create IPUIPlugin
2024-10-03 19:52:24,487 [INFO] PluginManager:220 - loadIPPluginJar : add tim
2024-10-03 19:52:24,494 [INFO] IPUIPlugin:80 - create IPUIPlugin
2024-10-03 19:52:24,494 [INFO] PluginManager:220 - loadIPPluginJar : add adc
2024-10-03 19:52:24,497 [INFO] IPUIPlugin:80 - create IPUIPlugin
2024-10-03 19:52:24,497 [INFO] PluginManager:220 - loadIPPluginJar : add pdm2pcm
2024-10-03 19:52:24,504 [INFO] IPUIPlugin:80 - create IPUIPlugin
2024-10-03 19:52:24,504 [INFO] PluginManager:220 - loadIPPluginJar : add gic
2024-10-03 19:52:24,506 [INFO] IPUIPlugin:80 - create IPUIPlugin
2024-10-03 19:52:24,506 [INFO] PluginManager:220 - loadIPPluginJar : add sai
2024-10-03 19:52:24,509 [INFO] IPUIPlugin:80 - create IPUIPlugin
2024-10-03 19:52:24,509 [INFO] PluginManager:220 - loadIPPluginJar : add spi
2024-10-03 19:52:24,512 [INFO] IPUIPlugin:80 - create IPUIPlugin
2024-10-03 19:52:24,512 [INFO] PluginManager:220 - loadIPPluginJar : add can
2024-10-03 19:52:24,514 [INFO] IPUIPlugin:80 - create IPUIPlugin
2024-10-03 19:52:24,514 [INFO] PluginManager:220 - loadIPPluginJar : add resmgrutility
2024-10-03 19:52:24,515 [INFO] IPUIPlugin:80 - create IPUIPlugin
2024-10-03 19:52:24,515 [INFO] PluginManager:220 - loadIPPluginJar : add quadspi
2024-10-03 19:52:24,521 [INFO] IPUIPlugin:80 - create IPUIPlugin
2024-10-03 19:52:24,522 [INFO] PluginManager:220 - loadIPPluginJar : add freertos
2024-10-03 19:52:24,523 [INFO] IPUIPlugin:80 - create IPUIPlugin
2024-10-03 19:52:24,523 [INFO] PluginManager:220 - loadIPPluginJar : add ts
2024-10-03 19:52:24,525 [INFO] IPUIPlugin:80 - create IPUIPlugin
2024-10-03 19:52:24,525 [INFO] PluginManager:220 - loadIPPluginJar : add aes
2024-10-03 19:52:24,531 [INFO] IPUIPlugin:80 - create IPUIPlugin
2024-10-03 19:52:24,531 [INFO] PluginManager:220 - loadIPPluginJar : add nvic
2024-10-03 19:52:24,537 [INFO] IPUIPlugin:80 - create IPUIPlugin
2024-10-03 19:52:24,538 [INFO] PluginManager:220 - loadIPPluginJar : add openamp
2024-10-03 19:52:24,542 [INFO] IPUIPlugin:80 - create IPUIPlugin
2024-10-03 19:52:24,542 [INFO] PluginManager:220 - loadIPPluginJar : add dfsdm
2024-10-03 19:52:24,546 [INFO] IPUIPlugin:80 - create IPUIPlugin
2024-10-03 19:52:24,546 [INFO] PluginManager:220 - loadIPPluginJar : add lorawan
2024-10-03 19:52:24,548 [INFO] IPUIPlugin:80 - create IPUIPlugin
2024-10-03 19:52:24,548 [INFO] PluginManager:220 - loadIPPluginJar : add genericplugin
2024-10-03 19:52:24,551 [INFO] IPUIPlugin:80 - create IPUIPlugin
2024-10-03 19:52:24,551 [INFO] PluginManager:220 - loadIPPluginJar : add hash
2024-10-03 19:52:24,553 [INFO] IPUIPlugin:80 - create IPUIPlugin
2024-10-03 19:52:24,553 [INFO] PluginManager:220 - loadIPPluginJar : add ltdc
2024-10-03 19:52:24,562 [INFO] IPUIPlugin:80 - create IPUIPlugin
2024-10-03 19:52:24,566 [INFO] PluginManager:220 - loadIPPluginJar : add plateformsettings
2024-10-03 19:52:24,569 [INFO] IPUIPlugin:80 - create IPUIPlugin
2024-10-03 19:52:24,569 [INFO] PluginManager:220 - loadIPPluginJar : add cryp
2024-10-03 19:52:24,572 [INFO] IPUIPlugin:80 - create IPUIPlugin
2024-10-03 19:52:24,572 [INFO] PluginManager:220 - loadIPPluginJar : add opamp
2024-10-03 19:52:24,686 [INFO] CADModel:165 - CPN selected for project level
2024-10-03 19:52:24,686 [INFO] CADModel:114 - Register for checkConnection events
2024-10-03 19:52:24,686 [FATAL] Updater:308 - Updater called before beeing initialized
2024-10-03 19:52:24,687 [ERROR] CADModel:125 - Updater not yet initialized, retry later 
2024-10-03 19:52:24,824 [INFO] CADModel:165 - CPN selected for project level
2024-10-03 19:52:24,825 [INFO] CADModel:114 - Register for checkConnection events
2024-10-03 19:52:24,825 [FATAL] Updater:308 - Updater called before beeing initialized
2024-10-03 19:52:24,825 [ERROR] CADModel:125 - Updater not yet initialized, retry later 
2024-10-03 19:52:24,827 [FATAL] Updater:308 - Updater called before beeing initialized
2024-10-03 19:52:24,908 [FATAL] Updater:308 - Updater called before beeing initialized
2024-10-03 19:52:24,912 [INFO] DbMcusAds:53 - JSON generation date=Fri Sep 20 20:04:23 WIB 2024 (1726837463113)
2024-10-03 19:52:24,912 [FATAL] Updater:308 - Updater called before beeing initialized
2024-10-03 19:52:24,956 [WARN] DetailPanel:346 - Failed to get advertising image, set to default
2024-10-03 19:52:25,061 [FATAL] Updater:308 - Updater called before beeing initialized
2024-10-03 19:52:25,063 [FATAL] Updater:308 - Updater called before beeing initialized
2024-10-03 19:52:25,063 [FATAL] Updater:308 - Updater called before beeing initialized
2024-10-03 19:52:25,063 [WARN] DetailPanel:346 - Failed to get advertising image, set to default
2024-10-03 19:52:25,064 [FATAL] Updater:308 - Updater called before beeing initialized
2024-10-03 19:52:25,095 [ERROR] Updater:1120 - MainUpdater not yet initialized. External WinMGr cannot be set.
2024-10-03 19:52:25,097 [INFO] Updater:1056 - Updater Version found : 6.11.1
2024-10-03 19:52:25,128 [INFO] ApplicationProperties:184 - Using Application install path: /opt/st/stm32cubeide_1.15.1/plugins/com.st.stm32cube.common.mx_6.11.1.202404110753
2024-10-03 19:52:25,354 [INFO] MainUpdater:2873 - connection check result : 22
2024-10-03 19:52:25,355 [INFO] MainUpdater:290 - Updater Check For Update Now.
2024-10-03 19:52:25,355 [INFO] MicroXplorer:498 - Change Database Version : DB.6.0.111
2024-10-03 19:52:25,360 [INFO] McuFinderGlobals:63 - Set McuFinder mode to 2 (CubeIDE integrated)
2024-10-03 19:52:25,366 [INFO] UserAuth:415 - Internet connection configuration mode: 2
2024-10-03 19:52:25,534 [INFO] CheckServerUpdateThread:120 - End of CheckServer Thread
2024-10-03 19:52:27,043 [WARN] PackLoader:240 - Cannot read IP mode file for STMicroelectronics.X-CUBE-SMBUS.2.1.0
2024-10-03 19:52:27,072 [WARN] PackLoader:240 - Cannot read IP mode file for STMicroelectronics.X-CUBE-AZRTOS-F7.1.1.0
2024-10-03 19:52:27,143 [WARN] PackLoader:240 - Cannot read IP mode file for STMicroelectronics.X-CUBE-MEMS1.11.0.0
2024-10-03 19:52:27,399 [WARN] PackLoader:240 - Cannot read IP mode file for STMicroelectronics.FP-SNS-FLIGHT1.5.0.2
2024-10-03 19:52:27,406 [WARN] PackLoader:240 - Cannot read IP mode file for STMicroelectronics.X-CUBE-DISPLAY.3.0.0
2024-10-03 19:52:27,418 [WARN] PackLoader:240 - Cannot read IP mode file for STMicroelectronics.X-CUBE-BLE1.7.0.0
2024-10-03 19:52:27,426 [WARN] PackLoader:240 - Cannot read IP mode file for STMicroelectronics.X-CUBE-NFC10.1.0.0
2024-10-03 19:52:27,432 [WARN] PackLoader:240 - Cannot read IP mode file for emotas.I-CUBE-CANOPEN.1.3.0
2024-10-03 19:52:27,443 [WARN] PackLoader:240 - Cannot read IP mode file for STMicroelectronics.X-CUBE-BLEMGR.3.1.0
2024-10-03 19:52:27,450 [WARN] PackLoader:240 - Cannot read IP mode file for STMicroelectronics.FP-SNS-SMARTAG2.1.2.0
2024-10-03 19:52:27,461 [INFO] LogOutputStream:77 - [STDOUT_REDIRECT] 1 : Invalid condition id : UX_CORESTACK_Condition cause : null
2024-10-03 19:52:27,461 [INFO] LogOutputStream:77 - [STDOUT_REDIRECT] 1 : Invalid condition id : UX_CORESTACK_Condition cause : null
2024-10-03 19:52:27,461 [INFO] LogOutputStream:77 - [STDOUT_REDIRECT] 1 : Invalid condition id : UX_CORESTACK_Condition cause : null
2024-10-03 19:52:27,461 [INFO] LogOutputStream:77 - [STDOUT_REDIRECT] 1 : Invalid condition id : UX_CORESTACK_Condition cause : null
2024-10-03 19:52:27,462 [INFO] LogOutputStream:77 - [STDOUT_REDIRECT] 1 : Invalid condition id : UX_CORESTACK_Condition cause : null
2024-10-03 19:52:27,466 [WARN] PackLoader:240 - Cannot read IP mode file for STMicroelectronics.X-CUBE-AZRTOS-WL.2.0.0
2024-10-03 19:52:27,474 [WARN] PackLoader:240 - Cannot read IP mode file for WES.I-CUBE-Cesium.1.3.0
2024-10-03 19:52:27,482 [WARN] PackLoader:240 - Cannot read IP mode file for STMicroelectronics.X-CUBE-BLE2.3.3.0
2024-10-03 19:52:27,489 [WARN] PackLoader:240 - Cannot read IP mode file for STMicroelectronics.X-CUBE-NFC9.1.0.0
2024-10-03 19:52:27,510 [WARN] PackLoader:240 - Cannot read IP mode file for STMicroelectronics.X-CUBE-AZRTOS-G0.1.1.0
2024-10-03 19:52:27,519 [WARN] PackLoader:240 - Cannot read IP mode file for STMicroelectronics.X-CUBE-NFC4.3.0.0
2024-10-03 19:52:27,538 [WARN] PackLoader:240 - Cannot read IP mode file for EmbeddedOffice.I-CUBE-FS-RTOS.1.0.1
2024-10-03 19:52:27,539 [ERROR] ConditionMgr:805 - Attr not supported : Dmpu
2024-10-03 19:52:27,539 [ERROR] ConditionMgr:805 - Attr not supported : Dmpu
2024-10-03 19:52:27,539 [ERROR] ConditionMgr:805 - Attr not supported : Dmpu
2024-10-03 19:52:27,539 [ERROR] ConditionMgr:805 - Attr not supported : Dmpu
2024-10-03 19:52:27,539 [ERROR] ConditionMgr:805 - Attr not supported : Dmpu
2024-10-03 19:52:27,539 [ERROR] ConditionMgr:805 - Attr not supported : Dmpu
2024-10-03 19:52:27,539 [ERROR] ConditionMgr:805 - Attr not supported : Dmpu
2024-10-03 19:52:27,539 [ERROR] ConditionMgr:805 - Attr not supported : Dmpu
2024-10-03 19:52:27,539 [ERROR] ConditionMgr:805 - Attr not supported : Dmpu
2024-10-03 19:52:27,539 [ERROR] ConditionMgr:805 - Attr not supported : Dmpu
2024-10-03 19:52:27,539 [ERROR] ConditionMgr:805 - Attr not supported : Dmpu
2024-10-03 19:52:27,540 [ERROR] ConditionMgr:805 - Attr not supported : Dmpu
2024-10-03 19:52:27,540 [ERROR] ConditionMgr:805 - Attr not supported : Dmpu
2024-10-03 19:52:27,540 [ERROR] ConditionMgr:805 - Attr not supported : Dmpu
2024-10-03 19:52:27,540 [ERROR] ConditionMgr:805 - Attr not supported : Dmpu
2024-10-03 19:52:27,540 [ERROR] ConditionMgr:805 - Attr not supported : Dmpu
2024-10-03 19:52:27,540 [ERROR] ConditionMgr:805 - Attr not supported : Dmpu
2024-10-03 19:52:27,540 [ERROR] ConditionMgr:805 - Attr not supported : Dmpu
2024-10-03 19:52:27,540 [ERROR] ConditionMgr:805 - Attr not supported : Dmpu
2024-10-03 19:52:27,540 [ERROR] ConditionMgr:805 - Attr not supported : Dmpu
2024-10-03 19:52:27,540 [ERROR] ConditionMgr:805 - Attr not supported : Dmpu
2024-10-03 19:52:27,540 [ERROR] ConditionMgr:805 - Attr not supported : Dmpu
2024-10-03 19:52:27,540 [ERROR] ConditionMgr:805 - Attr not supported : Dmpu
2024-10-03 19:52:27,541 [ERROR] ConditionMgr:805 - Attr not supported : Dmpu
2024-10-03 19:52:27,541 [ERROR] ConditionMgr:805 - Attr not supported : Dmpu
2024-10-03 19:52:27,541 [ERROR] ConditionMgr:805 - Attr not supported : Dmpu
2024-10-03 19:52:27,541 [ERROR] ConditionMgr:805 - Attr not supported : Dmpu
2024-10-03 19:52:27,541 [ERROR] ConditionMgr:805 - Attr not supported : Dmpu
2024-10-03 19:52:27,541 [ERROR] ConditionMgr:805 - Attr not supported : Dmpu
2024-10-03 19:52:27,541 [ERROR] ConditionMgr:805 - Attr not supported : Dmpu
2024-10-03 19:52:27,541 [ERROR] ConditionMgr:805 - Attr not supported : Dmpu
2024-10-03 19:52:27,541 [ERROR] ConditionMgr:805 - Attr not supported : Dmpu
2024-10-03 19:52:27,541 [ERROR] ConditionMgr:805 - Attr not supported : Dmpu
2024-10-03 19:52:27,541 [ERROR] ConditionMgr:805 - Attr not supported : Dmpu
2024-10-03 19:52:27,541 [ERROR] ConditionMgr:805 - Attr not supported : Dmpu
2024-10-03 19:52:27,541 [ERROR] ConditionMgr:805 - Attr not supported : Dmpu
2024-10-03 19:52:27,542 [ERROR] ConditionMgr:805 - Attr not supported : Dmpu
2024-10-03 19:52:27,542 [ERROR] ConditionMgr:805 - Attr not supported : Dmpu
2024-10-03 19:52:27,542 [ERROR] ConditionMgr:805 - Attr not supported : Dmpu
2024-10-03 19:52:27,542 [ERROR] ConditionMgr:805 - Attr not supported : Dmpu
2024-10-03 19:52:27,542 [ERROR] ConditionMgr:805 - Attr not supported : Dmpu
2024-10-03 19:52:27,543 [ERROR] ConditionMgr:805 - Attr not supported : Dmpu
2024-10-03 19:52:27,543 [ERROR] ConditionMgr:805 - Attr not supported : Dmpu
2024-10-03 19:52:27,544 [ERROR] ConditionMgr:805 - Attr not supported : Dmpu
2024-10-03 19:52:27,544 [ERROR] ConditionMgr:805 - Attr not supported : Dmpu
2024-10-03 19:52:27,544 [ERROR] ConditionMgr:805 - Attr not supported : Dmpu
2024-10-03 19:52:27,544 [ERROR] ConditionMgr:805 - Attr not supported : Dmpu
2024-10-03 19:52:27,544 [ERROR] ConditionMgr:805 - Attr not supported : Dmpu
2024-10-03 19:52:27,544 [ERROR] ConditionMgr:805 - Attr not supported : Dmpu
2024-10-03 19:52:27,544 [ERROR] ConditionMgr:805 - Attr not supported : Dmpu
2024-10-03 19:52:27,544 [ERROR] ConditionMgr:805 - Attr not supported : Dmpu
2024-10-03 19:52:27,545 [ERROR] ConditionMgr:805 - Attr not supported : Dmpu
2024-10-03 19:52:27,545 [ERROR] ConditionMgr:805 - Attr not supported : Dmpu
2024-10-03 19:52:27,545 [ERROR] ConditionMgr:805 - Attr not supported : Dmpu
2024-10-03 19:52:27,545 [ERROR] ConditionMgr:805 - Attr not supported : Dmpu
2024-10-03 19:52:27,545 [ERROR] ConditionMgr:805 - Attr not supported : Dmpu
2024-10-03 19:52:27,545 [ERROR] ConditionMgr:805 - Attr not supported : Dmpu
2024-10-03 19:52:27,545 [ERROR] ConditionMgr:805 - Attr not supported : Dmpu
2024-10-03 19:52:27,545 [ERROR] ConditionMgr:805 - Attr not supported : Dmpu
2024-10-03 19:52:27,545 [ERROR] ConditionMgr:805 - Attr not supported : Dmpu
2024-10-03 19:52:27,545 [ERROR] ConditionMgr:805 - Attr not supported : Dmpu
2024-10-03 19:52:27,545 [ERROR] ConditionMgr:805 - Attr not supported : Dmpu
2024-10-03 19:52:27,546 [ERROR] ConditionMgr:805 - Attr not supported : Dmpu
2024-10-03 19:52:27,546 [ERROR] ConditionMgr:805 - Attr not supported : Dmpu
2024-10-03 19:52:27,550 [WARN] PackLoader:240 - Cannot read IP mode file for STMicroelectronics.FP-ATR-SIGFOX1.3.2.0
2024-10-03 19:52:27,557 [WARN] PackLoader:240 - Cannot read IP mode file for STMicroelectronics.X-CUBE-EEPRMA1.5.1.0
2024-10-03 19:52:27,564 [WARN] PackLoader:240 - Cannot read IP mode file for ITTIA_DB.I-CUBE-ITTIADB.8.9.0
2024-10-03 19:52:27,593 [WARN] PackLoader:240 - Cannot read IP mode file for SEGGER.I-CUBE-embOS.1.3.1
2024-10-03 19:52:27,627 [WARN] PackLoader:240 - Cannot read IP mode file for STMicroelectronics.X-CUBE-GNSS1.6.0.0
2024-10-03 19:52:27,640 [WARN] PackLoader:240 - Cannot read IP mode file for STMicroelectronics.X-CUBE-AZRTOS-F4.1.1.0
2024-10-03 19:52:27,645 [WARN] PackLoader:240 - Cannot read IP mode file for STMicroelectronics.X-CUBE-ISPU.2.1.0
2024-10-03 19:52:27,658 [WARN] PackLoader:240 - Cannot read IP mode file for STMicroelectronics.X-CUBE-AZRTOS-L5.2.0.0
2024-10-03 19:52:27,664 [WARN] PackLoader:240 - Cannot read IP mode file for STMicroelectronics.X-CUBE-NFC7.1.0.1
2024-10-03 19:52:27,678 [WARN] ConditionMgr:438 - getConditionDescription Invalid condition id : LAN8742 Phy interface Condition cause : null
2024-10-03 19:52:27,678 [WARN] PackLoader:240 - Cannot read IP mode file for STMicroelectronics.X-CUBE-AZRTOS-L4.2.0.0
2024-10-03 19:52:27,680 [WARN] ConditionMgr:1039 - genDependencies : Invalid condition id : LAN8742 Phy interface Condition cause : null
2024-10-03 19:52:27,680 [WARN] ConditionMgr:1039 - genDependencies : Invalid condition id : LAN8742 Phy interface Condition cause : null
2024-10-03 19:52:27,680 [WARN] ConditionMgr:1039 - genDependencies : Invalid condition id : LAN8742 Phy interface Condition cause : null
2024-10-03 19:52:27,685 [WARN] PackLoader:240 - Cannot read IP mode file for STMicroelectronics.X-CUBE-SFXS2LP1.4.0.0
2024-10-03 19:52:27,702 [WARN] PackLoader:240 - Cannot read IP mode file for STMicroelectronics.X-CUBE-AZRTOS-H7.3.3.0
2024-10-03 19:52:27,720 [WARN] ConditionMgr:438 - getConditionDescription Invalid condition id : UX DEVICE CLASS RTOS Condition cause : null
2024-10-03 19:52:27,720 [WARN] ConditionMgr:438 - getConditionDescription Invalid condition id : UX DEVICE CLASS RTOS Condition cause : null
2024-10-03 19:52:27,723 [WARN] PackLoader:240 - Cannot read IP mode file for STMicroelectronics.X-CUBE-AZRTOS-WB.2.0.0
2024-10-03 19:52:27,723 [WARN] ConditionMgr:1039 - genDependencies : Invalid condition id : UX DEVICE CLASS RTOS Condition cause : null
2024-10-03 19:52:27,723 [WARN] ConditionMgr:1039 - genDependencies : Invalid condition id : UX DEVICE CLASS RTOS Condition cause : null
2024-10-03 19:52:27,724 [WARN] ConditionMgr:1039 - genDependencies : Invalid condition id : UX DEVICE CLASS RTOS Condition cause : null
2024-10-03 19:52:27,724 [WARN] ConditionMgr:1039 - genDependencies : Invalid condition id : UX DEVICE CLASS RTOS Condition cause : null
2024-10-03 19:52:27,724 [WARN] ConditionMgr:1039 - genDependencies : Invalid condition id : UX DEVICE CLASS RTOS Condition cause : null
2024-10-03 19:52:27,729 [WARN] PackLoader:240 - Cannot read IP mode file for STMicroelectronics.X-CUBE-GNSS1.7.0.0
2024-10-03 19:52:27,735 [WARN] PackLoader:240 - Cannot read IP mode file for STMicroelectronics.FP-SNS-STBOX1.2.0.0
2024-10-03 19:52:27,746 [WARN] PackLoader:240 - Cannot read IP mode file for STMicroelectronics.X-CUBE-SUBG2.5.0.0
2024-10-03 19:52:27,753 [WARN] PackLoader:240 - Cannot read IP mode file for Cesanta.I-CUBE-Mongoose.7.13.0
2024-10-03 19:52:27,767 [WARN] PackLoader:240 - Cannot read IP mode file for STMicroelectronics.X-CUBE-AZRTOS-G4.2.0.0
2024-10-03 19:52:27,771 [WARN] PackLoader:240 - Cannot read IP mode file for STMicroelectronics.X-CUBE-ISPU.2.0.0
2024-10-03 19:52:27,811 [WARN] PackLoader:240 - Cannot read IP mode file for STMicroelectronics.X-CUBE-MEMS1.10.0.0
2024-10-03 19:52:27,982 [WARN] PackLoader:240 - Cannot read IP mode file for STMicroelectronics.X-CUBE-TOUCHGFX.4.24.0
2024-10-03 19:52:27,984 [WARN] PackLoader:240 - Cannot read IP mode file for STMicroelectronics.X-CUBE-TOUCHGFX.4.24.1
2024-10-03 19:52:27,987 [WARN] PackLoader:240 - Cannot read IP mode file for portGmbH.I-Cube-SoM-uGOAL.1.1.0
2024-10-03 19:52:27,989 [WARN] PackLoader:240 - Cannot read IP mode file for STMicroelectronics.FP-ATR-ASTRA1.2.0.0
2024-10-03 19:52:27,997 [WARN] PackLoader:240 - Cannot read IP mode file for STMicroelectronics.X-CUBE-TOF1.3.4.2
2024-10-03 19:52:28,012 [WARN] PackLoader:240 - Cannot read IP mode file for STMicroelectronics.X-CUBE-TOF1.3.4.1
2024-10-03 19:52:28,044 [WARN] PackLoader:240 - Cannot read IP mode file for STMicroelectronics.X-CUBE-AZRTOS-H7.3.2.0
2024-10-03 19:52:28,055 [WARN] PackLoader:240 - Cannot read IP mode file for Infineon.AIROC-Wi-Fi-Bluetooth-STM32.1.6.0
2024-10-03 19:52:28,060 [WARN] PackLoader:240 - Cannot read IP mode file for wolfSSL.I-CUBE-wolfSSH.1.4.17
2024-10-03 19:52:28,060 [INFO] ThirdParty:978 - Integrity check success = true
2024-10-03 19:52:28,060 [INFO] IntegrityCheckThread:100 - exiting critical section [integrity check]
2024-10-03 19:52:28,060 [INFO] IntegrityCheckThread:103 - End integrity checks thread
2024-10-03 19:54:27,154 [ERROR] ConfigurationRetriever:142 - IOException on connection: sw-center.st.com
2024-10-03 19:54:27,154 [ERROR] ConfigurationRetriever:142 - IOException on connection: sw-center.st.com
2024-10-03 19:54:27,154 [ERROR] ConfigurationRetriever:142 - IOException on connection: sw-center.st.com
2024-10-03 19:54:28,203 [ERROR] ConfigurationRetriever:142 - IOException on connection: sw-center.st.com
2024-10-03 19:54:28,204 [ERROR] ConfigurationRetriever:142 - IOException on connection: sw-center.st.com
2024-10-03 19:54:28,205 [ERROR] ConfigurationRetriever:142 - IOException on connection: sw-center.st.com
2024-10-03 19:58:48,103 [ERROR] ConfigurationRetriever:142 - IOException on connection: sw-center.st.com
2024-10-03 19:58:48,104 [ERROR] ConfigurationRetriever:142 - IOException on connection: sw-center.st.com
2024-10-03 19:58:48,104 [ERROR] ConfigurationRetriever:142 - IOException on connection: sw-center.st.com
2024-10-03 19:58:48,763 [ERROR] ConfigurationRetriever:142 - IOException on connection: sw-center.st.com
2024-10-03 19:58:48,764 [ERROR] ConfigurationRetriever:142 - IOException on connection: sw-center.st.com
2024-10-03 19:58:48,764 [ERROR] ConfigurationRetriever:142 - IOException on connection: sw-center.st.com
2024-10-03 20:01:33,692 [ERROR] ConfigurationRetriever:142 - IOException on connection: sw-center.st.com
2024-10-03 20:01:33,692 [ERROR] ConfigurationRetriever:142 - IOException on connection: sw-center.st.com
2024-10-03 20:01:33,693 [ERROR] ConfigurationRetriever:142 - IOException on connection: sw-center.st.com
2024-10-03 20:01:34,554 [ERROR] ConfigurationRetriever:142 - IOException on connection: sw-center.st.com
2024-10-03 20:01:34,555 [ERROR] ConfigurationRetriever:142 - IOException on connection: sw-center.st.com
2024-10-03 20:01:34,555 [ERROR] ConfigurationRetriever:142 - IOException on connection: sw-center.st.com
2024-10-03 20:06:29,114 [ERROR] ConfigurationRetriever:142 - IOException on connection: sw-center.st.com
2024-10-03 20:06:29,115 [ERROR] ConfigurationRetriever:142 - IOException on connection: sw-center.st.com
2024-10-03 20:06:29,115 [ERROR] ConfigurationRetriever:142 - IOException on connection: sw-center.st.com
2024-10-03 20:06:29,825 [ERROR] ConfigurationRetriever:142 - IOException on connection: sw-center.st.com
2024-10-03 20:06:29,826 [ERROR] ConfigurationRetriever:142 - IOException on connection: sw-center.st.com
2024-10-03 20:06:29,826 [ERROR] ConfigurationRetriever:142 - IOException on connection: sw-center.st.com
2024-10-03 20:06:46,241 [ERROR] ConfigurationRetriever:142 - IOException on connection: sw-center.st.com
2024-10-03 20:06:46,242 [ERROR] ConfigurationRetriever:142 - IOException on connection: sw-center.st.com
2024-10-03 20:06:46,277 [ERROR] ConfigurationRetriever:142 - IOException on connection: sw-center.st.com
2024-10-03 20:10:43,912 [ERROR] ConfigurationRetriever:142 - IOException on connection: sw-center.st.com
2024-10-03 20:10:43,912 [ERROR] ConfigurationRetriever:142 - IOException on connection: sw-center.st.com
2024-10-03 20:10:43,912 [ERROR] ConfigurationRetriever:142 - IOException on connection: sw-center.st.com
2024-10-03 20:16:07,719 [ERROR] ConfigurationRetriever:142 - IOException on connection: sw-center.st.com
2024-10-03 20:16:07,720 [ERROR] ConfigurationRetriever:142 - IOException on connection: sw-center.st.com
2024-10-03 20:16:07,720 [ERROR] ConfigurationRetriever:142 - IOException on connection: sw-center.st.com
2024-10-03 20:16:08,418 [ERROR] ConfigurationRetriever:142 - IOException on connection: sw-center.st.com
2024-10-03 20:16:08,418 [ERROR] ConfigurationRetriever:142 - IOException on connection: sw-center.st.com
2024-10-03 20:16:08,418 [ERROR] ConfigurationRetriever:142 - IOException on connection: sw-center.st.com
2024-10-03 20:16:17,016 [ERROR] ConfigurationRetriever:142 - IOException on connection: sw-center.st.com
2024-10-03 20:16:17,017 [ERROR] ConfigurationRetriever:142 - IOException on connection: sw-center.st.com
2024-10-03 20:16:17,017 [ERROR] ConfigurationRetriever:142 - IOException on connection: sw-center.st.com
2024-10-03 20:22:35,334 [ERROR] ConfigurationRetriever:142 - IOException on connection: sw-center.st.com
2024-10-03 20:22:35,334 [ERROR] ConfigurationRetriever:142 - IOException on connection: sw-center.st.com
2024-10-03 20:22:35,334 [ERROR] ConfigurationRetriever:142 - IOException on connection: sw-center.st.com
2024-10-03 20:22:36,064 [ERROR] ConfigurationRetriever:142 - IOException on connection: sw-center.st.com
2024-10-03 20:22:36,065 [ERROR] ConfigurationRetriever:142 - IOException on connection: sw-center.st.com
2024-10-03 20:22:36,065 [ERROR] ConfigurationRetriever:142 - IOException on connection: sw-center.st.com
2024-10-03 20:27:56,915 [ERROR] ConfigurationRetriever:142 - IOException on connection: sw-center.st.com
2024-10-03 20:27:56,916 [ERROR] ConfigurationRetriever:142 - IOException on connection: sw-center.st.com
2024-10-03 20:27:56,916 [ERROR] ConfigurationRetriever:142 - IOException on connection: sw-center.st.com
2024-10-03 20:27:57,654 [ERROR] ConfigurationRetriever:142 - IOException on connection: sw-center.st.com
2024-10-03 20:27:57,655 [ERROR] ConfigurationRetriever:142 - IOException on connection: sw-center.st.com
2024-10-03 20:27:57,655 [ERROR] ConfigurationRetriever:142 - IOException on connection: sw-center.st.com
2024-10-03 20:28:56,151 [ERROR] ConfigurationRetriever:142 - IOException on connection: sw-center.st.com
2024-10-03 20:28:56,152 [ERROR] ConfigurationRetriever:142 - IOException on connection: sw-center.st.com
2024-10-03 20:28:56,152 [ERROR] ConfigurationRetriever:142 - IOException on connection: sw-center.st.com
2024-10-03 20:28:56,833 [ERROR] ConfigurationRetriever:142 - IOException on connection: sw-center.st.com
2024-10-03 20:28:56,833 [ERROR] ConfigurationRetriever:142 - IOException on connection: sw-center.st.com
2024-10-03 20:28:56,834 [ERROR] ConfigurationRetriever:142 - IOException on connection: sw-center.st.com
2024-10-03 20:35:07,916 [ERROR] ConfigurationRetriever:142 - IOException on connection: sw-center.st.com
2024-10-03 20:35:07,917 [ERROR] ConfigurationRetriever:142 - IOException on connection: sw-center.st.com
2024-10-03 20:35:07,917 [ERROR] ConfigurationRetriever:142 - IOException on connection: sw-center.st.com
2024-10-03 23:10:52,134 [INFO] Activator:176 - 


2024-10-03 23:10:52,135 [INFO] Activator:177 - !SESSION log4j initialized
2024-10-03 23:10:55,394 [INFO] LogOutputStream:77 - [STDOUT_REDIRECT] 
2024-10-03 23:10:55,599 [ERROR] ConfigurationRetriever:142 - IOException on connection: sw-center.st.com
2024-10-03 23:10:55,600 [ERROR] ConfigurationRetriever:142 - IOException on connection: sw-center.st.com
2024-10-03 23:10:55,600 [ERROR] ConfigurationRetriever:142 - IOException on connection: sw-center.st.com
2024-10-03 23:10:56,383 [INFO] ApplicationProperties:184 - Using Application install path: /opt/st/stm32cubeide_1.15.1/plugins/com.st.stm32cube.common.mx_6.11.1.202404110753
2024-10-03 23:10:56,456 [INFO] DbMcusXml:78 - Set database path to: /opt/st/stm32cubeide_1.15.1/plugins/com.st.stm32cube.common.mx_6.11.1.202404110753//db//mcu/
2024-10-03 23:10:56,457 [INFO] ApiDb:274 - Set plugin database path to: /opt/st/stm32cubeide_1.15.1/plugins/com.st.stm32cube.common.mx_6.11.1.202404110753//db//plugins/boardmanager/
2024-10-03 23:10:56,457 [WARN] ApiDb:259 - Overriding images path with different value:  => /opt/st/stm32cubeide_1.15.1/plugins/com.st.stm32cube.common.mx_6.11.1.202404110753//db//plugins/mcufinder/images/
2024-10-03 23:10:56,477 [INFO] ApiDb:250 - Set database path to: /home/wgg/.stmcufinder/plugins/mcufinder//mcu/
2024-10-03 23:10:56,479 [INFO] DbMcusAds:125 - Set database path to: /home/wgg/.stmcufinder/plugins/mcufinder//mcu/
2024-10-03 23:10:56,488 [INFO] CrossReferenceDbSqlite:203 - Set database path to: /home/wgg/.stmcufinder/plugins/mcufinder//mcu/cs/
2024-10-03 23:10:56,690 [INFO] RulesReader:64 - Compatibility file has been processed (297 Rules)
2024-10-03 23:10:56,814 [INFO] DbMcusXml:78 - Set database path to: /opt/st/stm32cubeide_1.15.1/plugins/com.st.stm32cube.common.mx_6.11.1.202404110753//db//mcu/
2024-10-03 23:10:56,814 [INFO] ApiDb:274 - Set plugin database path to: /opt/st/stm32cubeide_1.15.1/plugins/com.st.stm32cube.common.mx_6.11.1.202404110753//db//plugins/boardmanager/
2024-10-03 23:10:56,815 [INFO] ApiDb:261 - Set plugin images path to: /opt/st/stm32cubeide_1.15.1/plugins/com.st.stm32cube.common.mx_6.11.1.202404110753//db//plugins/mcufinder/images/
2024-10-03 23:10:56,816 [WARN] DbFile:41 - Overriding database path with different value: /home/wgg/.stmcufinder/plugins/mcufinder/ => /home/wgg/.stmcufinder/plugins/mcufinder
2024-10-03 23:10:56,817 [INFO] ApiDb:250 - Set database path to: /home/wgg/.stmcufinder/plugins/mcufinder//mcu/
2024-10-03 23:10:56,817 [WARN] DbFile:41 - Overriding database path with different value: /home/wgg/.stmcufinder/plugins/mcufinder/ => /home/wgg/.stmcufinder/plugins/mcufinder
2024-10-03 23:10:56,818 [INFO] DbMcusAds:125 - Set database path to: /home/wgg/.stmcufinder/plugins/mcufinder//mcu/
2024-10-03 23:10:56,818 [WARN] DbFile:41 - Overriding database path with different value: /home/wgg/.stmcufinder/plugins/mcufinder/ => /home/wgg/.stmcufinder/plugins/mcufinder
2024-10-03 23:10:56,818 [WARN] DbFile:41 - Overriding database path with different value: /home/wgg/.stmcufinder/plugins/mcufinder/ => /home/wgg/.stmcufinder/plugins/mcufinder
2024-10-03 23:10:56,819 [INFO] CrossReferenceDbSqlite:203 - Set database path to: /home/wgg/.stmcufinder/plugins/mcufinder//mcu/cs/
2024-10-03 23:10:56,952 [INFO] MainPanel:264 - HeapMemory: 268435456
2024-10-03 23:10:57,057 [INFO] DbMcusXml:78 - Set database path to: /opt/st/stm32cubeide_1.15.1/plugins/com.st.stm32cube.common.mx_6.11.1.202404110753//db//mcu/
2024-10-03 23:10:57,057 [INFO] ApiDb:274 - Set plugin database path to: /opt/st/stm32cubeide_1.15.1/plugins/com.st.stm32cube.common.mx_6.11.1.202404110753//db//plugins/boardmanager/
2024-10-03 23:10:57,058 [INFO] ApiDb:261 - Set plugin images path to: /opt/st/stm32cubeide_1.15.1/plugins/com.st.stm32cube.common.mx_6.11.1.202404110753//db//plugins/mcufinder/images/
2024-10-03 23:10:57,058 [WARN] DbFile:41 - Overriding database path with different value: /home/wgg/.stmcufinder/plugins/mcufinder/ => /home/wgg/.stmcufinder/plugins/mcufinder
2024-10-03 23:10:57,058 [INFO] ApiDb:250 - Set database path to: /home/wgg/.stmcufinder/plugins/mcufinder//mcu/
2024-10-03 23:10:57,058 [WARN] DbFile:41 - Overriding database path with different value: /home/wgg/.stmcufinder/plugins/mcufinder/ => /home/wgg/.stmcufinder/plugins/mcufinder
2024-10-03 23:10:57,058 [INFO] DbMcusAds:125 - Set database path to: /home/wgg/.stmcufinder/plugins/mcufinder//mcu/
2024-10-03 23:10:57,058 [WARN] DbFile:41 - Overriding database path with different value: /home/wgg/.stmcufinder/plugins/mcufinder/ => /home/wgg/.stmcufinder/plugins/mcufinder
2024-10-03 23:10:57,059 [WARN] DbFile:41 - Overriding database path with different value: /home/wgg/.stmcufinder/plugins/mcufinder/ => /home/wgg/.stmcufinder/plugins/mcufinder
2024-10-03 23:10:57,059 [INFO] CrossReferenceDbSqlite:203 - Set database path to: /home/wgg/.stmcufinder/plugins/mcufinder//mcu/cs/
2024-10-03 23:10:57,080 [INFO] ApplicationProperties:184 - Using Application install path: /opt/st/stm32cubeide_1.15.1/plugins/com.st.stm32cube.common.mx_6.11.1.202404110753
2024-10-03 23:10:57,082 [INFO] PluginManage:196 - Search for loadable plugins [exclusion list=, ]
2024-10-03 23:10:57,083 [INFO] PluginManage:310 - Check plugin analytics
2024-10-03 23:10:57,242 [INFO] AnalyticsPlugin:253 - Accepted Software Licenses: 
2024-10-03 23:10:57,243 [INFO] AnalyticsPlugin:255 - Accepted CMSIS Pack Licenses: 
2024-10-03 23:10:57,243 [INFO] AnalyticsPlugin:257 - Accepted Firmware Licenses: FW.F4.1.28.0
2024-10-03 23:10:57,244 [INFO] PluginManage:359 - Loaded plugin analytics (category:tool,tabindex:-1)
2024-10-03 23:10:57,244 [INFO] PluginManage:310 - Check plugin cadmodel
2024-10-03 23:10:57,244 [ERROR] ConfigurationRetriever:142 - IOException on connection: sw-center.st.com
2024-10-03 23:10:57,245 [ERROR] ConfigurationRetriever:142 - IOException on connection: sw-center.st.com
2024-10-03 23:10:57,245 [ERROR] ConfigurationRetriever:142 - IOException on connection: sw-center.st.com
2024-10-03 23:10:57,281 [INFO] CADModel:105 - Init CAD model plugin
2024-10-03 23:10:57,281 [INFO] PluginManage:359 - Loaded plugin cadmodel (category:power,tabindex:5)
2024-10-03 23:10:57,281 [INFO] PluginManage:310 - Check plugin clock
2024-10-03 23:10:57,293 [INFO] PluginManage:359 - Loaded plugin clock (category:base,tabindex:2)
2024-10-03 23:10:57,293 [INFO] PluginManage:310 - Check plugin ddr
2024-10-03 23:10:57,295 [INFO] PluginManage:359 - Loaded plugin ddr (category:tool,tabindex:6)
2024-10-03 23:10:57,295 [INFO] PluginManage:310 - Check plugin filemanager
2024-10-03 23:10:57,452 [INFO] PluginManage:359 - Loaded plugin filemanager (category:base,tabindex:10)
2024-10-03 23:10:57,452 [INFO] PluginManage:310 - Check plugin ipmanager
2024-10-03 23:10:57,459 [INFO] PluginManage:359 - Loaded plugin ipmanager (category:base,tabindex:5)
2024-10-03 23:10:57,459 [INFO] PluginManage:310 - Check plugin lpbam
2024-10-03 23:10:57,471 [INFO] PluginManage:359 - Loaded plugin lpbam (category:base,tabindex:0)
2024-10-03 23:10:57,471 [INFO] PluginManage:310 - Check plugin memorymap
2024-10-03 23:10:57,486 [INFO] PluginManage:359 - Loaded plugin memorymap (category:base,tabindex:4)
2024-10-03 23:10:57,486 [INFO] PluginManage:310 - Check plugin pinoutandconfiguration
2024-10-03 23:10:57,496 [INFO] PluginManage:359 - Loaded plugin pinoutandconfiguration (category:base,tabindex:1)
2024-10-03 23:10:57,496 [INFO] PluginManage:310 - Check plugin pinoutconfig
2024-10-03 23:10:57,562 [WARN] SupportedApi:132 - Cannot load RTOS API schema: s4s-elt-must-match.1: The content of 'definitions' must match (annotation?, (simpleType | complexType)?, (unique | key | keyref)*)). A problem was found starting at: attribute.
2024-10-03 23:10:57,691 [INFO] PluginManage:359 - Loaded plugin pinoutconfig (category:base,tabindex:0)
2024-10-03 23:10:57,692 [INFO] PluginManage:310 - Check plugin power
2024-10-03 23:10:57,702 [INFO] PluginManage:359 - Loaded plugin power (category:power,tabindex:4)
2024-10-03 23:10:57,703 [INFO] PluginManage:310 - Check plugin projectmanager
2024-10-03 23:10:57,713 [INFO] PluginManage:359 - Loaded plugin projectmanager (category:projectmanager,tabindex:3)
2024-10-03 23:10:57,713 [INFO] PluginManage:310 - Check plugin thirdparty
2024-10-03 23:10:57,836 [INFO] PluginManage:359 - Loaded plugin thirdparty (category:base,tabindex:-1)
2024-10-03 23:10:57,836 [WARN] IntegrityCheckThread:84 - waiting for thirdparty lock release [integrity check]
2024-10-03 23:10:57,836 [INFO] IntegrityCheckThread:86 - entering critical section [integrity check]
2024-10-03 23:10:57,836 [INFO] PluginManage:310 - Check plugin tools
2024-10-03 23:10:57,836 [INFO] ThirdPartyUpdaterWithRetryManager:70 - Updater plugin not ready yet. [1/15]
2024-10-03 23:10:57,838 [INFO] PluginManage:359 - Loaded plugin tools (category:base,tabindex:7)
2024-10-03 23:10:57,838 [INFO] PluginManage:310 - Check plugin tutovideos
2024-10-03 23:10:58,034 [INFO] PluginManage:359 - Loaded plugin tutovideos (category:base,tabindex:-1)
2024-10-03 23:10:58,034 [INFO] PluginManage:310 - Check plugin updater
2024-10-03 23:10:58,046 [INFO] PluginManage:359 - Loaded plugin updater (category:base,tabindex:12)
2024-10-03 23:10:58,046 [INFO] PluginManage:310 - Check plugin userauth
2024-10-03 23:10:58,054 [INFO] UserAuth:114 - Init User Auth plugin
2024-10-03 23:10:58,054 [INFO] PluginManage:359 - Loaded plugin userauth (category:base,tabindex:14)
2024-10-03 23:10:58,054 [INFO] PluginManage:283 - PluginManage : Loaded plugins [17]
2024-10-03 23:10:58,210 [INFO] PinOutPanel:1561 - setPackage(No Configuration,No Configuration)
2024-10-03 23:10:58,264 [INFO] CADModel:165 - CPN selected for project level
2024-10-03 23:10:58,264 [INFO] CADModel:114 - Register for checkConnection events
2024-10-03 23:10:58,276 [INFO] IPUIPlugin:80 - create IPUIPlugin
2024-10-03 23:10:58,276 [INFO] PluginManager:220 - loadIPPluginJar : add dma
2024-10-03 23:10:58,282 [INFO] IPUIPlugin:80 - create IPUIPlugin
2024-10-03 23:10:58,282 [INFO] PluginManager:220 - loadIPPluginJar : add linkedlist
2024-10-03 23:10:58,288 [INFO] IPUIPlugin:80 - create IPUIPlugin
2024-10-03 23:10:58,288 [INFO] PluginManager:220 - loadIPPluginJar : add tracer_emb
2024-10-03 23:10:58,292 [INFO] IPUIPlugin:80 - create IPUIPlugin
2024-10-03 23:10:58,292 [INFO] PluginManager:220 - loadIPPluginJar : add ipddr
2024-10-03 23:10:58,296 [INFO] IPUIPlugin:80 - create IPUIPlugin
2024-10-03 23:10:58,296 [INFO] PluginManager:220 - loadIPPluginJar : add i2c
2024-10-03 23:10:58,305 [INFO] IPUIPlugin:80 - create IPUIPlugin
2024-10-03 23:10:58,306 [INFO] PluginManager:220 - loadIPPluginJar : add mdma
2024-10-03 23:10:58,309 [INFO] IPUIPlugin:80 - create IPUIPlugin
2024-10-03 23:10:58,309 [INFO] PluginManager:220 - loadIPPluginJar : add usart
2024-10-03 23:10:58,315 [INFO] IPUIPlugin:80 - create IPUIPlugin
2024-10-03 23:10:58,315 [INFO] PluginManager:220 - loadIPPluginJar : add gfxmmu
2024-10-03 23:10:58,318 [INFO] IPUIPlugin:80 - create IPUIPlugin
2024-10-03 23:10:58,318 [INFO] PluginManager:220 - loadIPPluginJar : add usbx
2024-10-03 23:10:58,319 [INFO] IPUIPlugin:80 - create IPUIPlugin
2024-10-03 23:10:58,319 [INFO] PluginManager:220 - loadIPPluginJar : add tsc
2024-10-03 23:10:58,320 [INFO] IPUIPlugin:80 - create IPUIPlugin
2024-10-03 23:10:58,320 [INFO] PluginManager:220 - loadIPPluginJar : add dma3
2024-10-03 23:10:58,328 [INFO] IPUIPlugin:80 - create IPUIPlugin
2024-10-03 23:10:58,328 [INFO] PluginManager:220 - loadIPPluginJar : add fmc
2024-10-03 23:10:58,331 [INFO] IPUIPlugin:80 - create IPUIPlugin
2024-10-03 23:10:58,331 [INFO] PluginManager:220 - loadIPPluginJar : add extmemmanager
2024-10-03 23:10:58,333 [INFO] IPUIPlugin:80 - create IPUIPlugin
2024-10-03 23:10:58,333 [INFO] PluginManager:220 - loadIPPluginJar : add comp
2024-10-03 23:10:58,336 [INFO] IPUIPlugin:80 - create IPUIPlugin
2024-10-03 23:10:58,336 [INFO] PluginManager:220 - loadIPPluginJar : add i3c
2024-10-03 23:10:58,340 [INFO] IPUIPlugin:80 - create IPUIPlugin
2024-10-03 23:10:58,340 [INFO] PluginManager:220 - loadIPPluginJar : add gtzc
2024-10-03 23:10:58,343 [INFO] IPUIPlugin:80 - create IPUIPlugin
2024-10-03 23:10:58,344 [INFO] PluginManager:220 - loadIPPluginJar : add touchsensing
2024-10-03 23:10:58,345 [INFO] IPUIPlugin:80 - create IPUIPlugin
2024-10-03 23:10:58,345 [INFO] PluginManager:220 - loadIPPluginJar : add ucpd
2024-10-03 23:10:58,346 [INFO] IPUIPlugin:80 - create IPUIPlugin
2024-10-03 23:10:58,346 [INFO] PluginManager:220 - loadIPPluginJar : add fatfs
2024-10-03 23:10:58,351 [INFO] IPUIPlugin:80 - create IPUIPlugin
2024-10-03 23:10:58,351 [INFO] PluginManager:220 - loadIPPluginJar : add stm32_wpan
2024-10-03 23:10:58,358 [INFO] IPUIPlugin:80 - create IPUIPlugin
2024-10-03 23:10:58,358 [INFO] PluginManager:220 - loadIPPluginJar : add gpio
2024-10-03 23:10:58,360 [INFO] IPUIPlugin:80 - create IPUIPlugin
2024-10-03 23:10:58,360 [INFO] PluginManager:220 - loadIPPluginJar : add i2s
2024-10-03 23:10:58,361 [INFO] IPUIPlugin:80 - create IPUIPlugin
2024-10-03 23:10:58,361 [INFO] PluginManager:220 - loadIPPluginJar : add tim
2024-10-03 23:10:58,370 [INFO] IPUIPlugin:80 - create IPUIPlugin
2024-10-03 23:10:58,370 [INFO] PluginManager:220 - loadIPPluginJar : add adc
2024-10-03 23:10:58,372 [INFO] IPUIPlugin:80 - create IPUIPlugin
2024-10-03 23:10:58,372 [INFO] PluginManager:220 - loadIPPluginJar : add pdm2pcm
2024-10-03 23:10:58,381 [INFO] IPUIPlugin:80 - create IPUIPlugin
2024-10-03 23:10:58,381 [INFO] PluginManager:220 - loadIPPluginJar : add gic
2024-10-03 23:10:58,383 [INFO] IPUIPlugin:80 - create IPUIPlugin
2024-10-03 23:10:58,383 [INFO] PluginManager:220 - loadIPPluginJar : add sai
2024-10-03 23:10:58,386 [INFO] IPUIPlugin:80 - create IPUIPlugin
2024-10-03 23:10:58,386 [INFO] PluginManager:220 - loadIPPluginJar : add spi
2024-10-03 23:10:58,388 [INFO] IPUIPlugin:80 - create IPUIPlugin
2024-10-03 23:10:58,388 [INFO] PluginManager:220 - loadIPPluginJar : add can
2024-10-03 23:10:58,392 [INFO] IPUIPlugin:80 - create IPUIPlugin
2024-10-03 23:10:58,392 [INFO] PluginManager:220 - loadIPPluginJar : add resmgrutility
2024-10-03 23:10:58,393 [INFO] IPUIPlugin:80 - create IPUIPlugin
2024-10-03 23:10:58,393 [INFO] PluginManager:220 - loadIPPluginJar : add quadspi
2024-10-03 23:10:58,399 [INFO] IPUIPlugin:80 - create IPUIPlugin
2024-10-03 23:10:58,399 [INFO] PluginManager:220 - loadIPPluginJar : add freertos
2024-10-03 23:10:58,400 [INFO] IPUIPlugin:80 - create IPUIPlugin
2024-10-03 23:10:58,400 [INFO] PluginManager:220 - loadIPPluginJar : add ts
2024-10-03 23:10:58,402 [INFO] IPUIPlugin:80 - create IPUIPlugin
2024-10-03 23:10:58,402 [INFO] PluginManager:220 - loadIPPluginJar : add aes
2024-10-03 23:10:58,408 [INFO] IPUIPlugin:80 - create IPUIPlugin
2024-10-03 23:10:58,408 [INFO] PluginManager:220 - loadIPPluginJar : add nvic
2024-10-03 23:10:58,410 [INFO] IPUIPlugin:80 - create IPUIPlugin
2024-10-03 23:10:58,410 [INFO] PluginManager:220 - loadIPPluginJar : add openamp
2024-10-03 23:10:58,412 [INFO] IPUIPlugin:80 - create IPUIPlugin
2024-10-03 23:10:58,412 [INFO] PluginManager:220 - loadIPPluginJar : add dfsdm
2024-10-03 23:10:58,415 [INFO] IPUIPlugin:80 - create IPUIPlugin
2024-10-03 23:10:58,415 [INFO] PluginManager:220 - loadIPPluginJar : add lorawan
2024-10-03 23:10:58,417 [INFO] IPUIPlugin:80 - create IPUIPlugin
2024-10-03 23:10:58,417 [INFO] PluginManager:220 - loadIPPluginJar : add genericplugin
2024-10-03 23:10:58,419 [INFO] IPUIPlugin:80 - create IPUIPlugin
2024-10-03 23:10:58,419 [INFO] PluginManager:220 - loadIPPluginJar : add hash
2024-10-03 23:10:58,420 [INFO] IPUIPlugin:80 - create IPUIPlugin
2024-10-03 23:10:58,421 [INFO] PluginManager:220 - loadIPPluginJar : add ltdc
2024-10-03 23:10:58,428 [INFO] IPUIPlugin:80 - create IPUIPlugin
2024-10-03 23:10:58,431 [INFO] PluginManager:220 - loadIPPluginJar : add plateformsettings
2024-10-03 23:10:58,432 [INFO] IPUIPlugin:80 - create IPUIPlugin
2024-10-03 23:10:58,433 [INFO] PluginManager:220 - loadIPPluginJar : add cryp
2024-10-03 23:10:58,435 [INFO] IPUIPlugin:80 - create IPUIPlugin
2024-10-03 23:10:58,435 [INFO] PluginManager:220 - loadIPPluginJar : add opamp
2024-10-03 23:10:58,540 [INFO] CADModel:165 - CPN selected for project level
2024-10-03 23:10:58,540 [INFO] CADModel:114 - Register for checkConnection events
2024-10-03 23:10:58,541 [FATAL] Updater:308 - Updater called before beeing initialized
2024-10-03 23:10:58,541 [ERROR] CADModel:125 - Updater not yet initialized, retry later 
2024-10-03 23:10:58,675 [INFO] CADModel:165 - CPN selected for project level
2024-10-03 23:10:58,675 [INFO] CADModel:114 - Register for checkConnection events
2024-10-03 23:10:58,675 [FATAL] Updater:308 - Updater called before beeing initialized
2024-10-03 23:10:58,676 [ERROR] CADModel:125 - Updater not yet initialized, retry later 
2024-10-03 23:10:58,680 [FATAL] Updater:308 - Updater called before beeing initialized
2024-10-03 23:10:58,761 [FATAL] Updater:308 - Updater called before beeing initialized
2024-10-03 23:10:58,764 [INFO] DbMcusAds:53 - JSON generation date=Fri Sep 20 20:04:23 WIB 2024 (1726837463113)
2024-10-03 23:10:58,764 [FATAL] Updater:308 - Updater called before beeing initialized
2024-10-03 23:10:58,816 [WARN] DetailPanel:346 - Failed to get advertising image, set to default
2024-10-03 23:10:58,930 [FATAL] Updater:308 - Updater called before beeing initialized
2024-10-03 23:10:58,932 [FATAL] Updater:308 - Updater called before beeing initialized
2024-10-03 23:10:58,932 [FATAL] Updater:308 - Updater called before beeing initialized
2024-10-03 23:10:58,933 [WARN] DetailPanel:346 - Failed to get advertising image, set to default
2024-10-03 23:10:58,933 [FATAL] Updater:308 - Updater called before beeing initialized
2024-10-03 23:10:58,965 [ERROR] Updater:1120 - MainUpdater not yet initialized. External WinMGr cannot be set.
2024-10-03 23:10:58,967 [INFO] Updater:1056 - Updater Version found : 6.11.1
2024-10-03 23:10:58,997 [INFO] ApplicationProperties:184 - Using Application install path: /opt/st/stm32cubeide_1.15.1/plugins/com.st.stm32cube.common.mx_6.11.1.202404110753
2024-10-03 23:10:59,206 [INFO] MainUpdater:2873 - connection check result : 22
2024-10-03 23:10:59,207 [INFO] MainUpdater:290 - Updater Check For Update Now.
2024-10-03 23:10:59,207 [INFO] MicroXplorer:498 - Change Database Version : DB.6.0.111
2024-10-03 23:10:59,211 [INFO] McuFinderGlobals:63 - Set McuFinder mode to 2 (CubeIDE integrated)
2024-10-03 23:10:59,217 [INFO] UserAuth:415 - Internet connection configuration mode: 2
2024-10-03 23:10:59,360 [INFO] CheckServerUpdateThread:120 - End of CheckServer Thread
2024-10-03 23:11:00,955 [WARN] PackLoader:240 - Cannot read IP mode file for STMicroelectronics.X-CUBE-SMBUS.2.1.0
2024-10-03 23:11:00,974 [WARN] PackLoader:240 - Cannot read IP mode file for STMicroelectronics.X-CUBE-AZRTOS-F7.1.1.0
2024-10-03 23:11:01,021 [WARN] PackLoader:240 - Cannot read IP mode file for STMicroelectronics.X-CUBE-MEMS1.11.0.0
2024-10-03 23:11:01,176 [WARN] PackLoader:240 - Cannot read IP mode file for STMicroelectronics.FP-SNS-FLIGHT1.5.0.2
2024-10-03 23:11:01,181 [WARN] PackLoader:240 - Cannot read IP mode file for STMicroelectronics.X-CUBE-DISPLAY.3.0.0
2024-10-03 23:11:01,188 [WARN] PackLoader:240 - Cannot read IP mode file for STMicroelectronics.X-CUBE-BLE1.7.0.0
2024-10-03 23:11:01,191 [WARN] PackLoader:240 - Cannot read IP mode file for STMicroelectronics.X-CUBE-NFC10.1.0.0
2024-10-03 23:11:01,194 [WARN] PackLoader:240 - Cannot read IP mode file for emotas.I-CUBE-CANOPEN.1.3.0
2024-10-03 23:11:01,200 [WARN] PackLoader:240 - Cannot read IP mode file for STMicroelectronics.X-CUBE-BLEMGR.3.1.0
2024-10-03 23:11:01,203 [WARN] PackLoader:240 - Cannot read IP mode file for STMicroelectronics.FP-SNS-SMARTAG2.1.2.0
2024-10-03 23:11:01,208 [INFO] LogOutputStream:77 - [STDOUT_REDIRECT] 1 : Invalid condition id : UX_CORESTACK_Condition cause : null
2024-10-03 23:11:01,209 [INFO] LogOutputStream:77 - [STDOUT_REDIRECT] 1 : Invalid condition id : UX_CORESTACK_Condition cause : null
2024-10-03 23:11:01,209 [INFO] LogOutputStream:77 - [STDOUT_REDIRECT] 1 : Invalid condition id : UX_CORESTACK_Condition cause : null
2024-10-03 23:11:01,209 [INFO] LogOutputStream:77 - [STDOUT_REDIRECT] 1 : Invalid condition id : UX_CORESTACK_Condition cause : null
2024-10-03 23:11:01,209 [INFO] LogOutputStream:77 - [STDOUT_REDIRECT] 1 : Invalid condition id : UX_CORESTACK_Condition cause : null
2024-10-03 23:11:01,211 [WARN] PackLoader:240 - Cannot read IP mode file for STMicroelectronics.X-CUBE-AZRTOS-WL.2.0.0
2024-10-03 23:11:01,215 [WARN] PackLoader:240 - Cannot read IP mode file for WES.I-CUBE-Cesium.1.3.0
2024-10-03 23:11:01,219 [WARN] PackLoader:240 - Cannot read IP mode file for STMicroelectronics.X-CUBE-BLE2.3.3.0
2024-10-03 23:11:01,222 [WARN] PackLoader:240 - Cannot read IP mode file for STMicroelectronics.X-CUBE-NFC9.1.0.0
2024-10-03 23:11:01,234 [WARN] PackLoader:240 - Cannot read IP mode file for STMicroelectronics.X-CUBE-AZRTOS-G0.1.1.0
2024-10-03 23:11:01,242 [WARN] PackLoader:240 - Cannot read IP mode file for STMicroelectronics.X-CUBE-NFC4.3.0.0
2024-10-03 23:11:01,250 [WARN] PackLoader:240 - Cannot read IP mode file for EmbeddedOffice.I-CUBE-FS-RTOS.1.0.1
2024-10-03 23:11:01,250 [ERROR] ConditionMgr:805 - Attr not supported : Dmpu
2024-10-03 23:11:01,250 [ERROR] ConditionMgr:805 - Attr not supported : Dmpu
2024-10-03 23:11:01,250 [ERROR] ConditionMgr:805 - Attr not supported : Dmpu
2024-10-03 23:11:01,250 [ERROR] ConditionMgr:805 - Attr not supported : Dmpu
2024-10-03 23:11:01,250 [ERROR] ConditionMgr:805 - Attr not supported : Dmpu
2024-10-03 23:11:01,250 [ERROR] ConditionMgr:805 - Attr not supported : Dmpu
2024-10-03 23:11:01,251 [ERROR] ConditionMgr:805 - Attr not supported : Dmpu
2024-10-03 23:11:01,251 [ERROR] ConditionMgr:805 - Attr not supported : Dmpu
2024-10-03 23:11:01,251 [ERROR] ConditionMgr:805 - Attr not supported : Dmpu
2024-10-03 23:11:01,251 [ERROR] ConditionMgr:805 - Attr not supported : Dmpu
2024-10-03 23:11:01,251 [ERROR] ConditionMgr:805 - Attr not supported : Dmpu
2024-10-03 23:11:01,251 [ERROR] ConditionMgr:805 - Attr not supported : Dmpu
2024-10-03 23:11:01,251 [ERROR] ConditionMgr:805 - Attr not supported : Dmpu
2024-10-03 23:11:01,251 [ERROR] ConditionMgr:805 - Attr not supported : Dmpu
2024-10-03 23:11:01,251 [ERROR] ConditionMgr:805 - Attr not supported : Dmpu
2024-10-03 23:11:01,251 [ERROR] ConditionMgr:805 - Attr not supported : Dmpu
2024-10-03 23:11:01,251 [ERROR] ConditionMgr:805 - Attr not supported : Dmpu
2024-10-03 23:11:01,251 [ERROR] ConditionMgr:805 - Attr not supported : Dmpu
2024-10-03 23:11:01,251 [ERROR] ConditionMgr:805 - Attr not supported : Dmpu
2024-10-03 23:11:01,251 [ERROR] ConditionMgr:805 - Attr not supported : Dmpu
2024-10-03 23:11:01,251 [ERROR] ConditionMgr:805 - Attr not supported : Dmpu
2024-10-03 23:11:01,251 [ERROR] ConditionMgr:805 - Attr not supported : Dmpu
2024-10-03 23:11:01,251 [ERROR] ConditionMgr:805 - Attr not supported : Dmpu
2024-10-03 23:11:01,251 [ERROR] ConditionMgr:805 - Attr not supported : Dmpu
2024-10-03 23:11:01,252 [ERROR] ConditionMgr:805 - Attr not supported : Dmpu
2024-10-03 23:11:01,252 [ERROR] ConditionMgr:805 - Attr not supported : Dmpu
2024-10-03 23:11:01,252 [ERROR] ConditionMgr:805 - Attr not supported : Dmpu
2024-10-03 23:11:01,252 [ERROR] ConditionMgr:805 - Attr not supported : Dmpu
2024-10-03 23:11:01,253 [ERROR] ConditionMgr:805 - Attr not supported : Dmpu
2024-10-03 23:11:01,253 [ERROR] ConditionMgr:805 - Attr not supported : Dmpu
2024-10-03 23:11:01,253 [ERROR] ConditionMgr:805 - Attr not supported : Dmpu
2024-10-03 23:11:01,253 [ERROR] ConditionMgr:805 - Attr not supported : Dmpu
2024-10-03 23:11:01,253 [ERROR] ConditionMgr:805 - Attr not supported : Dmpu
2024-10-03 23:11:01,253 [ERROR] ConditionMgr:805 - Attr not supported : Dmpu
2024-10-03 23:11:01,253 [ERROR] ConditionMgr:805 - Attr not supported : Dmpu
2024-10-03 23:11:01,253 [ERROR] ConditionMgr:805 - Attr not supported : Dmpu
2024-10-03 23:11:01,253 [ERROR] ConditionMgr:805 - Attr not supported : Dmpu
2024-10-03 23:11:01,253 [ERROR] ConditionMgr:805 - Attr not supported : Dmpu
2024-10-03 23:11:01,254 [ERROR] ConditionMgr:805 - Attr not supported : Dmpu
2024-10-03 23:11:01,254 [ERROR] ConditionMgr:805 - Attr not supported : Dmpu
2024-10-03 23:11:01,254 [ERROR] ConditionMgr:805 - Attr not supported : Dmpu
2024-10-03 23:11:01,254 [ERROR] ConditionMgr:805 - Attr not supported : Dmpu
2024-10-03 23:11:01,254 [ERROR] ConditionMgr:805 - Attr not supported : Dmpu
2024-10-03 23:11:01,254 [ERROR] ConditionMgr:805 - Attr not supported : Dmpu
2024-10-03 23:11:01,254 [ERROR] ConditionMgr:805 - Attr not supported : Dmpu
2024-10-03 23:11:01,254 [ERROR] ConditionMgr:805 - Attr not supported : Dmpu
2024-10-03 23:11:01,254 [ERROR] ConditionMgr:805 - Attr not supported : Dmpu
2024-10-03 23:11:01,254 [ERROR] ConditionMgr:805 - Attr not supported : Dmpu
2024-10-03 23:11:01,254 [ERROR] ConditionMgr:805 - Attr not supported : Dmpu
2024-10-03 23:11:01,254 [ERROR] ConditionMgr:805 - Attr not supported : Dmpu
2024-10-03 23:11:01,254 [ERROR] ConditionMgr:805 - Attr not supported : Dmpu
2024-10-03 23:11:01,254 [ERROR] ConditionMgr:805 - Attr not supported : Dmpu
2024-10-03 23:11:01,254 [ERROR] ConditionMgr:805 - Attr not supported : Dmpu
2024-10-03 23:11:01,254 [ERROR] ConditionMgr:805 - Attr not supported : Dmpu
2024-10-03 23:11:01,254 [ERROR] ConditionMgr:805 - Attr not supported : Dmpu
2024-10-03 23:11:01,254 [ERROR] ConditionMgr:805 - Attr not supported : Dmpu
2024-10-03 23:11:01,255 [ERROR] ConditionMgr:805 - Attr not supported : Dmpu
2024-10-03 23:11:01,255 [ERROR] ConditionMgr:805 - Attr not supported : Dmpu
2024-10-03 23:11:01,255 [ERROR] ConditionMgr:805 - Attr not supported : Dmpu
2024-10-03 23:11:01,255 [ERROR] ConditionMgr:805 - Attr not supported : Dmpu
2024-10-03 23:11:01,255 [ERROR] ConditionMgr:805 - Attr not supported : Dmpu
2024-10-03 23:11:01,255 [ERROR] ConditionMgr:805 - Attr not supported : Dmpu
2024-10-03 23:11:01,255 [ERROR] ConditionMgr:805 - Attr not supported : Dmpu
2024-10-03 23:11:01,255 [ERROR] ConditionMgr:805 - Attr not supported : Dmpu
2024-10-03 23:11:01,258 [WARN] PackLoader:240 - Cannot read IP mode file for STMicroelectronics.FP-ATR-SIGFOX1.3.2.0
2024-10-03 23:11:01,263 [WARN] PackLoader:240 - Cannot read IP mode file for STMicroelectronics.X-CUBE-EEPRMA1.5.1.0
2024-10-03 23:11:01,273 [WARN] PackLoader:240 - Cannot read IP mode file for ITTIA_DB.I-CUBE-ITTIADB.8.9.0
2024-10-03 23:11:01,316 [WARN] PackLoader:240 - Cannot read IP mode file for SEGGER.I-CUBE-embOS.1.3.1
2024-10-03 23:11:01,396 [WARN] PackLoader:240 - Cannot read IP mode file for STMicroelectronics.X-CUBE-GNSS1.6.0.0
2024-10-03 23:11:01,415 [WARN] PackLoader:240 - Cannot read IP mode file for STMicroelectronics.X-CUBE-AZRTOS-F4.1.1.0
2024-10-03 23:11:01,422 [WARN] PackLoader:240 - Cannot read IP mode file for STMicroelectronics.X-CUBE-ISPU.2.1.0
2024-10-03 23:11:01,441 [WARN] PackLoader:240 - Cannot read IP mode file for STMicroelectronics.X-CUBE-AZRTOS-L5.2.0.0
2024-10-03 23:11:01,446 [WARN] PackLoader:240 - Cannot read IP mode file for STMicroelectronics.X-CUBE-NFC7.1.0.1
2024-10-03 23:11:01,457 [WARN] ConditionMgr:438 - getConditionDescription Invalid condition id : LAN8742 Phy interface Condition cause : null
2024-10-03 23:11:01,458 [WARN] PackLoader:240 - Cannot read IP mode file for STMicroelectronics.X-CUBE-AZRTOS-L4.2.0.0
2024-10-03 23:11:01,458 [WARN] ConditionMgr:1039 - genDependencies : Invalid condition id : LAN8742 Phy interface Condition cause : null
2024-10-03 23:11:01,458 [WARN] ConditionMgr:1039 - genDependencies : Invalid condition id : LAN8742 Phy interface Condition cause : null
2024-10-03 23:11:01,459 [WARN] ConditionMgr:1039 - genDependencies : Invalid condition id : LAN8742 Phy interface Condition cause : null
2024-10-03 23:11:01,463 [WARN] PackLoader:240 - Cannot read IP mode file for STMicroelectronics.X-CUBE-SFXS2LP1.4.0.0
2024-10-03 23:11:01,479 [WARN] PackLoader:240 - Cannot read IP mode file for STMicroelectronics.X-CUBE-AZRTOS-H7.3.3.0
2024-10-03 23:11:01,489 [WARN] ConditionMgr:438 - getConditionDescription Invalid condition id : UX DEVICE CLASS RTOS Condition cause : null
2024-10-03 23:11:01,489 [WARN] ConditionMgr:438 - getConditionDescription Invalid condition id : UX DEVICE CLASS RTOS Condition cause : null
2024-10-03 23:11:01,491 [WARN] PackLoader:240 - Cannot read IP mode file for STMicroelectronics.X-CUBE-AZRTOS-WB.2.0.0
2024-10-03 23:11:01,491 [WARN] ConditionMgr:1039 - genDependencies : Invalid condition id : UX DEVICE CLASS RTOS Condition cause : null
2024-10-03 23:11:01,491 [WARN] ConditionMgr:1039 - genDependencies : Invalid condition id : UX DEVICE CLASS RTOS Condition cause : null
2024-10-03 23:11:01,491 [WARN] ConditionMgr:1039 - genDependencies : Invalid condition id : UX DEVICE CLASS RTOS Condition cause : null
2024-10-03 23:11:01,492 [WARN] ConditionMgr:1039 - genDependencies : Invalid condition id : UX DEVICE CLASS RTOS Condition cause : null
2024-10-03 23:11:01,492 [WARN] ConditionMgr:1039 - genDependencies : Invalid condition id : UX DEVICE CLASS RTOS Condition cause : null
2024-10-03 23:11:01,498 [WARN] PackLoader:240 - Cannot read IP mode file for STMicroelectronics.X-CUBE-GNSS1.7.0.0
2024-10-03 23:11:01,504 [WARN] PackLoader:240 - Cannot read IP mode file for STMicroelectronics.FP-SNS-STBOX1.2.0.0
2024-10-03 23:11:01,511 [WARN] PackLoader:240 - Cannot read IP mode file for STMicroelectronics.X-CUBE-SUBG2.5.0.0
2024-10-03 23:11:01,516 [WARN] PackLoader:240 - Cannot read IP mode file for Cesanta.I-CUBE-Mongoose.7.13.0
2024-10-03 23:11:01,524 [WARN] PackLoader:240 - Cannot read IP mode file for STMicroelectronics.X-CUBE-AZRTOS-G4.2.0.0
2024-10-03 23:11:01,527 [WARN] PackLoader:240 - Cannot read IP mode file for STMicroelectronics.X-CUBE-ISPU.2.0.0
2024-10-03 23:11:01,550 [WARN] PackLoader:240 - Cannot read IP mode file for STMicroelectronics.X-CUBE-MEMS1.10.0.0
2024-10-03 23:11:01,649 [WARN] PackLoader:240 - Cannot read IP mode file for STMicroelectronics.X-CUBE-TOUCHGFX.4.24.0
2024-10-03 23:11:01,650 [WARN] PackLoader:240 - Cannot read IP mode file for STMicroelectronics.X-CUBE-TOUCHGFX.4.24.1
2024-10-03 23:11:01,653 [WARN] PackLoader:240 - Cannot read IP mode file for portGmbH.I-Cube-SoM-uGOAL.1.1.0
2024-10-03 23:11:01,655 [WARN] PackLoader:240 - Cannot read IP mode file for STMicroelectronics.FP-ATR-ASTRA1.2.0.0
2024-10-03 23:11:01,661 [WARN] PackLoader:240 - Cannot read IP mode file for STMicroelectronics.X-CUBE-TOF1.3.4.2
2024-10-03 23:11:01,675 [WARN] PackLoader:240 - Cannot read IP mode file for STMicroelectronics.X-CUBE-TOF1.3.4.1
2024-10-03 23:11:01,695 [WARN] PackLoader:240 - Cannot read IP mode file for STMicroelectronics.X-CUBE-AZRTOS-H7.3.2.0
2024-10-03 23:11:01,705 [WARN] PackLoader:240 - Cannot read IP mode file for Infineon.AIROC-Wi-Fi-Bluetooth-STM32.1.6.0
2024-10-03 23:11:01,709 [WARN] PackLoader:240 - Cannot read IP mode file for wolfSSL.I-CUBE-wolfSSH.1.4.17
2024-10-03 23:11:01,710 [INFO] ThirdParty:978 - Integrity check success = true
2024-10-03 23:11:01,710 [INFO] IntegrityCheckThread:100 - exiting critical section [integrity check]
2024-10-03 23:11:01,710 [INFO] IntegrityCheckThread:103 - End integrity checks thread
2024-10-03 16:15:09,449 [ERROR] ConfigurationRetriever:142 - IOException on connection: Read timed out
2024-10-03 16:30:36,789 [ERROR] AdobePublisher:162 - Exception while opening the connection: java.net.SocketTimeoutException: Read timed out
