2024-09-20 19:37:40,421 [INFO] Activator:176 - 


2024-09-20 19:37:40,424 [INFO] Activator:177 - !SESSION log4j initialized
2024-09-20 19:37:43,279 [INFO] LogOutputStream:77 - [STDOUT_REDIRECT] 
2024-09-20 19:37:43,494 [ERROR] ConfigurationRetriever:142 - IOException on connection: sw-center.st.com
2024-09-20 19:37:43,495 [ERROR] ConfigurationRetriever:142 - IOException on connection: sw-center.st.com
2024-09-20 19:37:43,495 [ERROR] ConfigurationRetriever:142 - IOException on connection: sw-center.st.com
2024-09-20 19:37:43,814 [INFO] ApplicationProperties:184 - Using Application install path: /opt/st/stm32cubeide_1.15.1/plugins/com.st.stm32cube.common.mx_6.11.1.202404110753
2024-09-20 19:37:43,842 [INFO] DbMcusXml:78 - Set database path to: /opt/st/stm32cubeide_1.15.1/plugins/com.st.stm32cube.common.mx_6.11.1.202404110753//db//mcu/
2024-09-20 19:37:43,843 [INFO] ApiDb:274 - Set plugin database path to: /opt/st/stm32cubeide_1.15.1/plugins/com.st.stm32cube.common.mx_6.11.1.202404110753//db//plugins/boardmanager/
2024-09-20 19:37:43,843 [WARN] ApiDb:259 - Overriding images path with different value:  => /opt/st/stm32cubeide_1.15.1/plugins/com.st.stm32cube.common.mx_6.11.1.202404110753//db//plugins/mcufinder/images/
2024-09-20 19:37:43,855 [INFO] ApiDb:250 - Set database path to: /home/wgg/.stmcufinder/plugins/mcufinder//mcu/
2024-09-20 19:37:43,856 [INFO] DbMcusAds:125 - Set database path to: /home/wgg/.stmcufinder/plugins/mcufinder//mcu/
2024-09-20 19:37:43,864 [INFO] CrossReferenceDbSqlite:203 - Set database path to: /home/wgg/.stmcufinder/plugins/mcufinder//mcu/cs/
2024-09-20 19:37:44,049 [INFO] RulesReader:64 - Compatibility file has been processed (297 Rules)
2024-09-20 19:37:44,131 [INFO] DbMcusXml:78 - Set database path to: /opt/st/stm32cubeide_1.15.1/plugins/com.st.stm32cube.common.mx_6.11.1.202404110753//db//mcu/
2024-09-20 19:37:44,131 [INFO] ApiDb:274 - Set plugin database path to: /opt/st/stm32cubeide_1.15.1/plugins/com.st.stm32cube.common.mx_6.11.1.202404110753//db//plugins/boardmanager/
2024-09-20 19:37:44,131 [INFO] ApiDb:261 - Set plugin images path to: /opt/st/stm32cubeide_1.15.1/plugins/com.st.stm32cube.common.mx_6.11.1.202404110753//db//plugins/mcufinder/images/
2024-09-20 19:37:44,131 [WARN] DbFile:41 - Overriding database path with different value: /home/wgg/.stmcufinder/plugins/mcufinder/ => /home/wgg/.stmcufinder/plugins/mcufinder
2024-09-20 19:37:44,132 [INFO] ApiDb:250 - Set database path to: /home/wgg/.stmcufinder/plugins/mcufinder//mcu/
2024-09-20 19:37:44,132 [WARN] DbFile:41 - Overriding database path with different value: /home/wgg/.stmcufinder/plugins/mcufinder/ => /home/wgg/.stmcufinder/plugins/mcufinder
2024-09-20 19:37:44,132 [INFO] DbMcusAds:125 - Set database path to: /home/wgg/.stmcufinder/plugins/mcufinder//mcu/
2024-09-20 19:37:44,132 [WARN] DbFile:41 - Overriding database path with different value: /home/wgg/.stmcufinder/plugins/mcufinder/ => /home/wgg/.stmcufinder/plugins/mcufinder
2024-09-20 19:37:44,132 [WARN] DbFile:41 - Overriding database path with different value: /home/wgg/.stmcufinder/plugins/mcufinder/ => /home/wgg/.stmcufinder/plugins/mcufinder
2024-09-20 19:37:44,132 [INFO] CrossReferenceDbSqlite:203 - Set database path to: /home/wgg/.stmcufinder/plugins/mcufinder//mcu/cs/
2024-09-20 19:37:44,218 [INFO] MainPanel:264 - HeapMemory: 268435456
2024-09-20 19:37:44,299 [INFO] DbMcusXml:78 - Set database path to: /opt/st/stm32cubeide_1.15.1/plugins/com.st.stm32cube.common.mx_6.11.1.202404110753//db//mcu/
2024-09-20 19:37:44,299 [INFO] ApiDb:274 - Set plugin database path to: /opt/st/stm32cubeide_1.15.1/plugins/com.st.stm32cube.common.mx_6.11.1.202404110753//db//plugins/boardmanager/
2024-09-20 19:37:44,299 [INFO] ApiDb:261 - Set plugin images path to: /opt/st/stm32cubeide_1.15.1/plugins/com.st.stm32cube.common.mx_6.11.1.202404110753//db//plugins/mcufinder/images/
2024-09-20 19:37:44,299 [WARN] DbFile:41 - Overriding database path with different value: /home/wgg/.stmcufinder/plugins/mcufinder/ => /home/wgg/.stmcufinder/plugins/mcufinder
2024-09-20 19:37:44,299 [INFO] ApiDb:250 - Set database path to: /home/wgg/.stmcufinder/plugins/mcufinder//mcu/
2024-09-20 19:37:44,300 [WARN] DbFile:41 - Overriding database path with different value: /home/wgg/.stmcufinder/plugins/mcufinder/ => /home/wgg/.stmcufinder/plugins/mcufinder
2024-09-20 19:37:44,300 [INFO] DbMcusAds:125 - Set database path to: /home/wgg/.stmcufinder/plugins/mcufinder//mcu/
2024-09-20 19:37:44,300 [WARN] DbFile:41 - Overriding database path with different value: /home/wgg/.stmcufinder/plugins/mcufinder/ => /home/wgg/.stmcufinder/plugins/mcufinder
2024-09-20 19:37:44,300 [WARN] DbFile:41 - Overriding database path with different value: /home/wgg/.stmcufinder/plugins/mcufinder/ => /home/wgg/.stmcufinder/plugins/mcufinder
2024-09-20 19:37:44,300 [INFO] CrossReferenceDbSqlite:203 - Set database path to: /home/wgg/.stmcufinder/plugins/mcufinder//mcu/cs/
2024-09-20 19:37:44,316 [INFO] ApplicationProperties:184 - Using Application install path: /opt/st/stm32cubeide_1.15.1/plugins/com.st.stm32cube.common.mx_6.11.1.202404110753
2024-09-20 19:37:44,317 [INFO] PluginManage:196 - Search for loadable plugins [exclusion list=, ]
2024-09-20 19:37:44,319 [INFO] PluginManage:310 - Check plugin analytics
2024-09-20 19:37:44,442 [INFO] AnalyticsPlugin:253 - Accepted Software Licenses: 
2024-09-20 19:37:44,442 [INFO] AnalyticsPlugin:255 - Accepted CMSIS Pack Licenses: 
2024-09-20 19:37:44,442 [INFO] AnalyticsPlugin:257 - Accepted Firmware Licenses: FW.F4.1.28.0
2024-09-20 19:37:44,444 [INFO] PluginManage:359 - Loaded plugin analytics (category:tool,tabindex:-1)
2024-09-20 19:37:44,444 [INFO] PluginManage:310 - Check plugin cadmodel
2024-09-20 19:37:44,444 [ERROR] ConfigurationRetriever:142 - IOException on connection: sw-center.st.com
2024-09-20 19:37:44,444 [ERROR] ConfigurationRetriever:142 - IOException on connection: sw-center.st.com
2024-09-20 19:37:44,445 [ERROR] ConfigurationRetriever:142 - IOException on connection: sw-center.st.com
2024-09-20 19:37:44,480 [INFO] CADModel:105 - Init CAD model plugin
2024-09-20 19:37:44,480 [INFO] PluginManage:359 - Loaded plugin cadmodel (category:power,tabindex:5)
2024-09-20 19:37:44,480 [INFO] PluginManage:310 - Check plugin clock
2024-09-20 19:37:44,490 [INFO] PluginManage:359 - Loaded plugin clock (category:base,tabindex:2)
2024-09-20 19:37:44,491 [INFO] PluginManage:310 - Check plugin ddr
2024-09-20 19:37:44,492 [INFO] PluginManage:359 - Loaded plugin ddr (category:tool,tabindex:6)
2024-09-20 19:37:44,493 [INFO] PluginManage:310 - Check plugin filemanager
2024-09-20 19:37:44,658 [INFO] PluginManage:359 - Loaded plugin filemanager (category:base,tabindex:10)
2024-09-20 19:37:44,659 [INFO] PluginManage:310 - Check plugin ipmanager
2024-09-20 19:37:44,664 [INFO] PluginManage:359 - Loaded plugin ipmanager (category:base,tabindex:5)
2024-09-20 19:37:44,664 [INFO] PluginManage:310 - Check plugin lpbam
2024-09-20 19:37:44,675 [INFO] PluginManage:359 - Loaded plugin lpbam (category:base,tabindex:0)
2024-09-20 19:37:44,675 [INFO] PluginManage:310 - Check plugin memorymap
2024-09-20 19:37:44,688 [INFO] PluginManage:359 - Loaded plugin memorymap (category:base,tabindex:4)
2024-09-20 19:37:44,689 [INFO] PluginManage:310 - Check plugin pinoutandconfiguration
2024-09-20 19:37:44,697 [INFO] PluginManage:359 - Loaded plugin pinoutandconfiguration (category:base,tabindex:1)
2024-09-20 19:37:44,697 [INFO] PluginManage:310 - Check plugin pinoutconfig
2024-09-20 19:37:44,770 [WARN] SupportedApi:132 - Cannot load RTOS API schema: s4s-elt-must-match.1: The content of 'definitions' must match (annotation?, (simpleType | complexType)?, (unique | key | keyref)*)). A problem was found starting at: attribute.
2024-09-20 19:37:44,900 [INFO] PluginManage:359 - Loaded plugin pinoutconfig (category:base,tabindex:0)
2024-09-20 19:37:44,900 [INFO] PluginManage:310 - Check plugin power
2024-09-20 19:37:44,908 [INFO] PluginManage:359 - Loaded plugin power (category:power,tabindex:4)
2024-09-20 19:37:44,908 [INFO] PluginManage:310 - Check plugin projectmanager
2024-09-20 19:37:44,918 [INFO] PluginManage:359 - Loaded plugin projectmanager (category:projectmanager,tabindex:3)
2024-09-20 19:37:44,919 [INFO] PluginManage:310 - Check plugin thirdparty
2024-09-20 19:37:45,025 [INFO] PluginManage:359 - Loaded plugin thirdparty (category:base,tabindex:-1)
2024-09-20 19:37:45,025 [WARN] IntegrityCheckThread:84 - waiting for thirdparty lock release [integrity check]
2024-09-20 19:37:45,026 [INFO] PluginManage:310 - Check plugin tools
2024-09-20 19:37:45,026 [INFO] IntegrityCheckThread:86 - entering critical section [integrity check]
2024-09-20 19:37:45,026 [INFO] ThirdPartyUpdaterWithRetryManager:70 - Updater plugin not ready yet. [1/15]
2024-09-20 19:37:45,027 [INFO] PluginManage:359 - Loaded plugin tools (category:base,tabindex:7)
2024-09-20 19:37:45,027 [INFO] PluginManage:310 - Check plugin tutovideos
2024-09-20 19:37:45,222 [INFO] PluginManage:359 - Loaded plugin tutovideos (category:base,tabindex:-1)
2024-09-20 19:37:45,222 [INFO] PluginManage:310 - Check plugin updater
2024-09-20 19:37:45,233 [INFO] PluginManage:359 - Loaded plugin updater (category:base,tabindex:12)
2024-09-20 19:37:45,233 [INFO] PluginManage:310 - Check plugin userauth
2024-09-20 19:37:45,238 [INFO] UserAuth:114 - Init User Auth plugin
2024-09-20 19:37:45,238 [INFO] PluginManage:359 - Loaded plugin userauth (category:base,tabindex:14)
2024-09-20 19:37:45,238 [INFO] PluginManage:283 - PluginManage : Loaded plugins [17]
2024-09-20 19:37:45,403 [INFO] PinOutPanel:1561 - setPackage(No Configuration,No Configuration)
2024-09-20 19:37:45,448 [INFO] CADModel:165 - CPN selected for project level
2024-09-20 19:37:45,448 [INFO] CADModel:114 - Register for checkConnection events
2024-09-20 19:37:45,460 [INFO] IPUIPlugin:80 - create IPUIPlugin
2024-09-20 19:37:45,460 [INFO] PluginManager:220 - loadIPPluginJar : add dma
2024-09-20 19:37:45,468 [INFO] IPUIPlugin:80 - create IPUIPlugin
2024-09-20 19:37:45,468 [INFO] PluginManager:220 - loadIPPluginJar : add linkedlist
2024-09-20 19:37:45,472 [INFO] IPUIPlugin:80 - create IPUIPlugin
2024-09-20 19:37:45,472 [INFO] PluginManager:220 - loadIPPluginJar : add tracer_emb
2024-09-20 19:37:45,476 [INFO] IPUIPlugin:80 - create IPUIPlugin
2024-09-20 19:37:45,476 [INFO] PluginManager:220 - loadIPPluginJar : add ipddr
2024-09-20 19:37:45,478 [INFO] IPUIPlugin:80 - create IPUIPlugin
2024-09-20 19:37:45,479 [INFO] PluginManager:220 - loadIPPluginJar : add i2c
2024-09-20 19:37:45,485 [INFO] IPUIPlugin:80 - create IPUIPlugin
2024-09-20 19:37:45,485 [INFO] PluginManager:220 - loadIPPluginJar : add mdma
2024-09-20 19:37:45,488 [INFO] IPUIPlugin:80 - create IPUIPlugin
2024-09-20 19:37:45,488 [INFO] PluginManager:220 - loadIPPluginJar : add usart
2024-09-20 19:37:45,492 [INFO] IPUIPlugin:80 - create IPUIPlugin
2024-09-20 19:37:45,492 [INFO] PluginManager:220 - loadIPPluginJar : add gfxmmu
2024-09-20 19:37:45,495 [INFO] IPUIPlugin:80 - create IPUIPlugin
2024-09-20 19:37:45,495 [INFO] PluginManager:220 - loadIPPluginJar : add usbx
2024-09-20 19:37:45,496 [INFO] IPUIPlugin:80 - create IPUIPlugin
2024-09-20 19:37:45,496 [INFO] PluginManager:220 - loadIPPluginJar : add tsc
2024-09-20 19:37:45,497 [INFO] IPUIPlugin:80 - create IPUIPlugin
2024-09-20 19:37:45,497 [INFO] PluginManager:220 - loadIPPluginJar : add dma3
2024-09-20 19:37:45,503 [INFO] IPUIPlugin:80 - create IPUIPlugin
2024-09-20 19:37:45,503 [INFO] PluginManager:220 - loadIPPluginJar : add fmc
2024-09-20 19:37:45,506 [INFO] IPUIPlugin:80 - create IPUIPlugin
2024-09-20 19:37:45,506 [INFO] PluginManager:220 - loadIPPluginJar : add extmemmanager
2024-09-20 19:37:45,507 [INFO] IPUIPlugin:80 - create IPUIPlugin
2024-09-20 19:37:45,507 [INFO] PluginManager:220 - loadIPPluginJar : add comp
2024-09-20 19:37:45,512 [INFO] IPUIPlugin:80 - create IPUIPlugin
2024-09-20 19:37:45,513 [INFO] PluginManager:220 - loadIPPluginJar : add i3c
2024-09-20 19:37:45,518 [INFO] IPUIPlugin:80 - create IPUIPlugin
2024-09-20 19:37:45,518 [INFO] PluginManager:220 - loadIPPluginJar : add gtzc
2024-09-20 19:37:45,523 [INFO] IPUIPlugin:80 - create IPUIPlugin
2024-09-20 19:37:45,524 [INFO] PluginManager:220 - loadIPPluginJar : add touchsensing
2024-09-20 19:37:45,526 [INFO] IPUIPlugin:80 - create IPUIPlugin
2024-09-20 19:37:45,526 [INFO] PluginManager:220 - loadIPPluginJar : add ucpd
2024-09-20 19:37:45,527 [INFO] IPUIPlugin:80 - create IPUIPlugin
2024-09-20 19:37:45,528 [INFO] PluginManager:220 - loadIPPluginJar : add fatfs
2024-09-20 19:37:45,533 [INFO] IPUIPlugin:80 - create IPUIPlugin
2024-09-20 19:37:45,533 [INFO] PluginManager:220 - loadIPPluginJar : add stm32_wpan
2024-09-20 19:37:45,541 [INFO] IPUIPlugin:80 - create IPUIPlugin
2024-09-20 19:37:45,541 [INFO] PluginManager:220 - loadIPPluginJar : add gpio
2024-09-20 19:37:45,543 [INFO] IPUIPlugin:80 - create IPUIPlugin
2024-09-20 19:37:45,543 [INFO] PluginManager:220 - loadIPPluginJar : add i2s
2024-09-20 19:37:45,544 [INFO] IPUIPlugin:80 - create IPUIPlugin
2024-09-20 19:37:45,545 [INFO] PluginManager:220 - loadIPPluginJar : add tim
2024-09-20 19:37:45,552 [INFO] IPUIPlugin:80 - create IPUIPlugin
2024-09-20 19:37:45,552 [INFO] PluginManager:220 - loadIPPluginJar : add adc
2024-09-20 19:37:45,553 [INFO] IPUIPlugin:80 - create IPUIPlugin
2024-09-20 19:37:45,553 [INFO] PluginManager:220 - loadIPPluginJar : add pdm2pcm
2024-09-20 19:37:45,559 [INFO] IPUIPlugin:80 - create IPUIPlugin
2024-09-20 19:37:45,559 [INFO] PluginManager:220 - loadIPPluginJar : add gic
2024-09-20 19:37:45,561 [INFO] IPUIPlugin:80 - create IPUIPlugin
2024-09-20 19:37:45,561 [INFO] PluginManager:220 - loadIPPluginJar : add sai
2024-09-20 19:37:45,563 [INFO] IPUIPlugin:80 - create IPUIPlugin
2024-09-20 19:37:45,563 [INFO] PluginManager:220 - loadIPPluginJar : add spi
2024-09-20 19:37:45,564 [INFO] IPUIPlugin:80 - create IPUIPlugin
2024-09-20 19:37:45,564 [INFO] PluginManager:220 - loadIPPluginJar : add can
2024-09-20 19:37:45,566 [INFO] IPUIPlugin:80 - create IPUIPlugin
2024-09-20 19:37:45,566 [INFO] PluginManager:220 - loadIPPluginJar : add resmgrutility
2024-09-20 19:37:45,567 [INFO] IPUIPlugin:80 - create IPUIPlugin
2024-09-20 19:37:45,567 [INFO] PluginManager:220 - loadIPPluginJar : add quadspi
2024-09-20 19:37:45,572 [INFO] IPUIPlugin:80 - create IPUIPlugin
2024-09-20 19:37:45,572 [INFO] PluginManager:220 - loadIPPluginJar : add freertos
2024-09-20 19:37:45,573 [INFO] IPUIPlugin:80 - create IPUIPlugin
2024-09-20 19:37:45,573 [INFO] PluginManager:220 - loadIPPluginJar : add ts
2024-09-20 19:37:45,575 [INFO] IPUIPlugin:80 - create IPUIPlugin
2024-09-20 19:37:45,575 [INFO] PluginManager:220 - loadIPPluginJar : add aes
2024-09-20 19:37:45,578 [INFO] IPUIPlugin:80 - create IPUIPlugin
2024-09-20 19:37:45,578 [INFO] PluginManager:220 - loadIPPluginJar : add nvic
2024-09-20 19:37:45,580 [INFO] IPUIPlugin:80 - create IPUIPlugin
2024-09-20 19:37:45,580 [INFO] PluginManager:220 - loadIPPluginJar : add openamp
2024-09-20 19:37:45,581 [INFO] IPUIPlugin:80 - create IPUIPlugin
2024-09-20 19:37:45,581 [INFO] PluginManager:220 - loadIPPluginJar : add dfsdm
2024-09-20 19:37:45,584 [INFO] IPUIPlugin:80 - create IPUIPlugin
2024-09-20 19:37:45,584 [INFO] PluginManager:220 - loadIPPluginJar : add lorawan
2024-09-20 19:37:45,585 [INFO] IPUIPlugin:80 - create IPUIPlugin
2024-09-20 19:37:45,585 [INFO] PluginManager:220 - loadIPPluginJar : add genericplugin
2024-09-20 19:37:45,586 [INFO] IPUIPlugin:80 - create IPUIPlugin
2024-09-20 19:37:45,586 [INFO] PluginManager:220 - loadIPPluginJar : add hash
2024-09-20 19:37:45,587 [INFO] IPUIPlugin:80 - create IPUIPlugin
2024-09-20 19:37:45,587 [INFO] PluginManager:220 - loadIPPluginJar : add ltdc
2024-09-20 19:37:45,592 [INFO] IPUIPlugin:80 - create IPUIPlugin
2024-09-20 19:37:45,594 [INFO] PluginManager:220 - loadIPPluginJar : add plateformsettings
2024-09-20 19:37:45,595 [INFO] IPUIPlugin:80 - create IPUIPlugin
2024-09-20 19:37:45,595 [INFO] PluginManager:220 - loadIPPluginJar : add cryp
2024-09-20 19:37:45,597 [INFO] IPUIPlugin:80 - create IPUIPlugin
2024-09-20 19:37:45,597 [INFO] PluginManager:220 - loadIPPluginJar : add opamp
2024-09-20 19:37:45,718 [INFO] CADModel:165 - CPN selected for project level
2024-09-20 19:37:45,718 [INFO] CADModel:114 - Register for checkConnection events
2024-09-20 19:37:45,719 [FATAL] Updater:308 - Updater called before beeing initialized
2024-09-20 19:37:45,719 [ERROR] CADModel:125 - Updater not yet initialized, retry later 
2024-09-20 19:37:45,829 [INFO] CADModel:165 - CPN selected for project level
2024-09-20 19:37:45,829 [INFO] CADModel:114 - Register for checkConnection events
2024-09-20 19:37:45,829 [FATAL] Updater:308 - Updater called before beeing initialized
2024-09-20 19:37:45,829 [ERROR] CADModel:125 - Updater not yet initialized, retry later 
2024-09-20 19:37:45,832 [FATAL] Updater:308 - Updater called before beeing initialized
2024-09-20 19:37:45,891 [FATAL] Updater:308 - Updater called before beeing initialized
2024-09-20 19:37:45,895 [INFO] DbMcusAds:53 - JSON generation date=Thu May 16 16:22:00 WIB 2024 (1715851320667)
2024-09-20 19:37:45,895 [FATAL] Updater:308 - Updater called before beeing initialized
2024-09-20 19:37:45,931 [WARN] DetailPanel:346 - Failed to get advertising image, set to default
2024-09-20 19:37:46,002 [FATAL] Updater:308 - Updater called before beeing initialized
2024-09-20 19:37:46,003 [FATAL] Updater:308 - Updater called before beeing initialized
2024-09-20 19:37:46,004 [FATAL] Updater:308 - Updater called before beeing initialized
2024-09-20 19:37:46,004 [WARN] DetailPanel:346 - Failed to get advertising image, set to default
2024-09-20 19:37:46,004 [FATAL] Updater:308 - Updater called before beeing initialized
2024-09-20 19:37:46,033 [ERROR] Updater:1120 - MainUpdater not yet initialized. External WinMGr cannot be set.
2024-09-20 19:37:46,034 [INFO] Updater:1056 - Updater Version found : 6.11.1
2024-09-20 19:37:46,063 [INFO] ApplicationProperties:184 - Using Application install path: /opt/st/stm32cubeide_1.15.1/plugins/com.st.stm32cube.common.mx_6.11.1.202404110753
2024-09-20 19:37:46,251 [INFO] MainUpdater:2873 - connection check result : 22
2024-09-20 19:37:46,252 [INFO] MainUpdater:290 - Updater Check For Update Now.
2024-09-20 19:37:46,252 [INFO] MicroXplorer:498 - Change Database Version : DB.6.0.111
2024-09-20 19:37:46,256 [INFO] McuFinderGlobals:63 - Set McuFinder mode to 2 (CubeIDE integrated)
2024-09-20 19:37:46,263 [INFO] UserAuth:415 - Internet connection configuration mode: 2
2024-09-20 19:37:46,406 [INFO] CheckServerUpdateThread:120 - End of CheckServer Thread
2024-09-20 19:37:48,150 [WARN] PackLoader:240 - Cannot read IP mode file for STMicroelectronics.X-CUBE-SMBUS.2.1.0
2024-09-20 19:37:48,171 [WARN] PackLoader:240 - Cannot read IP mode file for STMicroelectronics.X-CUBE-AZRTOS-F7.1.1.0
2024-09-20 19:37:48,217 [WARN] PackLoader:240 - Cannot read IP mode file for STMicroelectronics.X-CUBE-MEMS1.11.0.0
2024-09-20 19:37:48,426 [WARN] PackLoader:240 - Cannot read IP mode file for STMicroelectronics.FP-SNS-FLIGHT1.5.0.2
2024-09-20 19:37:48,433 [WARN] PackLoader:240 - Cannot read IP mode file for STMicroelectronics.X-CUBE-DISPLAY.3.0.0
2024-09-20 19:37:48,442 [WARN] PackLoader:240 - Cannot read IP mode file for STMicroelectronics.X-CUBE-BLE1.7.0.0
2024-09-20 19:37:48,446 [WARN] PackLoader:240 - Cannot read IP mode file for emotas.I-CUBE-CANOPEN.1.3.0
2024-09-20 19:37:48,451 [WARN] PackLoader:240 - Cannot read IP mode file for STMicroelectronics.X-CUBE-BLEMGR.3.1.0
2024-09-20 19:37:48,455 [WARN] PackLoader:240 - Cannot read IP mode file for STMicroelectronics.FP-SNS-SMARTAG2.1.2.0
2024-09-20 19:37:48,460 [INFO] LogOutputStream:77 - [STDOUT_REDIRECT] 1 : Invalid condition id : UX_CORESTACK_Condition cause : null
2024-09-20 19:37:48,460 [INFO] LogOutputStream:77 - [STDOUT_REDIRECT] 1 : Invalid condition id : UX_CORESTACK_Condition cause : null
2024-09-20 19:37:48,461 [INFO] LogOutputStream:77 - [STDOUT_REDIRECT] 1 : Invalid condition id : UX_CORESTACK_Condition cause : null
2024-09-20 19:37:48,461 [INFO] LogOutputStream:77 - [STDOUT_REDIRECT] 1 : Invalid condition id : UX_CORESTACK_Condition cause : null
2024-09-20 19:37:48,461 [INFO] LogOutputStream:77 - [STDOUT_REDIRECT] 1 : Invalid condition id : UX_CORESTACK_Condition cause : null
2024-09-20 19:37:48,463 [WARN] PackLoader:240 - Cannot read IP mode file for STMicroelectronics.X-CUBE-AZRTOS-WL.2.0.0
2024-09-20 19:37:48,467 [WARN] PackLoader:240 - Cannot read IP mode file for WES.I-CUBE-Cesium.1.3.0
2024-09-20 19:37:48,471 [WARN] PackLoader:240 - Cannot read IP mode file for STMicroelectronics.X-CUBE-BLE2.3.3.0
2024-09-20 19:37:48,480 [WARN] PackLoader:240 - Cannot read IP mode file for STMicroelectronics.X-CUBE-AZRTOS-G0.1.1.0
2024-09-20 19:37:48,484 [WARN] PackLoader:240 - Cannot read IP mode file for STMicroelectronics.X-CUBE-NFC4.3.0.0
2024-09-20 19:37:48,489 [WARN] PackLoader:240 - Cannot read IP mode file for EmbeddedOffice.I-CUBE-FS-RTOS.1.0.1
2024-09-20 19:37:48,489 [ERROR] ConditionMgr:805 - Attr not supported : Dmpu
2024-09-20 19:37:48,489 [ERROR] ConditionMgr:805 - Attr not supported : Dmpu
2024-09-20 19:37:48,489 [ERROR] ConditionMgr:805 - Attr not supported : Dmpu
2024-09-20 19:37:48,489 [ERROR] ConditionMgr:805 - Attr not supported : Dmpu
2024-09-20 19:37:48,489 [ERROR] ConditionMgr:805 - Attr not supported : Dmpu
2024-09-20 19:37:48,489 [ERROR] ConditionMgr:805 - Attr not supported : Dmpu
2024-09-20 19:37:48,489 [ERROR] ConditionMgr:805 - Attr not supported : Dmpu
2024-09-20 19:37:48,489 [ERROR] ConditionMgr:805 - Attr not supported : Dmpu
2024-09-20 19:37:48,490 [ERROR] ConditionMgr:805 - Attr not supported : Dmpu
2024-09-20 19:37:48,490 [ERROR] ConditionMgr:805 - Attr not supported : Dmpu
2024-09-20 19:37:48,490 [ERROR] ConditionMgr:805 - Attr not supported : Dmpu
2024-09-20 19:37:48,490 [ERROR] ConditionMgr:805 - Attr not supported : Dmpu
2024-09-20 19:37:48,490 [ERROR] ConditionMgr:805 - Attr not supported : Dmpu
2024-09-20 19:37:48,490 [ERROR] ConditionMgr:805 - Attr not supported : Dmpu
2024-09-20 19:37:48,490 [ERROR] ConditionMgr:805 - Attr not supported : Dmpu
2024-09-20 19:37:48,490 [ERROR] ConditionMgr:805 - Attr not supported : Dmpu
2024-09-20 19:37:48,490 [ERROR] ConditionMgr:805 - Attr not supported : Dmpu
2024-09-20 19:37:48,490 [ERROR] ConditionMgr:805 - Attr not supported : Dmpu
2024-09-20 19:37:48,490 [ERROR] ConditionMgr:805 - Attr not supported : Dmpu
2024-09-20 19:37:48,490 [ERROR] ConditionMgr:805 - Attr not supported : Dmpu
2024-09-20 19:37:48,490 [ERROR] ConditionMgr:805 - Attr not supported : Dmpu
2024-09-20 19:37:48,490 [ERROR] ConditionMgr:805 - Attr not supported : Dmpu
2024-09-20 19:37:48,490 [ERROR] ConditionMgr:805 - Attr not supported : Dmpu
2024-09-20 19:37:48,490 [ERROR] ConditionMgr:805 - Attr not supported : Dmpu
2024-09-20 19:37:48,490 [ERROR] ConditionMgr:805 - Attr not supported : Dmpu
2024-09-20 19:37:48,490 [ERROR] ConditionMgr:805 - Attr not supported : Dmpu
2024-09-20 19:37:48,490 [ERROR] ConditionMgr:805 - Attr not supported : Dmpu
2024-09-20 19:37:48,490 [ERROR] ConditionMgr:805 - Attr not supported : Dmpu
2024-09-20 19:37:48,490 [ERROR] ConditionMgr:805 - Attr not supported : Dmpu
2024-09-20 19:37:48,491 [ERROR] ConditionMgr:805 - Attr not supported : Dmpu
2024-09-20 19:37:48,491 [ERROR] ConditionMgr:805 - Attr not supported : Dmpu
2024-09-20 19:37:48,491 [ERROR] ConditionMgr:805 - Attr not supported : Dmpu
2024-09-20 19:37:48,491 [ERROR] ConditionMgr:805 - Attr not supported : Dmpu
2024-09-20 19:37:48,491 [ERROR] ConditionMgr:805 - Attr not supported : Dmpu
2024-09-20 19:37:48,491 [ERROR] ConditionMgr:805 - Attr not supported : Dmpu
2024-09-20 19:37:48,491 [ERROR] ConditionMgr:805 - Attr not supported : Dmpu
2024-09-20 19:37:48,491 [ERROR] ConditionMgr:805 - Attr not supported : Dmpu
2024-09-20 19:37:48,491 [ERROR] ConditionMgr:805 - Attr not supported : Dmpu
2024-09-20 19:37:48,491 [ERROR] ConditionMgr:805 - Attr not supported : Dmpu
2024-09-20 19:37:48,491 [ERROR] ConditionMgr:805 - Attr not supported : Dmpu
2024-09-20 19:37:48,491 [ERROR] ConditionMgr:805 - Attr not supported : Dmpu
2024-09-20 19:37:48,491 [ERROR] ConditionMgr:805 - Attr not supported : Dmpu
2024-09-20 19:37:48,491 [ERROR] ConditionMgr:805 - Attr not supported : Dmpu
2024-09-20 19:37:48,491 [ERROR] ConditionMgr:805 - Attr not supported : Dmpu
2024-09-20 19:37:48,491 [ERROR] ConditionMgr:805 - Attr not supported : Dmpu
2024-09-20 19:37:48,491 [ERROR] ConditionMgr:805 - Attr not supported : Dmpu
2024-09-20 19:37:48,492 [ERROR] ConditionMgr:805 - Attr not supported : Dmpu
2024-09-20 19:37:48,492 [ERROR] ConditionMgr:805 - Attr not supported : Dmpu
2024-09-20 19:37:48,492 [ERROR] ConditionMgr:805 - Attr not supported : Dmpu
2024-09-20 19:37:48,492 [ERROR] ConditionMgr:805 - Attr not supported : Dmpu
2024-09-20 19:37:48,492 [ERROR] ConditionMgr:805 - Attr not supported : Dmpu
2024-09-20 19:37:48,492 [ERROR] ConditionMgr:805 - Attr not supported : Dmpu
2024-09-20 19:37:48,492 [ERROR] ConditionMgr:805 - Attr not supported : Dmpu
2024-09-20 19:37:48,492 [ERROR] ConditionMgr:805 - Attr not supported : Dmpu
2024-09-20 19:37:48,492 [ERROR] ConditionMgr:805 - Attr not supported : Dmpu
2024-09-20 19:37:48,492 [ERROR] ConditionMgr:805 - Attr not supported : Dmpu
2024-09-20 19:37:48,492 [ERROR] ConditionMgr:805 - Attr not supported : Dmpu
2024-09-20 19:37:48,492 [ERROR] ConditionMgr:805 - Attr not supported : Dmpu
2024-09-20 19:37:48,492 [ERROR] ConditionMgr:805 - Attr not supported : Dmpu
2024-09-20 19:37:48,492 [ERROR] ConditionMgr:805 - Attr not supported : Dmpu
2024-09-20 19:37:48,492 [ERROR] ConditionMgr:805 - Attr not supported : Dmpu
2024-09-20 19:37:48,492 [ERROR] ConditionMgr:805 - Attr not supported : Dmpu
2024-09-20 19:37:48,492 [ERROR] ConditionMgr:805 - Attr not supported : Dmpu
2024-09-20 19:37:48,492 [ERROR] ConditionMgr:805 - Attr not supported : Dmpu
2024-09-20 19:37:48,494 [WARN] PackLoader:240 - Cannot read IP mode file for STMicroelectronics.FP-ATR-SIGFOX1.3.2.0
2024-09-20 19:37:48,498 [WARN] PackLoader:240 - Cannot read IP mode file for STMicroelectronics.X-CUBE-EEPRMA1.5.1.0
2024-09-20 19:37:48,502 [WARN] PackLoader:240 - Cannot read IP mode file for ITTIA_DB.I-CUBE-ITTIADB.8.9.0
2024-09-20 19:37:48,521 [WARN] PackLoader:240 - Cannot read IP mode file for SEGGER.I-CUBE-embOS.1.3.1
2024-09-20 19:37:48,564 [WARN] PackLoader:240 - Cannot read IP mode file for STMicroelectronics.X-CUBE-GNSS1.6.0.0
2024-09-20 19:37:48,574 [WARN] PackLoader:240 - Cannot read IP mode file for STMicroelectronics.X-CUBE-AZRTOS-F4.1.1.0
2024-09-20 19:37:48,586 [WARN] PackLoader:240 - Cannot read IP mode file for STMicroelectronics.X-CUBE-AZRTOS-L5.2.0.0
2024-09-20 19:37:48,590 [WARN] PackLoader:240 - Cannot read IP mode file for STMicroelectronics.X-CUBE-NFC7.1.0.1
2024-09-20 19:37:48,602 [WARN] ConditionMgr:438 - getConditionDescription Invalid condition id : LAN8742 Phy interface Condition cause : null
2024-09-20 19:37:48,602 [WARN] PackLoader:240 - Cannot read IP mode file for STMicroelectronics.X-CUBE-AZRTOS-L4.2.0.0
2024-09-20 19:37:48,603 [WARN] ConditionMgr:1039 - genDependencies : Invalid condition id : LAN8742 Phy interface Condition cause : null
2024-09-20 19:37:48,603 [WARN] ConditionMgr:1039 - genDependencies : Invalid condition id : LAN8742 Phy interface Condition cause : null
2024-09-20 19:37:48,603 [WARN] ConditionMgr:1039 - genDependencies : Invalid condition id : LAN8742 Phy interface Condition cause : null
2024-09-20 19:37:48,607 [WARN] PackLoader:240 - Cannot read IP mode file for STMicroelectronics.X-CUBE-SFXS2LP1.4.0.0
2024-09-20 19:37:48,620 [WARN] PackLoader:240 - Cannot read IP mode file for STMicroelectronics.X-CUBE-AZRTOS-H7.3.3.0
2024-09-20 19:37:48,630 [WARN] ConditionMgr:438 - getConditionDescription Invalid condition id : UX DEVICE CLASS RTOS Condition cause : null
2024-09-20 19:37:48,630 [WARN] ConditionMgr:438 - getConditionDescription Invalid condition id : UX DEVICE CLASS RTOS Condition cause : null
2024-09-20 19:37:48,631 [WARN] PackLoader:240 - Cannot read IP mode file for STMicroelectronics.X-CUBE-AZRTOS-WB.2.0.0
2024-09-20 19:37:48,632 [WARN] ConditionMgr:1039 - genDependencies : Invalid condition id : UX DEVICE CLASS RTOS Condition cause : null
2024-09-20 19:37:48,632 [WARN] ConditionMgr:1039 - genDependencies : Invalid condition id : UX DEVICE CLASS RTOS Condition cause : null
2024-09-20 19:37:48,632 [WARN] ConditionMgr:1039 - genDependencies : Invalid condition id : UX DEVICE CLASS RTOS Condition cause : null
2024-09-20 19:37:48,632 [WARN] ConditionMgr:1039 - genDependencies : Invalid condition id : UX DEVICE CLASS RTOS Condition cause : null
2024-09-20 19:37:48,632 [WARN] ConditionMgr:1039 - genDependencies : Invalid condition id : UX DEVICE CLASS RTOS Condition cause : null
2024-09-20 19:37:48,635 [WARN] PackLoader:240 - Cannot read IP mode file for STMicroelectronics.X-CUBE-GNSS1.7.0.0
2024-09-20 19:37:48,639 [WARN] PackLoader:240 - Cannot read IP mode file for STMicroelectronics.FP-SNS-STBOX1.2.0.0
2024-09-20 19:37:48,646 [WARN] PackLoader:240 - Cannot read IP mode file for STMicroelectronics.X-CUBE-SUBG2.5.0.0
2024-09-20 19:37:48,651 [WARN] PackLoader:240 - Cannot read IP mode file for Cesanta.I-CUBE-Mongoose.7.13.0
2024-09-20 19:37:48,659 [WARN] PackLoader:240 - Cannot read IP mode file for STMicroelectronics.X-CUBE-AZRTOS-G4.2.0.0
2024-09-20 19:37:48,662 [WARN] PackLoader:240 - Cannot read IP mode file for STMicroelectronics.X-CUBE-ISPU.2.0.0
2024-09-20 19:37:48,691 [WARN] PackLoader:240 - Cannot read IP mode file for STMicroelectronics.X-CUBE-MEMS1.10.0.0
2024-09-20 19:37:48,860 [WARN] PackLoader:240 - Cannot read IP mode file for portGmbH.I-Cube-SoM-uGOAL.1.1.0
2024-09-20 19:37:48,862 [WARN] PackLoader:240 - Cannot read IP mode file for STMicroelectronics.FP-ATR-ASTRA1.2.0.0
2024-09-20 19:37:48,868 [WARN] PackLoader:240 - Cannot read IP mode file for STMicroelectronics.X-CUBE-TOF1.3.4.2
2024-09-20 19:37:48,880 [WARN] PackLoader:240 - Cannot read IP mode file for STMicroelectronics.X-CUBE-TOF1.3.4.1
2024-09-20 19:37:48,906 [WARN] PackLoader:240 - Cannot read IP mode file for STMicroelectronics.X-CUBE-AZRTOS-H7.3.2.0
2024-09-20 19:37:48,916 [WARN] PackLoader:240 - Cannot read IP mode file for Infineon.AIROC-Wi-Fi-Bluetooth-STM32.1.6.0
2024-09-20 19:37:48,920 [WARN] PackLoader:240 - Cannot read IP mode file for wolfSSL.I-CUBE-wolfSSH.1.4.17
2024-09-20 19:37:48,920 [INFO] ThirdParty:978 - Integrity check success = true
2024-09-20 19:37:48,920 [INFO] IntegrityCheckThread:100 - exiting critical section [integrity check]
2024-09-20 19:37:48,920 [INFO] IntegrityCheckThread:103 - End integrity checks thread
2024-09-20 19:51:14,363 [ERROR] ConfigurationRetriever:142 - IOException on connection: sw-center.st.com
2024-09-20 19:51:14,363 [ERROR] ConfigurationRetriever:142 - IOException on connection: sw-center.st.com
2024-09-20 19:51:14,364 [ERROR] ConfigurationRetriever:142 - IOException on connection: sw-center.st.com
2024-09-20 19:51:20,813 [ERROR] ConfigurationRetriever:142 - IOException on connection: sw-center.st.com
2024-09-20 19:51:20,813 [ERROR] ConfigurationRetriever:142 - IOException on connection: sw-center.st.com
2024-09-20 19:51:20,814 [ERROR] ConfigurationRetriever:142 - IOException on connection: sw-center.st.com
2024-09-20 20:02:46,074 [ERROR] ConfigurationRetriever:142 - IOException on connection: sw-center.st.com
2024-09-20 20:02:46,074 [ERROR] ConfigurationRetriever:142 - IOException on connection: sw-center.st.com
2024-09-20 20:02:46,075 [ERROR] ConfigurationRetriever:142 - IOException on connection: sw-center.st.com
2024-09-20 20:02:46,617 [ERROR] ConfigurationRetriever:142 - IOException on connection: sw-center.st.com
2024-09-20 20:02:46,617 [ERROR] ConfigurationRetriever:142 - IOException on connection: sw-center.st.com
2024-09-20 20:02:46,618 [ERROR] ConfigurationRetriever:142 - IOException on connection: sw-center.st.com
