2024-09-13 08:46:10,537 [INFO] Activator:176 - 


2024-09-13 08:46:10,541 [INFO] Activator:177 - !SESSION log4j initialized
2024-09-13 08:46:15,086 [INFO] LogOutputStream:77 - [STDOUT_REDIRECT] 
2024-09-13 08:46:16,318 [INFO] ApplicationProperties:184 - Using Application install path: /opt/st/stm32cubeide_1.15.1/plugins/com.st.stm32cube.common.mx_6.11.1.202404110753
2024-09-13 08:46:16,338 [INFO] DbMcusXml:78 - Set database path to: /opt/st/stm32cubeide_1.15.1/plugins/com.st.stm32cube.common.mx_6.11.1.202404110753//db//mcu/
2024-09-13 08:46:16,338 [INFO] ApiDb:274 - Set plugin database path to: /opt/st/stm32cubeide_1.15.1/plugins/com.st.stm32cube.common.mx_6.11.1.202404110753//db//plugins/boardmanager/
2024-09-13 08:46:16,339 [WARN] ApiDb:259 - Overriding images path with different value:  => /opt/st/stm32cubeide_1.15.1/plugins/com.st.stm32cube.common.mx_6.11.1.202404110753//db//plugins/mcufinder/images/
2024-09-13 08:46:16,347 [INFO] ApiDb:250 - Set database path to: /home/wgg/.stmcufinder/plugins/mcufinder//mcu/
2024-09-13 08:46:16,348 [INFO] DbMcusAds:125 - Set database path to: /home/wgg/.stmcufinder/plugins/mcufinder//mcu/
2024-09-13 08:46:16,353 [INFO] CrossReferenceDbSqlite:203 - Set database path to: /home/wgg/.stmcufinder/plugins/mcufinder//mcu/cs/
2024-09-13 08:46:16,471 [INFO] RulesReader:64 - Compatibility file has been processed (297 Rules)
2024-09-13 08:46:16,526 [INFO] DbMcusXml:78 - Set database path to: /opt/st/stm32cubeide_1.15.1/plugins/com.st.stm32cube.common.mx_6.11.1.202404110753//db//mcu/
2024-09-13 08:46:16,527 [INFO] ApiDb:274 - Set plugin database path to: /opt/st/stm32cubeide_1.15.1/plugins/com.st.stm32cube.common.mx_6.11.1.202404110753//db//plugins/boardmanager/
2024-09-13 08:46:16,527 [INFO] ApiDb:261 - Set plugin images path to: /opt/st/stm32cubeide_1.15.1/plugins/com.st.stm32cube.common.mx_6.11.1.202404110753//db//plugins/mcufinder/images/
2024-09-13 08:46:16,527 [WARN] DbFile:41 - Overriding database path with different value: /home/wgg/.stmcufinder/plugins/mcufinder/ => /home/wgg/.stmcufinder/plugins/mcufinder
2024-09-13 08:46:16,527 [INFO] ApiDb:250 - Set database path to: /home/wgg/.stmcufinder/plugins/mcufinder//mcu/
2024-09-13 08:46:16,527 [WARN] DbFile:41 - Overriding database path with different value: /home/wgg/.stmcufinder/plugins/mcufinder/ => /home/wgg/.stmcufinder/plugins/mcufinder
2024-09-13 08:46:16,527 [INFO] DbMcusAds:125 - Set database path to: /home/wgg/.stmcufinder/plugins/mcufinder//mcu/
2024-09-13 08:46:16,527 [WARN] DbFile:41 - Overriding database path with different value: /home/wgg/.stmcufinder/plugins/mcufinder/ => /home/wgg/.stmcufinder/plugins/mcufinder
2024-09-13 08:46:16,528 [WARN] DbFile:41 - Overriding database path with different value: /home/wgg/.stmcufinder/plugins/mcufinder/ => /home/wgg/.stmcufinder/plugins/mcufinder
2024-09-13 08:46:16,528 [INFO] CrossReferenceDbSqlite:203 - Set database path to: /home/wgg/.stmcufinder/plugins/mcufinder//mcu/cs/
2024-09-13 08:46:16,622 [INFO] MainPanel:264 - HeapMemory: 268435456
2024-09-13 08:46:16,706 [INFO] DbMcusXml:78 - Set database path to: /opt/st/stm32cubeide_1.15.1/plugins/com.st.stm32cube.common.mx_6.11.1.202404110753//db//mcu/
2024-09-13 08:46:16,706 [INFO] ApiDb:274 - Set plugin database path to: /opt/st/stm32cubeide_1.15.1/plugins/com.st.stm32cube.common.mx_6.11.1.202404110753//db//plugins/boardmanager/
2024-09-13 08:46:16,706 [INFO] ApiDb:261 - Set plugin images path to: /opt/st/stm32cubeide_1.15.1/plugins/com.st.stm32cube.common.mx_6.11.1.202404110753//db//plugins/mcufinder/images/
2024-09-13 08:46:16,706 [WARN] DbFile:41 - Overriding database path with different value: /home/wgg/.stmcufinder/plugins/mcufinder/ => /home/wgg/.stmcufinder/plugins/mcufinder
2024-09-13 08:46:16,706 [INFO] ApiDb:250 - Set database path to: /home/wgg/.stmcufinder/plugins/mcufinder//mcu/
2024-09-13 08:46:16,706 [WARN] DbFile:41 - Overriding database path with different value: /home/wgg/.stmcufinder/plugins/mcufinder/ => /home/wgg/.stmcufinder/plugins/mcufinder
2024-09-13 08:46:16,707 [INFO] DbMcusAds:125 - Set database path to: /home/wgg/.stmcufinder/plugins/mcufinder//mcu/
2024-09-13 08:46:16,707 [WARN] DbFile:41 - Overriding database path with different value: /home/wgg/.stmcufinder/plugins/mcufinder/ => /home/wgg/.stmcufinder/plugins/mcufinder
2024-09-13 08:46:16,707 [WARN] DbFile:41 - Overriding database path with different value: /home/wgg/.stmcufinder/plugins/mcufinder/ => /home/wgg/.stmcufinder/plugins/mcufinder
2024-09-13 08:46:16,707 [INFO] CrossReferenceDbSqlite:203 - Set database path to: /home/wgg/.stmcufinder/plugins/mcufinder//mcu/cs/
2024-09-13 08:46:16,719 [INFO] ApplicationProperties:184 - Using Application install path: /opt/st/stm32cubeide_1.15.1/plugins/com.st.stm32cube.common.mx_6.11.1.202404110753
2024-09-13 08:46:16,720 [INFO] PluginManage:196 - Search for loadable plugins [exclusion list=, ]
2024-09-13 08:46:16,721 [INFO] PluginManage:310 - Check plugin analytics
2024-09-13 08:46:16,845 [INFO] AnalyticsPlugin:253 - Accepted Software Licenses: 
2024-09-13 08:46:16,845 [INFO] AnalyticsPlugin:255 - Accepted CMSIS Pack Licenses: 
2024-09-13 08:46:16,846 [INFO] AnalyticsPlugin:257 - Accepted Firmware Licenses: FW.F4.1.28.0
2024-09-13 08:46:16,847 [INFO] PluginManage:359 - Loaded plugin analytics (category:tool,tabindex:-1)
2024-09-13 08:46:16,848 [INFO] PluginManage:310 - Check plugin cadmodel
2024-09-13 08:46:16,876 [INFO] CADModel:105 - Init CAD model plugin
2024-09-13 08:46:16,876 [INFO] PluginManage:359 - Loaded plugin cadmodel (category:power,tabindex:5)
2024-09-13 08:46:16,876 [INFO] PluginManage:310 - Check plugin clock
2024-09-13 08:46:16,885 [INFO] PluginManage:359 - Loaded plugin clock (category:base,tabindex:2)
2024-09-13 08:46:16,885 [INFO] PluginManage:310 - Check plugin ddr
2024-09-13 08:46:16,887 [INFO] PluginManage:359 - Loaded plugin ddr (category:tool,tabindex:6)
2024-09-13 08:46:16,888 [INFO] PluginManage:310 - Check plugin filemanager
2024-09-13 08:46:17,016 [INFO] PluginManage:359 - Loaded plugin filemanager (category:base,tabindex:10)
2024-09-13 08:46:17,016 [INFO] PluginManage:310 - Check plugin ipmanager
2024-09-13 08:46:17,021 [INFO] PluginManage:359 - Loaded plugin ipmanager (category:base,tabindex:5)
2024-09-13 08:46:17,021 [INFO] PluginManage:310 - Check plugin lpbam
2024-09-13 08:46:17,029 [INFO] PluginManage:359 - Loaded plugin lpbam (category:base,tabindex:0)
2024-09-13 08:46:17,029 [INFO] PluginManage:310 - Check plugin memorymap
2024-09-13 08:46:17,040 [INFO] PluginManage:359 - Loaded plugin memorymap (category:base,tabindex:4)
2024-09-13 08:46:17,040 [INFO] PluginManage:310 - Check plugin pinoutandconfiguration
2024-09-13 08:46:17,049 [INFO] PluginManage:359 - Loaded plugin pinoutandconfiguration (category:base,tabindex:1)
2024-09-13 08:46:17,049 [INFO] PluginManage:310 - Check plugin pinoutconfig
2024-09-13 08:46:17,114 [WARN] SupportedApi:132 - Cannot load RTOS API schema: s4s-elt-must-match.1: The content of 'definitions' must match (annotation?, (simpleType | complexType)?, (unique | key | keyref)*)). A problem was found starting at: attribute.
2024-09-13 08:46:17,228 [INFO] PluginManage:359 - Loaded plugin pinoutconfig (category:base,tabindex:0)
2024-09-13 08:46:17,228 [INFO] PluginManage:310 - Check plugin power
2024-09-13 08:46:17,235 [INFO] PluginManage:359 - Loaded plugin power (category:power,tabindex:4)
2024-09-13 08:46:17,236 [INFO] PluginManage:310 - Check plugin projectmanager
2024-09-13 08:46:17,246 [INFO] PluginManage:359 - Loaded plugin projectmanager (category:projectmanager,tabindex:3)
2024-09-13 08:46:17,246 [INFO] PluginManage:310 - Check plugin thirdparty
2024-09-13 08:46:17,339 [INFO] PluginManage:359 - Loaded plugin thirdparty (category:base,tabindex:-1)
2024-09-13 08:46:17,339 [WARN] IntegrityCheckThread:84 - waiting for thirdparty lock release [integrity check]
2024-09-13 08:46:17,339 [INFO] IntegrityCheckThread:86 - entering critical section [integrity check]
2024-09-13 08:46:17,339 [INFO] PluginManage:310 - Check plugin tools
2024-09-13 08:46:17,340 [INFO] ThirdPartyUpdaterWithRetryManager:70 - Updater plugin not ready yet. [1/15]
2024-09-13 08:46:17,341 [INFO] PluginManage:359 - Loaded plugin tools (category:base,tabindex:7)
2024-09-13 08:46:17,342 [INFO] PluginManage:310 - Check plugin tutovideos
2024-09-13 08:46:17,510 [INFO] PluginManage:359 - Loaded plugin tutovideos (category:base,tabindex:-1)
2024-09-13 08:46:17,510 [INFO] PluginManage:310 - Check plugin updater
2024-09-13 08:46:17,521 [INFO] PluginManage:359 - Loaded plugin updater (category:base,tabindex:12)
2024-09-13 08:46:17,522 [INFO] PluginManage:310 - Check plugin userauth
2024-09-13 08:46:17,528 [INFO] UserAuth:114 - Init User Auth plugin
2024-09-13 08:46:17,528 [INFO] PluginManage:359 - Loaded plugin userauth (category:base,tabindex:14)
2024-09-13 08:46:17,528 [INFO] PluginManage:283 - PluginManage : Loaded plugins [17]
2024-09-13 08:46:17,715 [INFO] PinOutPanel:1561 - setPackage(No Configuration,No Configuration)
2024-09-13 08:46:17,759 [INFO] CADModel:165 - CPN selected for project level
2024-09-13 08:46:17,759 [INFO] CADModel:114 - Register for checkConnection events
2024-09-13 08:46:17,768 [INFO] IPUIPlugin:80 - create IPUIPlugin
2024-09-13 08:46:17,769 [INFO] PluginManager:220 - loadIPPluginJar : add dma
2024-09-13 08:46:17,775 [INFO] IPUIPlugin:80 - create IPUIPlugin
2024-09-13 08:46:17,775 [INFO] PluginManager:220 - loadIPPluginJar : add linkedlist
2024-09-13 08:46:17,778 [INFO] IPUIPlugin:80 - create IPUIPlugin
2024-09-13 08:46:17,778 [INFO] PluginManager:220 - loadIPPluginJar : add tracer_emb
2024-09-13 08:46:17,782 [INFO] IPUIPlugin:80 - create IPUIPlugin
2024-09-13 08:46:17,782 [INFO] PluginManager:220 - loadIPPluginJar : add ipddr
2024-09-13 08:46:17,784 [INFO] IPUIPlugin:80 - create IPUIPlugin
2024-09-13 08:46:17,784 [INFO] PluginManager:220 - loadIPPluginJar : add i2c
2024-09-13 08:46:17,790 [INFO] IPUIPlugin:80 - create IPUIPlugin
2024-09-13 08:46:17,790 [INFO] PluginManager:220 - loadIPPluginJar : add mdma
2024-09-13 08:46:17,792 [INFO] IPUIPlugin:80 - create IPUIPlugin
2024-09-13 08:46:17,792 [INFO] PluginManager:220 - loadIPPluginJar : add usart
2024-09-13 08:46:17,796 [INFO] IPUIPlugin:80 - create IPUIPlugin
2024-09-13 08:46:17,796 [INFO] PluginManager:220 - loadIPPluginJar : add gfxmmu
2024-09-13 08:46:17,798 [INFO] IPUIPlugin:80 - create IPUIPlugin
2024-09-13 08:46:17,799 [INFO] PluginManager:220 - loadIPPluginJar : add usbx
2024-09-13 08:46:17,799 [INFO] IPUIPlugin:80 - create IPUIPlugin
2024-09-13 08:46:17,800 [INFO] PluginManager:220 - loadIPPluginJar : add tsc
2024-09-13 08:46:17,801 [INFO] IPUIPlugin:80 - create IPUIPlugin
2024-09-13 08:46:17,801 [INFO] PluginManager:220 - loadIPPluginJar : add dma3
2024-09-13 08:46:17,806 [INFO] IPUIPlugin:80 - create IPUIPlugin
2024-09-13 08:46:17,806 [INFO] PluginManager:220 - loadIPPluginJar : add fmc
2024-09-13 08:46:17,808 [INFO] IPUIPlugin:80 - create IPUIPlugin
2024-09-13 08:46:17,808 [INFO] PluginManager:220 - loadIPPluginJar : add extmemmanager
2024-09-13 08:46:17,809 [INFO] IPUIPlugin:80 - create IPUIPlugin
2024-09-13 08:46:17,809 [INFO] PluginManager:220 - loadIPPluginJar : add comp
2024-09-13 08:46:17,811 [INFO] IPUIPlugin:80 - create IPUIPlugin
2024-09-13 08:46:17,812 [INFO] PluginManager:220 - loadIPPluginJar : add i3c
2024-09-13 08:46:17,815 [INFO] IPUIPlugin:80 - create IPUIPlugin
2024-09-13 08:46:17,815 [INFO] PluginManager:220 - loadIPPluginJar : add gtzc
2024-09-13 08:46:17,818 [INFO] IPUIPlugin:80 - create IPUIPlugin
2024-09-13 08:46:17,818 [INFO] PluginManager:220 - loadIPPluginJar : add touchsensing
2024-09-13 08:46:17,819 [INFO] IPUIPlugin:80 - create IPUIPlugin
2024-09-13 08:46:17,819 [INFO] PluginManager:220 - loadIPPluginJar : add ucpd
2024-09-13 08:46:17,820 [INFO] IPUIPlugin:80 - create IPUIPlugin
2024-09-13 08:46:17,820 [INFO] PluginManager:220 - loadIPPluginJar : add fatfs
2024-09-13 08:46:17,824 [INFO] IPUIPlugin:80 - create IPUIPlugin
2024-09-13 08:46:17,824 [INFO] PluginManager:220 - loadIPPluginJar : add stm32_wpan
2024-09-13 08:46:17,829 [INFO] IPUIPlugin:80 - create IPUIPlugin
2024-09-13 08:46:17,829 [INFO] PluginManager:220 - loadIPPluginJar : add gpio
2024-09-13 08:46:17,830 [INFO] IPUIPlugin:80 - create IPUIPlugin
2024-09-13 08:46:17,830 [INFO] PluginManager:220 - loadIPPluginJar : add i2s
2024-09-13 08:46:17,831 [INFO] IPUIPlugin:80 - create IPUIPlugin
2024-09-13 08:46:17,831 [INFO] PluginManager:220 - loadIPPluginJar : add tim
2024-09-13 08:46:17,837 [INFO] IPUIPlugin:80 - create IPUIPlugin
2024-09-13 08:46:17,837 [INFO] PluginManager:220 - loadIPPluginJar : add adc
2024-09-13 08:46:17,839 [INFO] IPUIPlugin:80 - create IPUIPlugin
2024-09-13 08:46:17,839 [INFO] PluginManager:220 - loadIPPluginJar : add pdm2pcm
2024-09-13 08:46:17,845 [INFO] IPUIPlugin:80 - create IPUIPlugin
2024-09-13 08:46:17,845 [INFO] PluginManager:220 - loadIPPluginJar : add gic
2024-09-13 08:46:17,848 [INFO] IPUIPlugin:80 - create IPUIPlugin
2024-09-13 08:46:17,848 [INFO] PluginManager:220 - loadIPPluginJar : add sai
2024-09-13 08:46:17,850 [INFO] IPUIPlugin:80 - create IPUIPlugin
2024-09-13 08:46:17,850 [INFO] PluginManager:220 - loadIPPluginJar : add spi
2024-09-13 08:46:17,852 [INFO] IPUIPlugin:80 - create IPUIPlugin
2024-09-13 08:46:17,852 [INFO] PluginManager:220 - loadIPPluginJar : add can
2024-09-13 08:46:17,855 [INFO] IPUIPlugin:80 - create IPUIPlugin
2024-09-13 08:46:17,855 [INFO] PluginManager:220 - loadIPPluginJar : add resmgrutility
2024-09-13 08:46:17,856 [INFO] IPUIPlugin:80 - create IPUIPlugin
2024-09-13 08:46:17,856 [INFO] PluginManager:220 - loadIPPluginJar : add quadspi
2024-09-13 08:46:17,860 [INFO] IPUIPlugin:80 - create IPUIPlugin
2024-09-13 08:46:17,860 [INFO] PluginManager:220 - loadIPPluginJar : add freertos
2024-09-13 08:46:17,861 [INFO] IPUIPlugin:80 - create IPUIPlugin
2024-09-13 08:46:17,861 [INFO] PluginManager:220 - loadIPPluginJar : add ts
2024-09-13 08:46:17,863 [INFO] IPUIPlugin:80 - create IPUIPlugin
2024-09-13 08:46:17,863 [INFO] PluginManager:220 - loadIPPluginJar : add aes
2024-09-13 08:46:17,866 [INFO] IPUIPlugin:80 - create IPUIPlugin
2024-09-13 08:46:17,866 [INFO] PluginManager:220 - loadIPPluginJar : add nvic
2024-09-13 08:46:17,868 [INFO] IPUIPlugin:80 - create IPUIPlugin
2024-09-13 08:46:17,868 [INFO] PluginManager:220 - loadIPPluginJar : add openamp
2024-09-13 08:46:17,869 [INFO] IPUIPlugin:80 - create IPUIPlugin
2024-09-13 08:46:17,869 [INFO] PluginManager:220 - loadIPPluginJar : add dfsdm
2024-09-13 08:46:17,871 [INFO] IPUIPlugin:80 - create IPUIPlugin
2024-09-13 08:46:17,871 [INFO] PluginManager:220 - loadIPPluginJar : add lorawan
2024-09-13 08:46:17,872 [INFO] IPUIPlugin:80 - create IPUIPlugin
2024-09-13 08:46:17,872 [INFO] PluginManager:220 - loadIPPluginJar : add genericplugin
2024-09-13 08:46:17,873 [INFO] IPUIPlugin:80 - create IPUIPlugin
2024-09-13 08:46:17,874 [INFO] PluginManager:220 - loadIPPluginJar : add hash
2024-09-13 08:46:17,874 [INFO] IPUIPlugin:80 - create IPUIPlugin
2024-09-13 08:46:17,874 [INFO] PluginManager:220 - loadIPPluginJar : add ltdc
2024-09-13 08:46:17,879 [INFO] IPUIPlugin:80 - create IPUIPlugin
2024-09-13 08:46:17,881 [INFO] PluginManager:220 - loadIPPluginJar : add plateformsettings
2024-09-13 08:46:17,882 [INFO] IPUIPlugin:80 - create IPUIPlugin
2024-09-13 08:46:17,882 [INFO] PluginManager:220 - loadIPPluginJar : add cryp
2024-09-13 08:46:17,883 [INFO] IPUIPlugin:80 - create IPUIPlugin
2024-09-13 08:46:17,883 [INFO] PluginManager:220 - loadIPPluginJar : add opamp
2024-09-13 08:46:17,996 [INFO] CADModel:165 - CPN selected for project level
2024-09-13 08:46:17,997 [INFO] CADModel:114 - Register for checkConnection events
2024-09-13 08:46:17,997 [FATAL] Updater:308 - Updater called before beeing initialized
2024-09-13 08:46:17,997 [ERROR] CADModel:125 - Updater not yet initialized, retry later 
2024-09-13 08:46:18,106 [INFO] CADModel:165 - CPN selected for project level
2024-09-13 08:46:18,106 [INFO] CADModel:114 - Register for checkConnection events
2024-09-13 08:46:18,106 [FATAL] Updater:308 - Updater called before beeing initialized
2024-09-13 08:46:18,106 [ERROR] CADModel:125 - Updater not yet initialized, retry later 
2024-09-13 08:46:18,108 [FATAL] Updater:308 - Updater called before beeing initialized
2024-09-13 08:46:18,164 [FATAL] Updater:308 - Updater called before beeing initialized
2024-09-13 08:46:18,166 [INFO] DbMcusAds:53 - JSON generation date=Thu May 16 16:22:00 WIB 2024 (1715851320667)
2024-09-13 08:46:18,167 [FATAL] Updater:308 - Updater called before beeing initialized
2024-09-13 08:46:18,196 [WARN] DetailPanel:346 - Failed to get advertising image, set to default
2024-09-13 08:46:18,264 [FATAL] Updater:308 - Updater called before beeing initialized
2024-09-13 08:46:18,265 [FATAL] Updater:308 - Updater called before beeing initialized
2024-09-13 08:46:18,266 [FATAL] Updater:308 - Updater called before beeing initialized
2024-09-13 08:46:18,266 [WARN] DetailPanel:346 - Failed to get advertising image, set to default
2024-09-13 08:46:18,266 [FATAL] Updater:308 - Updater called before beeing initialized
2024-09-13 08:46:18,289 [ERROR] Updater:1120 - MainUpdater not yet initialized. External WinMGr cannot be set.
2024-09-13 08:46:18,291 [INFO] Updater:1056 - Updater Version found : 6.11.1
2024-09-13 08:46:18,309 [INFO] ApplicationProperties:184 - Using Application install path: /opt/st/stm32cubeide_1.15.1/plugins/com.st.stm32cube.common.mx_6.11.1.202404110753
2024-09-13 08:46:18,694 [INFO] MainUpdater:2873 - connection check result : 10
2024-09-13 08:46:18,696 [INFO] MainUpdater:290 - Updater Check For Update Now.
2024-09-13 08:46:18,697 [INFO] MicroXplorer:498 - Change Database Version : DB.6.0.111
2024-09-13 08:46:18,710 [INFO] McuFinderGlobals:63 - Set McuFinder mode to 2 (CubeIDE integrated)
2024-09-13 08:46:18,718 [INFO] UserAuth:415 - Internet connection configuration mode: 1
2024-09-13 08:46:18,735 [INFO] JxBrowserEngine:152 - Initiate JxBrowser Engine with user profile folder
2024-09-13 08:46:18,865 [INFO] CheckServerUpdateThread:120 - End of CheckServer Thread
2024-09-13 08:46:20,452 [WARN] PackLoader:240 - Cannot read IP mode file for STMicroelectronics.X-CUBE-SMBUS.2.1.0
2024-09-13 08:46:20,477 [WARN] PackLoader:240 - Cannot read IP mode file for STMicroelectronics.X-CUBE-AZRTOS-F7.1.1.0
2024-09-13 08:46:20,544 [WARN] PackLoader:240 - Cannot read IP mode file for STMicroelectronics.X-CUBE-MEMS1.11.0.0
2024-09-13 08:46:20,659 [WARN] PackLoader:240 - Cannot read IP mode file for STMicroelectronics.FP-SNS-FLIGHT1.5.0.2
2024-09-13 08:46:20,665 [WARN] PackLoader:240 - Cannot read IP mode file for STMicroelectronics.X-CUBE-DISPLAY.3.0.0
2024-09-13 08:46:20,673 [WARN] PackLoader:240 - Cannot read IP mode file for STMicroelectronics.X-CUBE-BLE1.7.0.0
2024-09-13 08:46:20,679 [WARN] PackLoader:240 - Cannot read IP mode file for emotas.I-CUBE-CANOPEN.1.3.0
2024-09-13 08:46:20,689 [WARN] PackLoader:240 - Cannot read IP mode file for STMicroelectronics.X-CUBE-BLEMGR.3.1.0
2024-09-13 08:46:20,706 [WARN] PackLoader:240 - Cannot read IP mode file for STMicroelectronics.FP-SNS-SMARTAG2.1.2.0
2024-09-13 08:46:20,723 [INFO] LogOutputStream:77 - [STDOUT_REDIRECT] 1 : Invalid condition id : UX_CORESTACK_Condition cause : null
2024-09-13 08:46:20,724 [INFO] LogOutputStream:77 - [STDOUT_REDIRECT] 1 : Invalid condition id : UX_CORESTACK_Condition cause : null
2024-09-13 08:46:20,724 [INFO] LogOutputStream:77 - [STDOUT_REDIRECT] 1 : Invalid condition id : UX_CORESTACK_Condition cause : null
2024-09-13 08:46:20,724 [INFO] LogOutputStream:77 - [STDOUT_REDIRECT] 1 : Invalid condition id : UX_CORESTACK_Condition cause : null
2024-09-13 08:46:20,724 [INFO] LogOutputStream:77 - [STDOUT_REDIRECT] 1 : Invalid condition id : UX_CORESTACK_Condition cause : null
2024-09-13 08:46:20,728 [WARN] PackLoader:240 - Cannot read IP mode file for STMicroelectronics.X-CUBE-AZRTOS-WL.2.0.0
2024-09-13 08:46:20,735 [WARN] PackLoader:240 - Cannot read IP mode file for WES.I-CUBE-Cesium.1.3.0
2024-09-13 08:46:20,740 [WARN] PackLoader:240 - Cannot read IP mode file for STMicroelectronics.X-CUBE-BLE2.3.3.0
2024-09-13 08:46:20,767 [WARN] PackLoader:240 - Cannot read IP mode file for STMicroelectronics.X-CUBE-AZRTOS-G0.1.1.0
2024-09-13 08:46:20,774 [WARN] PackLoader:240 - Cannot read IP mode file for STMicroelectronics.X-CUBE-NFC4.3.0.0
2024-09-13 08:46:20,785 [WARN] PackLoader:240 - Cannot read IP mode file for EmbeddedOffice.I-CUBE-FS-RTOS.1.0.1
2024-09-13 08:46:20,785 [ERROR] ConditionMgr:805 - Attr not supported : Dmpu
2024-09-13 08:46:20,785 [ERROR] ConditionMgr:805 - Attr not supported : Dmpu
2024-09-13 08:46:20,785 [ERROR] ConditionMgr:805 - Attr not supported : Dmpu
2024-09-13 08:46:20,785 [ERROR] ConditionMgr:805 - Attr not supported : Dmpu
2024-09-13 08:46:20,785 [ERROR] ConditionMgr:805 - Attr not supported : Dmpu
2024-09-13 08:46:20,786 [ERROR] ConditionMgr:805 - Attr not supported : Dmpu
2024-09-13 08:46:20,786 [ERROR] ConditionMgr:805 - Attr not supported : Dmpu
2024-09-13 08:46:20,786 [ERROR] ConditionMgr:805 - Attr not supported : Dmpu
2024-09-13 08:46:20,786 [ERROR] ConditionMgr:805 - Attr not supported : Dmpu
2024-09-13 08:46:20,786 [ERROR] ConditionMgr:805 - Attr not supported : Dmpu
2024-09-13 08:46:20,786 [ERROR] ConditionMgr:805 - Attr not supported : Dmpu
2024-09-13 08:46:20,786 [ERROR] ConditionMgr:805 - Attr not supported : Dmpu
2024-09-13 08:46:20,786 [ERROR] ConditionMgr:805 - Attr not supported : Dmpu
2024-09-13 08:46:20,786 [ERROR] ConditionMgr:805 - Attr not supported : Dmpu
2024-09-13 08:46:20,786 [ERROR] ConditionMgr:805 - Attr not supported : Dmpu
2024-09-13 08:46:20,786 [ERROR] ConditionMgr:805 - Attr not supported : Dmpu
2024-09-13 08:46:20,786 [ERROR] ConditionMgr:805 - Attr not supported : Dmpu
2024-09-13 08:46:20,786 [ERROR] ConditionMgr:805 - Attr not supported : Dmpu
2024-09-13 08:46:20,786 [ERROR] ConditionMgr:805 - Attr not supported : Dmpu
2024-09-13 08:46:20,786 [ERROR] ConditionMgr:805 - Attr not supported : Dmpu
2024-09-13 08:46:20,787 [ERROR] ConditionMgr:805 - Attr not supported : Dmpu
2024-09-13 08:46:20,787 [ERROR] ConditionMgr:805 - Attr not supported : Dmpu
2024-09-13 08:46:20,787 [ERROR] ConditionMgr:805 - Attr not supported : Dmpu
2024-09-13 08:46:20,787 [ERROR] ConditionMgr:805 - Attr not supported : Dmpu
2024-09-13 08:46:20,787 [ERROR] ConditionMgr:805 - Attr not supported : Dmpu
2024-09-13 08:46:20,787 [ERROR] ConditionMgr:805 - Attr not supported : Dmpu
2024-09-13 08:46:20,787 [ERROR] ConditionMgr:805 - Attr not supported : Dmpu
2024-09-13 08:46:20,787 [ERROR] ConditionMgr:805 - Attr not supported : Dmpu
2024-09-13 08:46:20,787 [ERROR] ConditionMgr:805 - Attr not supported : Dmpu
2024-09-13 08:46:20,787 [ERROR] ConditionMgr:805 - Attr not supported : Dmpu
2024-09-13 08:46:20,787 [ERROR] ConditionMgr:805 - Attr not supported : Dmpu
2024-09-13 08:46:20,787 [ERROR] ConditionMgr:805 - Attr not supported : Dmpu
2024-09-13 08:46:20,787 [ERROR] ConditionMgr:805 - Attr not supported : Dmpu
2024-09-13 08:46:20,787 [ERROR] ConditionMgr:805 - Attr not supported : Dmpu
2024-09-13 08:46:20,788 [ERROR] ConditionMgr:805 - Attr not supported : Dmpu
2024-09-13 08:46:20,788 [ERROR] ConditionMgr:805 - Attr not supported : Dmpu
2024-09-13 08:46:20,788 [ERROR] ConditionMgr:805 - Attr not supported : Dmpu
2024-09-13 08:46:20,788 [ERROR] ConditionMgr:805 - Attr not supported : Dmpu
2024-09-13 08:46:20,788 [ERROR] ConditionMgr:805 - Attr not supported : Dmpu
2024-09-13 08:46:20,788 [ERROR] ConditionMgr:805 - Attr not supported : Dmpu
2024-09-13 08:46:20,788 [ERROR] ConditionMgr:805 - Attr not supported : Dmpu
2024-09-13 08:46:20,788 [ERROR] ConditionMgr:805 - Attr not supported : Dmpu
2024-09-13 08:46:20,788 [ERROR] ConditionMgr:805 - Attr not supported : Dmpu
2024-09-13 08:46:20,788 [ERROR] ConditionMgr:805 - Attr not supported : Dmpu
2024-09-13 08:46:20,788 [ERROR] ConditionMgr:805 - Attr not supported : Dmpu
2024-09-13 08:46:20,789 [ERROR] ConditionMgr:805 - Attr not supported : Dmpu
2024-09-13 08:46:20,789 [ERROR] ConditionMgr:805 - Attr not supported : Dmpu
2024-09-13 08:46:20,789 [ERROR] ConditionMgr:805 - Attr not supported : Dmpu
2024-09-13 08:46:20,789 [ERROR] ConditionMgr:805 - Attr not supported : Dmpu
2024-09-13 08:46:20,789 [ERROR] ConditionMgr:805 - Attr not supported : Dmpu
2024-09-13 08:46:20,789 [ERROR] ConditionMgr:805 - Attr not supported : Dmpu
2024-09-13 08:46:20,789 [ERROR] ConditionMgr:805 - Attr not supported : Dmpu
2024-09-13 08:46:20,789 [ERROR] ConditionMgr:805 - Attr not supported : Dmpu
2024-09-13 08:46:20,789 [ERROR] ConditionMgr:805 - Attr not supported : Dmpu
2024-09-13 08:46:20,789 [ERROR] ConditionMgr:805 - Attr not supported : Dmpu
2024-09-13 08:46:20,789 [ERROR] ConditionMgr:805 - Attr not supported : Dmpu
2024-09-13 08:46:20,789 [ERROR] ConditionMgr:805 - Attr not supported : Dmpu
2024-09-13 08:46:20,789 [ERROR] ConditionMgr:805 - Attr not supported : Dmpu
2024-09-13 08:46:20,790 [ERROR] ConditionMgr:805 - Attr not supported : Dmpu
2024-09-13 08:46:20,790 [ERROR] ConditionMgr:805 - Attr not supported : Dmpu
2024-09-13 08:46:20,790 [ERROR] ConditionMgr:805 - Attr not supported : Dmpu
2024-09-13 08:46:20,790 [ERROR] ConditionMgr:805 - Attr not supported : Dmpu
2024-09-13 08:46:20,790 [ERROR] ConditionMgr:805 - Attr not supported : Dmpu
2024-09-13 08:46:20,790 [ERROR] ConditionMgr:805 - Attr not supported : Dmpu
2024-09-13 08:46:20,793 [WARN] PackLoader:240 - Cannot read IP mode file for STMicroelectronics.FP-ATR-SIGFOX1.3.2.0
2024-09-13 08:46:20,800 [WARN] PackLoader:240 - Cannot read IP mode file for STMicroelectronics.X-CUBE-EEPRMA1.5.1.0
2024-09-13 08:46:20,804 [WARN] PackLoader:240 - Cannot read IP mode file for ITTIA_DB.I-CUBE-ITTIADB.8.9.0
2024-09-13 08:46:20,823 [WARN] PackLoader:240 - Cannot read IP mode file for SEGGER.I-CUBE-embOS.1.3.1
2024-09-13 08:46:20,856 [WARN] PackLoader:240 - Cannot read IP mode file for STMicroelectronics.X-CUBE-GNSS1.6.0.0
2024-09-13 08:46:20,873 [WARN] PackLoader:240 - Cannot read IP mode file for STMicroelectronics.X-CUBE-AZRTOS-F4.1.1.0
2024-09-13 08:46:20,892 [WARN] PackLoader:240 - Cannot read IP mode file for STMicroelectronics.X-CUBE-AZRTOS-L5.2.0.0
2024-09-13 08:46:20,902 [WARN] PackLoader:240 - Cannot read IP mode file for STMicroelectronics.X-CUBE-NFC7.1.0.1
2024-09-13 08:46:20,920 [WARN] ConditionMgr:438 - getConditionDescription Invalid condition id : LAN8742 Phy interface Condition cause : null
2024-09-13 08:46:20,920 [WARN] PackLoader:240 - Cannot read IP mode file for STMicroelectronics.X-CUBE-AZRTOS-L4.2.0.0
2024-09-13 08:46:20,921 [WARN] ConditionMgr:1039 - genDependencies : Invalid condition id : LAN8742 Phy interface Condition cause : null
2024-09-13 08:46:20,921 [WARN] ConditionMgr:1039 - genDependencies : Invalid condition id : LAN8742 Phy interface Condition cause : null
2024-09-13 08:46:20,922 [WARN] ConditionMgr:1039 - genDependencies : Invalid condition id : LAN8742 Phy interface Condition cause : null
2024-09-13 08:46:20,927 [WARN] PackLoader:240 - Cannot read IP mode file for STMicroelectronics.X-CUBE-SFXS2LP1.4.0.0
2024-09-13 08:46:20,948 [WARN] PackLoader:240 - Cannot read IP mode file for STMicroelectronics.X-CUBE-AZRTOS-H7.3.3.0
2024-09-13 08:46:20,960 [WARN] ConditionMgr:438 - getConditionDescription Invalid condition id : UX DEVICE CLASS RTOS Condition cause : null
2024-09-13 08:46:20,960 [WARN] ConditionMgr:438 - getConditionDescription Invalid condition id : UX DEVICE CLASS RTOS Condition cause : null
2024-09-13 08:46:20,962 [WARN] PackLoader:240 - Cannot read IP mode file for STMicroelectronics.X-CUBE-AZRTOS-WB.2.0.0
2024-09-13 08:46:20,962 [WARN] ConditionMgr:1039 - genDependencies : Invalid condition id : UX DEVICE CLASS RTOS Condition cause : null
2024-09-13 08:46:20,962 [WARN] ConditionMgr:1039 - genDependencies : Invalid condition id : UX DEVICE CLASS RTOS Condition cause : null
2024-09-13 08:46:20,963 [WARN] ConditionMgr:1039 - genDependencies : Invalid condition id : UX DEVICE CLASS RTOS Condition cause : null
2024-09-13 08:46:20,963 [WARN] ConditionMgr:1039 - genDependencies : Invalid condition id : UX DEVICE CLASS RTOS Condition cause : null
2024-09-13 08:46:20,963 [WARN] ConditionMgr:1039 - genDependencies : Invalid condition id : UX DEVICE CLASS RTOS Condition cause : null
2024-09-13 08:46:20,966 [WARN] PackLoader:240 - Cannot read IP mode file for STMicroelectronics.X-CUBE-GNSS1.7.0.0
2024-09-13 08:46:20,971 [WARN] PackLoader:240 - Cannot read IP mode file for STMicroelectronics.FP-SNS-STBOX1.2.0.0
2024-09-13 08:46:20,980 [WARN] PackLoader:240 - Cannot read IP mode file for STMicroelectronics.X-CUBE-SUBG2.5.0.0
2024-09-13 08:46:20,985 [WARN] PackLoader:240 - Cannot read IP mode file for Cesanta.I-CUBE-Mongoose.7.13.0
2024-09-13 08:46:20,998 [WARN] PackLoader:240 - Cannot read IP mode file for STMicroelectronics.X-CUBE-AZRTOS-G4.2.0.0
2024-09-13 08:46:21,005 [WARN] PackLoader:240 - Cannot read IP mode file for STMicroelectronics.X-CUBE-ISPU.2.0.0
2024-09-13 08:46:21,034 [WARN] PackLoader:240 - Cannot read IP mode file for STMicroelectronics.X-CUBE-MEMS1.10.0.0
2024-09-13 08:46:21,144 [WARN] PackLoader:240 - Cannot read IP mode file for portGmbH.I-Cube-SoM-uGOAL.1.1.0
2024-09-13 08:46:21,155 [WARN] PackLoader:240 - Cannot read IP mode file for STMicroelectronics.FP-ATR-ASTRA1.2.0.0
2024-09-13 08:46:21,174 [WARN] PackLoader:240 - Cannot read IP mode file for STMicroelectronics.X-CUBE-TOF1.3.4.2
2024-09-13 08:46:21,200 [WARN] PackLoader:240 - Cannot read IP mode file for STMicroelectronics.X-CUBE-TOF1.3.4.1
2024-09-13 08:46:21,228 [WARN] PackLoader:240 - Cannot read IP mode file for STMicroelectronics.X-CUBE-AZRTOS-H7.3.2.0
2024-09-13 08:46:21,258 [WARN] PackLoader:240 - Cannot read IP mode file for Infineon.AIROC-Wi-Fi-Bluetooth-STM32.1.6.0
2024-09-13 08:46:21,263 [WARN] PackLoader:240 - Cannot read IP mode file for wolfSSL.I-CUBE-wolfSSH.1.4.17
2024-09-13 08:46:21,263 [INFO] ThirdParty:978 - Integrity check success = true
2024-09-13 08:46:21,263 [INFO] IntegrityCheckThread:100 - exiting critical section [integrity check]
2024-09-13 08:46:21,264 [INFO] IntegrityCheckThread:103 - End integrity checks thread
2024-09-13 08:46:21,750 [INFO] WebApp:161 - Instantiating new browser for Auth
2024-09-13 08:46:23,330 [INFO] WebApp:779 - Register for checkConnection events
2024-09-13 08:46:23,330 [INFO] WebApp:414 - Apply proxy settings
2024-09-13 08:46:23,330 [INFO] WebApp:499 - Chromium requires no authentication
2024-09-13 08:46:23,334 [INFO] WebApp:442 - Direct internet connection detected
2024-09-13 08:46:23,457 [INFO] WebApp:192 - Starting web application
2024-09-13 08:46:23,457 [INFO] WebApp:544 - Web application path used /opt/st/stm32cubeide_1.15.1/plugins/com.st.stm32cube.common.mx_6.11.1.202404110753/db/plugins/mcufinder/reactClient1/index.html
2024-09-13 08:53:56,332 [ERROR] AdobePublisher:162 - Exception while opening the connection: java.net.SocketTimeoutException: Read timed out
2024-09-13 08:53:58,467 [ERROR] AdobePublisher:162 - Exception while opening the connection: java.net.SocketTimeoutException: Read timed out
2024-09-13 08:54:00,618 [ERROR] AdobePublisher:162 - Exception while opening the connection: java.net.SocketTimeoutException: Read timed out
2024-09-13 08:54:02,752 [ERROR] AdobePublisher:162 - Exception while opening the connection: java.net.SocketTimeoutException: Read timed out
2024-09-13 08:54:04,787 [ERROR] AdobePublisher:162 - Exception while opening the connection: java.net.SocketTimeoutException: Read timed out
2024-09-13 08:54:08,796 [ERROR] AdobePublisher:162 - Exception while opening the connection: java.net.SocketTimeoutException: Read timed out
2024-09-13 08:54:10,850 [ERROR] AdobePublisher:162 - Exception while opening the connection: java.net.SocketTimeoutException: Read timed out
2024-09-13 08:54:12,898 [ERROR] AdobePublisher:162 - Exception while opening the connection: java.net.SocketTimeoutException: Read timed out
2024-09-13 08:54:14,924 [ERROR] AdobePublisher:162 - Exception while opening the connection: java.net.SocketTimeoutException: Read timed out
2024-09-13 08:54:16,956 [ERROR] AdobePublisher:162 - Exception while opening the connection: java.net.SocketTimeoutException: Read timed out
2024-09-13 08:58:43,114 [ERROR] AdobePublisher:162 - Exception while opening the connection: java.net.SocketTimeoutException: Read timed out
2024-09-13 08:58:45,160 [ERROR] AdobePublisher:162 - Exception while opening the connection: java.net.SocketTimeoutException: Read timed out
2024-09-13 08:58:47,210 [ERROR] AdobePublisher:162 - Exception while opening the connection: java.net.SocketTimeoutException: Read timed out
2024-09-13 08:58:49,233 [ERROR] AdobePublisher:162 - Exception while opening the connection: java.net.SocketTimeoutException: Read timed out
2024-09-13 08:58:51,268 [ERROR] AdobePublisher:162 - Exception while opening the connection: java.net.SocketTimeoutException: Read timed out
2024-09-13 08:59:01,542 [ERROR] AdobePublisher:162 - Exception while opening the connection: java.net.SocketTimeoutException: Read timed out
2024-09-13 08:59:03,591 [ERROR] AdobePublisher:162 - Exception while opening the connection: java.net.SocketTimeoutException: Read timed out
2024-09-13 08:59:05,628 [ERROR] AdobePublisher:162 - Exception while opening the connection: java.net.SocketTimeoutException: Read timed out
2024-09-13 08:59:07,655 [ERROR] AdobePublisher:162 - Exception while opening the connection: java.net.SocketTimeoutException: Read timed out
2024-09-13 08:59:09,698 [ERROR] AdobePublisher:162 - Exception while opening the connection: java.net.SocketTimeoutException: Read timed out
2024-09-13 08:59:13,248 [ERROR] AdobePublisher:162 - Exception while opening the connection: java.net.SocketTimeoutException: Read timed out
2024-09-13 08:59:15,278 [ERROR] AdobePublisher:162 - Exception while opening the connection: java.net.SocketTimeoutException: Read timed out
2024-09-13 08:59:17,324 [ERROR] AdobePublisher:162 - Exception while opening the connection: java.net.SocketTimeoutException: Read timed out
2024-09-13 08:59:19,353 [ERROR] AdobePublisher:162 - Exception while opening the connection: java.net.SocketTimeoutException: Read timed out
2024-09-13 08:59:21,378 [ERROR] AdobePublisher:162 - Exception while opening the connection: java.net.SocketTimeoutException: Read timed out
2024-09-13 09:16:58,744 [ERROR] AdobePublisher:162 - Exception while opening the connection: java.net.SocketTimeoutException: Read timed out
2024-09-13 09:17:00,784 [ERROR] AdobePublisher:162 - Exception while opening the connection: java.net.SocketTimeoutException: Read timed out
2024-09-13 09:17:02,808 [ERROR] AdobePublisher:162 - Exception while opening the connection: java.net.SocketTimeoutException: Read timed out
2024-09-13 09:17:04,851 [ERROR] AdobePublisher:162 - Exception while opening the connection: java.net.SocketTimeoutException: Read timed out
2024-09-13 09:17:06,878 [ERROR] AdobePublisher:162 - Exception while opening the connection: java.net.SocketTimeoutException: Read timed out
2024-09-13 09:17:13,786 [ERROR] AdobePublisher:162 - Exception while opening the connection: java.net.SocketTimeoutException: Read timed out
2024-09-13 09:17:15,822 [ERROR] AdobePublisher:162 - Exception while opening the connection: java.net.SocketTimeoutException: Read timed out
2024-09-13 09:17:17,851 [ERROR] AdobePublisher:162 - Exception while opening the connection: java.net.SocketTimeoutException: Read timed out
2024-09-13 09:17:19,880 [ERROR] AdobePublisher:162 - Exception while opening the connection: java.net.SocketTimeoutException: Read timed out
2024-09-13 09:17:21,916 [ERROR] AdobePublisher:162 - Exception while opening the connection: java.net.SocketTimeoutException: Read timed out
2024-09-13 09:21:19,100 [ERROR] AdobePublisher:162 - Exception while opening the connection: java.net.SocketTimeoutException: Read timed out
2024-09-13 09:21:21,135 [ERROR] AdobePublisher:162 - Exception while opening the connection: java.net.SocketTimeoutException: Read timed out
2024-09-13 09:21:23,185 [ERROR] AdobePublisher:162 - Exception while opening the connection: java.net.SocketTimeoutException: Read timed out
2024-09-13 09:21:25,224 [ERROR] AdobePublisher:162 - Exception while opening the connection: java.net.SocketTimeoutException: Read timed out
2024-09-13 09:21:27,252 [ERROR] AdobePublisher:162 - Exception while opening the connection: java.net.SocketTimeoutException: Read timed out
2024-09-13 09:21:28,100 [ERROR] LogOutputStream:75 - [STDERR_REDIRECT] 
