2024-09-17 00:50:29,098 [ERROR] LogOutputStream:75 - [STDERR_REDIRECT] 
2024-09-17 12:46:30,168 [INFO] Activator:176 - 


2024-09-17 12:46:30,169 [INFO] Activator:177 - !SESSION log4j initialized
2024-09-17 12:46:35,503 [INFO] LogOutputStream:77 - [STDOUT_REDIRECT] 
2024-09-17 12:46:36,526 [INFO] ApplicationProperties:184 - Using Application install path: /opt/st/stm32cubeide_1.15.1/plugins/com.st.stm32cube.common.mx_6.11.1.202404110753
2024-09-17 12:46:36,548 [INFO] DbMcusXml:78 - Set database path to: /opt/st/stm32cubeide_1.15.1/plugins/com.st.stm32cube.common.mx_6.11.1.202404110753//db//mcu/
2024-09-17 12:46:36,548 [INFO] ApiDb:274 - Set plugin database path to: /opt/st/stm32cubeide_1.15.1/plugins/com.st.stm32cube.common.mx_6.11.1.202404110753//db//plugins/boardmanager/
2024-09-17 12:46:36,549 [WARN] ApiDb:259 - Overriding images path with different value:  => /opt/st/stm32cubeide_1.15.1/plugins/com.st.stm32cube.common.mx_6.11.1.202404110753//db//plugins/mcufinder/images/
2024-09-17 12:46:36,558 [INFO] ApiDb:250 - Set database path to: /home/wgg/.stmcufinder/plugins/mcufinder//mcu/
2024-09-17 12:46:36,559 [INFO] DbMcusAds:125 - Set database path to: /home/wgg/.stmcufinder/plugins/mcufinder//mcu/
2024-09-17 12:46:36,566 [INFO] CrossReferenceDbSqlite:203 - Set database path to: /home/wgg/.stmcufinder/plugins/mcufinder//mcu/cs/
2024-09-17 12:46:36,717 [INFO] RulesReader:64 - Compatibility file has been processed (297 Rules)
2024-09-17 12:46:36,811 [INFO] DbMcusXml:78 - Set database path to: /opt/st/stm32cubeide_1.15.1/plugins/com.st.stm32cube.common.mx_6.11.1.202404110753//db//mcu/
2024-09-17 12:46:36,812 [INFO] ApiDb:274 - Set plugin database path to: /opt/st/stm32cubeide_1.15.1/plugins/com.st.stm32cube.common.mx_6.11.1.202404110753//db//plugins/boardmanager/
2024-09-17 12:46:36,812 [INFO] ApiDb:261 - Set plugin images path to: /opt/st/stm32cubeide_1.15.1/plugins/com.st.stm32cube.common.mx_6.11.1.202404110753//db//plugins/mcufinder/images/
2024-09-17 12:46:36,812 [WARN] DbFile:41 - Overriding database path with different value: /home/wgg/.stmcufinder/plugins/mcufinder/ => /home/wgg/.stmcufinder/plugins/mcufinder
2024-09-17 12:46:36,812 [INFO] ApiDb:250 - Set database path to: /home/wgg/.stmcufinder/plugins/mcufinder//mcu/
2024-09-17 12:46:36,812 [WARN] DbFile:41 - Overriding database path with different value: /home/wgg/.stmcufinder/plugins/mcufinder/ => /home/wgg/.stmcufinder/plugins/mcufinder
2024-09-17 12:46:36,812 [INFO] DbMcusAds:125 - Set database path to: /home/wgg/.stmcufinder/plugins/mcufinder//mcu/
2024-09-17 12:46:36,812 [WARN] DbFile:41 - Overriding database path with different value: /home/wgg/.stmcufinder/plugins/mcufinder/ => /home/wgg/.stmcufinder/plugins/mcufinder
2024-09-17 12:46:36,812 [WARN] DbFile:41 - Overriding database path with different value: /home/wgg/.stmcufinder/plugins/mcufinder/ => /home/wgg/.stmcufinder/plugins/mcufinder
2024-09-17 12:46:36,813 [INFO] CrossReferenceDbSqlite:203 - Set database path to: /home/wgg/.stmcufinder/plugins/mcufinder//mcu/cs/
2024-09-17 12:46:36,879 [INFO] MainPanel:264 - HeapMemory: 268435456
2024-09-17 12:46:36,948 [INFO] DbMcusXml:78 - Set database path to: /opt/st/stm32cubeide_1.15.1/plugins/com.st.stm32cube.common.mx_6.11.1.202404110753//db//mcu/
2024-09-17 12:46:36,948 [INFO] ApiDb:274 - Set plugin database path to: /opt/st/stm32cubeide_1.15.1/plugins/com.st.stm32cube.common.mx_6.11.1.202404110753//db//plugins/boardmanager/
2024-09-17 12:46:36,948 [INFO] ApiDb:261 - Set plugin images path to: /opt/st/stm32cubeide_1.15.1/plugins/com.st.stm32cube.common.mx_6.11.1.202404110753//db//plugins/mcufinder/images/
2024-09-17 12:46:36,948 [WARN] DbFile:41 - Overriding database path with different value: /home/wgg/.stmcufinder/plugins/mcufinder/ => /home/wgg/.stmcufinder/plugins/mcufinder
2024-09-17 12:46:36,948 [INFO] ApiDb:250 - Set database path to: /home/wgg/.stmcufinder/plugins/mcufinder//mcu/
2024-09-17 12:46:36,949 [WARN] DbFile:41 - Overriding database path with different value: /home/wgg/.stmcufinder/plugins/mcufinder/ => /home/wgg/.stmcufinder/plugins/mcufinder
2024-09-17 12:46:36,949 [INFO] DbMcusAds:125 - Set database path to: /home/wgg/.stmcufinder/plugins/mcufinder//mcu/
2024-09-17 12:46:36,949 [WARN] DbFile:41 - Overriding database path with different value: /home/wgg/.stmcufinder/plugins/mcufinder/ => /home/wgg/.stmcufinder/plugins/mcufinder
2024-09-17 12:46:36,949 [WARN] DbFile:41 - Overriding database path with different value: /home/wgg/.stmcufinder/plugins/mcufinder/ => /home/wgg/.stmcufinder/plugins/mcufinder
2024-09-17 12:46:36,949 [INFO] CrossReferenceDbSqlite:203 - Set database path to: /home/wgg/.stmcufinder/plugins/mcufinder//mcu/cs/
2024-09-17 12:46:36,960 [INFO] ApplicationProperties:184 - Using Application install path: /opt/st/stm32cubeide_1.15.1/plugins/com.st.stm32cube.common.mx_6.11.1.202404110753
2024-09-17 12:46:36,961 [INFO] PluginManage:196 - Search for loadable plugins [exclusion list=, ]
2024-09-17 12:46:36,962 [INFO] PluginManage:310 - Check plugin analytics
2024-09-17 12:46:37,114 [INFO] AnalyticsPlugin:253 - Accepted Software Licenses: 
2024-09-17 12:46:37,114 [INFO] AnalyticsPlugin:255 - Accepted CMSIS Pack Licenses: 
2024-09-17 12:46:37,114 [INFO] AnalyticsPlugin:257 - Accepted Firmware Licenses: FW.F4.1.28.0
2024-09-17 12:46:37,116 [INFO] PluginManage:359 - Loaded plugin analytics (category:tool,tabindex:-1)
2024-09-17 12:46:37,117 [INFO] PluginManage:310 - Check plugin cadmodel
2024-09-17 12:46:37,153 [INFO] CADModel:105 - Init CAD model plugin
2024-09-17 12:46:37,153 [INFO] PluginManage:359 - Loaded plugin cadmodel (category:power,tabindex:5)
2024-09-17 12:46:37,154 [INFO] PluginManage:310 - Check plugin clock
2024-09-17 12:46:37,164 [INFO] PluginManage:359 - Loaded plugin clock (category:base,tabindex:2)
2024-09-17 12:46:37,164 [INFO] PluginManage:310 - Check plugin ddr
2024-09-17 12:46:37,166 [INFO] PluginManage:359 - Loaded plugin ddr (category:tool,tabindex:6)
2024-09-17 12:46:37,167 [INFO] PluginManage:310 - Check plugin filemanager
2024-09-17 12:46:37,315 [INFO] PluginManage:359 - Loaded plugin filemanager (category:base,tabindex:10)
2024-09-17 12:46:37,316 [INFO] PluginManage:310 - Check plugin ipmanager
2024-09-17 12:46:37,323 [INFO] PluginManage:359 - Loaded plugin ipmanager (category:base,tabindex:5)
2024-09-17 12:46:37,323 [INFO] PluginManage:310 - Check plugin lpbam
2024-09-17 12:46:37,332 [INFO] PluginManage:359 - Loaded plugin lpbam (category:base,tabindex:0)
2024-09-17 12:46:37,332 [INFO] PluginManage:310 - Check plugin memorymap
2024-09-17 12:46:37,345 [INFO] PluginManage:359 - Loaded plugin memorymap (category:base,tabindex:4)
2024-09-17 12:46:37,345 [INFO] PluginManage:310 - Check plugin pinoutandconfiguration
2024-09-17 12:46:37,363 [INFO] PluginManage:359 - Loaded plugin pinoutandconfiguration (category:base,tabindex:1)
2024-09-17 12:46:37,363 [INFO] PluginManage:310 - Check plugin pinoutconfig
2024-09-17 12:46:37,437 [WARN] SupportedApi:132 - Cannot load RTOS API schema: s4s-elt-must-match.1: The content of 'definitions' must match (annotation?, (simpleType | complexType)?, (unique | key | keyref)*)). A problem was found starting at: attribute.
2024-09-17 12:46:37,572 [INFO] PluginManage:359 - Loaded plugin pinoutconfig (category:base,tabindex:0)
2024-09-17 12:46:37,572 [INFO] PluginManage:310 - Check plugin power
2024-09-17 12:46:37,579 [INFO] PluginManage:359 - Loaded plugin power (category:power,tabindex:4)
2024-09-17 12:46:37,580 [INFO] PluginManage:310 - Check plugin projectmanager
2024-09-17 12:46:37,590 [INFO] PluginManage:359 - Loaded plugin projectmanager (category:projectmanager,tabindex:3)
2024-09-17 12:46:37,590 [INFO] PluginManage:310 - Check plugin thirdparty
2024-09-17 12:46:37,685 [INFO] PluginManage:359 - Loaded plugin thirdparty (category:base,tabindex:-1)
2024-09-17 12:46:37,685 [WARN] IntegrityCheckThread:84 - waiting for thirdparty lock release [integrity check]
2024-09-17 12:46:37,685 [INFO] PluginManage:310 - Check plugin tools
2024-09-17 12:46:37,685 [INFO] IntegrityCheckThread:86 - entering critical section [integrity check]
2024-09-17 12:46:37,686 [INFO] ThirdPartyUpdaterWithRetryManager:70 - Updater plugin not ready yet. [1/15]
2024-09-17 12:46:37,687 [INFO] PluginManage:359 - Loaded plugin tools (category:base,tabindex:7)
2024-09-17 12:46:37,687 [INFO] PluginManage:310 - Check plugin tutovideos
2024-09-17 12:46:37,900 [INFO] PluginManage:359 - Loaded plugin tutovideos (category:base,tabindex:-1)
2024-09-17 12:46:37,900 [INFO] PluginManage:310 - Check plugin updater
2024-09-17 12:46:37,911 [INFO] PluginManage:359 - Loaded plugin updater (category:base,tabindex:12)
2024-09-17 12:46:37,911 [INFO] PluginManage:310 - Check plugin userauth
2024-09-17 12:46:37,916 [INFO] UserAuth:114 - Init User Auth plugin
2024-09-17 12:46:37,916 [INFO] PluginManage:359 - Loaded plugin userauth (category:base,tabindex:14)
2024-09-17 12:46:37,917 [INFO] PluginManage:283 - PluginManage : Loaded plugins [17]
2024-09-17 12:46:38,083 [INFO] PinOutPanel:1561 - setPackage(No Configuration,No Configuration)
2024-09-17 12:46:38,126 [INFO] CADModel:165 - CPN selected for project level
2024-09-17 12:46:38,126 [INFO] CADModel:114 - Register for checkConnection events
2024-09-17 12:46:38,136 [INFO] IPUIPlugin:80 - create IPUIPlugin
2024-09-17 12:46:38,137 [INFO] PluginManager:220 - loadIPPluginJar : add dma
2024-09-17 12:46:38,143 [INFO] IPUIPlugin:80 - create IPUIPlugin
2024-09-17 12:46:38,143 [INFO] PluginManager:220 - loadIPPluginJar : add linkedlist
2024-09-17 12:46:38,147 [INFO] IPUIPlugin:80 - create IPUIPlugin
2024-09-17 12:46:38,147 [INFO] PluginManager:220 - loadIPPluginJar : add tracer_emb
2024-09-17 12:46:38,151 [INFO] IPUIPlugin:80 - create IPUIPlugin
2024-09-17 12:46:38,151 [INFO] PluginManager:220 - loadIPPluginJar : add ipddr
2024-09-17 12:46:38,153 [INFO] IPUIPlugin:80 - create IPUIPlugin
2024-09-17 12:46:38,153 [INFO] PluginManager:220 - loadIPPluginJar : add i2c
2024-09-17 12:46:38,159 [INFO] IPUIPlugin:80 - create IPUIPlugin
2024-09-17 12:46:38,159 [INFO] PluginManager:220 - loadIPPluginJar : add mdma
2024-09-17 12:46:38,162 [INFO] IPUIPlugin:80 - create IPUIPlugin
2024-09-17 12:46:38,162 [INFO] PluginManager:220 - loadIPPluginJar : add usart
2024-09-17 12:46:38,166 [INFO] IPUIPlugin:80 - create IPUIPlugin
2024-09-17 12:46:38,166 [INFO] PluginManager:220 - loadIPPluginJar : add gfxmmu
2024-09-17 12:46:38,168 [INFO] IPUIPlugin:80 - create IPUIPlugin
2024-09-17 12:46:38,168 [INFO] PluginManager:220 - loadIPPluginJar : add usbx
2024-09-17 12:46:38,169 [INFO] IPUIPlugin:80 - create IPUIPlugin
2024-09-17 12:46:38,170 [INFO] PluginManager:220 - loadIPPluginJar : add tsc
2024-09-17 12:46:38,171 [INFO] IPUIPlugin:80 - create IPUIPlugin
2024-09-17 12:46:38,171 [INFO] PluginManager:220 - loadIPPluginJar : add dma3
2024-09-17 12:46:38,177 [INFO] IPUIPlugin:80 - create IPUIPlugin
2024-09-17 12:46:38,177 [INFO] PluginManager:220 - loadIPPluginJar : add fmc
2024-09-17 12:46:38,179 [INFO] IPUIPlugin:80 - create IPUIPlugin
2024-09-17 12:46:38,179 [INFO] PluginManager:220 - loadIPPluginJar : add extmemmanager
2024-09-17 12:46:38,180 [INFO] IPUIPlugin:80 - create IPUIPlugin
2024-09-17 12:46:38,180 [INFO] PluginManager:220 - loadIPPluginJar : add comp
2024-09-17 12:46:38,183 [INFO] IPUIPlugin:80 - create IPUIPlugin
2024-09-17 12:46:38,183 [INFO] PluginManager:220 - loadIPPluginJar : add i3c
2024-09-17 12:46:38,186 [INFO] IPUIPlugin:80 - create IPUIPlugin
2024-09-17 12:46:38,186 [INFO] PluginManager:220 - loadIPPluginJar : add gtzc
2024-09-17 12:46:38,189 [INFO] IPUIPlugin:80 - create IPUIPlugin
2024-09-17 12:46:38,189 [INFO] PluginManager:220 - loadIPPluginJar : add touchsensing
2024-09-17 12:46:38,190 [INFO] IPUIPlugin:80 - create IPUIPlugin
2024-09-17 12:46:38,190 [INFO] PluginManager:220 - loadIPPluginJar : add ucpd
2024-09-17 12:46:38,191 [INFO] IPUIPlugin:80 - create IPUIPlugin
2024-09-17 12:46:38,191 [INFO] PluginManager:220 - loadIPPluginJar : add fatfs
2024-09-17 12:46:38,194 [INFO] IPUIPlugin:80 - create IPUIPlugin
2024-09-17 12:46:38,194 [INFO] PluginManager:220 - loadIPPluginJar : add stm32_wpan
2024-09-17 12:46:38,201 [INFO] IPUIPlugin:80 - create IPUIPlugin
2024-09-17 12:46:38,201 [INFO] PluginManager:220 - loadIPPluginJar : add gpio
2024-09-17 12:46:38,203 [INFO] IPUIPlugin:80 - create IPUIPlugin
2024-09-17 12:46:38,203 [INFO] PluginManager:220 - loadIPPluginJar : add i2s
2024-09-17 12:46:38,204 [INFO] IPUIPlugin:80 - create IPUIPlugin
2024-09-17 12:46:38,204 [INFO] PluginManager:220 - loadIPPluginJar : add tim
2024-09-17 12:46:38,211 [INFO] IPUIPlugin:80 - create IPUIPlugin
2024-09-17 12:46:38,211 [INFO] PluginManager:220 - loadIPPluginJar : add adc
2024-09-17 12:46:38,212 [INFO] IPUIPlugin:80 - create IPUIPlugin
2024-09-17 12:46:38,212 [INFO] PluginManager:220 - loadIPPluginJar : add pdm2pcm
2024-09-17 12:46:38,218 [INFO] IPUIPlugin:80 - create IPUIPlugin
2024-09-17 12:46:38,218 [INFO] PluginManager:220 - loadIPPluginJar : add gic
2024-09-17 12:46:38,219 [INFO] IPUIPlugin:80 - create IPUIPlugin
2024-09-17 12:46:38,220 [INFO] PluginManager:220 - loadIPPluginJar : add sai
2024-09-17 12:46:38,222 [INFO] IPUIPlugin:80 - create IPUIPlugin
2024-09-17 12:46:38,222 [INFO] PluginManager:220 - loadIPPluginJar : add spi
2024-09-17 12:46:38,223 [INFO] IPUIPlugin:80 - create IPUIPlugin
2024-09-17 12:46:38,223 [INFO] PluginManager:220 - loadIPPluginJar : add can
2024-09-17 12:46:38,225 [INFO] IPUIPlugin:80 - create IPUIPlugin
2024-09-17 12:46:38,225 [INFO] PluginManager:220 - loadIPPluginJar : add resmgrutility
2024-09-17 12:46:38,226 [INFO] IPUIPlugin:80 - create IPUIPlugin
2024-09-17 12:46:38,226 [INFO] PluginManager:220 - loadIPPluginJar : add quadspi
2024-09-17 12:46:38,231 [INFO] IPUIPlugin:80 - create IPUIPlugin
2024-09-17 12:46:38,231 [INFO] PluginManager:220 - loadIPPluginJar : add freertos
2024-09-17 12:46:38,232 [INFO] IPUIPlugin:80 - create IPUIPlugin
2024-09-17 12:46:38,232 [INFO] PluginManager:220 - loadIPPluginJar : add ts
2024-09-17 12:46:38,233 [INFO] IPUIPlugin:80 - create IPUIPlugin
2024-09-17 12:46:38,233 [INFO] PluginManager:220 - loadIPPluginJar : add aes
2024-09-17 12:46:38,238 [INFO] IPUIPlugin:80 - create IPUIPlugin
2024-09-17 12:46:38,238 [INFO] PluginManager:220 - loadIPPluginJar : add nvic
2024-09-17 12:46:38,240 [INFO] IPUIPlugin:80 - create IPUIPlugin
2024-09-17 12:46:38,240 [INFO] PluginManager:220 - loadIPPluginJar : add openamp
2024-09-17 12:46:38,243 [INFO] IPUIPlugin:80 - create IPUIPlugin
2024-09-17 12:46:38,243 [INFO] PluginManager:220 - loadIPPluginJar : add dfsdm
2024-09-17 12:46:38,245 [INFO] IPUIPlugin:80 - create IPUIPlugin
2024-09-17 12:46:38,245 [INFO] PluginManager:220 - loadIPPluginJar : add lorawan
2024-09-17 12:46:38,246 [INFO] IPUIPlugin:80 - create IPUIPlugin
2024-09-17 12:46:38,246 [INFO] PluginManager:220 - loadIPPluginJar : add genericplugin
2024-09-17 12:46:38,247 [INFO] IPUIPlugin:80 - create IPUIPlugin
2024-09-17 12:46:38,247 [INFO] PluginManager:220 - loadIPPluginJar : add hash
2024-09-17 12:46:38,248 [INFO] IPUIPlugin:80 - create IPUIPlugin
2024-09-17 12:46:38,248 [INFO] PluginManager:220 - loadIPPluginJar : add ltdc
2024-09-17 12:46:38,254 [INFO] IPUIPlugin:80 - create IPUIPlugin
2024-09-17 12:46:38,256 [INFO] PluginManager:220 - loadIPPluginJar : add plateformsettings
2024-09-17 12:46:38,257 [INFO] IPUIPlugin:80 - create IPUIPlugin
2024-09-17 12:46:38,257 [INFO] PluginManager:220 - loadIPPluginJar : add cryp
2024-09-17 12:46:38,258 [INFO] IPUIPlugin:80 - create IPUIPlugin
2024-09-17 12:46:38,258 [INFO] PluginManager:220 - loadIPPluginJar : add opamp
2024-09-17 12:46:38,360 [INFO] CADModel:165 - CPN selected for project level
2024-09-17 12:46:38,360 [INFO] CADModel:114 - Register for checkConnection events
2024-09-17 12:46:38,360 [FATAL] Updater:308 - Updater called before beeing initialized
2024-09-17 12:46:38,361 [ERROR] CADModel:125 - Updater not yet initialized, retry later 
2024-09-17 12:46:38,481 [INFO] CADModel:165 - CPN selected for project level
2024-09-17 12:46:38,481 [INFO] CADModel:114 - Register for checkConnection events
2024-09-17 12:46:38,481 [FATAL] Updater:308 - Updater called before beeing initialized
2024-09-17 12:46:38,481 [ERROR] CADModel:125 - Updater not yet initialized, retry later 
2024-09-17 12:46:38,483 [FATAL] Updater:308 - Updater called before beeing initialized
2024-09-17 12:46:38,557 [FATAL] Updater:308 - Updater called before beeing initialized
2024-09-17 12:46:38,560 [INFO] DbMcusAds:53 - JSON generation date=Thu May 16 16:22:00 WIB 2024 (1715851320667)
2024-09-17 12:46:38,560 [FATAL] Updater:308 - Updater called before beeing initialized
2024-09-17 12:46:38,598 [WARN] DetailPanel:346 - Failed to get advertising image, set to default
2024-09-17 12:46:38,683 [FATAL] Updater:308 - Updater called before beeing initialized
2024-09-17 12:46:38,685 [FATAL] Updater:308 - Updater called before beeing initialized
2024-09-17 12:46:38,685 [FATAL] Updater:308 - Updater called before beeing initialized
2024-09-17 12:46:38,685 [WARN] DetailPanel:346 - Failed to get advertising image, set to default
2024-09-17 12:46:38,685 [FATAL] Updater:308 - Updater called before beeing initialized
2024-09-17 12:46:38,713 [ERROR] Updater:1120 - MainUpdater not yet initialized. External WinMGr cannot be set.
2024-09-17 12:46:38,715 [INFO] Updater:1056 - Updater Version found : 6.11.1
2024-09-17 12:46:38,737 [INFO] ApplicationProperties:184 - Using Application install path: /opt/st/stm32cubeide_1.15.1/plugins/com.st.stm32cube.common.mx_6.11.1.202404110753
2024-09-17 12:46:40,116 [INFO] MainUpdater:2873 - connection check result : 10
2024-09-17 12:46:40,116 [INFO] MainUpdater:290 - Updater Check For Update Now.
2024-09-17 12:46:40,117 [INFO] MicroXplorer:498 - Change Database Version : DB.6.0.111
2024-09-17 12:46:40,154 [INFO] McuFinderGlobals:63 - Set McuFinder mode to 2 (CubeIDE integrated)
2024-09-17 12:46:40,159 [INFO] UserAuth:415 - Internet connection configuration mode: 1
2024-09-17 12:46:40,174 [INFO] JxBrowserEngine:152 - Initiate JxBrowser Engine with user profile folder
2024-09-17 12:46:40,332 [INFO] CheckServerUpdateThread:120 - End of CheckServer Thread
2024-09-17 12:46:40,893 [WARN] PackLoader:240 - Cannot read IP mode file for STMicroelectronics.X-CUBE-SMBUS.2.1.0
2024-09-17 12:46:40,918 [WARN] PackLoader:240 - Cannot read IP mode file for STMicroelectronics.X-CUBE-AZRTOS-F7.1.1.0
2024-09-17 12:46:40,968 [WARN] PackLoader:240 - Cannot read IP mode file for STMicroelectronics.X-CUBE-MEMS1.11.0.0
2024-09-17 12:46:41,087 [WARN] PackLoader:240 - Cannot read IP mode file for STMicroelectronics.FP-SNS-FLIGHT1.5.0.2
2024-09-17 12:46:41,093 [WARN] PackLoader:240 - Cannot read IP mode file for STMicroelectronics.X-CUBE-DISPLAY.3.0.0
2024-09-17 12:46:41,108 [WARN] PackLoader:240 - Cannot read IP mode file for STMicroelectronics.X-CUBE-BLE1.7.0.0
2024-09-17 12:46:41,112 [WARN] PackLoader:240 - Cannot read IP mode file for emotas.I-CUBE-CANOPEN.1.3.0
2024-09-17 12:46:41,120 [WARN] PackLoader:240 - Cannot read IP mode file for STMicroelectronics.X-CUBE-BLEMGR.3.1.0
2024-09-17 12:46:41,125 [WARN] PackLoader:240 - Cannot read IP mode file for STMicroelectronics.FP-SNS-SMARTAG2.1.2.0
2024-09-17 12:46:41,133 [INFO] LogOutputStream:77 - [STDOUT_REDIRECT] 1 : Invalid condition id : UX_CORESTACK_Condition cause : null
2024-09-17 12:46:41,133 [INFO] LogOutputStream:77 - [STDOUT_REDIRECT] 1 : Invalid condition id : UX_CORESTACK_Condition cause : null
2024-09-17 12:46:41,133 [INFO] LogOutputStream:77 - [STDOUT_REDIRECT] 1 : Invalid condition id : UX_CORESTACK_Condition cause : null
2024-09-17 12:46:41,134 [INFO] LogOutputStream:77 - [STDOUT_REDIRECT] 1 : Invalid condition id : UX_CORESTACK_Condition cause : null
2024-09-17 12:46:41,134 [INFO] LogOutputStream:77 - [STDOUT_REDIRECT] 1 : Invalid condition id : UX_CORESTACK_Condition cause : null
2024-09-17 12:46:41,136 [WARN] PackLoader:240 - Cannot read IP mode file for STMicroelectronics.X-CUBE-AZRTOS-WL.2.0.0
2024-09-17 12:46:41,141 [WARN] PackLoader:240 - Cannot read IP mode file for WES.I-CUBE-Cesium.1.3.0
2024-09-17 12:46:41,148 [WARN] PackLoader:240 - Cannot read IP mode file for STMicroelectronics.X-CUBE-BLE2.3.3.0
2024-09-17 12:46:41,161 [WARN] PackLoader:240 - Cannot read IP mode file for STMicroelectronics.X-CUBE-AZRTOS-G0.1.1.0
2024-09-17 12:46:41,165 [WARN] PackLoader:240 - Cannot read IP mode file for STMicroelectronics.X-CUBE-NFC4.3.0.0
2024-09-17 12:46:41,174 [WARN] PackLoader:240 - Cannot read IP mode file for EmbeddedOffice.I-CUBE-FS-RTOS.1.0.1
2024-09-17 12:46:41,175 [ERROR] ConditionMgr:805 - Attr not supported : Dmpu
2024-09-17 12:46:41,175 [ERROR] ConditionMgr:805 - Attr not supported : Dmpu
2024-09-17 12:46:41,175 [ERROR] ConditionMgr:805 - Attr not supported : Dmpu
2024-09-17 12:46:41,175 [ERROR] ConditionMgr:805 - Attr not supported : Dmpu
2024-09-17 12:46:41,175 [ERROR] ConditionMgr:805 - Attr not supported : Dmpu
2024-09-17 12:46:41,175 [ERROR] ConditionMgr:805 - Attr not supported : Dmpu
2024-09-17 12:46:41,175 [ERROR] ConditionMgr:805 - Attr not supported : Dmpu
2024-09-17 12:46:41,175 [ERROR] ConditionMgr:805 - Attr not supported : Dmpu
2024-09-17 12:46:41,176 [ERROR] ConditionMgr:805 - Attr not supported : Dmpu
2024-09-17 12:46:41,176 [ERROR] ConditionMgr:805 - Attr not supported : Dmpu
2024-09-17 12:46:41,176 [ERROR] ConditionMgr:805 - Attr not supported : Dmpu
2024-09-17 12:46:41,176 [ERROR] ConditionMgr:805 - Attr not supported : Dmpu
2024-09-17 12:46:41,176 [ERROR] ConditionMgr:805 - Attr not supported : Dmpu
2024-09-17 12:46:41,176 [ERROR] ConditionMgr:805 - Attr not supported : Dmpu
2024-09-17 12:46:41,176 [ERROR] ConditionMgr:805 - Attr not supported : Dmpu
2024-09-17 12:46:41,176 [ERROR] ConditionMgr:805 - Attr not supported : Dmpu
2024-09-17 12:46:41,176 [ERROR] ConditionMgr:805 - Attr not supported : Dmpu
2024-09-17 12:46:41,176 [ERROR] ConditionMgr:805 - Attr not supported : Dmpu
2024-09-17 12:46:41,176 [ERROR] ConditionMgr:805 - Attr not supported : Dmpu
2024-09-17 12:46:41,176 [ERROR] ConditionMgr:805 - Attr not supported : Dmpu
2024-09-17 12:46:41,176 [ERROR] ConditionMgr:805 - Attr not supported : Dmpu
2024-09-17 12:46:41,177 [ERROR] ConditionMgr:805 - Attr not supported : Dmpu
2024-09-17 12:46:41,177 [ERROR] ConditionMgr:805 - Attr not supported : Dmpu
2024-09-17 12:46:41,177 [ERROR] ConditionMgr:805 - Attr not supported : Dmpu
2024-09-17 12:46:41,177 [ERROR] ConditionMgr:805 - Attr not supported : Dmpu
2024-09-17 12:46:41,177 [ERROR] ConditionMgr:805 - Attr not supported : Dmpu
2024-09-17 12:46:41,177 [ERROR] ConditionMgr:805 - Attr not supported : Dmpu
2024-09-17 12:46:41,177 [ERROR] ConditionMgr:805 - Attr not supported : Dmpu
2024-09-17 12:46:41,177 [ERROR] ConditionMgr:805 - Attr not supported : Dmpu
2024-09-17 12:46:41,177 [ERROR] ConditionMgr:805 - Attr not supported : Dmpu
2024-09-17 12:46:41,177 [ERROR] ConditionMgr:805 - Attr not supported : Dmpu
2024-09-17 12:46:41,177 [ERROR] ConditionMgr:805 - Attr not supported : Dmpu
2024-09-17 12:46:41,177 [ERROR] ConditionMgr:805 - Attr not supported : Dmpu
2024-09-17 12:46:41,177 [ERROR] ConditionMgr:805 - Attr not supported : Dmpu
2024-09-17 12:46:41,177 [ERROR] ConditionMgr:805 - Attr not supported : Dmpu
2024-09-17 12:46:41,177 [ERROR] ConditionMgr:805 - Attr not supported : Dmpu
2024-09-17 12:46:41,177 [ERROR] ConditionMgr:805 - Attr not supported : Dmpu
2024-09-17 12:46:41,178 [ERROR] ConditionMgr:805 - Attr not supported : Dmpu
2024-09-17 12:46:41,178 [ERROR] ConditionMgr:805 - Attr not supported : Dmpu
2024-09-17 12:46:41,178 [ERROR] ConditionMgr:805 - Attr not supported : Dmpu
2024-09-17 12:46:41,178 [ERROR] ConditionMgr:805 - Attr not supported : Dmpu
2024-09-17 12:46:41,178 [ERROR] ConditionMgr:805 - Attr not supported : Dmpu
2024-09-17 12:46:41,178 [ERROR] ConditionMgr:805 - Attr not supported : Dmpu
2024-09-17 12:46:41,178 [ERROR] ConditionMgr:805 - Attr not supported : Dmpu
2024-09-17 12:46:41,178 [ERROR] ConditionMgr:805 - Attr not supported : Dmpu
2024-09-17 12:46:41,178 [ERROR] ConditionMgr:805 - Attr not supported : Dmpu
2024-09-17 12:46:41,178 [ERROR] ConditionMgr:805 - Attr not supported : Dmpu
2024-09-17 12:46:41,178 [ERROR] ConditionMgr:805 - Attr not supported : Dmpu
2024-09-17 12:46:41,178 [ERROR] ConditionMgr:805 - Attr not supported : Dmpu
2024-09-17 12:46:41,178 [ERROR] ConditionMgr:805 - Attr not supported : Dmpu
2024-09-17 12:46:41,178 [ERROR] ConditionMgr:805 - Attr not supported : Dmpu
2024-09-17 12:46:41,178 [ERROR] ConditionMgr:805 - Attr not supported : Dmpu
2024-09-17 12:46:41,179 [ERROR] ConditionMgr:805 - Attr not supported : Dmpu
2024-09-17 12:46:41,179 [ERROR] ConditionMgr:805 - Attr not supported : Dmpu
2024-09-17 12:46:41,179 [ERROR] ConditionMgr:805 - Attr not supported : Dmpu
2024-09-17 12:46:41,179 [ERROR] ConditionMgr:805 - Attr not supported : Dmpu
2024-09-17 12:46:41,179 [ERROR] ConditionMgr:805 - Attr not supported : Dmpu
2024-09-17 12:46:41,179 [ERROR] ConditionMgr:805 - Attr not supported : Dmpu
2024-09-17 12:46:41,179 [ERROR] ConditionMgr:805 - Attr not supported : Dmpu
2024-09-17 12:46:41,179 [ERROR] ConditionMgr:805 - Attr not supported : Dmpu
2024-09-17 12:46:41,179 [ERROR] ConditionMgr:805 - Attr not supported : Dmpu
2024-09-17 12:46:41,179 [ERROR] ConditionMgr:805 - Attr not supported : Dmpu
2024-09-17 12:46:41,179 [ERROR] ConditionMgr:805 - Attr not supported : Dmpu
2024-09-17 12:46:41,179 [ERROR] ConditionMgr:805 - Attr not supported : Dmpu
2024-09-17 12:46:41,182 [WARN] PackLoader:240 - Cannot read IP mode file for STMicroelectronics.FP-ATR-SIGFOX1.3.2.0
2024-09-17 12:46:41,186 [WARN] PackLoader:240 - Cannot read IP mode file for STMicroelectronics.X-CUBE-EEPRMA1.5.1.0
2024-09-17 12:46:41,193 [WARN] PackLoader:240 - Cannot read IP mode file for ITTIA_DB.I-CUBE-ITTIADB.8.9.0
2024-09-17 12:46:41,214 [WARN] PackLoader:240 - Cannot read IP mode file for SEGGER.I-CUBE-embOS.1.3.1
2024-09-17 12:46:41,241 [WARN] PackLoader:240 - Cannot read IP mode file for STMicroelectronics.X-CUBE-GNSS1.6.0.0
2024-09-17 12:46:41,257 [WARN] PackLoader:240 - Cannot read IP mode file for STMicroelectronics.X-CUBE-AZRTOS-F4.1.1.0
2024-09-17 12:46:41,271 [WARN] PackLoader:240 - Cannot read IP mode file for STMicroelectronics.X-CUBE-AZRTOS-L5.2.0.0
2024-09-17 12:46:41,276 [WARN] PackLoader:240 - Cannot read IP mode file for STMicroelectronics.X-CUBE-NFC7.1.0.1
2024-09-17 12:46:41,289 [WARN] ConditionMgr:438 - getConditionDescription Invalid condition id : LAN8742 Phy interface Condition cause : null
2024-09-17 12:46:41,290 [WARN] PackLoader:240 - Cannot read IP mode file for STMicroelectronics.X-CUBE-AZRTOS-L4.2.0.0
2024-09-17 12:46:41,291 [WARN] ConditionMgr:1039 - genDependencies : Invalid condition id : LAN8742 Phy interface Condition cause : null
2024-09-17 12:46:41,291 [WARN] ConditionMgr:1039 - genDependencies : Invalid condition id : LAN8742 Phy interface Condition cause : null
2024-09-17 12:46:41,291 [WARN] ConditionMgr:1039 - genDependencies : Invalid condition id : LAN8742 Phy interface Condition cause : null
2024-09-17 12:46:41,296 [WARN] PackLoader:240 - Cannot read IP mode file for STMicroelectronics.X-CUBE-SFXS2LP1.4.0.0
2024-09-17 12:46:41,312 [WARN] PackLoader:240 - Cannot read IP mode file for STMicroelectronics.X-CUBE-AZRTOS-H7.3.3.0
2024-09-17 12:46:41,326 [WARN] ConditionMgr:438 - getConditionDescription Invalid condition id : UX DEVICE CLASS RTOS Condition cause : null
2024-09-17 12:46:41,327 [WARN] ConditionMgr:438 - getConditionDescription Invalid condition id : UX DEVICE CLASS RTOS Condition cause : null
2024-09-17 12:46:41,328 [WARN] PackLoader:240 - Cannot read IP mode file for STMicroelectronics.X-CUBE-AZRTOS-WB.2.0.0
2024-09-17 12:46:41,329 [WARN] ConditionMgr:1039 - genDependencies : Invalid condition id : UX DEVICE CLASS RTOS Condition cause : null
2024-09-17 12:46:41,329 [WARN] ConditionMgr:1039 - genDependencies : Invalid condition id : UX DEVICE CLASS RTOS Condition cause : null
2024-09-17 12:46:41,329 [WARN] ConditionMgr:1039 - genDependencies : Invalid condition id : UX DEVICE CLASS RTOS Condition cause : null
2024-09-17 12:46:41,329 [WARN] ConditionMgr:1039 - genDependencies : Invalid condition id : UX DEVICE CLASS RTOS Condition cause : null
2024-09-17 12:46:41,329 [WARN] ConditionMgr:1039 - genDependencies : Invalid condition id : UX DEVICE CLASS RTOS Condition cause : null
2024-09-17 12:46:41,334 [WARN] PackLoader:240 - Cannot read IP mode file for STMicroelectronics.X-CUBE-GNSS1.7.0.0
2024-09-17 12:46:41,338 [WARN] PackLoader:240 - Cannot read IP mode file for STMicroelectronics.FP-SNS-STBOX1.2.0.0
2024-09-17 12:46:41,348 [WARN] PackLoader:240 - Cannot read IP mode file for STMicroelectronics.X-CUBE-SUBG2.5.0.0
2024-09-17 12:46:41,354 [WARN] PackLoader:240 - Cannot read IP mode file for Cesanta.I-CUBE-Mongoose.7.13.0
2024-09-17 12:46:41,364 [WARN] PackLoader:240 - Cannot read IP mode file for STMicroelectronics.X-CUBE-AZRTOS-G4.2.0.0
2024-09-17 12:46:41,367 [WARN] PackLoader:240 - Cannot read IP mode file for STMicroelectronics.X-CUBE-ISPU.2.0.0
2024-09-17 12:46:41,395 [WARN] PackLoader:240 - Cannot read IP mode file for STMicroelectronics.X-CUBE-MEMS1.10.0.0
2024-09-17 12:46:41,498 [WARN] PackLoader:240 - Cannot read IP mode file for portGmbH.I-Cube-SoM-uGOAL.1.1.0
2024-09-17 12:46:41,500 [WARN] PackLoader:240 - Cannot read IP mode file for STMicroelectronics.FP-ATR-ASTRA1.2.0.0
2024-09-17 12:46:41,510 [WARN] PackLoader:240 - Cannot read IP mode file for STMicroelectronics.X-CUBE-TOF1.3.4.2
2024-09-17 12:46:41,526 [WARN] PackLoader:240 - Cannot read IP mode file for STMicroelectronics.X-CUBE-TOF1.3.4.1
2024-09-17 12:46:41,546 [WARN] PackLoader:240 - Cannot read IP mode file for STMicroelectronics.X-CUBE-AZRTOS-H7.3.2.0
2024-09-17 12:46:41,556 [WARN] PackLoader:240 - Cannot read IP mode file for Infineon.AIROC-Wi-Fi-Bluetooth-STM32.1.6.0
2024-09-17 12:46:41,560 [WARN] PackLoader:240 - Cannot read IP mode file for wolfSSL.I-CUBE-wolfSSH.1.4.17
2024-09-17 12:46:41,560 [INFO] ThirdParty:978 - Integrity check success = true
2024-09-17 12:46:41,561 [INFO] IntegrityCheckThread:100 - exiting critical section [integrity check]
2024-09-17 12:46:41,561 [INFO] IntegrityCheckThread:103 - End integrity checks thread
2024-09-17 12:46:44,829 [INFO] WebApp:161 - Instantiating new browser for Auth
2024-09-17 12:46:47,015 [INFO] WebApp:779 - Register for checkConnection events
2024-09-17 12:46:47,015 [INFO] WebApp:414 - Apply proxy settings
2024-09-17 12:46:47,015 [INFO] WebApp:499 - Chromium requires no authentication
2024-09-17 12:46:47,021 [INFO] WebApp:442 - Direct internet connection detected
2024-09-17 12:46:47,159 [INFO] WebApp:192 - Starting web application
2024-09-17 12:46:47,159 [INFO] WebApp:544 - Web application path used /opt/st/stm32cubeide_1.15.1/plugins/com.st.stm32cube.common.mx_6.11.1.202404110753/db/plugins/mcufinder/reactClient1/index.html
2024-09-17 13:41:38,490 [ERROR] LogOutputStream:75 - [STDERR_REDIRECT] 
2024-09-17 15:13:23,095 [INFO] Activator:176 - 


2024-09-17 15:13:23,097 [INFO] Activator:177 - !SESSION log4j initialized
2024-09-17 15:13:27,484 [INFO] LogOutputStream:77 - [STDOUT_REDIRECT] 
2024-09-17 15:13:28,360 [INFO] ApplicationProperties:184 - Using Application install path: /opt/st/stm32cubeide_1.15.1/plugins/com.st.stm32cube.common.mx_6.11.1.202404110753
2024-09-17 15:13:28,372 [INFO] DbMcusXml:78 - Set database path to: /opt/st/stm32cubeide_1.15.1/plugins/com.st.stm32cube.common.mx_6.11.1.202404110753//db//mcu/
2024-09-17 15:13:28,372 [INFO] ApiDb:274 - Set plugin database path to: /opt/st/stm32cubeide_1.15.1/plugins/com.st.stm32cube.common.mx_6.11.1.202404110753//db//plugins/boardmanager/
2024-09-17 15:13:28,372 [WARN] ApiDb:259 - Overriding images path with different value:  => /opt/st/stm32cubeide_1.15.1/plugins/com.st.stm32cube.common.mx_6.11.1.202404110753//db//plugins/mcufinder/images/
2024-09-17 15:13:28,376 [INFO] ApiDb:250 - Set database path to: /home/wgg/.stmcufinder/plugins/mcufinder//mcu/
2024-09-17 15:13:28,377 [INFO] DbMcusAds:125 - Set database path to: /home/wgg/.stmcufinder/plugins/mcufinder//mcu/
2024-09-17 15:13:28,379 [INFO] CrossReferenceDbSqlite:203 - Set database path to: /home/wgg/.stmcufinder/plugins/mcufinder//mcu/cs/
2024-09-17 15:13:28,466 [INFO] RulesReader:64 - Compatibility file has been processed (297 Rules)
2024-09-17 15:13:28,504 [INFO] DbMcusXml:78 - Set database path to: /opt/st/stm32cubeide_1.15.1/plugins/com.st.stm32cube.common.mx_6.11.1.202404110753//db//mcu/
2024-09-17 15:13:28,504 [INFO] ApiDb:274 - Set plugin database path to: /opt/st/stm32cubeide_1.15.1/plugins/com.st.stm32cube.common.mx_6.11.1.202404110753//db//plugins/boardmanager/
2024-09-17 15:13:28,505 [INFO] ApiDb:261 - Set plugin images path to: /opt/st/stm32cubeide_1.15.1/plugins/com.st.stm32cube.common.mx_6.11.1.202404110753//db//plugins/mcufinder/images/
2024-09-17 15:13:28,505 [WARN] DbFile:41 - Overriding database path with different value: /home/wgg/.stmcufinder/plugins/mcufinder/ => /home/wgg/.stmcufinder/plugins/mcufinder
2024-09-17 15:13:28,505 [INFO] ApiDb:250 - Set database path to: /home/wgg/.stmcufinder/plugins/mcufinder//mcu/
2024-09-17 15:13:28,505 [WARN] DbFile:41 - Overriding database path with different value: /home/wgg/.stmcufinder/plugins/mcufinder/ => /home/wgg/.stmcufinder/plugins/mcufinder
2024-09-17 15:13:28,505 [INFO] DbMcusAds:125 - Set database path to: /home/wgg/.stmcufinder/plugins/mcufinder//mcu/
2024-09-17 15:13:28,505 [WARN] DbFile:41 - Overriding database path with different value: /home/wgg/.stmcufinder/plugins/mcufinder/ => /home/wgg/.stmcufinder/plugins/mcufinder
2024-09-17 15:13:28,505 [WARN] DbFile:41 - Overriding database path with different value: /home/wgg/.stmcufinder/plugins/mcufinder/ => /home/wgg/.stmcufinder/plugins/mcufinder
2024-09-17 15:13:28,505 [INFO] CrossReferenceDbSqlite:203 - Set database path to: /home/wgg/.stmcufinder/plugins/mcufinder//mcu/cs/
2024-09-17 15:13:28,541 [INFO] MainPanel:264 - HeapMemory: 268435456
2024-09-17 15:13:28,600 [INFO] DbMcusXml:78 - Set database path to: /opt/st/stm32cubeide_1.15.1/plugins/com.st.stm32cube.common.mx_6.11.1.202404110753//db//mcu/
2024-09-17 15:13:28,600 [INFO] ApiDb:274 - Set plugin database path to: /opt/st/stm32cubeide_1.15.1/plugins/com.st.stm32cube.common.mx_6.11.1.202404110753//db//plugins/boardmanager/
2024-09-17 15:13:28,600 [INFO] ApiDb:261 - Set plugin images path to: /opt/st/stm32cubeide_1.15.1/plugins/com.st.stm32cube.common.mx_6.11.1.202404110753//db//plugins/mcufinder/images/
2024-09-17 15:13:28,600 [WARN] DbFile:41 - Overriding database path with different value: /home/wgg/.stmcufinder/plugins/mcufinder/ => /home/wgg/.stmcufinder/plugins/mcufinder
2024-09-17 15:13:28,600 [INFO] ApiDb:250 - Set database path to: /home/wgg/.stmcufinder/plugins/mcufinder//mcu/
2024-09-17 15:13:28,600 [WARN] DbFile:41 - Overriding database path with different value: /home/wgg/.stmcufinder/plugins/mcufinder/ => /home/wgg/.stmcufinder/plugins/mcufinder
2024-09-17 15:13:28,601 [INFO] DbMcusAds:125 - Set database path to: /home/wgg/.stmcufinder/plugins/mcufinder//mcu/
2024-09-17 15:13:28,601 [WARN] DbFile:41 - Overriding database path with different value: /home/wgg/.stmcufinder/plugins/mcufinder/ => /home/wgg/.stmcufinder/plugins/mcufinder
2024-09-17 15:13:28,601 [WARN] DbFile:41 - Overriding database path with different value: /home/wgg/.stmcufinder/plugins/mcufinder/ => /home/wgg/.stmcufinder/plugins/mcufinder
2024-09-17 15:13:28,601 [INFO] CrossReferenceDbSqlite:203 - Set database path to: /home/wgg/.stmcufinder/plugins/mcufinder//mcu/cs/
2024-09-17 15:13:28,613 [INFO] ApplicationProperties:184 - Using Application install path: /opt/st/stm32cubeide_1.15.1/plugins/com.st.stm32cube.common.mx_6.11.1.202404110753
2024-09-17 15:13:28,613 [INFO] PluginManage:196 - Search for loadable plugins [exclusion list=, ]
2024-09-17 15:13:28,614 [INFO] PluginManage:310 - Check plugin analytics
2024-09-17 15:13:28,721 [INFO] AnalyticsPlugin:253 - Accepted Software Licenses: 
2024-09-17 15:13:28,721 [INFO] AnalyticsPlugin:255 - Accepted CMSIS Pack Licenses: 
2024-09-17 15:13:28,722 [INFO] AnalyticsPlugin:257 - Accepted Firmware Licenses: FW.F4.1.28.0
2024-09-17 15:13:28,723 [INFO] PluginManage:359 - Loaded plugin analytics (category:tool,tabindex:-1)
2024-09-17 15:13:28,723 [INFO] PluginManage:310 - Check plugin cadmodel
2024-09-17 15:13:28,740 [INFO] CADModel:105 - Init CAD model plugin
2024-09-17 15:13:28,740 [INFO] PluginManage:359 - Loaded plugin cadmodel (category:power,tabindex:5)
2024-09-17 15:13:28,740 [INFO] PluginManage:310 - Check plugin clock
2024-09-17 15:13:28,747 [INFO] PluginManage:359 - Loaded plugin clock (category:base,tabindex:2)
2024-09-17 15:13:28,747 [INFO] PluginManage:310 - Check plugin ddr
2024-09-17 15:13:28,748 [INFO] PluginManage:359 - Loaded plugin ddr (category:tool,tabindex:6)
2024-09-17 15:13:28,748 [INFO] PluginManage:310 - Check plugin filemanager
2024-09-17 15:13:28,857 [INFO] PluginManage:359 - Loaded plugin filemanager (category:base,tabindex:10)
2024-09-17 15:13:28,857 [INFO] PluginManage:310 - Check plugin ipmanager
2024-09-17 15:13:28,860 [INFO] PluginManage:359 - Loaded plugin ipmanager (category:base,tabindex:5)
2024-09-17 15:13:28,860 [INFO] PluginManage:310 - Check plugin lpbam
2024-09-17 15:13:28,864 [INFO] PluginManage:359 - Loaded plugin lpbam (category:base,tabindex:0)
2024-09-17 15:13:28,864 [INFO] PluginManage:310 - Check plugin memorymap
2024-09-17 15:13:28,873 [INFO] PluginManage:359 - Loaded plugin memorymap (category:base,tabindex:4)
2024-09-17 15:13:28,873 [INFO] PluginManage:310 - Check plugin pinoutandconfiguration
2024-09-17 15:13:28,879 [INFO] PluginManage:359 - Loaded plugin pinoutandconfiguration (category:base,tabindex:1)
2024-09-17 15:13:28,879 [INFO] PluginManage:310 - Check plugin pinoutconfig
2024-09-17 15:13:28,955 [WARN] SupportedApi:132 - Cannot load RTOS API schema: s4s-elt-must-match.1: The content of 'definitions' must match (annotation?, (simpleType | complexType)?, (unique | key | keyref)*)). A problem was found starting at: attribute.
2024-09-17 15:13:29,066 [INFO] PluginManage:359 - Loaded plugin pinoutconfig (category:base,tabindex:0)
2024-09-17 15:13:29,066 [INFO] PluginManage:310 - Check plugin power
2024-09-17 15:13:29,071 [INFO] PluginManage:359 - Loaded plugin power (category:power,tabindex:4)
2024-09-17 15:13:29,071 [INFO] PluginManage:310 - Check plugin projectmanager
2024-09-17 15:13:29,085 [INFO] PluginManage:359 - Loaded plugin projectmanager (category:projectmanager,tabindex:3)
2024-09-17 15:13:29,085 [INFO] PluginManage:310 - Check plugin thirdparty
2024-09-17 15:13:29,173 [INFO] PluginManage:359 - Loaded plugin thirdparty (category:base,tabindex:-1)
2024-09-17 15:13:29,173 [WARN] IntegrityCheckThread:84 - waiting for thirdparty lock release [integrity check]
2024-09-17 15:13:29,173 [INFO] PluginManage:310 - Check plugin tools
2024-09-17 15:13:29,173 [INFO] IntegrityCheckThread:86 - entering critical section [integrity check]
2024-09-17 15:13:29,174 [INFO] ThirdPartyUpdaterWithRetryManager:70 - Updater plugin not ready yet. [1/15]
2024-09-17 15:13:29,175 [INFO] PluginManage:359 - Loaded plugin tools (category:base,tabindex:7)
2024-09-17 15:13:29,175 [INFO] PluginManage:310 - Check plugin tutovideos
2024-09-17 15:13:29,323 [INFO] PluginManage:359 - Loaded plugin tutovideos (category:base,tabindex:-1)
2024-09-17 15:13:29,323 [INFO] PluginManage:310 - Check plugin updater
2024-09-17 15:13:29,331 [INFO] PluginManage:359 - Loaded plugin updater (category:base,tabindex:12)
2024-09-17 15:13:29,331 [INFO] PluginManage:310 - Check plugin userauth
2024-09-17 15:13:29,336 [INFO] UserAuth:114 - Init User Auth plugin
2024-09-17 15:13:29,336 [INFO] PluginManage:359 - Loaded plugin userauth (category:base,tabindex:14)
2024-09-17 15:13:29,337 [INFO] PluginManage:283 - PluginManage : Loaded plugins [17]
2024-09-17 15:13:29,485 [INFO] PinOutPanel:1561 - setPackage(No Configuration,No Configuration)
2024-09-17 15:13:29,534 [INFO] CADModel:165 - CPN selected for project level
2024-09-17 15:13:29,534 [INFO] CADModel:114 - Register for checkConnection events
2024-09-17 15:13:29,544 [INFO] IPUIPlugin:80 - create IPUIPlugin
2024-09-17 15:13:29,544 [INFO] PluginManager:220 - loadIPPluginJar : add dma
2024-09-17 15:13:29,550 [INFO] IPUIPlugin:80 - create IPUIPlugin
2024-09-17 15:13:29,550 [INFO] PluginManager:220 - loadIPPluginJar : add linkedlist
2024-09-17 15:13:29,552 [INFO] IPUIPlugin:80 - create IPUIPlugin
2024-09-17 15:13:29,552 [INFO] PluginManager:220 - loadIPPluginJar : add tracer_emb
2024-09-17 15:13:29,557 [INFO] IPUIPlugin:80 - create IPUIPlugin
2024-09-17 15:13:29,557 [INFO] PluginManager:220 - loadIPPluginJar : add ipddr
2024-09-17 15:13:29,559 [INFO] IPUIPlugin:80 - create IPUIPlugin
2024-09-17 15:13:29,559 [INFO] PluginManager:220 - loadIPPluginJar : add i2c
2024-09-17 15:13:29,563 [INFO] IPUIPlugin:80 - create IPUIPlugin
2024-09-17 15:13:29,563 [INFO] PluginManager:220 - loadIPPluginJar : add mdma
2024-09-17 15:13:29,565 [INFO] IPUIPlugin:80 - create IPUIPlugin
2024-09-17 15:13:29,565 [INFO] PluginManager:220 - loadIPPluginJar : add usart
2024-09-17 15:13:29,566 [INFO] IPUIPlugin:80 - create IPUIPlugin
2024-09-17 15:13:29,566 [INFO] PluginManager:220 - loadIPPluginJar : add gfxmmu
2024-09-17 15:13:29,567 [INFO] IPUIPlugin:80 - create IPUIPlugin
2024-09-17 15:13:29,568 [INFO] PluginManager:220 - loadIPPluginJar : add usbx
2024-09-17 15:13:29,569 [INFO] IPUIPlugin:80 - create IPUIPlugin
2024-09-17 15:13:29,569 [INFO] PluginManager:220 - loadIPPluginJar : add tsc
2024-09-17 15:13:29,570 [INFO] IPUIPlugin:80 - create IPUIPlugin
2024-09-17 15:13:29,570 [INFO] PluginManager:220 - loadIPPluginJar : add dma3
2024-09-17 15:13:29,575 [INFO] IPUIPlugin:80 - create IPUIPlugin
2024-09-17 15:13:29,575 [INFO] PluginManager:220 - loadIPPluginJar : add fmc
2024-09-17 15:13:29,576 [INFO] IPUIPlugin:80 - create IPUIPlugin
2024-09-17 15:13:29,577 [INFO] PluginManager:220 - loadIPPluginJar : add extmemmanager
2024-09-17 15:13:29,577 [INFO] IPUIPlugin:80 - create IPUIPlugin
2024-09-17 15:13:29,577 [INFO] PluginManager:220 - loadIPPluginJar : add comp
2024-09-17 15:13:29,579 [INFO] IPUIPlugin:80 - create IPUIPlugin
2024-09-17 15:13:29,579 [INFO] PluginManager:220 - loadIPPluginJar : add i3c
2024-09-17 15:13:29,581 [INFO] IPUIPlugin:80 - create IPUIPlugin
2024-09-17 15:13:29,581 [INFO] PluginManager:220 - loadIPPluginJar : add gtzc
2024-09-17 15:13:29,584 [INFO] IPUIPlugin:80 - create IPUIPlugin
2024-09-17 15:13:29,584 [INFO] PluginManager:220 - loadIPPluginJar : add touchsensing
2024-09-17 15:13:29,585 [INFO] IPUIPlugin:80 - create IPUIPlugin
2024-09-17 15:13:29,585 [INFO] PluginManager:220 - loadIPPluginJar : add ucpd
2024-09-17 15:13:29,586 [INFO] IPUIPlugin:80 - create IPUIPlugin
2024-09-17 15:13:29,586 [INFO] PluginManager:220 - loadIPPluginJar : add fatfs
2024-09-17 15:13:29,589 [INFO] IPUIPlugin:80 - create IPUIPlugin
2024-09-17 15:13:29,590 [INFO] PluginManager:220 - loadIPPluginJar : add stm32_wpan
2024-09-17 15:13:29,592 [INFO] IPUIPlugin:80 - create IPUIPlugin
2024-09-17 15:13:29,592 [INFO] PluginManager:220 - loadIPPluginJar : add gpio
2024-09-17 15:13:29,594 [INFO] IPUIPlugin:80 - create IPUIPlugin
2024-09-17 15:13:29,594 [INFO] PluginManager:220 - loadIPPluginJar : add i2s
2024-09-17 15:13:29,595 [INFO] IPUIPlugin:80 - create IPUIPlugin
2024-09-17 15:13:29,595 [INFO] PluginManager:220 - loadIPPluginJar : add tim
2024-09-17 15:13:29,600 [INFO] IPUIPlugin:80 - create IPUIPlugin
2024-09-17 15:13:29,600 [INFO] PluginManager:220 - loadIPPluginJar : add adc
2024-09-17 15:13:29,601 [INFO] IPUIPlugin:80 - create IPUIPlugin
2024-09-17 15:13:29,602 [INFO] PluginManager:220 - loadIPPluginJar : add pdm2pcm
2024-09-17 15:13:29,605 [INFO] IPUIPlugin:80 - create IPUIPlugin
2024-09-17 15:13:29,605 [INFO] PluginManager:220 - loadIPPluginJar : add gic
2024-09-17 15:13:29,607 [INFO] IPUIPlugin:80 - create IPUIPlugin
2024-09-17 15:13:29,607 [INFO] PluginManager:220 - loadIPPluginJar : add sai
2024-09-17 15:13:29,608 [INFO] IPUIPlugin:80 - create IPUIPlugin
2024-09-17 15:13:29,608 [INFO] PluginManager:220 - loadIPPluginJar : add spi
2024-09-17 15:13:29,610 [INFO] IPUIPlugin:80 - create IPUIPlugin
2024-09-17 15:13:29,610 [INFO] PluginManager:220 - loadIPPluginJar : add can
2024-09-17 15:13:29,612 [INFO] IPUIPlugin:80 - create IPUIPlugin
2024-09-17 15:13:29,612 [INFO] PluginManager:220 - loadIPPluginJar : add resmgrutility
2024-09-17 15:13:29,613 [INFO] IPUIPlugin:80 - create IPUIPlugin
2024-09-17 15:13:29,613 [INFO] PluginManager:220 - loadIPPluginJar : add quadspi
2024-09-17 15:13:29,616 [INFO] IPUIPlugin:80 - create IPUIPlugin
2024-09-17 15:13:29,617 [INFO] PluginManager:220 - loadIPPluginJar : add freertos
2024-09-17 15:13:29,618 [INFO] IPUIPlugin:80 - create IPUIPlugin
2024-09-17 15:13:29,618 [INFO] PluginManager:220 - loadIPPluginJar : add ts
2024-09-17 15:13:29,619 [INFO] IPUIPlugin:80 - create IPUIPlugin
2024-09-17 15:13:29,619 [INFO] PluginManager:220 - loadIPPluginJar : add aes
2024-09-17 15:13:29,636 [INFO] IPUIPlugin:80 - create IPUIPlugin
2024-09-17 15:13:29,636 [INFO] PluginManager:220 - loadIPPluginJar : add nvic
2024-09-17 15:13:29,637 [INFO] IPUIPlugin:80 - create IPUIPlugin
2024-09-17 15:13:29,638 [INFO] PluginManager:220 - loadIPPluginJar : add openamp
2024-09-17 15:13:29,639 [INFO] IPUIPlugin:80 - create IPUIPlugin
2024-09-17 15:13:29,639 [INFO] PluginManager:220 - loadIPPluginJar : add dfsdm
2024-09-17 15:13:29,641 [INFO] IPUIPlugin:80 - create IPUIPlugin
2024-09-17 15:13:29,641 [INFO] PluginManager:220 - loadIPPluginJar : add lorawan
2024-09-17 15:13:29,642 [INFO] IPUIPlugin:80 - create IPUIPlugin
2024-09-17 15:13:29,642 [INFO] PluginManager:220 - loadIPPluginJar : add genericplugin
2024-09-17 15:13:29,643 [INFO] IPUIPlugin:80 - create IPUIPlugin
2024-09-17 15:13:29,643 [INFO] PluginManager:220 - loadIPPluginJar : add hash
2024-09-17 15:13:29,644 [INFO] IPUIPlugin:80 - create IPUIPlugin
2024-09-17 15:13:29,644 [INFO] PluginManager:220 - loadIPPluginJar : add ltdc
2024-09-17 15:13:29,649 [INFO] IPUIPlugin:80 - create IPUIPlugin
2024-09-17 15:13:29,652 [INFO] PluginManager:220 - loadIPPluginJar : add plateformsettings
2024-09-17 15:13:29,653 [INFO] IPUIPlugin:80 - create IPUIPlugin
2024-09-17 15:13:29,653 [INFO] PluginManager:220 - loadIPPluginJar : add cryp
2024-09-17 15:13:29,655 [INFO] IPUIPlugin:80 - create IPUIPlugin
2024-09-17 15:13:29,655 [INFO] PluginManager:220 - loadIPPluginJar : add opamp
2024-09-17 15:13:29,763 [INFO] CADModel:165 - CPN selected for project level
2024-09-17 15:13:29,763 [INFO] CADModel:114 - Register for checkConnection events
2024-09-17 15:13:29,763 [FATAL] Updater:308 - Updater called before beeing initialized
2024-09-17 15:13:29,764 [ERROR] CADModel:125 - Updater not yet initialized, retry later 
2024-09-17 15:13:29,854 [INFO] CADModel:165 - CPN selected for project level
2024-09-17 15:13:29,855 [INFO] CADModel:114 - Register for checkConnection events
2024-09-17 15:13:29,855 [FATAL] Updater:308 - Updater called before beeing initialized
2024-09-17 15:13:29,855 [ERROR] CADModel:125 - Updater not yet initialized, retry later 
2024-09-17 15:13:29,857 [FATAL] Updater:308 - Updater called before beeing initialized
2024-09-17 15:13:29,919 [FATAL] Updater:308 - Updater called before beeing initialized
2024-09-17 15:13:29,923 [INFO] DbMcusAds:53 - JSON generation date=Thu May 16 16:22:00 WIB 2024 (1715851320667)
2024-09-17 15:13:29,923 [FATAL] Updater:308 - Updater called before beeing initialized
2024-09-17 15:13:29,950 [WARN] DetailPanel:346 - Failed to get advertising image, set to default
2024-09-17 15:13:30,019 [FATAL] Updater:308 - Updater called before beeing initialized
2024-09-17 15:13:30,020 [FATAL] Updater:308 - Updater called before beeing initialized
2024-09-17 15:13:30,020 [FATAL] Updater:308 - Updater called before beeing initialized
2024-09-17 15:13:30,020 [WARN] DetailPanel:346 - Failed to get advertising image, set to default
2024-09-17 15:13:30,021 [FATAL] Updater:308 - Updater called before beeing initialized
2024-09-17 15:13:30,075 [ERROR] Updater:1120 - MainUpdater not yet initialized. External WinMGr cannot be set.
2024-09-17 15:13:30,077 [INFO] Updater:1056 - Updater Version found : 6.11.1
2024-09-17 15:13:30,088 [INFO] ApplicationProperties:184 - Using Application install path: /opt/st/stm32cubeide_1.15.1/plugins/com.st.stm32cube.common.mx_6.11.1.202404110753
2024-09-17 15:13:30,529 [INFO] MainUpdater:2873 - connection check result : 10
2024-09-17 15:13:30,531 [INFO] MainUpdater:290 - Updater Check For Update Now.
2024-09-17 15:13:30,531 [INFO] MicroXplorer:498 - Change Database Version : DB.6.0.111
2024-09-17 15:13:30,538 [INFO] McuFinderGlobals:63 - Set McuFinder mode to 2 (CubeIDE integrated)
2024-09-17 15:13:30,543 [INFO] UserAuth:415 - Internet connection configuration mode: 1
2024-09-17 15:13:30,551 [INFO] JxBrowserEngine:152 - Initiate JxBrowser Engine with user profile folder
2024-09-17 15:13:30,685 [INFO] CheckServerUpdateThread:120 - End of CheckServer Thread
2024-09-17 15:13:31,015 [INFO] WebApp:161 - Instantiating new browser for Auth
2024-09-17 15:13:31,401 [INFO] WebApp:779 - Register for checkConnection events
2024-09-17 15:13:31,401 [INFO] WebApp:414 - Apply proxy settings
2024-09-17 15:13:31,402 [INFO] WebApp:499 - Chromium requires no authentication
2024-09-17 15:13:31,406 [INFO] WebApp:442 - Direct internet connection detected
2024-09-17 15:13:31,525 [INFO] WebApp:192 - Starting web application
2024-09-17 15:13:31,525 [INFO] WebApp:544 - Web application path used /opt/st/stm32cubeide_1.15.1/plugins/com.st.stm32cube.common.mx_6.11.1.202404110753/db/plugins/mcufinder/reactClient1/index.html
2024-09-17 15:13:32,278 [WARN] PackLoader:240 - Cannot read IP mode file for STMicroelectronics.X-CUBE-SMBUS.2.1.0
2024-09-17 15:13:32,301 [WARN] PackLoader:240 - Cannot read IP mode file for STMicroelectronics.X-CUBE-AZRTOS-F7.1.1.0
2024-09-17 15:13:32,356 [WARN] PackLoader:240 - Cannot read IP mode file for STMicroelectronics.X-CUBE-MEMS1.11.0.0
2024-09-17 15:13:32,563 [WARN] PackLoader:240 - Cannot read IP mode file for STMicroelectronics.FP-SNS-FLIGHT1.5.0.2
2024-09-17 15:13:32,567 [WARN] PackLoader:240 - Cannot read IP mode file for STMicroelectronics.X-CUBE-DISPLAY.3.0.0
2024-09-17 15:13:32,573 [WARN] PackLoader:240 - Cannot read IP mode file for STMicroelectronics.X-CUBE-BLE1.7.0.0
2024-09-17 15:13:32,576 [WARN] PackLoader:240 - Cannot read IP mode file for emotas.I-CUBE-CANOPEN.1.3.0
2024-09-17 15:13:32,582 [WARN] PackLoader:240 - Cannot read IP mode file for STMicroelectronics.X-CUBE-BLEMGR.3.1.0
2024-09-17 15:13:32,586 [WARN] PackLoader:240 - Cannot read IP mode file for STMicroelectronics.FP-SNS-SMARTAG2.1.2.0
2024-09-17 15:13:32,592 [INFO] LogOutputStream:77 - [STDOUT_REDIRECT] 1 : Invalid condition id : UX_CORESTACK_Condition cause : null
2024-09-17 15:13:32,593 [INFO] LogOutputStream:77 - [STDOUT_REDIRECT] 1 : Invalid condition id : UX_CORESTACK_Condition cause : null
2024-09-17 15:13:32,593 [INFO] LogOutputStream:77 - [STDOUT_REDIRECT] 1 : Invalid condition id : UX_CORESTACK_Condition cause : null
2024-09-17 15:13:32,593 [INFO] LogOutputStream:77 - [STDOUT_REDIRECT] 1 : Invalid condition id : UX_CORESTACK_Condition cause : null
2024-09-17 15:13:32,593 [INFO] LogOutputStream:77 - [STDOUT_REDIRECT] 1 : Invalid condition id : UX_CORESTACK_Condition cause : null
2024-09-17 15:13:32,596 [WARN] PackLoader:240 - Cannot read IP mode file for STMicroelectronics.X-CUBE-AZRTOS-WL.2.0.0
2024-09-17 15:13:32,600 [WARN] PackLoader:240 - Cannot read IP mode file for WES.I-CUBE-Cesium.1.3.0
2024-09-17 15:13:32,603 [WARN] PackLoader:240 - Cannot read IP mode file for STMicroelectronics.X-CUBE-BLE2.3.3.0
2024-09-17 15:13:32,625 [WARN] PackLoader:240 - Cannot read IP mode file for STMicroelectronics.X-CUBE-AZRTOS-G0.1.1.0
2024-09-17 15:13:32,631 [WARN] PackLoader:240 - Cannot read IP mode file for STMicroelectronics.X-CUBE-NFC4.3.0.0
2024-09-17 15:13:32,640 [WARN] PackLoader:240 - Cannot read IP mode file for EmbeddedOffice.I-CUBE-FS-RTOS.1.0.1
2024-09-17 15:13:32,641 [ERROR] ConditionMgr:805 - Attr not supported : Dmpu
2024-09-17 15:13:32,641 [ERROR] ConditionMgr:805 - Attr not supported : Dmpu
2024-09-17 15:13:32,641 [ERROR] ConditionMgr:805 - Attr not supported : Dmpu
2024-09-17 15:13:32,641 [ERROR] ConditionMgr:805 - Attr not supported : Dmpu
2024-09-17 15:13:32,641 [ERROR] ConditionMgr:805 - Attr not supported : Dmpu
2024-09-17 15:13:32,641 [ERROR] ConditionMgr:805 - Attr not supported : Dmpu
2024-09-17 15:13:32,641 [ERROR] ConditionMgr:805 - Attr not supported : Dmpu
2024-09-17 15:13:32,641 [ERROR] ConditionMgr:805 - Attr not supported : Dmpu
2024-09-17 15:13:32,641 [ERROR] ConditionMgr:805 - Attr not supported : Dmpu
2024-09-17 15:13:32,641 [ERROR] ConditionMgr:805 - Attr not supported : Dmpu
2024-09-17 15:13:32,641 [ERROR] ConditionMgr:805 - Attr not supported : Dmpu
2024-09-17 15:13:32,641 [ERROR] ConditionMgr:805 - Attr not supported : Dmpu
2024-09-17 15:13:32,642 [ERROR] ConditionMgr:805 - Attr not supported : Dmpu
2024-09-17 15:13:32,642 [ERROR] ConditionMgr:805 - Attr not supported : Dmpu
2024-09-17 15:13:32,642 [ERROR] ConditionMgr:805 - Attr not supported : Dmpu
2024-09-17 15:13:32,642 [ERROR] ConditionMgr:805 - Attr not supported : Dmpu
2024-09-17 15:13:32,642 [ERROR] ConditionMgr:805 - Attr not supported : Dmpu
2024-09-17 15:13:32,642 [ERROR] ConditionMgr:805 - Attr not supported : Dmpu
2024-09-17 15:13:32,642 [ERROR] ConditionMgr:805 - Attr not supported : Dmpu
2024-09-17 15:13:32,642 [ERROR] ConditionMgr:805 - Attr not supported : Dmpu
2024-09-17 15:13:32,642 [ERROR] ConditionMgr:805 - Attr not supported : Dmpu
2024-09-17 15:13:32,642 [ERROR] ConditionMgr:805 - Attr not supported : Dmpu
2024-09-17 15:13:32,642 [ERROR] ConditionMgr:805 - Attr not supported : Dmpu
2024-09-17 15:13:32,642 [ERROR] ConditionMgr:805 - Attr not supported : Dmpu
2024-09-17 15:13:32,642 [ERROR] ConditionMgr:805 - Attr not supported : Dmpu
2024-09-17 15:13:32,642 [ERROR] ConditionMgr:805 - Attr not supported : Dmpu
2024-09-17 15:13:32,642 [ERROR] ConditionMgr:805 - Attr not supported : Dmpu
2024-09-17 15:13:32,643 [ERROR] ConditionMgr:805 - Attr not supported : Dmpu
2024-09-17 15:13:32,643 [ERROR] ConditionMgr:805 - Attr not supported : Dmpu
2024-09-17 15:13:32,643 [ERROR] ConditionMgr:805 - Attr not supported : Dmpu
2024-09-17 15:13:32,643 [ERROR] ConditionMgr:805 - Attr not supported : Dmpu
2024-09-17 15:13:32,643 [ERROR] ConditionMgr:805 - Attr not supported : Dmpu
2024-09-17 15:13:32,643 [ERROR] ConditionMgr:805 - Attr not supported : Dmpu
2024-09-17 15:13:32,643 [ERROR] ConditionMgr:805 - Attr not supported : Dmpu
2024-09-17 15:13:32,643 [ERROR] ConditionMgr:805 - Attr not supported : Dmpu
2024-09-17 15:13:32,643 [ERROR] ConditionMgr:805 - Attr not supported : Dmpu
2024-09-17 15:13:32,643 [ERROR] ConditionMgr:805 - Attr not supported : Dmpu
2024-09-17 15:13:32,643 [ERROR] ConditionMgr:805 - Attr not supported : Dmpu
2024-09-17 15:13:32,644 [ERROR] ConditionMgr:805 - Attr not supported : Dmpu
2024-09-17 15:13:32,644 [ERROR] ConditionMgr:805 - Attr not supported : Dmpu
2024-09-17 15:13:32,645 [ERROR] ConditionMgr:805 - Attr not supported : Dmpu
2024-09-17 15:13:32,645 [ERROR] ConditionMgr:805 - Attr not supported : Dmpu
2024-09-17 15:13:32,645 [ERROR] ConditionMgr:805 - Attr not supported : Dmpu
2024-09-17 15:13:32,645 [ERROR] ConditionMgr:805 - Attr not supported : Dmpu
2024-09-17 15:13:32,645 [ERROR] ConditionMgr:805 - Attr not supported : Dmpu
2024-09-17 15:13:32,645 [ERROR] ConditionMgr:805 - Attr not supported : Dmpu
2024-09-17 15:13:32,645 [ERROR] ConditionMgr:805 - Attr not supported : Dmpu
2024-09-17 15:13:32,645 [ERROR] ConditionMgr:805 - Attr not supported : Dmpu
2024-09-17 15:13:32,645 [ERROR] ConditionMgr:805 - Attr not supported : Dmpu
2024-09-17 15:13:32,645 [ERROR] ConditionMgr:805 - Attr not supported : Dmpu
2024-09-17 15:13:32,645 [ERROR] ConditionMgr:805 - Attr not supported : Dmpu
2024-09-17 15:13:32,645 [ERROR] ConditionMgr:805 - Attr not supported : Dmpu
2024-09-17 15:13:32,646 [ERROR] ConditionMgr:805 - Attr not supported : Dmpu
2024-09-17 15:13:32,646 [ERROR] ConditionMgr:805 - Attr not supported : Dmpu
2024-09-17 15:13:32,646 [ERROR] ConditionMgr:805 - Attr not supported : Dmpu
2024-09-17 15:13:32,646 [ERROR] ConditionMgr:805 - Attr not supported : Dmpu
2024-09-17 15:13:32,646 [ERROR] ConditionMgr:805 - Attr not supported : Dmpu
2024-09-17 15:13:32,646 [ERROR] ConditionMgr:805 - Attr not supported : Dmpu
2024-09-17 15:13:32,646 [ERROR] ConditionMgr:805 - Attr not supported : Dmpu
2024-09-17 15:13:32,646 [ERROR] ConditionMgr:805 - Attr not supported : Dmpu
2024-09-17 15:13:32,646 [ERROR] ConditionMgr:805 - Attr not supported : Dmpu
2024-09-17 15:13:32,646 [ERROR] ConditionMgr:805 - Attr not supported : Dmpu
2024-09-17 15:13:32,646 [ERROR] ConditionMgr:805 - Attr not supported : Dmpu
2024-09-17 15:13:32,646 [ERROR] ConditionMgr:805 - Attr not supported : Dmpu
2024-09-17 15:13:32,649 [WARN] PackLoader:240 - Cannot read IP mode file for STMicroelectronics.FP-ATR-SIGFOX1.3.2.0
2024-09-17 15:13:32,660 [WARN] PackLoader:240 - Cannot read IP mode file for STMicroelectronics.X-CUBE-EEPRMA1.5.1.0
2024-09-17 15:13:32,666 [WARN] PackLoader:240 - Cannot read IP mode file for ITTIA_DB.I-CUBE-ITTIADB.8.9.0
2024-09-17 15:13:32,711 [WARN] PackLoader:240 - Cannot read IP mode file for SEGGER.I-CUBE-embOS.1.3.1
2024-09-17 15:13:32,779 [WARN] PackLoader:240 - Cannot read IP mode file for STMicroelectronics.X-CUBE-GNSS1.6.0.0
2024-09-17 15:13:32,795 [WARN] PackLoader:240 - Cannot read IP mode file for STMicroelectronics.X-CUBE-AZRTOS-F4.1.1.0
2024-09-17 15:13:32,811 [WARN] PackLoader:240 - Cannot read IP mode file for STMicroelectronics.X-CUBE-AZRTOS-L5.2.0.0
2024-09-17 15:13:32,817 [WARN] PackLoader:240 - Cannot read IP mode file for STMicroelectronics.X-CUBE-NFC7.1.0.1
2024-09-17 15:13:32,832 [WARN] ConditionMgr:438 - getConditionDescription Invalid condition id : LAN8742 Phy interface Condition cause : null
2024-09-17 15:13:32,833 [WARN] PackLoader:240 - Cannot read IP mode file for STMicroelectronics.X-CUBE-AZRTOS-L4.2.0.0
2024-09-17 15:13:32,834 [WARN] ConditionMgr:1039 - genDependencies : Invalid condition id : LAN8742 Phy interface Condition cause : null
2024-09-17 15:13:32,834 [WARN] ConditionMgr:1039 - genDependencies : Invalid condition id : LAN8742 Phy interface Condition cause : null
2024-09-17 15:13:32,835 [WARN] ConditionMgr:1039 - genDependencies : Invalid condition id : LAN8742 Phy interface Condition cause : null
2024-09-17 15:13:32,839 [WARN] PackLoader:240 - Cannot read IP mode file for STMicroelectronics.X-CUBE-SFXS2LP1.4.0.0
2024-09-17 15:13:32,859 [WARN] PackLoader:240 - Cannot read IP mode file for STMicroelectronics.X-CUBE-AZRTOS-H7.3.3.0
2024-09-17 15:13:32,880 [WARN] ConditionMgr:438 - getConditionDescription Invalid condition id : UX DEVICE CLASS RTOS Condition cause : null
2024-09-17 15:13:32,881 [WARN] ConditionMgr:438 - getConditionDescription Invalid condition id : UX DEVICE CLASS RTOS Condition cause : null
2024-09-17 15:13:32,884 [WARN] PackLoader:240 - Cannot read IP mode file for STMicroelectronics.X-CUBE-AZRTOS-WB.2.0.0
2024-09-17 15:13:32,885 [WARN] ConditionMgr:1039 - genDependencies : Invalid condition id : UX DEVICE CLASS RTOS Condition cause : null
2024-09-17 15:13:32,886 [WARN] ConditionMgr:1039 - genDependencies : Invalid condition id : UX DEVICE CLASS RTOS Condition cause : null
2024-09-17 15:13:32,886 [WARN] ConditionMgr:1039 - genDependencies : Invalid condition id : UX DEVICE CLASS RTOS Condition cause : null
2024-09-17 15:13:32,887 [WARN] ConditionMgr:1039 - genDependencies : Invalid condition id : UX DEVICE CLASS RTOS Condition cause : null
2024-09-17 15:13:32,887 [WARN] ConditionMgr:1039 - genDependencies : Invalid condition id : UX DEVICE CLASS RTOS Condition cause : null
2024-09-17 15:13:32,893 [WARN] PackLoader:240 - Cannot read IP mode file for STMicroelectronics.X-CUBE-GNSS1.7.0.0
2024-09-17 15:13:32,901 [WARN] PackLoader:240 - Cannot read IP mode file for STMicroelectronics.FP-SNS-STBOX1.2.0.0
2024-09-17 15:13:32,918 [WARN] PackLoader:240 - Cannot read IP mode file for STMicroelectronics.X-CUBE-SUBG2.5.0.0
2024-09-17 15:13:32,930 [WARN] PackLoader:240 - Cannot read IP mode file for Cesanta.I-CUBE-Mongoose.7.13.0
2024-09-17 15:13:32,950 [WARN] PackLoader:240 - Cannot read IP mode file for STMicroelectronics.X-CUBE-AZRTOS-G4.2.0.0
2024-09-17 15:13:32,961 [WARN] PackLoader:240 - Cannot read IP mode file for STMicroelectronics.X-CUBE-ISPU.2.0.0
2024-09-17 15:13:33,001 [WARN] PackLoader:240 - Cannot read IP mode file for STMicroelectronics.X-CUBE-MEMS1.10.0.0
2024-09-17 15:13:33,157 [WARN] PackLoader:240 - Cannot read IP mode file for portGmbH.I-Cube-SoM-uGOAL.1.1.0
2024-09-17 15:13:33,159 [WARN] PackLoader:240 - Cannot read IP mode file for STMicroelectronics.FP-ATR-ASTRA1.2.0.0
2024-09-17 15:13:33,168 [WARN] PackLoader:240 - Cannot read IP mode file for STMicroelectronics.X-CUBE-TOF1.3.4.2
2024-09-17 15:13:33,191 [WARN] PackLoader:240 - Cannot read IP mode file for STMicroelectronics.X-CUBE-TOF1.3.4.1
2024-09-17 15:13:33,221 [WARN] PackLoader:240 - Cannot read IP mode file for STMicroelectronics.X-CUBE-AZRTOS-H7.3.2.0
2024-09-17 15:13:33,235 [WARN] PackLoader:240 - Cannot read IP mode file for Infineon.AIROC-Wi-Fi-Bluetooth-STM32.1.6.0
2024-09-17 15:13:33,241 [WARN] PackLoader:240 - Cannot read IP mode file for wolfSSL.I-CUBE-wolfSSH.1.4.17
2024-09-17 15:13:33,241 [INFO] ThirdParty:978 - Integrity check success = true
2024-09-17 15:13:33,241 [INFO] IntegrityCheckThread:100 - exiting critical section [integrity check]
2024-09-17 15:13:33,242 [INFO] IntegrityCheckThread:103 - End integrity checks thread
2024-09-17 15:49:50,011 [ERROR] ConfigurationRetriever:142 - IOException on connection: Read timed out
2024-09-17 15:49:50,013 [ERROR] ConfigurationRetriever:142 - IOException on connection: Network is unreachable
2024-09-17 15:50:30,906 [ERROR] ConfigurationRetriever:142 - IOException on connection: sw-center.st.com
2024-09-17 15:50:30,906 [ERROR] ConfigurationRetriever:142 - IOException on connection: sw-center.st.com
2024-09-17 15:50:30,906 [ERROR] ConfigurationRetriever:142 - IOException on connection: sw-center.st.com
2024-09-17 15:53:31,824 [ERROR] ConfigurationRetriever:142 - IOException on connection: sw-center.st.com
2024-09-17 15:53:31,825 [ERROR] ConfigurationRetriever:142 - IOException on connection: sw-center.st.com
2024-09-17 15:53:31,825 [ERROR] ConfigurationRetriever:142 - IOException on connection: sw-center.st.com
2024-09-17 15:53:32,538 [ERROR] ConfigurationRetriever:142 - IOException on connection: sw-center.st.com
2024-09-17 15:53:32,538 [ERROR] ConfigurationRetriever:142 - IOException on connection: sw-center.st.com
2024-09-17 15:53:32,552 [ERROR] ConfigurationRetriever:142 - IOException on connection: sw-center.st.com
2024-09-17 15:55:00,429 [ERROR] ConfigurationRetriever:142 - IOException on connection: sw-center.st.com
2024-09-17 15:55:00,429 [ERROR] ConfigurationRetriever:142 - IOException on connection: sw-center.st.com
2024-09-17 15:55:00,430 [ERROR] ConfigurationRetriever:142 - IOException on connection: sw-center.st.com
2024-09-17 15:55:01,031 [ERROR] ConfigurationRetriever:142 - IOException on connection: sw-center.st.com
2024-09-17 15:55:01,031 [ERROR] ConfigurationRetriever:142 - IOException on connection: sw-center.st.com
2024-09-17 15:55:01,031 [ERROR] ConfigurationRetriever:142 - IOException on connection: sw-center.st.com
2024-09-17 15:55:41,906 [ERROR] ConfigurationRetriever:142 - IOException on connection: sw-center.st.com
2024-09-17 15:55:41,906 [ERROR] ConfigurationRetriever:142 - IOException on connection: sw-center.st.com
2024-09-17 15:55:41,907 [ERROR] ConfigurationRetriever:142 - IOException on connection: sw-center.st.com
2024-09-17 15:55:42,488 [ERROR] ConfigurationRetriever:142 - IOException on connection: sw-center.st.com
2024-09-17 15:55:42,489 [ERROR] ConfigurationRetriever:142 - IOException on connection: sw-center.st.com
2024-09-17 15:55:42,489 [ERROR] ConfigurationRetriever:142 - IOException on connection: sw-center.st.com
2024-09-17 15:57:07,005 [ERROR] ConfigurationRetriever:142 - IOException on connection: sw-center.st.com
2024-09-17 15:57:07,006 [ERROR] ConfigurationRetriever:142 - IOException on connection: sw-center.st.com
2024-09-17 15:57:07,006 [ERROR] ConfigurationRetriever:142 - IOException on connection: sw-center.st.com
2024-09-17 15:57:07,589 [ERROR] ConfigurationRetriever:142 - IOException on connection: sw-center.st.com
2024-09-17 15:57:07,589 [ERROR] ConfigurationRetriever:142 - IOException on connection: sw-center.st.com
2024-09-17 15:57:07,589 [ERROR] ConfigurationRetriever:142 - IOException on connection: sw-center.st.com
2024-09-17 16:02:48,633 [ERROR] ConfigurationRetriever:142 - IOException on connection: sw-center.st.com
2024-09-17 16:02:48,634 [ERROR] ConfigurationRetriever:142 - IOException on connection: sw-center.st.com
2024-09-17 16:02:48,634 [ERROR] ConfigurationRetriever:142 - IOException on connection: sw-center.st.com
2024-09-17 16:02:51,066 [ERROR] ConfigurationRetriever:142 - IOException on connection: sw-center.st.com
2024-09-17 16:02:51,066 [ERROR] ConfigurationRetriever:142 - IOException on connection: sw-center.st.com
2024-09-17 16:02:51,067 [ERROR] ConfigurationRetriever:142 - IOException on connection: sw-center.st.com
2024-09-17 16:05:43,717 [ERROR] ConfigurationRetriever:142 - IOException on connection: sw-center.st.com
2024-09-17 16:05:43,718 [ERROR] ConfigurationRetriever:142 - IOException on connection: sw-center.st.com
2024-09-17 16:05:43,718 [ERROR] ConfigurationRetriever:142 - IOException on connection: sw-center.st.com
2024-09-17 16:05:44,299 [ERROR] ConfigurationRetriever:142 - IOException on connection: sw-center.st.com
2024-09-17 16:05:44,300 [ERROR] ConfigurationRetriever:142 - IOException on connection: sw-center.st.com
2024-09-17 16:05:44,300 [ERROR] ConfigurationRetriever:142 - IOException on connection: sw-center.st.com
2024-09-17 16:06:17,742 [ERROR] ConfigurationRetriever:142 - IOException on connection: sw-center.st.com
2024-09-17 16:06:17,743 [ERROR] ConfigurationRetriever:142 - IOException on connection: sw-center.st.com
2024-09-17 16:06:17,743 [ERROR] ConfigurationRetriever:142 - IOException on connection: sw-center.st.com
2024-09-17 16:06:18,364 [ERROR] ConfigurationRetriever:142 - IOException on connection: sw-center.st.com
2024-09-17 16:06:18,365 [ERROR] ConfigurationRetriever:142 - IOException on connection: sw-center.st.com
2024-09-17 16:06:18,365 [ERROR] ConfigurationRetriever:142 - IOException on connection: sw-center.st.com
2024-09-17 16:09:25,328 [ERROR] ConfigurationRetriever:142 - IOException on connection: sw-center.st.com
2024-09-17 16:09:25,329 [ERROR] ConfigurationRetriever:142 - IOException on connection: sw-center.st.com
2024-09-17 16:09:25,329 [ERROR] ConfigurationRetriever:142 - IOException on connection: sw-center.st.com
2024-09-17 16:09:25,923 [ERROR] ConfigurationRetriever:142 - IOException on connection: sw-center.st.com
2024-09-17 16:09:25,923 [ERROR] ConfigurationRetriever:142 - IOException on connection: sw-center.st.com
2024-09-17 16:09:25,923 [ERROR] ConfigurationRetriever:142 - IOException on connection: sw-center.st.com
2024-09-17 16:12:53,803 [ERROR] ConfigurationRetriever:142 - IOException on connection: sw-center.st.com
2024-09-17 16:12:53,803 [ERROR] ConfigurationRetriever:142 - IOException on connection: sw-center.st.com
2024-09-17 16:12:53,804 [ERROR] ConfigurationRetriever:142 - IOException on connection: sw-center.st.com
2024-09-17 16:12:54,709 [ERROR] LogOutputStream:75 - [STDERR_REDIRECT] 
